[0.690s] Invoking command in '/home/rmsentry/ros_ws/build/sdformat_tools': PYTHONPATH=/home/rmsentry/ros_ws/build/sdformat_tools/prefix_override:/usr/lib/python3/dist-packages/colcon_core/task/python/colcon_distutils_commands:/home/rmsentry/ros_ws/install/sdformat_tools/lib/python3.10/site-packages:${PYTHONPATH} /usr/bin/python3 -W ignore:setup.py install is deprecated -W ignore:easy_install command is deprecated setup.py develop --editable --build-directory /home/rmsentry/ros_ws/build/sdformat_tools/build --no-deps symlink_data
[0.978s] running develop
[1.140s] running egg_info
[1.140s] creating sdformat_tools.egg-info
[1.140s] writing sdformat_tools.egg-info/PKG-INFO
[1.140s] writing dependency_links to sdformat_tools.egg-info/dependency_links.txt
[1.140s] writing entry points to sdformat_tools.egg-info/entry_points.txt
[1.140s] writing requirements to sdformat_tools.egg-info/requires.txt
[1.140s] writing top-level names to sdformat_tools.egg-info/top_level.txt
[1.140s] writing manifest file 'sdformat_tools.egg-info/SOURCES.txt'
[1.140s] reading manifest file 'sdformat_tools.egg-info/SOURCES.txt'
[1.140s] writing manifest file 'sdformat_tools.egg-info/SOURCES.txt'
[1.142s] running build_ext
[1.142s] Creating /home/rmsentry/ros_ws/install/sdformat_tools/lib/python3.10/site-packages/sdformat-tools.egg-link (link to .)
[1.143s] Installing sdf2urdf script to /home/rmsentry/ros_ws/install/sdformat_tools/bin
[1.143s] Installing xmacro4sdf script to /home/rmsentry/ros_ws/install/sdformat_tools/bin
[1.143s] 
[1.144s] Installed /home/rmsentry/ros_ws/build/sdformat_tools
[1.144s] running symlink_data
[1.144s] creating /home/rmsentry/ros_ws/install/sdformat_tools/share/ament_index
[1.144s] creating /home/rmsentry/ros_ws/install/sdformat_tools/share/ament_index/resource_index
[1.144s] creating /home/rmsentry/ros_ws/install/sdformat_tools/share/ament_index/resource_index/packages
[1.144s] symbolically linking /home/rmsentry/ros_ws/build/sdformat_tools/resource/sdformat_tools -> /home/rmsentry/ros_ws/install/sdformat_tools/share/ament_index/resource_index/packages
[1.144s] symbolically linking /home/rmsentry/ros_ws/build/sdformat_tools/package.xml -> /home/rmsentry/ros_ws/install/sdformat_tools/share/sdformat_tools
[1.172s] Invoked command in '/home/rmsentry/ros_ws/build/sdformat_tools' returned '0': PYTHONPATH=/home/rmsentry/ros_ws/build/sdformat_tools/prefix_override:/usr/lib/python3/dist-packages/colcon_core/task/python/colcon_distutils_commands:/home/rmsentry/ros_ws/install/sdformat_tools/lib/python3.10/site-packages:${PYTHONPATH} /usr/bin/python3 -W ignore:setup.py install is deprecated -W ignore:easy_install command is deprecated setup.py develop --editable --build-directory /home/rmsentry/ros_ws/build/sdformat_tools/build --no-deps symlink_data
