[0.020s] Invoking command in '/home/rmsentry/ros_ws/build/armor_tracker': AMENT_PREFIX_PATH=/home/rmsentry/ros_ws/install/auto_aim_interfaces:${AMENT_PREFIX_PATH} CMAKE_PREFIX_PATH=/home/rmsentry/ros_ws/install/auto_aim_interfaces:/opt/ros/humble LD_LIBRARY_PATH=/home/rmsentry/ros_ws/install/auto_aim_interfaces/lib:/opt/MVS/lib/64:/opt/MVS/lib/32:/usr/local/lib:/opt/MVS/lib/64:/opt/MVS/lib/32:/opt/MVS/lib/64:/opt/MVS/lib/32:/usr/local/lib:/opt/ros/humble/opt/rviz_ogre_vendor/lib:/opt/ros/humble/lib/x86_64-linux-gnu:/opt/ros/humble/lib:/opt/MVS/lib/64:/opt/MVS/lib/32:/opt/MVS/lib/64:/opt/MVS/lib/32:/opt/MVS/lib/64:/opt/MVS/lib/32 PYTHONPATH=/home/rmsentry/ros_ws/install/auto_aim_interfaces/local/lib/python3.10/dist-packages:${PYTHONPATH} /usr/local/bin/cmake /home/rmsentry/ros_ws/src/rm_auto_aim/armor_tracker -DAMENT_CMAKE_SYMLINK_INSTALL=1 -DCMAKE_INSTALL_PREFIX=/home/rmsentry/ros_ws/install/armor_tracker
[0.175s] -- The C compiler identification is GNU 11.4.0
[0.303s] -- The CXX compiler identification is GNU 11.4.0
[0.320s] -- Detecting C compiler ABI info
[0.490s] -- Detecting C compiler ABI info - done
[0.519s] -- Check for working C compiler: /usr/bin/cc - skipped
[0.519s] -- Detecting C compile features
[0.520s] -- Detecting C compile features - done
[0.533s] -- Detecting CXX compiler ABI info
[0.641s] -- Detecting CXX compiler ABI info - done
[0.673s] -- Check for working CXX compiler: /usr/bin/c++ - skipped
[0.674s] -- Detecting CXX compile features
[0.675s] -- Detecting CXX compile features - done
[0.678s] -- Found ament_cmake_auto: 1.3.12 (/opt/ros/humble/share/ament_cmake_auto/cmake)
[0.967s] -- Found Python3: /usr/bin/python3 (found version "3.10.12") found components: Interpreter
[1.039s] -- Override CMake install command with custom implementation using symlinks instead of copying resources
[1.304s] -- Found rosidl_generator_c: 3.1.7 (/opt/ros/humble/share/rosidl_generator_c/cmake)
[1.315s] -- Found rosidl_adapter: 3.1.7 (/opt/ros/humble/share/rosidl_adapter/cmake)
[1.336s] -- Found rosidl_generator_cpp: 3.1.7 (/opt/ros/humble/share/rosidl_generator_cpp/cmake)
[1.372s] -- Using all available rosidl_typesupport_c: rosidl_typesupport_fastrtps_c;rosidl_typesupport_introspection_c
[1.390s] -- Using all available rosidl_typesupport_cpp: rosidl_typesupport_fastrtps_cpp;rosidl_typesupport_introspection_cpp
[1.492s] -- Found rmw_implementation_cmake: 6.1.2 (/opt/ros/humble/share/rmw_implementation_cmake/cmake)
[1.498s] -- Found rmw_fastrtps_cpp: 6.2.8 (/opt/ros/humble/share/rmw_fastrtps_cpp/cmake)
[1.707s] -- Found OpenSSL: /usr/lib/x86_64-linux-gnu/libcrypto.so (found version "3.0.2")
[1.784s] -- Found FastRTPS: /opt/ros/humble/include
[1.896s] -- Using RMW implementation 'rmw_fastrtps_cpp' as default
[1.917s] -- Performing Test CMAKE_HAVE_LIBC_PTHREAD
[2.058s] -- Performing Test CMAKE_HAVE_LIBC_PTHREAD - Success
[2.058s] -- Found Threads: TRUE
[2.383s] -- Found eigen3_cmake_module: 0.1.1 (/opt/ros/humble/share/eigen3_cmake_module/cmake)
[2.385s] -- Found Eigen3: TRUE (found version "3.4.0")
[2.391s] -- Ensuring Eigen3 include directory is part of orocos-kdl CMake target
[2.710s] -- Found ament_lint_auto: 0.12.14 (/opt/ros/humble/share/ament_lint_auto/cmake)
[2.766s] In this package, headers install destination is set to `include` by ament_auto_package. It is recommended to install `include/armor_tracker` instead and will be the default behavior of ament_auto_package from ROS 2 Kilted Kaiju. On distributions before Kilted, ament_auto_package behaves the same way when you use USE_SCOPED_HEADER_INSTALL_DIR option.
[2.787s] -- Added test 'cppcheck' to perform static code analysis on C / C++ code
[2.788s] -- Configured cppcheck include dirs: /home/rmsentry/ros_ws/src/rm_auto_aim/armor_tracker/include
[2.788s] -- Configured cppcheck exclude dirs and/or files: 
[2.788s] -- Added test 'lint_cmake' to check CMake code style
[2.788s] -- Added test 'xmllint' to check XML markup files
[2.789s] -- Added test 'clang_format' to check C / C++ code style
[2.811s] -- Configuring done (2.8s)
[2.884s] -- Generating done (0.1s)
[2.905s] -- Build files have been written to: /home/rmsentry/ros_ws/build/armor_tracker
[2.945s] Invoked command in '/home/rmsentry/ros_ws/build/armor_tracker' returned '0': AMENT_PREFIX_PATH=/home/rmsentry/ros_ws/install/auto_aim_interfaces:${AMENT_PREFIX_PATH} CMAKE_PREFIX_PATH=/home/rmsentry/ros_ws/install/auto_aim_interfaces:/opt/ros/humble LD_LIBRARY_PATH=/home/rmsentry/ros_ws/install/auto_aim_interfaces/lib:/opt/MVS/lib/64:/opt/MVS/lib/32:/usr/local/lib:/opt/MVS/lib/64:/opt/MVS/lib/32:/opt/MVS/lib/64:/opt/MVS/lib/32:/usr/local/lib:/opt/ros/humble/opt/rviz_ogre_vendor/lib:/opt/ros/humble/lib/x86_64-linux-gnu:/opt/ros/humble/lib:/opt/MVS/lib/64:/opt/MVS/lib/32:/opt/MVS/lib/64:/opt/MVS/lib/32:/opt/MVS/lib/64:/opt/MVS/lib/32 PYTHONPATH=/home/rmsentry/ros_ws/install/auto_aim_interfaces/local/lib/python3.10/dist-packages:${PYTHONPATH} /usr/local/bin/cmake /home/rmsentry/ros_ws/src/rm_auto_aim/armor_tracker -DAMENT_CMAKE_SYMLINK_INSTALL=1 -DCMAKE_INSTALL_PREFIX=/home/rmsentry/ros_ws/install/armor_tracker
[2.945s] Invoking command in '/home/rmsentry/ros_ws/build/armor_tracker': AMENT_PREFIX_PATH=/home/rmsentry/ros_ws/install/auto_aim_interfaces:${AMENT_PREFIX_PATH} CMAKE_PREFIX_PATH=/home/rmsentry/ros_ws/install/auto_aim_interfaces:/opt/ros/humble LD_LIBRARY_PATH=/home/rmsentry/ros_ws/install/auto_aim_interfaces/lib:/opt/MVS/lib/64:/opt/MVS/lib/32:/usr/local/lib:/opt/MVS/lib/64:/opt/MVS/lib/32:/opt/MVS/lib/64:/opt/MVS/lib/32:/usr/local/lib:/opt/ros/humble/opt/rviz_ogre_vendor/lib:/opt/ros/humble/lib/x86_64-linux-gnu:/opt/ros/humble/lib:/opt/MVS/lib/64:/opt/MVS/lib/32:/opt/MVS/lib/64:/opt/MVS/lib/32:/opt/MVS/lib/64:/opt/MVS/lib/32 PYTHONPATH=/home/rmsentry/ros_ws/install/auto_aim_interfaces/local/lib/python3.10/dist-packages:${PYTHONPATH} /usr/local/bin/cmake --build /home/rmsentry/ros_ws/build/armor_tracker -- -j12 -l12
[3.027s] [ 33%] Building CXX object CMakeFiles/armor_tracker.dir/src/tracker.cpp.o
[3.028s] [ 50%] Building CXX object CMakeFiles/armor_tracker.dir/src/extended_kalman_filter.cpp.o
[3.029s] [ 33%] Building CXX object CMakeFiles/armor_tracker.dir/src/tracker_node.cpp.o
[3.036s] [ 66%] Building CXX object CMakeFiles/armor_tracker_node.dir/rclcpp_components/node_main_armor_tracker_node.cpp.o
[11.653s] [ 83%] Linking CXX executable armor_tracker_node
[12.030s] [ 83%] Built target armor_tracker_node
[28.167s] [100%] Linking CXX shared library libarmor_tracker.so
[29.678s] [100%] Built target armor_tracker
[29.693s] Invoked command in '/home/rmsentry/ros_ws/build/armor_tracker' returned '0': AMENT_PREFIX_PATH=/home/rmsentry/ros_ws/install/auto_aim_interfaces:${AMENT_PREFIX_PATH} CMAKE_PREFIX_PATH=/home/rmsentry/ros_ws/install/auto_aim_interfaces:/opt/ros/humble LD_LIBRARY_PATH=/home/rmsentry/ros_ws/install/auto_aim_interfaces/lib:/opt/MVS/lib/64:/opt/MVS/lib/32:/usr/local/lib:/opt/MVS/lib/64:/opt/MVS/lib/32:/opt/MVS/lib/64:/opt/MVS/lib/32:/usr/local/lib:/opt/ros/humble/opt/rviz_ogre_vendor/lib:/opt/ros/humble/lib/x86_64-linux-gnu:/opt/ros/humble/lib:/opt/MVS/lib/64:/opt/MVS/lib/32:/opt/MVS/lib/64:/opt/MVS/lib/32:/opt/MVS/lib/64:/opt/MVS/lib/32 PYTHONPATH=/home/rmsentry/ros_ws/install/auto_aim_interfaces/local/lib/python3.10/dist-packages:${PYTHONPATH} /usr/local/bin/cmake --build /home/rmsentry/ros_ws/build/armor_tracker -- -j12 -l12
[29.694s] Invoking command in '/home/rmsentry/ros_ws/build/armor_tracker': AMENT_PREFIX_PATH=/home/rmsentry/ros_ws/install/auto_aim_interfaces:${AMENT_PREFIX_PATH} CMAKE_PREFIX_PATH=/home/rmsentry/ros_ws/install/auto_aim_interfaces:/opt/ros/humble LD_LIBRARY_PATH=/home/rmsentry/ros_ws/install/auto_aim_interfaces/lib:/opt/MVS/lib/64:/opt/MVS/lib/32:/usr/local/lib:/opt/MVS/lib/64:/opt/MVS/lib/32:/opt/MVS/lib/64:/opt/MVS/lib/32:/usr/local/lib:/opt/ros/humble/opt/rviz_ogre_vendor/lib:/opt/ros/humble/lib/x86_64-linux-gnu:/opt/ros/humble/lib:/opt/MVS/lib/64:/opt/MVS/lib/32:/opt/MVS/lib/64:/opt/MVS/lib/32:/opt/MVS/lib/64:/opt/MVS/lib/32 PYTHONPATH=/home/rmsentry/ros_ws/install/auto_aim_interfaces/local/lib/python3.10/dist-packages:${PYTHONPATH} /usr/local/bin/cmake --install /home/rmsentry/ros_ws/build/armor_tracker
[29.699s] -- Install configuration: ""
[29.699s] -- Execute custom install script
[29.700s] -- Symlinking: /home/rmsentry/ros_ws/install/armor_tracker/lib/armor_tracker/armor_tracker_node
[29.716s] -- Symlinking: /home/rmsentry/ros_ws/install/armor_tracker/include/armor_tracker/extended_kalman_filter.hpp
[29.730s] -- Symlinking: /home/rmsentry/ros_ws/install/armor_tracker/include/armor_tracker/tracker.hpp
[29.755s] -- Symlinking: /home/rmsentry/ros_ws/install/armor_tracker/include/armor_tracker/tracker_node.hpp
[29.765s] -- Symlinking: /home/rmsentry/ros_ws/install/armor_tracker/share/armor_tracker/environment/library_path.sh
[29.777s] -- Symlinking: /home/rmsentry/ros_ws/install/armor_tracker/share/armor_tracker/environment/library_path.dsv
[29.790s] -- Symlinking: /home/rmsentry/ros_ws/install/armor_tracker/lib/libarmor_tracker.so
[29.811s] -- Symlinking: /home/rmsentry/ros_ws/install/armor_tracker/share/ament_index/resource_index/package_run_dependencies/armor_tracker
[29.821s] -- Symlinking: /home/rmsentry/ros_ws/install/armor_tracker/share/ament_index/resource_index/parent_prefix_path/armor_tracker
[29.829s] -- Symlinking: /home/rmsentry/ros_ws/install/armor_tracker/share/armor_tracker/environment/ament_prefix_path.sh
[29.841s] -- Symlinking: /home/rmsentry/ros_ws/install/armor_tracker/share/armor_tracker/environment/ament_prefix_path.dsv
[29.875s] -- Symlinking: /home/rmsentry/ros_ws/install/armor_tracker/share/armor_tracker/environment/path.sh
[29.883s] -- Symlinking: /home/rmsentry/ros_ws/install/armor_tracker/share/armor_tracker/environment/path.dsv
[29.897s] -- Symlinking: /home/rmsentry/ros_ws/install/armor_tracker/share/armor_tracker/local_setup.bash
[29.907s] -- Symlinking: /home/rmsentry/ros_ws/install/armor_tracker/share/armor_tracker/local_setup.sh
[29.921s] -- Symlinking: /home/rmsentry/ros_ws/install/armor_tracker/share/armor_tracker/local_setup.zsh
[29.934s] -- Symlinking: /home/rmsentry/ros_ws/install/armor_tracker/share/armor_tracker/local_setup.dsv
[29.947s] -- Symlinking: /home/rmsentry/ros_ws/install/armor_tracker/share/armor_tracker/package.dsv
[29.960s] -- Symlinking: /home/rmsentry/ros_ws/install/armor_tracker/share/ament_index/resource_index/packages/armor_tracker
[29.977s] -- Symlinking: /home/rmsentry/ros_ws/install/armor_tracker/share/ament_index/resource_index/rclcpp_components/armor_tracker
[29.993s] -- Symlinking: /home/rmsentry/ros_ws/install/armor_tracker/share/armor_tracker/cmake/ament_cmake_export_dependencies-extras.cmake
[30.006s] -- Symlinking: /home/rmsentry/ros_ws/install/armor_tracker/share/armor_tracker/cmake/ament_cmake_export_include_directories-extras.cmake
[30.018s] -- Symlinking: /home/rmsentry/ros_ws/install/armor_tracker/share/armor_tracker/cmake/ament_cmake_export_libraries-extras.cmake
[30.034s] -- Symlinking: /home/rmsentry/ros_ws/install/armor_tracker/share/armor_tracker/cmake/armor_trackerConfig.cmake
[30.043s] -- Symlinking: /home/rmsentry/ros_ws/install/armor_tracker/share/armor_tracker/cmake/armor_trackerConfig-version.cmake
[30.059s] -- Symlinking: /home/rmsentry/ros_ws/install/armor_tracker/share/armor_tracker/package.xml
[30.081s] Invoked command in '/home/rmsentry/ros_ws/build/armor_tracker' returned '0': AMENT_PREFIX_PATH=/home/rmsentry/ros_ws/install/auto_aim_interfaces:${AMENT_PREFIX_PATH} CMAKE_PREFIX_PATH=/home/rmsentry/ros_ws/install/auto_aim_interfaces:/opt/ros/humble LD_LIBRARY_PATH=/home/rmsentry/ros_ws/install/auto_aim_interfaces/lib:/opt/MVS/lib/64:/opt/MVS/lib/32:/usr/local/lib:/opt/MVS/lib/64:/opt/MVS/lib/32:/opt/MVS/lib/64:/opt/MVS/lib/32:/usr/local/lib:/opt/ros/humble/opt/rviz_ogre_vendor/lib:/opt/ros/humble/lib/x86_64-linux-gnu:/opt/ros/humble/lib:/opt/MVS/lib/64:/opt/MVS/lib/32:/opt/MVS/lib/64:/opt/MVS/lib/32:/opt/MVS/lib/64:/opt/MVS/lib/32 PYTHONPATH=/home/rmsentry/ros_ws/install/auto_aim_interfaces/local/lib/python3.10/dist-packages:${PYTHONPATH} /usr/local/bin/cmake --install /home/rmsentry/ros_ws/build/armor_tracker
