[0.028s] Invoking command in '/home/rmsentry/ros_ws/build/armor_detector': AMENT_PREFIX_PATH=/home/rmsentry/ros_ws/install/auto_aim_interfaces:${AMENT_PREFIX_PATH} CMAKE_PREFIX_PATH=/home/rmsentry/ros_ws/install/auto_aim_interfaces:/opt/ros/humble LD_LIBRARY_PATH=/home/rmsentry/ros_ws/install/auto_aim_interfaces/lib:/opt/MVS/lib/64:/opt/MVS/lib/32:/usr/local/lib:/opt/MVS/lib/64:/opt/MVS/lib/32:/opt/MVS/lib/64:/opt/MVS/lib/32:/usr/local/lib:/opt/ros/humble/opt/rviz_ogre_vendor/lib:/opt/ros/humble/lib/x86_64-linux-gnu:/opt/ros/humble/lib:/opt/MVS/lib/64:/opt/MVS/lib/32:/opt/MVS/lib/64:/opt/MVS/lib/32:/opt/MVS/lib/64:/opt/MVS/lib/32 PYTHONPATH=/home/rmsentry/ros_ws/install/auto_aim_interfaces/local/lib/python3.10/dist-packages:${PYTHONPATH} /usr/local/bin/cmake /home/rmsentry/ros_ws/src/rm_auto_aim/armor_detector -DAMENT_CMAKE_SYMLINK_INSTALL=1 -DCMAKE_INSTALL_PREFIX=/home/rmsentry/ros_ws/install/armor_detector
[0.153s] -- The C compiler identification is GNU 11.4.0
[0.289s] -- The CXX compiler identification is GNU 11.4.0
[0.314s] -- Detecting C compiler ABI info
[0.517s] -- Detecting C compiler ABI info - done
[0.587s] -- Check for working C compiler: /usr/bin/cc - skipped
[0.593s] -- Detecting C compile features
[0.594s] -- Detecting C compile features - done
[0.609s] -- Detecting CXX compiler ABI info
[0.890s] -- Detecting CXX compiler ABI info - done
[0.972s] -- Check for working CXX compiler: /usr/bin/c++ - skipped
[0.972s] -- Detecting CXX compile features
[0.973s] -- Detecting CXX compile features - done
[0.982s] -- Found ament_cmake_auto: 1.3.12 (/opt/ros/humble/share/ament_cmake_auto/cmake)
[1.427s] -- Found Python3: /usr/bin/python3 (found version "3.10.12") found components: Interpreter
[1.721s] -- Override CMake install command with custom implementation using symlinks instead of copying resources
[1.802s] -- Found OpenCV: /usr (found version "4.5.4")
[1.812s] -- Searching for g2o ...
[1.814s] -- Found g2o headers in: /opt/ros/humble/include/g2o
[1.815s] -- Found libg2o: /opt/ros/humble/lib/x86_64-linux-gnu/libg2o_core.so;/opt/ros/humble/lib/x86_64-linux-gnu/libg2o_stuff.so;/opt/ros/humble/lib/x86_64-linux-gnu/libg2o_types_slam2d.so;/opt/ros/humble/lib/x86_64-linux-gnu/libg2o_types_slam3d.so;/opt/ros/humble/lib/x86_64-linux-gnu/libg2o_solver_dense.so;/opt/ros/humble/lib/x86_64-linux-gnu/libg2o_solver_eigen.so
[2.197s] -- Found rosidl_generator_c: 3.1.7 (/opt/ros/humble/share/rosidl_generator_c/cmake)
[2.220s] -- Found rosidl_adapter: 3.1.7 (/opt/ros/humble/share/rosidl_adapter/cmake)
[2.282s] -- Found rosidl_generator_cpp: 3.1.7 (/opt/ros/humble/share/rosidl_generator_cpp/cmake)
[2.300s] -- Using all available rosidl_typesupport_c: rosidl_typesupport_fastrtps_c;rosidl_typesupport_introspection_c
[2.344s] -- Using all available rosidl_typesupport_cpp: rosidl_typesupport_fastrtps_cpp;rosidl_typesupport_introspection_cpp
[2.439s] -- Found rmw_implementation_cmake: 6.1.2 (/opt/ros/humble/share/rmw_implementation_cmake/cmake)
[2.446s] -- Found rmw_fastrtps_cpp: 6.2.8 (/opt/ros/humble/share/rmw_fastrtps_cpp/cmake)
[2.684s] -- Found OpenSSL: /usr/lib/x86_64-linux-gnu/libcrypto.so (found version "3.0.2")
[2.755s] -- Found FastRTPS: /opt/ros/humble/include
[2.823s] -- Using RMW implementation 'rmw_fastrtps_cpp' as default
[2.835s] -- Performing Test CMAKE_HAVE_LIBC_PTHREAD
[2.978s] -- Performing Test CMAKE_HAVE_LIBC_PTHREAD - Success
[2.978s] -- Found Threads: TRUE
[3.328s] -- Found eigen3_cmake_module: 0.1.1 (/opt/ros/humble/share/eigen3_cmake_module/cmake)
[3.332s] -- Found Eigen3: TRUE (found version "3.4.0")
[3.332s] -- Ensuring Eigen3 include directory is part of orocos-kdl CMake target
[3.455s] -- Found ament_lint_auto: 0.12.14 (/opt/ros/humble/share/ament_lint_auto/cmake)
[3.483s] -- Found ament_cmake_gtest: 1.3.12 (/opt/ros/humble/share/ament_cmake_gtest/cmake)
[3.484s] -- Found gtest sources under '/opt/ros/humble/src/gtest_vendor': C++ tests using 'Google Test' will be built
[3.491s] In this package, headers install destination is set to `include` by ament_auto_package. It is recommended to install `include/armor_detector` instead and will be the default behavior of ament_auto_package from ROS 2 Kilted Kaiju. On distributions before Kilted, ament_auto_package behaves the same way when you use USE_SCOPED_HEADER_INSTALL_DIR option.
[3.506s] -- Added test 'cppcheck' to perform static code analysis on C / C++ code
[3.507s] -- Configured cppcheck include dirs: /home/rmsentry/ros_ws/src/rm_auto_aim/armor_detector/include
[3.507s] -- Configured cppcheck exclude dirs and/or files: 
[3.509s] -- Added test 'lint_cmake' to check CMake code style
[3.511s] -- Added test 'xmllint' to check XML markup files
[3.514s] -- Added test 'clang_format' to check C / C++ code style
[3.522s] -- Configuring done (3.5s)
[3.596s] -- Generating done (0.1s)
[3.623s] -- Build files have been written to: /home/rmsentry/ros_ws/build/armor_detector
[3.635s] Invoked command in '/home/rmsentry/ros_ws/build/armor_detector' returned '0': AMENT_PREFIX_PATH=/home/rmsentry/ros_ws/install/auto_aim_interfaces:${AMENT_PREFIX_PATH} CMAKE_PREFIX_PATH=/home/rmsentry/ros_ws/install/auto_aim_interfaces:/opt/ros/humble LD_LIBRARY_PATH=/home/rmsentry/ros_ws/install/auto_aim_interfaces/lib:/opt/MVS/lib/64:/opt/MVS/lib/32:/usr/local/lib:/opt/MVS/lib/64:/opt/MVS/lib/32:/opt/MVS/lib/64:/opt/MVS/lib/32:/usr/local/lib:/opt/ros/humble/opt/rviz_ogre_vendor/lib:/opt/ros/humble/lib/x86_64-linux-gnu:/opt/ros/humble/lib:/opt/MVS/lib/64:/opt/MVS/lib/32:/opt/MVS/lib/64:/opt/MVS/lib/32:/opt/MVS/lib/64:/opt/MVS/lib/32 PYTHONPATH=/home/rmsentry/ros_ws/install/auto_aim_interfaces/local/lib/python3.10/dist-packages:${PYTHONPATH} /usr/local/bin/cmake /home/rmsentry/ros_ws/src/rm_auto_aim/armor_detector -DAMENT_CMAKE_SYMLINK_INSTALL=1 -DCMAKE_INSTALL_PREFIX=/home/rmsentry/ros_ws/install/armor_detector
[3.638s] Invoking command in '/home/rmsentry/ros_ws/build/armor_detector': AMENT_PREFIX_PATH=/home/rmsentry/ros_ws/install/auto_aim_interfaces:${AMENT_PREFIX_PATH} CMAKE_PREFIX_PATH=/home/rmsentry/ros_ws/install/auto_aim_interfaces:/opt/ros/humble LD_LIBRARY_PATH=/home/rmsentry/ros_ws/install/auto_aim_interfaces/lib:/opt/MVS/lib/64:/opt/MVS/lib/32:/usr/local/lib:/opt/MVS/lib/64:/opt/MVS/lib/32:/opt/MVS/lib/64:/opt/MVS/lib/32:/usr/local/lib:/opt/ros/humble/opt/rviz_ogre_vendor/lib:/opt/ros/humble/lib/x86_64-linux-gnu:/opt/ros/humble/lib:/opt/MVS/lib/64:/opt/MVS/lib/32:/opt/MVS/lib/64:/opt/MVS/lib/32:/opt/MVS/lib/64:/opt/MVS/lib/32 PYTHONPATH=/home/rmsentry/ros_ws/install/auto_aim_interfaces/local/lib/python3.10/dist-packages:${PYTHONPATH} /usr/local/bin/cmake --build /home/rmsentry/ros_ws/build/armor_detector -- -j12 -l12
[3.703s] [  6%] Building CXX object CMakeFiles/armor_detector_node.dir/rclcpp_components/node_main_armor_detector_node.cpp.o
[3.707s] [ 12%] Building CXX object gtest/CMakeFiles/gtest_main.dir/src/gtest_main.cc.o
[3.708s] [ 25%] Building CXX object CMakeFiles/armor_detector.dir/src/number_classifier.cpp.o
[3.708s] [ 37%] Building CXX object CMakeFiles/armor_detector.dir/src/detector_node.cpp.o
[3.709s] [ 37%] Building CXX object CMakeFiles/armor_detector.dir/src/ba_optimizer.cpp.o
[3.709s] [ 37%] Building CXX object CMakeFiles/armor_detector.dir/src/detector.cpp.o
[3.712s] [ 43%] Building CXX object CMakeFiles/armor_detector.dir/src/pnp_solver.cpp.o
[3.712s] [ 50%] Building CXX object gtest/CMakeFiles/gtest.dir/src/gtest-all.cc.o
[5.133s] [ 56%] Linking CXX static library libgtest_main.a
[5.233s] [ 56%] Built target gtest_main
[10.381s] [ 62%] Linking CXX static library libgtest.a
[10.508s] [ 62%] Built target gtest
[12.597s] [ 68%] Linking CXX executable armor_detector_node
[12.939s] [ 68%] Built target armor_detector_node
[51.890s] [ 75%] Linking CXX shared library libarmor_detector.so
[54.598s] [ 75%] Built target armor_detector
[54.611s] [ 81%] Building CXX object CMakeFiles/test_node_startup.dir/test/test_node_startup.cpp.o
[70.400s] [ 87%] Linking CXX executable test_node_startup
[72.420s] [ 87%] Built target test_node_startup
[72.443s] [ 93%] Building CXX object CMakeFiles/test_number_cls.dir/test/test_number_cls.cpp.o
[74.368s] [100%] Linking CXX executable test_number_cls
[75.357s] [100%] Built target test_number_cls
[75.361s] Invoked command in '/home/rmsentry/ros_ws/build/armor_detector' returned '0': AMENT_PREFIX_PATH=/home/rmsentry/ros_ws/install/auto_aim_interfaces:${AMENT_PREFIX_PATH} CMAKE_PREFIX_PATH=/home/rmsentry/ros_ws/install/auto_aim_interfaces:/opt/ros/humble LD_LIBRARY_PATH=/home/rmsentry/ros_ws/install/auto_aim_interfaces/lib:/opt/MVS/lib/64:/opt/MVS/lib/32:/usr/local/lib:/opt/MVS/lib/64:/opt/MVS/lib/32:/opt/MVS/lib/64:/opt/MVS/lib/32:/usr/local/lib:/opt/ros/humble/opt/rviz_ogre_vendor/lib:/opt/ros/humble/lib/x86_64-linux-gnu:/opt/ros/humble/lib:/opt/MVS/lib/64:/opt/MVS/lib/32:/opt/MVS/lib/64:/opt/MVS/lib/32:/opt/MVS/lib/64:/opt/MVS/lib/32 PYTHONPATH=/home/rmsentry/ros_ws/install/auto_aim_interfaces/local/lib/python3.10/dist-packages:${PYTHONPATH} /usr/local/bin/cmake --build /home/rmsentry/ros_ws/build/armor_detector -- -j12 -l12
[75.362s] Invoking command in '/home/rmsentry/ros_ws/build/armor_detector': AMENT_PREFIX_PATH=/home/rmsentry/ros_ws/install/auto_aim_interfaces:${AMENT_PREFIX_PATH} CMAKE_PREFIX_PATH=/home/rmsentry/ros_ws/install/auto_aim_interfaces:/opt/ros/humble LD_LIBRARY_PATH=/home/rmsentry/ros_ws/install/auto_aim_interfaces/lib:/opt/MVS/lib/64:/opt/MVS/lib/32:/usr/local/lib:/opt/MVS/lib/64:/opt/MVS/lib/32:/opt/MVS/lib/64:/opt/MVS/lib/32:/usr/local/lib:/opt/ros/humble/opt/rviz_ogre_vendor/lib:/opt/ros/humble/lib/x86_64-linux-gnu:/opt/ros/humble/lib:/opt/MVS/lib/64:/opt/MVS/lib/32:/opt/MVS/lib/64:/opt/MVS/lib/32:/opt/MVS/lib/64:/opt/MVS/lib/32 PYTHONPATH=/home/rmsentry/ros_ws/install/auto_aim_interfaces/local/lib/python3.10/dist-packages:${PYTHONPATH} /usr/local/bin/cmake --install /home/rmsentry/ros_ws/build/armor_detector
[75.365s] -- Install configuration: ""
[75.365s] -- Execute custom install script
[75.365s] -- Symlinking: /home/rmsentry/ros_ws/install/armor_detector/lib/armor_detector/armor_detector_node
[75.369s] -- Symlinking: /home/rmsentry/ros_ws/install/armor_detector/include/armor_detector/armor.hpp
[75.371s] -- Symlinking: /home/rmsentry/ros_ws/install/armor_detector/include/armor_detector/ba_optimizer.hpp
[75.375s] -- Symlinking: /home/rmsentry/ros_ws/install/armor_detector/include/armor_detector/detector.hpp
[75.378s] -- Symlinking: /home/rmsentry/ros_ws/install/armor_detector/include/armor_detector/detector_node.hpp
[75.380s] -- Symlinking: /home/rmsentry/ros_ws/install/armor_detector/include/armor_detector/number_classifier.hpp
[75.382s] -- Symlinking: /home/rmsentry/ros_ws/install/armor_detector/include/armor_detector/pnp_solver.hpp
[75.385s] -- Symlinking: /home/rmsentry/ros_ws/install/armor_detector/include/armor_detector/utils.hpp
[75.388s] -- Symlinking: /home/rmsentry/ros_ws/install/armor_detector/share/armor_detector/environment/library_path.sh
[75.391s] -- Symlinking: /home/rmsentry/ros_ws/install/armor_detector/share/armor_detector/environment/library_path.dsv
[75.393s] -- Symlinking: /home/rmsentry/ros_ws/install/armor_detector/lib/libarmor_detector.so
[75.396s] -- Symlinking: /home/rmsentry/ros_ws/install/armor_detector/share/armor_detector/model/label.txt
[75.399s] -- Symlinking: /home/rmsentry/ros_ws/install/armor_detector/share/armor_detector/model/mlp.onnx
[75.402s] -- Symlinking: /home/rmsentry/ros_ws/install/armor_detector/share/ament_index/resource_index/package_run_dependencies/armor_detector
[75.405s] -- Symlinking: /home/rmsentry/ros_ws/install/armor_detector/share/ament_index/resource_index/parent_prefix_path/armor_detector
[75.407s] -- Symlinking: /home/rmsentry/ros_ws/install/armor_detector/share/armor_detector/environment/ament_prefix_path.sh
[75.410s] -- Symlinking: /home/rmsentry/ros_ws/install/armor_detector/share/armor_detector/environment/ament_prefix_path.dsv
[75.412s] -- Symlinking: /home/rmsentry/ros_ws/install/armor_detector/share/armor_detector/environment/path.sh
[75.414s] -- Symlinking: /home/rmsentry/ros_ws/install/armor_detector/share/armor_detector/environment/path.dsv
[75.417s] -- Symlinking: /home/rmsentry/ros_ws/install/armor_detector/share/armor_detector/local_setup.bash
[75.419s] -- Symlinking: /home/rmsentry/ros_ws/install/armor_detector/share/armor_detector/local_setup.sh
[75.422s] -- Symlinking: /home/rmsentry/ros_ws/install/armor_detector/share/armor_detector/local_setup.zsh
[75.424s] -- Symlinking: /home/rmsentry/ros_ws/install/armor_detector/share/armor_detector/local_setup.dsv
[75.426s] -- Symlinking: /home/rmsentry/ros_ws/install/armor_detector/share/armor_detector/package.dsv
[75.429s] -- Symlinking: /home/rmsentry/ros_ws/install/armor_detector/share/ament_index/resource_index/packages/armor_detector
[75.433s] -- Symlinking: /home/rmsentry/ros_ws/install/armor_detector/share/ament_index/resource_index/rclcpp_components/armor_detector
[75.438s] -- Symlinking: /home/rmsentry/ros_ws/install/armor_detector/share/armor_detector/cmake/ament_cmake_export_dependencies-extras.cmake
[75.443s] -- Symlinking: /home/rmsentry/ros_ws/install/armor_detector/share/armor_detector/cmake/ament_cmake_export_include_directories-extras.cmake
[75.449s] -- Symlinking: /home/rmsentry/ros_ws/install/armor_detector/share/armor_detector/cmake/ament_cmake_export_libraries-extras.cmake
[75.453s] -- Symlinking: /home/rmsentry/ros_ws/install/armor_detector/share/armor_detector/cmake/armor_detectorConfig.cmake
[75.457s] -- Symlinking: /home/rmsentry/ros_ws/install/armor_detector/share/armor_detector/cmake/armor_detectorConfig-version.cmake
[75.462s] -- Symlinking: /home/rmsentry/ros_ws/install/armor_detector/share/armor_detector/package.xml
[75.468s] Invoked command in '/home/rmsentry/ros_ws/build/armor_detector' returned '0': AMENT_PREFIX_PATH=/home/rmsentry/ros_ws/install/auto_aim_interfaces:${AMENT_PREFIX_PATH} CMAKE_PREFIX_PATH=/home/rmsentry/ros_ws/install/auto_aim_interfaces:/opt/ros/humble LD_LIBRARY_PATH=/home/rmsentry/ros_ws/install/auto_aim_interfaces/lib:/opt/MVS/lib/64:/opt/MVS/lib/32:/usr/local/lib:/opt/MVS/lib/64:/opt/MVS/lib/32:/opt/MVS/lib/64:/opt/MVS/lib/32:/usr/local/lib:/opt/ros/humble/opt/rviz_ogre_vendor/lib:/opt/ros/humble/lib/x86_64-linux-gnu:/opt/ros/humble/lib:/opt/MVS/lib/64:/opt/MVS/lib/32:/opt/MVS/lib/64:/opt/MVS/lib/32:/opt/MVS/lib/64:/opt/MVS/lib/32 PYTHONPATH=/home/rmsentry/ros_ws/install/auto_aim_interfaces/local/lib/python3.10/dist-packages:${PYTHONPATH} /usr/local/bin/cmake --install /home/rmsentry/ros_ws/build/armor_detector
