[0.028s] Invoking command in '/home/rmsentry/ros_ws/build/rmoss_gz_bridge': AMENT_PREFIX_PATH=/home/rmsentry/ros_ws/install/rmoss_interfaces:/home/rmsentry/ros_ws/install/rmoss_gz_resources:/home/rmsentry/ros_ws/install/rmoss_gz_plugins:${AMENT_PREFIX_PATH} CMAKE_PREFIX_PATH=/home/rmsentry/ros_ws/install/rmoss_interfaces:/home/rmsentry/ros_ws/install/rmoss_gz_resources:/home/rmsentry/ros_ws/install/rmoss_gz_plugins:/opt/ros/humble LD_LIBRARY_PATH=/home/rmsentry/ros_ws/install/rmoss_interfaces/lib:/opt/MVS/lib/64:/opt/MVS/lib/32:/usr/local/lib:/opt/MVS/lib/64:/opt/MVS/lib/32:/opt/MVS/lib/64:/opt/MVS/lib/32:/usr/local/lib:/opt/ros/humble/opt/rviz_ogre_vendor/lib:/opt/ros/humble/lib/x86_64-linux-gnu:/opt/ros/humble/lib:/opt/MVS/lib/64:/opt/MVS/lib/32:/opt/MVS/lib/64:/opt/MVS/lib/32:/opt/MVS/lib/64:/opt/MVS/lib/32 PYTHONPATH=/home/rmsentry/ros_ws/install/rmoss_interfaces/local/lib/python3.10/dist-packages:${PYTHONPATH} /usr/local/bin/cmake /home/rmsentry/ros_ws/src/rmoss_gazebo/rmoss_gz_bridge -DAMENT_CMAKE_SYMLINK_INSTALL=1 -DCMAKE_INSTALL_PREFIX=/home/rmsentry/ros_ws/install/rmoss_gz_bridge
[0.142s] -- The C compiler identification is GNU 11.4.0
[0.277s] -- The CXX compiler identification is GNU 11.4.0
[0.298s] -- Detecting C compiler ABI info
[0.451s] -- Detecting C compiler ABI info - done
[0.490s] -- Check for working C compiler: /usr/bin/cc - skipped
[0.490s] -- Detecting C compile features
[0.491s] -- Detecting C compile features - done
[0.498s] -- Detecting CXX compiler ABI info
[0.663s] -- Detecting CXX compiler ABI info - done
[0.696s] -- Check for working CXX compiler: /usr/bin/c++ - skipped
[0.696s] -- Detecting CXX compile features
[0.702s] -- Detecting CXX compile features - done
[0.704s] -- Found ament_cmake: 1.3.12 (/opt/ros/humble/share/ament_cmake/cmake)
[1.015s] -- Found Python3: /usr/bin/python3 (found version "3.10.12") found components: Interpreter
[1.175s] -- Override CMake install command with custom implementation using symlinks instead of copying resources
[1.240s] -- Found ament_index_cpp: 1.4.0 (/opt/ros/humble/share/ament_index_cpp/cmake)
[1.240s] -- Found rclcpp: 16.0.16 (/opt/ros/humble/share/rclcpp/cmake)
[1.342s] -- Found rosidl_generator_c: 3.1.7 (/opt/ros/humble/share/rosidl_generator_c/cmake)
[1.351s] -- Found rosidl_adapter: 3.1.7 (/opt/ros/humble/share/rosidl_adapter/cmake)
[1.374s] -- Found rosidl_generator_cpp: 3.1.7 (/opt/ros/humble/share/rosidl_generator_cpp/cmake)
[1.404s] -- Using all available rosidl_typesupport_c: rosidl_typesupport_fastrtps_c;rosidl_typesupport_introspection_c
[1.438s] -- Using all available rosidl_typesupport_cpp: rosidl_typesupport_fastrtps_cpp;rosidl_typesupport_introspection_cpp
[1.498s] -- Found rmw_implementation_cmake: 6.1.2 (/opt/ros/humble/share/rmw_implementation_cmake/cmake)
[1.501s] -- Found rmw_fastrtps_cpp: 6.2.8 (/opt/ros/humble/share/rmw_fastrtps_cpp/cmake)
[1.652s] -- Found OpenSSL: /usr/lib/x86_64-linux-gnu/libcrypto.so (found version "3.0.2")
[1.773s] -- Found FastRTPS: /opt/ros/humble/include
[1.922s] -- Using RMW implementation 'rmw_fastrtps_cpp' as default
[1.960s] -- Performing Test CMAKE_HAVE_LIBC_PTHREAD
[2.176s] -- Performing Test CMAKE_HAVE_LIBC_PTHREAD - Success
[2.178s] -- Found Threads: TRUE
[2.441s] -- Found rclcpp_components: 16.0.16 (/opt/ros/humble/share/rclcpp_components/cmake)
[2.568s] -- Found geometry_msgs: 4.9.0 (/opt/ros/humble/share/geometry_msgs/cmake)
[2.587s] -- Found sensor_msgs: 4.9.0 (/opt/ros/humble/share/sensor_msgs/cmake)
[2.638s] -- Found nav_msgs: 4.9.0 (/opt/ros/humble/share/nav_msgs/cmake)
[2.694s] -- Found rmoss_interfaces: 0.9.0 (/home/rmsentry/ros_ws/install/rmoss_interfaces/share/rmoss_interfaces/cmake)
[2.760s] -- Found tf2_ros: 0.25.17 (/opt/ros/humble/share/tf2_ros/cmake)
[2.950s] -- Found ros_gz_bridge: 0.244.20 (/opt/ros/humble/share/ros_gz_bridge/cmake)
[3.034s] -- Found Protobuf: /usr/lib/x86_64-linux-gnu/libprotobuf.so (found suitable version "3.12.4", minimum required is "3")
[3.281s] -- Found Protobuf: /usr/lib/x86_64-linux-gnu/libprotobuf.so (found version "3.12.4")
[4.105s] -- Looking for ignition-transport11 -- found version 11.4.1
[4.105s] -- Looking for ignition-msgs8 -- found version 8.7.0
[4.106s] -- Compiling against Ignition Fortress
[4.116s] -- Found ament_lint_auto: 0.12.14 (/opt/ros/humble/share/ament_lint_auto/cmake)
[4.235s] -- Added test 'copyright' to check source files copyright and LICENSE
[4.237s] -- Added test 'cppcheck' to perform static code analysis on C / C++ code
[4.238s] -- Configured cppcheck include dirs: /home/rmsentry/ros_ws/src/rmoss_gazebo/rmoss_gz_bridge/include
[4.238s] -- Configured cppcheck exclude dirs and/or files: 
[4.240s] -- Added test 'cpplint' to check C / C++ code against the Google style
[4.240s] -- Configured cpplint exclude dirs and/or files: 
[4.242s] -- Added test 'lint_cmake' to check CMake code style
[4.243s] -- Added test 'uncrustify' to check C / C++ code style
[4.244s] -- Configured uncrustify additional arguments: 
[4.246s] -- Added test 'xmllint' to check XML markup files
[4.250s] -- Configuring done (4.2s)
[4.323s] -- Generating done (0.0s)
[4.346s] -- Build files have been written to: /home/rmsentry/ros_ws/build/rmoss_gz_bridge
[4.371s] Invoked command in '/home/rmsentry/ros_ws/build/rmoss_gz_bridge' returned '0': AMENT_PREFIX_PATH=/home/rmsentry/ros_ws/install/rmoss_interfaces:/home/rmsentry/ros_ws/install/rmoss_gz_resources:/home/rmsentry/ros_ws/install/rmoss_gz_plugins:${AMENT_PREFIX_PATH} CMAKE_PREFIX_PATH=/home/rmsentry/ros_ws/install/rmoss_interfaces:/home/rmsentry/ros_ws/install/rmoss_gz_resources:/home/rmsentry/ros_ws/install/rmoss_gz_plugins:/opt/ros/humble LD_LIBRARY_PATH=/home/rmsentry/ros_ws/install/rmoss_interfaces/lib:/opt/MVS/lib/64:/opt/MVS/lib/32:/usr/local/lib:/opt/MVS/lib/64:/opt/MVS/lib/32:/opt/MVS/lib/64:/opt/MVS/lib/32:/usr/local/lib:/opt/ros/humble/opt/rviz_ogre_vendor/lib:/opt/ros/humble/lib/x86_64-linux-gnu:/opt/ros/humble/lib:/opt/MVS/lib/64:/opt/MVS/lib/32:/opt/MVS/lib/64:/opt/MVS/lib/32:/opt/MVS/lib/64:/opt/MVS/lib/32 PYTHONPATH=/home/rmsentry/ros_ws/install/rmoss_interfaces/local/lib/python3.10/dist-packages:${PYTHONPATH} /usr/local/bin/cmake /home/rmsentry/ros_ws/src/rmoss_gazebo/rmoss_gz_bridge -DAMENT_CMAKE_SYMLINK_INSTALL=1 -DCMAKE_INSTALL_PREFIX=/home/rmsentry/ros_ws/install/rmoss_gz_bridge
[4.378s] Invoking command in '/home/rmsentry/ros_ws/build/rmoss_gz_bridge': AMENT_PREFIX_PATH=/home/rmsentry/ros_ws/install/rmoss_interfaces:/home/rmsentry/ros_ws/install/rmoss_gz_resources:/home/rmsentry/ros_ws/install/rmoss_gz_plugins:${AMENT_PREFIX_PATH} CMAKE_PREFIX_PATH=/home/rmsentry/ros_ws/install/rmoss_interfaces:/home/rmsentry/ros_ws/install/rmoss_gz_resources:/home/rmsentry/ros_ws/install/rmoss_gz_plugins:/opt/ros/humble LD_LIBRARY_PATH=/home/rmsentry/ros_ws/install/rmoss_interfaces/lib:/opt/MVS/lib/64:/opt/MVS/lib/32:/usr/local/lib:/opt/MVS/lib/64:/opt/MVS/lib/32:/opt/MVS/lib/64:/opt/MVS/lib/32:/usr/local/lib:/opt/ros/humble/opt/rviz_ogre_vendor/lib:/opt/ros/humble/lib/x86_64-linux-gnu:/opt/ros/humble/lib:/opt/MVS/lib/64:/opt/MVS/lib/32:/opt/MVS/lib/64:/opt/MVS/lib/32:/opt/MVS/lib/64:/opt/MVS/lib/32 PYTHONPATH=/home/rmsentry/ros_ws/install/rmoss_interfaces/local/lib/python3.10/dist-packages:${PYTHONPATH} /usr/local/bin/cmake --build /home/rmsentry/ros_ws/build/rmoss_gz_bridge -- -j12 -l12
[4.457s] [ 16%] Building CXX object CMakeFiles/pose_bridge.dir/src/pose_bridge_node.cpp.o
[26.724s] [ 33%] Building CXX object CMakeFiles/pose_bridge.dir/src/pose_bridge_main.cpp.o
[36.292s] [ 50%] Linking CXX executable pose_bridge
[38.017s] [ 50%] Built target pose_bridge
[38.033s] [ 66%] Building CXX object CMakeFiles/rfid_bridge.dir/src/rfid_bridge_node.cpp.o
[50.075s] [ 83%] Building CXX object CMakeFiles/rfid_bridge.dir/src/rfid_bridge_main.cpp.o
[58.796s] [100%] Linking CXX executable rfid_bridge
[59.247s] [100%] Built target rfid_bridge
[59.253s] Invoked command in '/home/rmsentry/ros_ws/build/rmoss_gz_bridge' returned '0': AMENT_PREFIX_PATH=/home/rmsentry/ros_ws/install/rmoss_interfaces:/home/rmsentry/ros_ws/install/rmoss_gz_resources:/home/rmsentry/ros_ws/install/rmoss_gz_plugins:${AMENT_PREFIX_PATH} CMAKE_PREFIX_PATH=/home/rmsentry/ros_ws/install/rmoss_interfaces:/home/rmsentry/ros_ws/install/rmoss_gz_resources:/home/rmsentry/ros_ws/install/rmoss_gz_plugins:/opt/ros/humble LD_LIBRARY_PATH=/home/rmsentry/ros_ws/install/rmoss_interfaces/lib:/opt/MVS/lib/64:/opt/MVS/lib/32:/usr/local/lib:/opt/MVS/lib/64:/opt/MVS/lib/32:/opt/MVS/lib/64:/opt/MVS/lib/32:/usr/local/lib:/opt/ros/humble/opt/rviz_ogre_vendor/lib:/opt/ros/humble/lib/x86_64-linux-gnu:/opt/ros/humble/lib:/opt/MVS/lib/64:/opt/MVS/lib/32:/opt/MVS/lib/64:/opt/MVS/lib/32:/opt/MVS/lib/64:/opt/MVS/lib/32 PYTHONPATH=/home/rmsentry/ros_ws/install/rmoss_interfaces/local/lib/python3.10/dist-packages:${PYTHONPATH} /usr/local/bin/cmake --build /home/rmsentry/ros_ws/build/rmoss_gz_bridge -- -j12 -l12
[59.255s] Invoking command in '/home/rmsentry/ros_ws/build/rmoss_gz_bridge': AMENT_PREFIX_PATH=/home/rmsentry/ros_ws/install/rmoss_interfaces:/home/rmsentry/ros_ws/install/rmoss_gz_resources:/home/rmsentry/ros_ws/install/rmoss_gz_plugins:${AMENT_PREFIX_PATH} CMAKE_PREFIX_PATH=/home/rmsentry/ros_ws/install/rmoss_interfaces:/home/rmsentry/ros_ws/install/rmoss_gz_resources:/home/rmsentry/ros_ws/install/rmoss_gz_plugins:/opt/ros/humble LD_LIBRARY_PATH=/home/rmsentry/ros_ws/install/rmoss_interfaces/lib:/opt/MVS/lib/64:/opt/MVS/lib/32:/usr/local/lib:/opt/MVS/lib/64:/opt/MVS/lib/32:/opt/MVS/lib/64:/opt/MVS/lib/32:/usr/local/lib:/opt/ros/humble/opt/rviz_ogre_vendor/lib:/opt/ros/humble/lib/x86_64-linux-gnu:/opt/ros/humble/lib:/opt/MVS/lib/64:/opt/MVS/lib/32:/opt/MVS/lib/64:/opt/MVS/lib/32:/opt/MVS/lib/64:/opt/MVS/lib/32 PYTHONPATH=/home/rmsentry/ros_ws/install/rmoss_interfaces/local/lib/python3.10/dist-packages:${PYTHONPATH} /usr/local/bin/cmake --install /home/rmsentry/ros_ws/build/rmoss_gz_bridge
[59.259s] -- Install configuration: ""
[59.259s] -- Execute custom install script
[59.259s] -- Symlinking: /home/rmsentry/ros_ws/install/rmoss_gz_bridge/include/rmoss_gz_bridge/pose_bridge_node.hpp
[59.265s] -- Symlinking: /home/rmsentry/ros_ws/install/rmoss_gz_bridge/include/rmoss_gz_bridge/rfid_bridge_node.hpp
[59.270s] -- Symlinking: /home/rmsentry/ros_ws/install/rmoss_gz_bridge/lib/rmoss_gz_bridge/pose_bridge
[59.274s] -- Symlinking: /home/rmsentry/ros_ws/install/rmoss_gz_bridge/lib/rmoss_gz_bridge/rfid_bridge
[59.278s] -- Symlinking: /home/rmsentry/ros_ws/install/rmoss_gz_bridge/share/ament_index/resource_index/package_run_dependencies/rmoss_gz_bridge
[59.282s] -- Symlinking: /home/rmsentry/ros_ws/install/rmoss_gz_bridge/share/ament_index/resource_index/parent_prefix_path/rmoss_gz_bridge
[59.286s] -- Symlinking: /home/rmsentry/ros_ws/install/rmoss_gz_bridge/share/rmoss_gz_bridge/environment/ament_prefix_path.sh
[59.290s] -- Symlinking: /home/rmsentry/ros_ws/install/rmoss_gz_bridge/share/rmoss_gz_bridge/environment/ament_prefix_path.dsv
[59.294s] -- Symlinking: /home/rmsentry/ros_ws/install/rmoss_gz_bridge/share/rmoss_gz_bridge/environment/path.sh
[59.298s] -- Symlinking: /home/rmsentry/ros_ws/install/rmoss_gz_bridge/share/rmoss_gz_bridge/environment/path.dsv
[59.303s] -- Symlinking: /home/rmsentry/ros_ws/install/rmoss_gz_bridge/share/rmoss_gz_bridge/local_setup.bash
[59.307s] -- Symlinking: /home/rmsentry/ros_ws/install/rmoss_gz_bridge/share/rmoss_gz_bridge/local_setup.sh
[59.311s] -- Symlinking: /home/rmsentry/ros_ws/install/rmoss_gz_bridge/share/rmoss_gz_bridge/local_setup.zsh
[59.315s] -- Symlinking: /home/rmsentry/ros_ws/install/rmoss_gz_bridge/share/rmoss_gz_bridge/local_setup.dsv
[59.318s] -- Symlinking: /home/rmsentry/ros_ws/install/rmoss_gz_bridge/share/rmoss_gz_bridge/package.dsv
[59.322s] -- Symlinking: /home/rmsentry/ros_ws/install/rmoss_gz_bridge/share/ament_index/resource_index/packages/rmoss_gz_bridge
[59.326s] -- Symlinking: /home/rmsentry/ros_ws/install/rmoss_gz_bridge/share/rmoss_gz_bridge/cmake/ament_cmake_export_dependencies-extras.cmake
[59.329s] -- Symlinking: /home/rmsentry/ros_ws/install/rmoss_gz_bridge/share/rmoss_gz_bridge/cmake/rmoss_gz_bridgeConfig.cmake
[59.333s] -- Symlinking: /home/rmsentry/ros_ws/install/rmoss_gz_bridge/share/rmoss_gz_bridge/cmake/rmoss_gz_bridgeConfig-version.cmake
[59.337s] -- Symlinking: /home/rmsentry/ros_ws/install/rmoss_gz_bridge/share/rmoss_gz_bridge/package.xml
[59.343s] Invoked command in '/home/rmsentry/ros_ws/build/rmoss_gz_bridge' returned '0': AMENT_PREFIX_PATH=/home/rmsentry/ros_ws/install/rmoss_interfaces:/home/rmsentry/ros_ws/install/rmoss_gz_resources:/home/rmsentry/ros_ws/install/rmoss_gz_plugins:${AMENT_PREFIX_PATH} CMAKE_PREFIX_PATH=/home/rmsentry/ros_ws/install/rmoss_interfaces:/home/rmsentry/ros_ws/install/rmoss_gz_resources:/home/rmsentry/ros_ws/install/rmoss_gz_plugins:/opt/ros/humble LD_LIBRARY_PATH=/home/rmsentry/ros_ws/install/rmoss_interfaces/lib:/opt/MVS/lib/64:/opt/MVS/lib/32:/usr/local/lib:/opt/MVS/lib/64:/opt/MVS/lib/32:/opt/MVS/lib/64:/opt/MVS/lib/32:/usr/local/lib:/opt/ros/humble/opt/rviz_ogre_vendor/lib:/opt/ros/humble/lib/x86_64-linux-gnu:/opt/ros/humble/lib:/opt/MVS/lib/64:/opt/MVS/lib/32:/opt/MVS/lib/64:/opt/MVS/lib/32:/opt/MVS/lib/64:/opt/MVS/lib/32 PYTHONPATH=/home/rmsentry/ros_ws/install/rmoss_interfaces/local/lib/python3.10/dist-packages:${PYTHONPATH} /usr/local/bin/cmake --install /home/rmsentry/ros_ws/build/rmoss_gz_bridge
