[0.032s] Invoking command in '/home/rmsentry/ros_ws/build/rm_serial_driver': AMENT_PREFIX_PATH=/home/rmsentry/ros_ws/install/rm_decision_interfaces:/home/rmsentry/ros_ws/install/auto_aim_interfaces:${AMENT_PREFIX_PATH} CMAKE_PREFIX_PATH=/home/rmsentry/ros_ws/install/rm_decision_interfaces:/home/rmsentry/ros_ws/install/auto_aim_interfaces:/opt/ros/humble LD_LIBRARY_PATH=/home/rmsentry/ros_ws/install/rm_decision_interfaces/lib:/home/rmsentry/ros_ws/install/auto_aim_interfaces/lib:/opt/MVS/lib/64:/opt/MVS/lib/32:/usr/local/lib:/opt/MVS/lib/64:/opt/MVS/lib/32:/opt/MVS/lib/64:/opt/MVS/lib/32:/usr/local/lib:/opt/ros/humble/opt/rviz_ogre_vendor/lib:/opt/ros/humble/lib/x86_64-linux-gnu:/opt/ros/humble/lib:/opt/MVS/lib/64:/opt/MVS/lib/32:/opt/MVS/lib/64:/opt/MVS/lib/32:/opt/MVS/lib/64:/opt/MVS/lib/32 PYTHONPATH=/home/rmsentry/ros_ws/install/rm_decision_interfaces/local/lib/python3.10/dist-packages:/home/rmsentry/ros_ws/install/auto_aim_interfaces/local/lib/python3.10/dist-packages:${PYTHONPATH} /usr/local/bin/cmake /home/rmsentry/ros_ws/src/rm_serial_driver -DAMENT_CMAKE_SYMLINK_INSTALL=1 -DCMAKE_INSTALL_PREFIX=/home/rmsentry/ros_ws/install/rm_serial_driver
[0.140s] -- The C compiler identification is GNU 11.4.0
[0.236s] -- The CXX compiler identification is GNU 11.4.0
[0.256s] -- Detecting C compiler ABI info
[0.432s] -- Detecting C compiler ABI info - done
[0.463s] -- Check for working C compiler: /usr/bin/cc - skipped
[0.464s] -- Detecting C compile features
[0.465s] -- Detecting C compile features - done
[0.472s] -- Detecting CXX compiler ABI info
[0.624s] -- Detecting CXX compiler ABI info - done
[0.674s] -- Check for working CXX compiler: /usr/bin/c++ - skipped
[0.675s] -- Detecting CXX compile features
[0.676s] -- Detecting CXX compile features - done
[0.682s] -- Found ament_cmake_auto: 1.3.12 (/opt/ros/humble/share/ament_cmake_auto/cmake)
[0.910s] -- Found Python3: /usr/bin/python3 (found version "3.10.12") found components: Interpreter
[1.086s] -- Override CMake install command with custom implementation using symlinks instead of copying resources
[1.361s] -- Found rosidl_generator_c: 3.1.7 (/opt/ros/humble/share/rosidl_generator_c/cmake)
[1.373s] -- Found rosidl_adapter: 3.1.7 (/opt/ros/humble/share/rosidl_adapter/cmake)
[1.391s] -- Found rosidl_generator_cpp: 3.1.7 (/opt/ros/humble/share/rosidl_generator_cpp/cmake)
[1.419s] -- Using all available rosidl_typesupport_c: rosidl_typesupport_fastrtps_c;rosidl_typesupport_introspection_c
[1.460s] -- Using all available rosidl_typesupport_cpp: rosidl_typesupport_fastrtps_cpp;rosidl_typesupport_introspection_cpp
[1.556s] -- Found rmw_implementation_cmake: 6.1.2 (/opt/ros/humble/share/rmw_implementation_cmake/cmake)
[1.562s] -- Found rmw_fastrtps_cpp: 6.2.8 (/opt/ros/humble/share/rmw_fastrtps_cpp/cmake)
[1.724s] -- Found OpenSSL: /usr/lib/x86_64-linux-gnu/libcrypto.so (found version "3.0.2")
[1.808s] -- Found FastRTPS: /opt/ros/humble/include
[1.933s] -- Using RMW implementation 'rmw_fastrtps_cpp' as default
[1.951s] -- Performing Test CMAKE_HAVE_LIBC_PTHREAD
[2.092s] -- Performing Test CMAKE_HAVE_LIBC_PTHREAD - Success
[2.092s] -- Found Threads: TRUE
[2.270s] -- Found asio_cmake_module: 1.2.0 (/opt/ros/humble/share/asio_cmake_module/cmake)
[2.275s] -- Found ASIO: /usr/include
[2.507s] -- Found eigen3_cmake_module: 0.1.1 (/opt/ros/humble/share/eigen3_cmake_module/cmake)
[2.507s] -- Found Eigen3: TRUE (found version "3.4.0")
[2.507s] -- Ensuring Eigen3 include directory is part of orocos-kdl CMake target
[2.672s] -- Found ament_lint_auto: 0.12.14 (/opt/ros/humble/share/ament_lint_auto/cmake)
[2.702s] In this package, headers install destination is set to `include` by ament_auto_package. It is recommended to install `include/rm_serial_driver` instead and will be the default behavior of ament_auto_package from ROS 2 Kilted Kaiju. On distributions before Kilted, ament_auto_package behaves the same way when you use USE_SCOPED_HEADER_INSTALL_DIR option.
[2.715s] -- Added test 'cppcheck' to perform static code analysis on C / C++ code
[2.716s] -- Configured cppcheck include dirs: /home/rmsentry/ros_ws/src/rm_serial_driver/include
[2.717s] -- Configured cppcheck exclude dirs and/or files: 
[2.718s] -- Added test 'cpplint' to check C / C++ code against the Google style
[2.719s] -- Configured cpplint exclude dirs and/or files: 
[2.720s] -- Added test 'flake8' to check Python code syntax and style conventions
[2.721s] -- Added test 'lint_cmake' to check CMake code style
[2.722s] -- Added test 'pep257' to check Python code against some of the docstring style conventions in PEP 257
[2.724s] -- Added test 'xmllint' to check XML markup files
[2.730s] -- Added test 'clang_format' to check C / C++ code style
[2.735s] -- Configuring done (2.7s)
[2.782s] -- Generating done (0.0s)
[2.793s] -- Build files have been written to: /home/rmsentry/ros_ws/build/rm_serial_driver
[2.825s] Invoked command in '/home/rmsentry/ros_ws/build/rm_serial_driver' returned '0': AMENT_PREFIX_PATH=/home/rmsentry/ros_ws/install/rm_decision_interfaces:/home/rmsentry/ros_ws/install/auto_aim_interfaces:${AMENT_PREFIX_PATH} CMAKE_PREFIX_PATH=/home/rmsentry/ros_ws/install/rm_decision_interfaces:/home/rmsentry/ros_ws/install/auto_aim_interfaces:/opt/ros/humble LD_LIBRARY_PATH=/home/rmsentry/ros_ws/install/rm_decision_interfaces/lib:/home/rmsentry/ros_ws/install/auto_aim_interfaces/lib:/opt/MVS/lib/64:/opt/MVS/lib/32:/usr/local/lib:/opt/MVS/lib/64:/opt/MVS/lib/32:/opt/MVS/lib/64:/opt/MVS/lib/32:/usr/local/lib:/opt/ros/humble/opt/rviz_ogre_vendor/lib:/opt/ros/humble/lib/x86_64-linux-gnu:/opt/ros/humble/lib:/opt/MVS/lib/64:/opt/MVS/lib/32:/opt/MVS/lib/64:/opt/MVS/lib/32:/opt/MVS/lib/64:/opt/MVS/lib/32 PYTHONPATH=/home/rmsentry/ros_ws/install/rm_decision_interfaces/local/lib/python3.10/dist-packages:/home/rmsentry/ros_ws/install/auto_aim_interfaces/local/lib/python3.10/dist-packages:${PYTHONPATH} /usr/local/bin/cmake /home/rmsentry/ros_ws/src/rm_serial_driver -DAMENT_CMAKE_SYMLINK_INSTALL=1 -DCMAKE_INSTALL_PREFIX=/home/rmsentry/ros_ws/install/rm_serial_driver
[2.831s] Invoking command in '/home/rmsentry/ros_ws/build/rm_serial_driver': AMENT_PREFIX_PATH=/home/rmsentry/ros_ws/install/rm_decision_interfaces:/home/rmsentry/ros_ws/install/auto_aim_interfaces:${AMENT_PREFIX_PATH} CMAKE_PREFIX_PATH=/home/rmsentry/ros_ws/install/rm_decision_interfaces:/home/rmsentry/ros_ws/install/auto_aim_interfaces:/opt/ros/humble LD_LIBRARY_PATH=/home/rmsentry/ros_ws/install/rm_decision_interfaces/lib:/home/rmsentry/ros_ws/install/auto_aim_interfaces/lib:/opt/MVS/lib/64:/opt/MVS/lib/32:/usr/local/lib:/opt/MVS/lib/64:/opt/MVS/lib/32:/opt/MVS/lib/64:/opt/MVS/lib/32:/usr/local/lib:/opt/ros/humble/opt/rviz_ogre_vendor/lib:/opt/ros/humble/lib/x86_64-linux-gnu:/opt/ros/humble/lib:/opt/MVS/lib/64:/opt/MVS/lib/32:/opt/MVS/lib/64:/opt/MVS/lib/32:/opt/MVS/lib/64:/opt/MVS/lib/32 PYTHONPATH=/home/rmsentry/ros_ws/install/rm_decision_interfaces/local/lib/python3.10/dist-packages:/home/rmsentry/ros_ws/install/auto_aim_interfaces/local/lib/python3.10/dist-packages:${PYTHONPATH} /usr/local/bin/cmake --build /home/rmsentry/ros_ws/build/rm_serial_driver -- -j12 -l12
[2.891s] [ 20%] Building CXX object CMakeFiles/rm_serial_driver.dir/src/rm_serial_driver.cpp.o
[23.661s] [ 40%] Building CXX object CMakeFiles/rm_serial_driver.dir/src/crc.cpp.o
[23.951s] [ 60%] Linking CXX shared library librm_serial_driver.so
[24.897s] [ 60%] Built target rm_serial_driver
[24.908s] [ 80%] Building CXX object CMakeFiles/rm_serial_driver_node.dir/rclcpp_components/node_main_rm_serial_driver_node.cpp.o
[28.435s] [100%] Linking CXX executable rm_serial_driver_node
[28.601s] [100%] Built target rm_serial_driver_node
[28.610s] Invoked command in '/home/rmsentry/ros_ws/build/rm_serial_driver' returned '0': AMENT_PREFIX_PATH=/home/rmsentry/ros_ws/install/rm_decision_interfaces:/home/rmsentry/ros_ws/install/auto_aim_interfaces:${AMENT_PREFIX_PATH} CMAKE_PREFIX_PATH=/home/rmsentry/ros_ws/install/rm_decision_interfaces:/home/rmsentry/ros_ws/install/auto_aim_interfaces:/opt/ros/humble LD_LIBRARY_PATH=/home/rmsentry/ros_ws/install/rm_decision_interfaces/lib:/home/rmsentry/ros_ws/install/auto_aim_interfaces/lib:/opt/MVS/lib/64:/opt/MVS/lib/32:/usr/local/lib:/opt/MVS/lib/64:/opt/MVS/lib/32:/opt/MVS/lib/64:/opt/MVS/lib/32:/usr/local/lib:/opt/ros/humble/opt/rviz_ogre_vendor/lib:/opt/ros/humble/lib/x86_64-linux-gnu:/opt/ros/humble/lib:/opt/MVS/lib/64:/opt/MVS/lib/32:/opt/MVS/lib/64:/opt/MVS/lib/32:/opt/MVS/lib/64:/opt/MVS/lib/32 PYTHONPATH=/home/rmsentry/ros_ws/install/rm_decision_interfaces/local/lib/python3.10/dist-packages:/home/rmsentry/ros_ws/install/auto_aim_interfaces/local/lib/python3.10/dist-packages:${PYTHONPATH} /usr/local/bin/cmake --build /home/rmsentry/ros_ws/build/rm_serial_driver -- -j12 -l12
[28.612s] Invoking command in '/home/rmsentry/ros_ws/build/rm_serial_driver': AMENT_PREFIX_PATH=/home/rmsentry/ros_ws/install/rm_decision_interfaces:/home/rmsentry/ros_ws/install/auto_aim_interfaces:${AMENT_PREFIX_PATH} CMAKE_PREFIX_PATH=/home/rmsentry/ros_ws/install/rm_decision_interfaces:/home/rmsentry/ros_ws/install/auto_aim_interfaces:/opt/ros/humble LD_LIBRARY_PATH=/home/rmsentry/ros_ws/install/rm_decision_interfaces/lib:/home/rmsentry/ros_ws/install/auto_aim_interfaces/lib:/opt/MVS/lib/64:/opt/MVS/lib/32:/usr/local/lib:/opt/MVS/lib/64:/opt/MVS/lib/32:/opt/MVS/lib/64:/opt/MVS/lib/32:/usr/local/lib:/opt/ros/humble/opt/rviz_ogre_vendor/lib:/opt/ros/humble/lib/x86_64-linux-gnu:/opt/ros/humble/lib:/opt/MVS/lib/64:/opt/MVS/lib/32:/opt/MVS/lib/64:/opt/MVS/lib/32:/opt/MVS/lib/64:/opt/MVS/lib/32 PYTHONPATH=/home/rmsentry/ros_ws/install/rm_decision_interfaces/local/lib/python3.10/dist-packages:/home/rmsentry/ros_ws/install/auto_aim_interfaces/local/lib/python3.10/dist-packages:${PYTHONPATH} /usr/local/bin/cmake --install /home/rmsentry/ros_ws/build/rm_serial_driver
[28.617s] -- Install configuration: ""
[28.618s] -- Execute custom install script
[28.618s] -- Symlinking: /home/rmsentry/ros_ws/install/rm_serial_driver/lib/rm_serial_driver/rm_serial_driver_node
[28.626s] -- Symlinking: /home/rmsentry/ros_ws/install/rm_serial_driver/include/rm_serial_driver/crc.hpp
[28.638s] -- Symlinking: /home/rmsentry/ros_ws/install/rm_serial_driver/include/rm_serial_driver/packet.hpp
[28.643s] -- Symlinking: /home/rmsentry/ros_ws/install/rm_serial_driver/include/rm_serial_driver/rm_serial_driver.hpp
[28.653s] -- Symlinking: /home/rmsentry/ros_ws/install/rm_serial_driver/share/rm_serial_driver/environment/library_path.sh
[28.660s] -- Symlinking: /home/rmsentry/ros_ws/install/rm_serial_driver/share/rm_serial_driver/environment/library_path.dsv
[28.668s] -- Symlinking: /home/rmsentry/ros_ws/install/rm_serial_driver/lib/librm_serial_driver.so
[28.676s] -- Symlinking: /home/rmsentry/ros_ws/install/rm_serial_driver/share/rm_serial_driver/config/serial_driver.yaml
[28.683s] -- Symlinking: /home/rmsentry/ros_ws/install/rm_serial_driver/share/rm_serial_driver/launch/serial_driver.launch.py
[28.690s] -- Symlinking: /home/rmsentry/ros_ws/install/rm_serial_driver/share/ament_index/resource_index/package_run_dependencies/rm_serial_driver
[28.698s] -- Symlinking: /home/rmsentry/ros_ws/install/rm_serial_driver/share/ament_index/resource_index/parent_prefix_path/rm_serial_driver
[28.707s] -- Symlinking: /home/rmsentry/ros_ws/install/rm_serial_driver/share/rm_serial_driver/environment/ament_prefix_path.sh
[28.710s] -- Symlinking: /home/rmsentry/ros_ws/install/rm_serial_driver/share/rm_serial_driver/environment/ament_prefix_path.dsv
[28.718s] -- Symlinking: /home/rmsentry/ros_ws/install/rm_serial_driver/share/rm_serial_driver/environment/path.sh
[28.727s] -- Symlinking: /home/rmsentry/ros_ws/install/rm_serial_driver/share/rm_serial_driver/environment/path.dsv
[28.733s] -- Symlinking: /home/rmsentry/ros_ws/install/rm_serial_driver/share/rm_serial_driver/local_setup.bash
[28.738s] -- Symlinking: /home/rmsentry/ros_ws/install/rm_serial_driver/share/rm_serial_driver/local_setup.sh
[28.745s] -- Symlinking: /home/rmsentry/ros_ws/install/rm_serial_driver/share/rm_serial_driver/local_setup.zsh
[28.756s] -- Symlinking: /home/rmsentry/ros_ws/install/rm_serial_driver/share/rm_serial_driver/local_setup.dsv
[28.765s] -- Symlinking: /home/rmsentry/ros_ws/install/rm_serial_driver/share/rm_serial_driver/package.dsv
[28.775s] -- Symlinking: /home/rmsentry/ros_ws/install/rm_serial_driver/share/ament_index/resource_index/packages/rm_serial_driver
[28.778s] -- Symlinking: /home/rmsentry/ros_ws/install/rm_serial_driver/share/ament_index/resource_index/rclcpp_components/rm_serial_driver
[28.784s] -- Symlinking: /home/rmsentry/ros_ws/install/rm_serial_driver/share/rm_serial_driver/cmake/ament_cmake_export_dependencies-extras.cmake
[28.791s] -- Symlinking: /home/rmsentry/ros_ws/install/rm_serial_driver/share/rm_serial_driver/cmake/ament_cmake_export_include_directories-extras.cmake
[28.798s] -- Symlinking: /home/rmsentry/ros_ws/install/rm_serial_driver/share/rm_serial_driver/cmake/ament_cmake_export_libraries-extras.cmake
[28.806s] -- Symlinking: /home/rmsentry/ros_ws/install/rm_serial_driver/share/rm_serial_driver/cmake/rm_serial_driverConfig.cmake
[28.813s] -- Symlinking: /home/rmsentry/ros_ws/install/rm_serial_driver/share/rm_serial_driver/cmake/rm_serial_driverConfig-version.cmake
[28.818s] -- Symlinking: /home/rmsentry/ros_ws/install/rm_serial_driver/share/rm_serial_driver/package.xml
[28.825s] Invoked command in '/home/rmsentry/ros_ws/build/rm_serial_driver' returned '0': AMENT_PREFIX_PATH=/home/rmsentry/ros_ws/install/rm_decision_interfaces:/home/rmsentry/ros_ws/install/auto_aim_interfaces:${AMENT_PREFIX_PATH} CMAKE_PREFIX_PATH=/home/rmsentry/ros_ws/install/rm_decision_interfaces:/home/rmsentry/ros_ws/install/auto_aim_interfaces:/opt/ros/humble LD_LIBRARY_PATH=/home/rmsentry/ros_ws/install/rm_decision_interfaces/lib:/home/rmsentry/ros_ws/install/auto_aim_interfaces/lib:/opt/MVS/lib/64:/opt/MVS/lib/32:/usr/local/lib:/opt/MVS/lib/64:/opt/MVS/lib/32:/opt/MVS/lib/64:/opt/MVS/lib/32:/usr/local/lib:/opt/ros/humble/opt/rviz_ogre_vendor/lib:/opt/ros/humble/lib/x86_64-linux-gnu:/opt/ros/humble/lib:/opt/MVS/lib/64:/opt/MVS/lib/32:/opt/MVS/lib/64:/opt/MVS/lib/32:/opt/MVS/lib/64:/opt/MVS/lib/32 PYTHONPATH=/home/rmsentry/ros_ws/install/rm_decision_interfaces/local/lib/python3.10/dist-packages:/home/rmsentry/ros_ws/install/auto_aim_interfaces/local/lib/python3.10/dist-packages:${PYTHONPATH} /usr/local/bin/cmake --install /home/rmsentry/ros_ws/build/rm_serial_driver
