-- The C compiler identification is GNU 11.4.0
-- The CXX compiler identification is GNU 11.4.0
-- Detecting C compiler ABI info
-- Detecting C compiler ABI info - done
-- Check for working C compiler: /usr/bin/cc - skipped
-- Detecting C compile features
-- Detecting C compile features - done
-- Detecting CXX compiler ABI info
-- Detecting CXX compiler ABI info - done
-- Check for working CXX compiler: /usr/bin/c++ - skipped
-- Detecting CXX compile features
-- Detecting CXX compile features - done
-- Found ament_cmake: 1.3.12 (/opt/ros/humble/share/ament_cmake/cmake)
-- Found Python3: /usr/bin/python3 (found version "3.10.12") found components: Interpreter
-- Override CMake install command with custom implementation using symlinks instead of copying resources
-- Found builtin_interfaces: 1.2.2 (/opt/ros/humble/share/builtin_interfaces/cmake)
-- Found rosidl_generator_c: 3.1.7 (/opt/ros/humble/share/rosidl_generator_c/cmake)
-- Found rosidl_adapter: 3.1.7 (/opt/ros/humble/share/rosidl_adapter/cmake)
-- Found rosidl_generator_cpp: 3.1.7 (/opt/ros/humble/share/rosidl_generator_cpp/cmake)
-- Using all available rosidl_typesupport_c: rosidl_typesupport_fastrtps_c;rosidl_typesupport_introspection_c
-- Using all available rosidl_typesupport_cpp: rosidl_typesupport_fastrtps_cpp;rosidl_typesupport_introspection_cpp
-- Found geometry_msgs: 4.9.0 (/opt/ros/humble/share/geometry_msgs/cmake)
-- Found sensor_msgs: 4.9.0 (/opt/ros/humble/share/sensor_msgs/cmake)
-- Found rosidl_default_generators: 1.2.0 (/opt/ros/humble/share/rosidl_default_generators/cmake)
-- Found ament_cmake_ros: 0.10.0 (/opt/ros/humble/share/ament_cmake_ros/cmake)
-- Using all available rosidl_typesupport_c: rosidl_typesupport_fastrtps_c;rosidl_typesupport_introspection_c
-- Using all available rosidl_typesupport_cpp: rosidl_typesupport_fastrtps_cpp;rosidl_typesupport_introspection_cpp
CMake Warning (dev) at /opt/ros/humble/share/rosidl_generator_py/cmake/rosidl_generator_py_generate_interfaces.cmake:20 (find_package):
  Policy CMP0148 is not set: The FindPythonInterp and FindPythonLibs modules
  are removed.  Run "cmake --help-policy CMP0148" for policy details.  Use
  the cmake_policy command to set the policy and suppress this warning.

Call Stack (most recent call first):
  /opt/ros/humble/share/ament_cmake_core/cmake/core/ament_execute_extensions.cmake:48 (include)
  /opt/ros/humble/share/rosidl_cmake/cmake/rosidl_generate_interfaces.cmake:286 (ament_execute_extensions)
  CMakeLists.txt:19 (rosidl_generate_interfaces)
This warning is for project developers.  Use -Wno-dev to suppress it.

-- Found PythonInterp: /usr/bin/python3 (found suitable version "3.10.12", minimum required is "3.6")
-- Found python_cmake_module: 0.10.0 (/opt/ros/humble/share/python_cmake_module/cmake)
CMake Warning (dev) at /opt/ros/humble/share/python_cmake_module/cmake/Modules/FindPythonExtra.cmake:52 (find_package):
  Policy CMP0148 is not set: The FindPythonInterp and FindPythonLibs modules
  are removed.  Run "cmake --help-policy CMP0148" for policy details.  Use
  the cmake_policy command to set the policy and suppress this warning.

Call Stack (most recent call first):
  /opt/ros/humble/share/rosidl_generator_py/cmake/rosidl_generator_py_generate_interfaces.cmake:23 (find_package)
  /opt/ros/humble/share/ament_cmake_core/cmake/core/ament_execute_extensions.cmake:48 (include)
  /opt/ros/humble/share/rosidl_cmake/cmake/rosidl_generate_interfaces.cmake:286 (ament_execute_extensions)
  CMakeLists.txt:19 (rosidl_generate_interfaces)
This warning is for project developers.  Use -Wno-dev to suppress it.

CMake Warning (dev) at /opt/ros/humble/share/python_cmake_module/cmake/Modules/FindPythonExtra.cmake:140 (find_package):
  Policy CMP0148 is not set: The FindPythonInterp and FindPythonLibs modules
  are removed.  Run "cmake --help-policy CMP0148" for policy details.  Use
  the cmake_policy command to set the policy and suppress this warning.

Call Stack (most recent call first):
  /opt/ros/humble/share/rosidl_generator_py/cmake/rosidl_generator_py_generate_interfaces.cmake:23 (find_package)
  /opt/ros/humble/share/ament_cmake_core/cmake/core/ament_execute_extensions.cmake:48 (include)
  /opt/ros/humble/share/rosidl_cmake/cmake/rosidl_generate_interfaces.cmake:286 (ament_execute_extensions)
  CMakeLists.txt:19 (rosidl_generate_interfaces)
This warning is for project developers.  Use -Wno-dev to suppress it.

-- Found PythonLibs: /usr/lib/x86_64-linux-gnu/libpython3.10.so (found suitable version "3.10.12", minimum required is "3.5")
-- Using PYTHON_EXECUTABLE: /usr/bin/python3
-- Using PYTHON_INCLUDE_DIRS: /usr/include/python3.10
-- Using PYTHON_LIBRARIES: /usr/lib/x86_64-linux-gnu/libpython3.10.so
-- Found PythonExtra: .so
-- Configuring done (3.7s)
-- Generating done (0.1s)
-- Build files have been written to: /home/rmsentry/ros_ws/build/rmoss_interfaces
[  0%] Generating C code for ROS interfaces
[  0%] Generating C++ code for ROS interfaces
[  0%] Built target ament_cmake_python_symlink_rmoss_interfaces
running egg_info
creating rmoss_interfaces.egg-info
writing rmoss_interfaces.egg-info/PKG-INFO
writing dependency_links to rmoss_interfaces.egg-info/dependency_links.txt
writing top-level names to rmoss_interfaces.egg-info/top_level.txt
writing manifest file 'rmoss_interfaces.egg-info/SOURCES.txt'
reading manifest file 'rmoss_interfaces.egg-info/SOURCES.txt'
writing manifest file 'rmoss_interfaces.egg-info/SOURCES.txt'
[  0%] Built target ament_cmake_python_build_rmoss_interfaces_egg
[  1%] Building C object CMakeFiles/rmoss_interfaces__rosidl_generator_c.dir/rosidl_generator_c/rmoss_interfaces/msg/detail/referee_cmd__functions.c.o
[  2%] Building C object CMakeFiles/rmoss_interfaces__rosidl_generator_c.dir/rosidl_generator_c/rmoss_interfaces/msg/detail/game_status__functions.c.o
[  2%] Building C object CMakeFiles/rmoss_interfaces__rosidl_generator_c.dir/rosidl_generator_c/rmoss_interfaces/msg/detail/robot_status__functions.c.o
[  3%] Building C object CMakeFiles/rmoss_interfaces__rosidl_generator_c.dir/rosidl_generator_c/rmoss_interfaces/msg/detail/rfid_status__functions.c.o
[  4%] Building C object CMakeFiles/rmoss_interfaces__rosidl_generator_c.dir/rosidl_generator_c/rmoss_interfaces/msg/detail/rfid_status_array__functions.c.o
[  4%] Building C object CMakeFiles/rmoss_interfaces__rosidl_generator_c.dir/rosidl_generator_c/rmoss_interfaces/msg/detail/exchange_ammon__functions.c.o
[  5%] Building C object CMakeFiles/rmoss_interfaces__rosidl_generator_c.dir/rosidl_generator_c/rmoss_interfaces/msg/detail/gimbal__functions.c.o
[  6%] Building C object CMakeFiles/rmoss_interfaces__rosidl_generator_c.dir/rosidl_generator_c/rmoss_interfaces/msg/detail/shoot_cmd__functions.c.o
[  6%] Building C object CMakeFiles/rmoss_interfaces__rosidl_generator_c.dir/rosidl_generator_c/rmoss_interfaces/msg/detail/gimbal_cmd__functions.c.o
[  7%] Building C object CMakeFiles/rmoss_interfaces__rosidl_generator_c.dir/rosidl_generator_c/rmoss_interfaces/srv/detail/set_color__functions.c.o
[  7%] Building C object CMakeFiles/rmoss_interfaces__rosidl_generator_c.dir/rosidl_generator_c/rmoss_interfaces/msg/detail/chassis_cmd__functions.c.o
[  8%] Building C object CMakeFiles/rmoss_interfaces__rosidl_generator_c.dir/rosidl_generator_c/rmoss_interfaces/srv/detail/set_mode__functions.c.o
[  8%] Building C object CMakeFiles/rmoss_interfaces__rosidl_generator_c.dir/rosidl_generator_c/rmoss_interfaces/srv/detail/get_camera_info__functions.c.o
[  9%] Building C object CMakeFiles/rmoss_interfaces__rosidl_generator_c.dir/rosidl_generator_c/rmoss_interfaces/srv/detail/get_mode__functions.c.o
[ 10%] Building C object CMakeFiles/rmoss_interfaces__rosidl_generator_c.dir/rosidl_generator_c/rmoss_interfaces/srv/detail/get_task_status__functions.c.o
[ 10%] Building C object CMakeFiles/rmoss_interfaces__rosidl_generator_c.dir/rosidl_generator_c/rmoss_interfaces/srv/detail/control_task__functions.c.o
[ 11%] Building C object CMakeFiles/rmoss_interfaces__rosidl_generator_c.dir/rosidl_generator_c/rmoss_interfaces/srv/detail/exchange_ammon__functions.c.o
[ 12%] Linking C shared library librmoss_interfaces__rosidl_generator_c.so
[ 12%] Built target rmoss_interfaces__rosidl_generator_c
[ 13%] Generating C type support for eProsima Fast-RTPS
[ 14%] Generating C introspection for ROS interfaces
[ 15%] Generating C type support dispatch for ROS interfaces
[ 15%] Built target rmoss_interfaces__cpp
[ 16%] Generating C++ type support dispatch for ROS interfaces
[ 17%] Generating C++ type support for eProsima Fast-RTPS
[ 17%] Generating C++ introspection for ROS interfaces
[ 17%] Building CXX object CMakeFiles/rmoss_interfaces__rosidl_typesupport_c.dir/rosidl_typesupport_c/rmoss_interfaces/msg/referee_cmd__type_support.cpp.o
[ 18%] Building CXX object CMakeFiles/rmoss_interfaces__rosidl_typesupport_c.dir/rosidl_typesupport_c/rmoss_interfaces/msg/game_status__type_support.cpp.o
[ 19%] Building CXX object CMakeFiles/rmoss_interfaces__rosidl_typesupport_c.dir/rosidl_typesupport_c/rmoss_interfaces/msg/robot_status__type_support.cpp.o
[ 19%] Building CXX object CMakeFiles/rmoss_interfaces__rosidl_typesupport_c.dir/rosidl_typesupport_c/rmoss_interfaces/msg/rfid_status__type_support.cpp.o
[ 20%] Building CXX object CMakeFiles/rmoss_interfaces__rosidl_typesupport_c.dir/rosidl_typesupport_c/rmoss_interfaces/msg/rfid_status_array__type_support.cpp.o
[ 20%] Building CXX object CMakeFiles/rmoss_interfaces__rosidl_typesupport_c.dir/rosidl_typesupport_c/rmoss_interfaces/msg/exchange_ammon__type_support.cpp.o
[ 21%] Building CXX object CMakeFiles/rmoss_interfaces__rosidl_typesupport_c.dir/rosidl_typesupport_c/rmoss_interfaces/msg/gimbal__type_support.cpp.o
[ 21%] Building CXX object CMakeFiles/rmoss_interfaces__rosidl_typesupport_c.dir/rosidl_typesupport_c/rmoss_interfaces/msg/shoot_cmd__type_support.cpp.o
[ 22%] Building CXX object CMakeFiles/rmoss_interfaces__rosidl_typesupport_c.dir/rosidl_typesupport_c/rmoss_interfaces/msg/gimbal_cmd__type_support.cpp.o
[ 23%] Building CXX object CMakeFiles/rmoss_interfaces__rosidl_typesupport_c.dir/rosidl_typesupport_c/rmoss_interfaces/srv/set_color__type_support.cpp.o
[ 24%] Building CXX object CMakeFiles/rmoss_interfaces__rosidl_typesupport_c.dir/rosidl_typesupport_c/rmoss_interfaces/msg/chassis_cmd__type_support.cpp.o
[ 24%] Building CXX object CMakeFiles/rmoss_interfaces__rosidl_typesupport_c.dir/rosidl_typesupport_c/rmoss_interfaces/srv/set_mode__type_support.cpp.o
[ 25%] Building CXX object CMakeFiles/rmoss_interfaces__rosidl_typesupport_c.dir/rosidl_typesupport_c/rmoss_interfaces/srv/get_camera_info__type_support.cpp.o
[ 25%] Building CXX object CMakeFiles/rmoss_interfaces__rosidl_typesupport_c.dir/rosidl_typesupport_c/rmoss_interfaces/srv/get_mode__type_support.cpp.o
[ 26%] Building CXX object CMakeFiles/rmoss_interfaces__rosidl_typesupport_c.dir/rosidl_typesupport_c/rmoss_interfaces/srv/control_task__type_support.cpp.o
[ 27%] Building CXX object CMakeFiles/rmoss_interfaces__rosidl_typesupport_c.dir/rosidl_typesupport_c/rmoss_interfaces/srv/get_task_status__type_support.cpp.o
[ 27%] Building CXX object CMakeFiles/rmoss_interfaces__rosidl_typesupport_c.dir/rosidl_typesupport_c/rmoss_interfaces/srv/exchange_ammon__type_support.cpp.o
[ 28%] Linking CXX shared library librmoss_interfaces__rosidl_typesupport_c.so
[ 28%] Built target rmoss_interfaces__rosidl_typesupport_c
[ 29%] Building C object CMakeFiles/rmoss_interfaces__rosidl_typesupport_introspection_c.dir/rosidl_typesupport_introspection_c/rmoss_interfaces/msg/detail/game_status__type_support.c.o
[ 29%] Building C object CMakeFiles/rmoss_interfaces__rosidl_typesupport_introspection_c.dir/rosidl_typesupport_introspection_c/rmoss_interfaces/msg/detail/referee_cmd__type_support.c.o
[ 30%] Building C object CMakeFiles/rmoss_interfaces__rosidl_typesupport_introspection_c.dir/rosidl_typesupport_introspection_c/rmoss_interfaces/msg/detail/robot_status__type_support.c.o
[ 30%] Building C object CMakeFiles/rmoss_interfaces__rosidl_typesupport_introspection_c.dir/rosidl_typesupport_introspection_c/rmoss_interfaces/msg/detail/rfid_status__type_support.c.o
[ 31%] Building C object CMakeFiles/rmoss_interfaces__rosidl_typesupport_introspection_c.dir/rosidl_typesupport_introspection_c/rmoss_interfaces/msg/detail/rfid_status_array__type_support.c.o
[ 32%] Building C object CMakeFiles/rmoss_interfaces__rosidl_typesupport_introspection_c.dir/rosidl_typesupport_introspection_c/rmoss_interfaces/msg/detail/exchange_ammon__type_support.c.o
[ 32%] Building C object CMakeFiles/rmoss_interfaces__rosidl_typesupport_introspection_c.dir/rosidl_typesupport_introspection_c/rmoss_interfaces/msg/detail/gimbal__type_support.c.o
[ 33%] Building C object CMakeFiles/rmoss_interfaces__rosidl_typesupport_introspection_c.dir/rosidl_typesupport_introspection_c/rmoss_interfaces/msg/detail/gimbal_cmd__type_support.c.o
[ 34%] Building C object CMakeFiles/rmoss_interfaces__rosidl_typesupport_introspection_c.dir/rosidl_typesupport_introspection_c/rmoss_interfaces/msg/detail/shoot_cmd__type_support.c.o
[ 34%] Building C object CMakeFiles/rmoss_interfaces__rosidl_typesupport_introspection_c.dir/rosidl_typesupport_introspection_c/rmoss_interfaces/msg/detail/chassis_cmd__type_support.c.o
[ 35%] Building C object CMakeFiles/rmoss_interfaces__rosidl_typesupport_introspection_c.dir/rosidl_typesupport_introspection_c/rmoss_interfaces/srv/detail/set_color__type_support.c.o
[ 36%] Building C object CMakeFiles/rmoss_interfaces__rosidl_typesupport_introspection_c.dir/rosidl_typesupport_introspection_c/rmoss_interfaces/srv/detail/set_mode__type_support.c.o
[ 36%] Building C object CMakeFiles/rmoss_interfaces__rosidl_typesupport_introspection_c.dir/rosidl_typesupport_introspection_c/rmoss_interfaces/srv/detail/get_mode__type_support.c.o
[ 36%] Building C object CMakeFiles/rmoss_interfaces__rosidl_typesupport_introspection_c.dir/rosidl_typesupport_introspection_c/rmoss_interfaces/srv/detail/get_task_status__type_support.c.o
[ 37%] Building C object CMakeFiles/rmoss_interfaces__rosidl_typesupport_introspection_c.dir/rosidl_typesupport_introspection_c/rmoss_interfaces/srv/detail/get_camera_info__type_support.c.o
[ 38%] Building C object CMakeFiles/rmoss_interfaces__rosidl_typesupport_introspection_c.dir/rosidl_typesupport_introspection_c/rmoss_interfaces/srv/detail/control_task__type_support.c.o
[ 39%] Building C object CMakeFiles/rmoss_interfaces__rosidl_typesupport_introspection_c.dir/rosidl_typesupport_introspection_c/rmoss_interfaces/srv/detail/exchange_ammon__type_support.c.o
[ 39%] Building CXX object CMakeFiles/rmoss_interfaces__rosidl_typesupport_cpp.dir/rosidl_typesupport_cpp/rmoss_interfaces/msg/referee_cmd__type_support.cpp.o
[ 40%] Building CXX object CMakeFiles/rmoss_interfaces__rosidl_typesupport_cpp.dir/rosidl_typesupport_cpp/rmoss_interfaces/msg/game_status__type_support.cpp.o
[ 41%] Building CXX object CMakeFiles/rmoss_interfaces__rosidl_typesupport_cpp.dir/rosidl_typesupport_cpp/rmoss_interfaces/msg/robot_status__type_support.cpp.o
[ 42%] Building CXX object CMakeFiles/rmoss_interfaces__rosidl_typesupport_cpp.dir/rosidl_typesupport_cpp/rmoss_interfaces/msg/rfid_status_array__type_support.cpp.o
[ 42%] Building CXX object CMakeFiles/rmoss_interfaces__rosidl_typesupport_cpp.dir/rosidl_typesupport_cpp/rmoss_interfaces/msg/rfid_status__type_support.cpp.o
[ 43%] Building CXX object CMakeFiles/rmoss_interfaces__rosidl_typesupport_cpp.dir/rosidl_typesupport_cpp/rmoss_interfaces/msg/exchange_ammon__type_support.cpp.o
[ 43%] Linking C shared library librmoss_interfaces__rosidl_typesupport_introspection_c.so
[ 43%] Building CXX object CMakeFiles/rmoss_interfaces__rosidl_typesupport_cpp.dir/rosidl_typesupport_cpp/rmoss_interfaces/msg/gimbal__type_support.cpp.o
[ 44%] Building CXX object CMakeFiles/rmoss_interfaces__rosidl_typesupport_cpp.dir/rosidl_typesupport_cpp/rmoss_interfaces/msg/gimbal_cmd__type_support.cpp.o
[ 45%] Building CXX object CMakeFiles/rmoss_interfaces__rosidl_typesupport_fastrtps_cpp.dir/rosidl_typesupport_fastrtps_cpp/rmoss_interfaces/msg/detail/dds_fastrtps/referee_cmd__type_support.cpp.o
[ 45%] Built target rmoss_interfaces__rosidl_typesupport_introspection_c
[ 46%] Building CXX object CMakeFiles/rmoss_interfaces__rosidl_typesupport_cpp.dir/rosidl_typesupport_cpp/rmoss_interfaces/msg/shoot_cmd__type_support.cpp.o
[ 46%] Building CXX object CMakeFiles/rmoss_interfaces__rosidl_typesupport_cpp.dir/rosidl_typesupport_cpp/rmoss_interfaces/msg/chassis_cmd__type_support.cpp.o
[ 47%] Building CXX object CMakeFiles/rmoss_interfaces__rosidl_typesupport_cpp.dir/rosidl_typesupport_cpp/rmoss_interfaces/srv/set_color__type_support.cpp.o
[ 47%] Building CXX object CMakeFiles/rmoss_interfaces__rosidl_typesupport_cpp.dir/rosidl_typesupport_cpp/rmoss_interfaces/srv/set_mode__type_support.cpp.o
[ 47%] Building CXX object CMakeFiles/rmoss_interfaces__rosidl_typesupport_fastrtps_c.dir/rosidl_typesupport_fastrtps_c/rmoss_interfaces/msg/detail/referee_cmd__type_support_c.cpp.o
[ 48%] Building CXX object CMakeFiles/rmoss_interfaces__rosidl_typesupport_cpp.dir/rosidl_typesupport_cpp/rmoss_interfaces/srv/get_mode__type_support.cpp.o
[ 49%] Building CXX object CMakeFiles/rmoss_interfaces__rosidl_typesupport_cpp.dir/rosidl_typesupport_cpp/rmoss_interfaces/srv/get_camera_info__type_support.cpp.o
[ 49%] Building CXX object CMakeFiles/rmoss_interfaces__rosidl_typesupport_fastrtps_cpp.dir/rosidl_typesupport_fastrtps_cpp/rmoss_interfaces/msg/detail/dds_fastrtps/game_status__type_support.cpp.o
[ 50%] Building CXX object CMakeFiles/rmoss_interfaces__rosidl_typesupport_fastrtps_cpp.dir/rosidl_typesupport_fastrtps_cpp/rmoss_interfaces/msg/detail/dds_fastrtps/robot_status__type_support.cpp.o
[ 50%] Building CXX object CMakeFiles/rmoss_interfaces__rosidl_typesupport_cpp.dir/rosidl_typesupport_cpp/rmoss_interfaces/srv/get_task_status__type_support.cpp.o
[ 51%] Building CXX object CMakeFiles/rmoss_interfaces__rosidl_typesupport_fastrtps_c.dir/rosidl_typesupport_fastrtps_c/rmoss_interfaces/msg/detail/game_status__type_support_c.cpp.o
[ 52%] Building CXX object CMakeFiles/rmoss_interfaces__rosidl_typesupport_fastrtps_cpp.dir/rosidl_typesupport_fastrtps_cpp/rmoss_interfaces/msg/detail/dds_fastrtps/rfid_status__type_support.cpp.o
[ 53%] Building CXX object CMakeFiles/rmoss_interfaces__rosidl_typesupport_cpp.dir/rosidl_typesupport_cpp/rmoss_interfaces/srv/control_task__type_support.cpp.o
[ 54%] Building CXX object CMakeFiles/rmoss_interfaces__rosidl_typesupport_cpp.dir/rosidl_typesupport_cpp/rmoss_interfaces/srv/exchange_ammon__type_support.cpp.o
[ 54%] Building CXX object CMakeFiles/rmoss_interfaces__rosidl_typesupport_fastrtps_cpp.dir/rosidl_typesupport_fastrtps_cpp/rmoss_interfaces/msg/detail/dds_fastrtps/rfid_status_array__type_support.cpp.o
[ 55%] Building CXX object CMakeFiles/rmoss_interfaces__rosidl_typesupport_fastrtps_c.dir/rosidl_typesupport_fastrtps_c/rmoss_interfaces/msg/detail/robot_status__type_support_c.cpp.o
[ 56%] Building CXX object CMakeFiles/rmoss_interfaces__rosidl_typesupport_fastrtps_cpp.dir/rosidl_typesupport_fastrtps_cpp/rmoss_interfaces/msg/detail/dds_fastrtps/exchange_ammon__type_support.cpp.o
[ 56%] Building CXX object CMakeFiles/rmoss_interfaces__rosidl_typesupport_fastrtps_cpp.dir/rosidl_typesupport_fastrtps_cpp/rmoss_interfaces/msg/detail/dds_fastrtps/gimbal__type_support.cpp.o
[ 57%] Building CXX object CMakeFiles/rmoss_interfaces__rosidl_typesupport_fastrtps_cpp.dir/rosidl_typesupport_fastrtps_cpp/rmoss_interfaces/msg/detail/dds_fastrtps/gimbal_cmd__type_support.cpp.o
[ 57%] Building CXX object CMakeFiles/rmoss_interfaces__rosidl_typesupport_fastrtps_c.dir/rosidl_typesupport_fastrtps_c/rmoss_interfaces/msg/detail/rfid_status__type_support_c.cpp.o
[ 58%] Building CXX object CMakeFiles/rmoss_interfaces__rosidl_typesupport_fastrtps_c.dir/rosidl_typesupport_fastrtps_c/rmoss_interfaces/msg/detail/rfid_status_array__type_support_c.cpp.o
[ 59%] Building CXX object CMakeFiles/rmoss_interfaces__rosidl_typesupport_fastrtps_cpp.dir/rosidl_typesupport_fastrtps_cpp/rmoss_interfaces/msg/detail/dds_fastrtps/shoot_cmd__type_support.cpp.o
[ 59%] Linking CXX shared library librmoss_interfaces__rosidl_typesupport_cpp.so
[ 59%] Building CXX object CMakeFiles/rmoss_interfaces__rosidl_typesupport_fastrtps_cpp.dir/rosidl_typesupport_fastrtps_cpp/rmoss_interfaces/msg/detail/dds_fastrtps/chassis_cmd__type_support.cpp.o
[ 59%] Built target rmoss_interfaces__rosidl_typesupport_cpp
[ 60%] Building CXX object CMakeFiles/rmoss_interfaces__rosidl_typesupport_fastrtps_c.dir/rosidl_typesupport_fastrtps_c/rmoss_interfaces/msg/detail/exchange_ammon__type_support_c.cpp.o
[ 61%] Building CXX object CMakeFiles/rmoss_interfaces__rosidl_typesupport_fastrtps_cpp.dir/rosidl_typesupport_fastrtps_cpp/rmoss_interfaces/srv/detail/dds_fastrtps/set_color__type_support.cpp.o
[ 61%] Building CXX object CMakeFiles/rmoss_interfaces__rosidl_typesupport_fastrtps_c.dir/rosidl_typesupport_fastrtps_c/rmoss_interfaces/msg/detail/gimbal__type_support_c.cpp.o
[ 62%] Building CXX object CMakeFiles/rmoss_interfaces__rosidl_typesupport_fastrtps_cpp.dir/rosidl_typesupport_fastrtps_cpp/rmoss_interfaces/srv/detail/dds_fastrtps/set_mode__type_support.cpp.o
[ 63%] Building CXX object CMakeFiles/rmoss_interfaces__rosidl_typesupport_introspection_cpp.dir/rosidl_typesupport_introspection_cpp/rmoss_interfaces/msg/detail/referee_cmd__type_support.cpp.o
[ 63%] Building CXX object CMakeFiles/rmoss_interfaces__rosidl_typesupport_fastrtps_cpp.dir/rosidl_typesupport_fastrtps_cpp/rmoss_interfaces/srv/detail/dds_fastrtps/get_mode__type_support.cpp.o
[ 64%] Building CXX object CMakeFiles/rmoss_interfaces__rosidl_typesupport_fastrtps_c.dir/rosidl_typesupport_fastrtps_c/rmoss_interfaces/msg/detail/gimbal_cmd__type_support_c.cpp.o
[ 64%] Building CXX object CMakeFiles/rmoss_interfaces__rosidl_typesupport_fastrtps_c.dir/rosidl_typesupport_fastrtps_c/rmoss_interfaces/msg/detail/shoot_cmd__type_support_c.cpp.o
[ 64%] Building CXX object CMakeFiles/rmoss_interfaces__rosidl_typesupport_introspection_cpp.dir/rosidl_typesupport_introspection_cpp/rmoss_interfaces/msg/detail/game_status__type_support.cpp.o
[ 65%] Building CXX object CMakeFiles/rmoss_interfaces__rosidl_typesupport_fastrtps_cpp.dir/rosidl_typesupport_fastrtps_cpp/rmoss_interfaces/srv/detail/dds_fastrtps/get_camera_info__type_support.cpp.o
[ 66%] Building CXX object CMakeFiles/rmoss_interfaces__rosidl_typesupport_fastrtps_c.dir/rosidl_typesupport_fastrtps_c/rmoss_interfaces/msg/detail/chassis_cmd__type_support_c.cpp.o
[ 67%] Building CXX object CMakeFiles/rmoss_interfaces__rosidl_typesupport_fastrtps_c.dir/rosidl_typesupport_fastrtps_c/rmoss_interfaces/srv/detail/set_color__type_support_c.cpp.o
[ 67%] Building CXX object CMakeFiles/rmoss_interfaces__rosidl_typesupport_fastrtps_c.dir/rosidl_typesupport_fastrtps_c/rmoss_interfaces/srv/detail/set_mode__type_support_c.cpp.o
[ 67%] Building CXX object CMakeFiles/rmoss_interfaces__rosidl_typesupport_fastrtps_cpp.dir/rosidl_typesupport_fastrtps_cpp/rmoss_interfaces/srv/detail/dds_fastrtps/get_task_status__type_support.cpp.o
[ 68%] Building CXX object CMakeFiles/rmoss_interfaces__rosidl_typesupport_introspection_cpp.dir/rosidl_typesupport_introspection_cpp/rmoss_interfaces/msg/detail/robot_status__type_support.cpp.o
[ 69%] Building CXX object CMakeFiles/rmoss_interfaces__rosidl_typesupport_introspection_cpp.dir/rosidl_typesupport_introspection_cpp/rmoss_interfaces/msg/detail/rfid_status__type_support.cpp.o
[ 70%] Building CXX object CMakeFiles/rmoss_interfaces__rosidl_typesupport_fastrtps_cpp.dir/rosidl_typesupport_fastrtps_cpp/rmoss_interfaces/srv/detail/dds_fastrtps/control_task__type_support.cpp.o
[ 71%] Building CXX object CMakeFiles/rmoss_interfaces__rosidl_typesupport_fastrtps_cpp.dir/rosidl_typesupport_fastrtps_cpp/rmoss_interfaces/srv/detail/dds_fastrtps/exchange_ammon__type_support.cpp.o
[ 71%] Building CXX object CMakeFiles/rmoss_interfaces__rosidl_typesupport_introspection_cpp.dir/rosidl_typesupport_introspection_cpp/rmoss_interfaces/msg/detail/rfid_status_array__type_support.cpp.o
[ 72%] Building CXX object CMakeFiles/rmoss_interfaces__rosidl_typesupport_fastrtps_c.dir/rosidl_typesupport_fastrtps_c/rmoss_interfaces/srv/detail/get_mode__type_support_c.cpp.o
[ 73%] Building CXX object CMakeFiles/rmoss_interfaces__rosidl_typesupport_fastrtps_c.dir/rosidl_typesupport_fastrtps_c/rmoss_interfaces/srv/detail/get_camera_info__type_support_c.cpp.o
[ 74%] Building CXX object CMakeFiles/rmoss_interfaces__rosidl_typesupport_introspection_cpp.dir/rosidl_typesupport_introspection_cpp/rmoss_interfaces/msg/detail/exchange_ammon__type_support.cpp.o
[ 74%] Building CXX object CMakeFiles/rmoss_interfaces__rosidl_typesupport_fastrtps_c.dir/rosidl_typesupport_fastrtps_c/rmoss_interfaces/srv/detail/get_task_status__type_support_c.cpp.o
[ 75%] Building CXX object CMakeFiles/rmoss_interfaces__rosidl_typesupport_fastrtps_c.dir/rosidl_typesupport_fastrtps_c/rmoss_interfaces/srv/detail/control_task__type_support_c.cpp.o
[ 76%] Building CXX object CMakeFiles/rmoss_interfaces__rosidl_typesupport_fastrtps_c.dir/rosidl_typesupport_fastrtps_c/rmoss_interfaces/srv/detail/exchange_ammon__type_support_c.cpp.o
[ 77%] Building CXX object CMakeFiles/rmoss_interfaces__rosidl_typesupport_introspection_cpp.dir/rosidl_typesupport_introspection_cpp/rmoss_interfaces/msg/detail/gimbal__type_support.cpp.o
[ 77%] Building CXX object CMakeFiles/rmoss_interfaces__rosidl_typesupport_introspection_cpp.dir/rosidl_typesupport_introspection_cpp/rmoss_interfaces/msg/detail/gimbal_cmd__type_support.cpp.o
[ 78%] Building CXX object CMakeFiles/rmoss_interfaces__rosidl_typesupport_introspection_cpp.dir/rosidl_typesupport_introspection_cpp/rmoss_interfaces/msg/detail/shoot_cmd__type_support.cpp.o
[ 78%] Building CXX object CMakeFiles/rmoss_interfaces__rosidl_typesupport_introspection_cpp.dir/rosidl_typesupport_introspection_cpp/rmoss_interfaces/msg/detail/chassis_cmd__type_support.cpp.o
[ 79%] Building CXX object CMakeFiles/rmoss_interfaces__rosidl_typesupport_introspection_cpp.dir/rosidl_typesupport_introspection_cpp/rmoss_interfaces/srv/detail/set_color__type_support.cpp.o
[ 80%] Building CXX object CMakeFiles/rmoss_interfaces__rosidl_typesupport_introspection_cpp.dir/rosidl_typesupport_introspection_cpp/rmoss_interfaces/srv/detail/set_mode__type_support.cpp.o
[ 80%] Building CXX object CMakeFiles/rmoss_interfaces__rosidl_typesupport_introspection_cpp.dir/rosidl_typesupport_introspection_cpp/rmoss_interfaces/srv/detail/get_mode__type_support.cpp.o
[ 81%] Building CXX object CMakeFiles/rmoss_interfaces__rosidl_typesupport_introspection_cpp.dir/rosidl_typesupport_introspection_cpp/rmoss_interfaces/srv/detail/get_camera_info__type_support.cpp.o
[ 82%] Building CXX object CMakeFiles/rmoss_interfaces__rosidl_typesupport_introspection_cpp.dir/rosidl_typesupport_introspection_cpp/rmoss_interfaces/srv/detail/get_task_status__type_support.cpp.o
[ 82%] Linking CXX shared library librmoss_interfaces__rosidl_typesupport_fastrtps_c.so
[ 82%] Building CXX object CMakeFiles/rmoss_interfaces__rosidl_typesupport_introspection_cpp.dir/rosidl_typesupport_introspection_cpp/rmoss_interfaces/srv/detail/control_task__type_support.cpp.o
[ 83%] Building CXX object CMakeFiles/rmoss_interfaces__rosidl_typesupport_introspection_cpp.dir/rosidl_typesupport_introspection_cpp/rmoss_interfaces/srv/detail/exchange_ammon__type_support.cpp.o
[ 83%] Linking CXX shared library librmoss_interfaces__rosidl_typesupport_fastrtps_cpp.so
[ 83%] Built target rmoss_interfaces__rosidl_typesupport_fastrtps_c
[ 83%] Built target rmoss_interfaces__rosidl_typesupport_fastrtps_cpp
[ 84%] Linking CXX shared library librmoss_interfaces__rosidl_typesupport_introspection_cpp.so
[ 84%] Built target rmoss_interfaces__rosidl_typesupport_introspection_cpp
[ 84%] Built target rmoss_interfaces
[ 85%] Generating Python code for ROS interfaces
[ 85%] Built target rmoss_interfaces__py
[ 85%] Building C object CMakeFiles/rmoss_interfaces__rosidl_generator_py.dir/rosidl_generator_py/rmoss_interfaces/msg/_referee_cmd_s.c.o
[ 87%] Building C object CMakeFiles/rmoss_interfaces__rosidl_generator_py.dir/rosidl_generator_py/rmoss_interfaces/msg/_robot_status_s.c.o
[ 87%] Building C object CMakeFiles/rmoss_interfaces__rosidl_generator_py.dir/rosidl_generator_py/rmoss_interfaces/msg/_rfid_status_s.c.o
[ 87%] Building C object CMakeFiles/rmoss_interfaces__rosidl_generator_py.dir/rosidl_generator_py/rmoss_interfaces/msg/_exchange_ammon_s.c.o
[ 87%] Building C object CMakeFiles/rmoss_interfaces__rosidl_generator_py.dir/rosidl_generator_py/rmoss_interfaces/msg/_game_status_s.c.o
[ 88%] Building C object CMakeFiles/rmoss_interfaces__rosidl_generator_py.dir/rosidl_generator_py/rmoss_interfaces/msg/_gimbal_s.c.o
[ 89%] Building C object CMakeFiles/rmoss_interfaces__rosidl_generator_py.dir/rosidl_generator_py/rmoss_interfaces/msg/_rfid_status_array_s.c.o
[ 90%] Building C object CMakeFiles/rmoss_interfaces__rosidl_generator_py.dir/rosidl_generator_py/rmoss_interfaces/msg/_gimbal_cmd_s.c.o
[ 90%] Building C object CMakeFiles/rmoss_interfaces__rosidl_generator_py.dir/rosidl_generator_py/rmoss_interfaces/msg/_shoot_cmd_s.c.o
[ 90%] Building C object CMakeFiles/rmoss_interfaces__rosidl_generator_py.dir/rosidl_generator_py/rmoss_interfaces/srv/_set_mode_s.c.o
[ 91%] Building C object CMakeFiles/rmoss_interfaces__rosidl_generator_py.dir/rosidl_generator_py/rmoss_interfaces/srv/_get_mode_s.c.o
[ 92%] Building C object CMakeFiles/rmoss_interfaces__rosidl_generator_py.dir/rosidl_generator_py/rmoss_interfaces/srv/_get_camera_info_s.c.o
[ 92%] Building C object CMakeFiles/rmoss_interfaces__rosidl_generator_py.dir/rosidl_generator_py/rmoss_interfaces/srv/_get_task_status_s.c.o
[ 93%] Building C object CMakeFiles/rmoss_interfaces__rosidl_generator_py.dir/rosidl_generator_py/rmoss_interfaces/srv/_set_color_s.c.o
[ 94%] Building C object CMakeFiles/rmoss_interfaces__rosidl_generator_py.dir/rosidl_generator_py/rmoss_interfaces/msg/_chassis_cmd_s.c.o
[ 94%] Building C object CMakeFiles/rmoss_interfaces__rosidl_generator_py.dir/rosidl_generator_py/rmoss_interfaces/srv/_exchange_ammon_s.c.o
[ 95%] Building C object CMakeFiles/rmoss_interfaces__rosidl_generator_py.dir/rosidl_generator_py/rmoss_interfaces/srv/_control_task_s.c.o
[ 96%] Linking C shared library rosidl_generator_py/rmoss_interfaces/librmoss_interfaces__rosidl_generator_py.so
[ 96%] Built target rmoss_interfaces__rosidl_generator_py
[ 97%] Building C object CMakeFiles/rmoss_interfaces__rosidl_typesupport_c__pyext.dir/rosidl_generator_py/rmoss_interfaces/_rmoss_interfaces_s.ep.rosidl_typesupport_c.c.o
[ 98%] Building C object CMakeFiles/rmoss_interfaces__rosidl_typesupport_fastrtps_c__pyext.dir/rosidl_generator_py/rmoss_interfaces/_rmoss_interfaces_s.ep.rosidl_typesupport_fastrtps_c.c.o
[ 99%] Building C object CMakeFiles/rmoss_interfaces__rosidl_typesupport_introspection_c__pyext.dir/rosidl_generator_py/rmoss_interfaces/_rmoss_interfaces_s.ep.rosidl_typesupport_introspection_c.c.o
[ 99%] Linking C shared library rosidl_generator_py/rmoss_interfaces/rmoss_interfaces_s__rosidl_typesupport_c.cpython-310-x86_64-linux-gnu.so
[ 99%] Built target rmoss_interfaces__rosidl_typesupport_c__pyext
[100%] Linking C shared library rosidl_generator_py/rmoss_interfaces/rmoss_interfaces_s__rosidl_typesupport_introspection_c.cpython-310-x86_64-linux-gnu.so
[100%] Linking C shared library rosidl_generator_py/rmoss_interfaces/rmoss_interfaces_s__rosidl_typesupport_fastrtps_c.cpython-310-x86_64-linux-gnu.so
[100%] Built target rmoss_interfaces__rosidl_typesupport_introspection_c__pyext
[100%] Built target rmoss_interfaces__rosidl_typesupport_fastrtps_c__pyext
-- Install configuration: ""
-- Execute custom install script
-- Symlinking: /home/rmsentry/ros_ws/install/rmoss_interfaces/share/ament_index/resource_index/rosidl_interfaces/rmoss_interfaces
-- Symlinking: /home/rmsentry/ros_ws/install/rmoss_interfaces/include/rmoss_interfaces/rmoss_interfaces/msg/chassis_cmd.h
-- Symlinking: /home/rmsentry/ros_ws/install/rmoss_interfaces/include/rmoss_interfaces/rmoss_interfaces/msg/detail/chassis_cmd__functions.h
-- Symlinking: /home/rmsentry/ros_ws/install/rmoss_interfaces/include/rmoss_interfaces/rmoss_interfaces/msg/detail/chassis_cmd__struct.h
-- Symlinking: /home/rmsentry/ros_ws/install/rmoss_interfaces/include/rmoss_interfaces/rmoss_interfaces/msg/detail/chassis_cmd__type_support.h
-- Symlinking: /home/rmsentry/ros_ws/install/rmoss_interfaces/include/rmoss_interfaces/rmoss_interfaces/msg/detail/exchange_ammon__functions.h
-- Symlinking: /home/rmsentry/ros_ws/install/rmoss_interfaces/include/rmoss_interfaces/rmoss_interfaces/msg/detail/exchange_ammon__struct.h
-- Symlinking: /home/rmsentry/ros_ws/install/rmoss_interfaces/include/rmoss_interfaces/rmoss_interfaces/msg/detail/exchange_ammon__type_support.h
-- Symlinking: /home/rmsentry/ros_ws/install/rmoss_interfaces/include/rmoss_interfaces/rmoss_interfaces/msg/detail/game_status__functions.h
-- Symlinking: /home/rmsentry/ros_ws/install/rmoss_interfaces/include/rmoss_interfaces/rmoss_interfaces/msg/detail/game_status__struct.h
-- Symlinking: /home/rmsentry/ros_ws/install/rmoss_interfaces/include/rmoss_interfaces/rmoss_interfaces/msg/detail/game_status__type_support.h
-- Symlinking: /home/rmsentry/ros_ws/install/rmoss_interfaces/include/rmoss_interfaces/rmoss_interfaces/msg/detail/gimbal__functions.h
-- Symlinking: /home/rmsentry/ros_ws/install/rmoss_interfaces/include/rmoss_interfaces/rmoss_interfaces/msg/detail/gimbal__struct.h
-- Symlinking: /home/rmsentry/ros_ws/install/rmoss_interfaces/include/rmoss_interfaces/rmoss_interfaces/msg/detail/gimbal__type_support.h
-- Symlinking: /home/rmsentry/ros_ws/install/rmoss_interfaces/include/rmoss_interfaces/rmoss_interfaces/msg/detail/gimbal_cmd__functions.h
-- Symlinking: /home/rmsentry/ros_ws/install/rmoss_interfaces/include/rmoss_interfaces/rmoss_interfaces/msg/detail/gimbal_cmd__struct.h
-- Symlinking: /home/rmsentry/ros_ws/install/rmoss_interfaces/include/rmoss_interfaces/rmoss_interfaces/msg/detail/gimbal_cmd__type_support.h
-- Symlinking: /home/rmsentry/ros_ws/install/rmoss_interfaces/include/rmoss_interfaces/rmoss_interfaces/msg/detail/referee_cmd__functions.h
-- Symlinking: /home/rmsentry/ros_ws/install/rmoss_interfaces/include/rmoss_interfaces/rmoss_interfaces/msg/detail/referee_cmd__struct.h
-- Symlinking: /home/rmsentry/ros_ws/install/rmoss_interfaces/include/rmoss_interfaces/rmoss_interfaces/msg/detail/referee_cmd__type_support.h
-- Symlinking: /home/rmsentry/ros_ws/install/rmoss_interfaces/include/rmoss_interfaces/rmoss_interfaces/msg/detail/rfid_status__functions.h
-- Symlinking: /home/rmsentry/ros_ws/install/rmoss_interfaces/include/rmoss_interfaces/rmoss_interfaces/msg/detail/rfid_status__struct.h
-- Symlinking: /home/rmsentry/ros_ws/install/rmoss_interfaces/include/rmoss_interfaces/rmoss_interfaces/msg/detail/rfid_status__type_support.h
-- Symlinking: /home/rmsentry/ros_ws/install/rmoss_interfaces/include/rmoss_interfaces/rmoss_interfaces/msg/detail/rfid_status_array__functions.h
-- Symlinking: /home/rmsentry/ros_ws/install/rmoss_interfaces/include/rmoss_interfaces/rmoss_interfaces/msg/detail/rfid_status_array__struct.h
-- Symlinking: /home/rmsentry/ros_ws/install/rmoss_interfaces/include/rmoss_interfaces/rmoss_interfaces/msg/detail/rfid_status_array__type_support.h
-- Symlinking: /home/rmsentry/ros_ws/install/rmoss_interfaces/include/rmoss_interfaces/rmoss_interfaces/msg/detail/robot_status__functions.h
-- Symlinking: /home/rmsentry/ros_ws/install/rmoss_interfaces/include/rmoss_interfaces/rmoss_interfaces/msg/detail/robot_status__struct.h
-- Symlinking: /home/rmsentry/ros_ws/install/rmoss_interfaces/include/rmoss_interfaces/rmoss_interfaces/msg/detail/robot_status__type_support.h
-- Symlinking: /home/rmsentry/ros_ws/install/rmoss_interfaces/include/rmoss_interfaces/rmoss_interfaces/msg/detail/shoot_cmd__functions.h
-- Symlinking: /home/rmsentry/ros_ws/install/rmoss_interfaces/include/rmoss_interfaces/rmoss_interfaces/msg/detail/shoot_cmd__struct.h
-- Symlinking: /home/rmsentry/ros_ws/install/rmoss_interfaces/include/rmoss_interfaces/rmoss_interfaces/msg/detail/shoot_cmd__type_support.h
-- Symlinking: /home/rmsentry/ros_ws/install/rmoss_interfaces/include/rmoss_interfaces/rmoss_interfaces/msg/exchange_ammon.h
-- Symlinking: /home/rmsentry/ros_ws/install/rmoss_interfaces/include/rmoss_interfaces/rmoss_interfaces/msg/game_status.h
-- Symlinking: /home/rmsentry/ros_ws/install/rmoss_interfaces/include/rmoss_interfaces/rmoss_interfaces/msg/gimbal.h
-- Symlinking: /home/rmsentry/ros_ws/install/rmoss_interfaces/include/rmoss_interfaces/rmoss_interfaces/msg/gimbal_cmd.h
-- Symlinking: /home/rmsentry/ros_ws/install/rmoss_interfaces/include/rmoss_interfaces/rmoss_interfaces/msg/referee_cmd.h
-- Symlinking: /home/rmsentry/ros_ws/install/rmoss_interfaces/include/rmoss_interfaces/rmoss_interfaces/msg/rfid_status.h
-- Symlinking: /home/rmsentry/ros_ws/install/rmoss_interfaces/include/rmoss_interfaces/rmoss_interfaces/msg/rfid_status_array.h
-- Symlinking: /home/rmsentry/ros_ws/install/rmoss_interfaces/include/rmoss_interfaces/rmoss_interfaces/msg/robot_status.h
-- Symlinking: /home/rmsentry/ros_ws/install/rmoss_interfaces/include/rmoss_interfaces/rmoss_interfaces/msg/rosidl_generator_c__visibility_control.h
-- Symlinking: /home/rmsentry/ros_ws/install/rmoss_interfaces/include/rmoss_interfaces/rmoss_interfaces/msg/shoot_cmd.h
-- Symlinking: /home/rmsentry/ros_ws/install/rmoss_interfaces/include/rmoss_interfaces/rmoss_interfaces/srv/control_task.h
-- Symlinking: /home/rmsentry/ros_ws/install/rmoss_interfaces/include/rmoss_interfaces/rmoss_interfaces/srv/detail/control_task__functions.h
-- Symlinking: /home/rmsentry/ros_ws/install/rmoss_interfaces/include/rmoss_interfaces/rmoss_interfaces/srv/detail/control_task__struct.h
-- Symlinking: /home/rmsentry/ros_ws/install/rmoss_interfaces/include/rmoss_interfaces/rmoss_interfaces/srv/detail/control_task__type_support.h
-- Symlinking: /home/rmsentry/ros_ws/install/rmoss_interfaces/include/rmoss_interfaces/rmoss_interfaces/srv/detail/exchange_ammon__functions.h
-- Symlinking: /home/rmsentry/ros_ws/install/rmoss_interfaces/include/rmoss_interfaces/rmoss_interfaces/srv/detail/exchange_ammon__struct.h
-- Symlinking: /home/rmsentry/ros_ws/install/rmoss_interfaces/include/rmoss_interfaces/rmoss_interfaces/srv/detail/exchange_ammon__type_support.h
-- Symlinking: /home/rmsentry/ros_ws/install/rmoss_interfaces/include/rmoss_interfaces/rmoss_interfaces/srv/detail/get_camera_info__functions.h
-- Symlinking: /home/rmsentry/ros_ws/install/rmoss_interfaces/include/rmoss_interfaces/rmoss_interfaces/srv/detail/get_camera_info__struct.h
-- Symlinking: /home/rmsentry/ros_ws/install/rmoss_interfaces/include/rmoss_interfaces/rmoss_interfaces/srv/detail/get_camera_info__type_support.h
-- Symlinking: /home/rmsentry/ros_ws/install/rmoss_interfaces/include/rmoss_interfaces/rmoss_interfaces/srv/detail/get_mode__functions.h
-- Symlinking: /home/rmsentry/ros_ws/install/rmoss_interfaces/include/rmoss_interfaces/rmoss_interfaces/srv/detail/get_mode__struct.h
-- Symlinking: /home/rmsentry/ros_ws/install/rmoss_interfaces/include/rmoss_interfaces/rmoss_interfaces/srv/detail/get_mode__type_support.h
-- Symlinking: /home/rmsentry/ros_ws/install/rmoss_interfaces/include/rmoss_interfaces/rmoss_interfaces/srv/detail/get_task_status__functions.h
-- Symlinking: /home/rmsentry/ros_ws/install/rmoss_interfaces/include/rmoss_interfaces/rmoss_interfaces/srv/detail/get_task_status__struct.h
-- Symlinking: /home/rmsentry/ros_ws/install/rmoss_interfaces/include/rmoss_interfaces/rmoss_interfaces/srv/detail/get_task_status__type_support.h
-- Symlinking: /home/rmsentry/ros_ws/install/rmoss_interfaces/include/rmoss_interfaces/rmoss_interfaces/srv/detail/set_color__functions.h
-- Symlinking: /home/rmsentry/ros_ws/install/rmoss_interfaces/include/rmoss_interfaces/rmoss_interfaces/srv/detail/set_color__struct.h
-- Symlinking: /home/rmsentry/ros_ws/install/rmoss_interfaces/include/rmoss_interfaces/rmoss_interfaces/srv/detail/set_color__type_support.h
-- Symlinking: /home/rmsentry/ros_ws/install/rmoss_interfaces/include/rmoss_interfaces/rmoss_interfaces/srv/detail/set_mode__functions.h
-- Symlinking: /home/rmsentry/ros_ws/install/rmoss_interfaces/include/rmoss_interfaces/rmoss_interfaces/srv/detail/set_mode__struct.h
-- Symlinking: /home/rmsentry/ros_ws/install/rmoss_interfaces/include/rmoss_interfaces/rmoss_interfaces/srv/detail/set_mode__type_support.h
-- Symlinking: /home/rmsentry/ros_ws/install/rmoss_interfaces/include/rmoss_interfaces/rmoss_interfaces/srv/exchange_ammon.h
-- Symlinking: /home/rmsentry/ros_ws/install/rmoss_interfaces/include/rmoss_interfaces/rmoss_interfaces/srv/get_camera_info.h
-- Symlinking: /home/rmsentry/ros_ws/install/rmoss_interfaces/include/rmoss_interfaces/rmoss_interfaces/srv/get_mode.h
-- Symlinking: /home/rmsentry/ros_ws/install/rmoss_interfaces/include/rmoss_interfaces/rmoss_interfaces/srv/get_task_status.h
-- Symlinking: /home/rmsentry/ros_ws/install/rmoss_interfaces/include/rmoss_interfaces/rmoss_interfaces/srv/set_color.h
-- Symlinking: /home/rmsentry/ros_ws/install/rmoss_interfaces/include/rmoss_interfaces/rmoss_interfaces/srv/set_mode.h
-- Symlinking: /home/rmsentry/ros_ws/install/rmoss_interfaces/share/rmoss_interfaces/environment/library_path.sh
-- Symlinking: /home/rmsentry/ros_ws/install/rmoss_interfaces/share/rmoss_interfaces/environment/library_path.dsv
-- Symlinking: /home/rmsentry/ros_ws/install/rmoss_interfaces/include/rmoss_interfaces/rmoss_interfaces/msg/detail/chassis_cmd__rosidl_typesupport_fastrtps_c.h
-- Symlinking: /home/rmsentry/ros_ws/install/rmoss_interfaces/include/rmoss_interfaces/rmoss_interfaces/msg/detail/exchange_ammon__rosidl_typesupport_fastrtps_c.h
-- Symlinking: /home/rmsentry/ros_ws/install/rmoss_interfaces/include/rmoss_interfaces/rmoss_interfaces/msg/detail/game_status__rosidl_typesupport_fastrtps_c.h
-- Symlinking: /home/rmsentry/ros_ws/install/rmoss_interfaces/include/rmoss_interfaces/rmoss_interfaces/msg/detail/gimbal__rosidl_typesupport_fastrtps_c.h
-- Symlinking: /home/rmsentry/ros_ws/install/rmoss_interfaces/include/rmoss_interfaces/rmoss_interfaces/msg/detail/gimbal_cmd__rosidl_typesupport_fastrtps_c.h
-- Symlinking: /home/rmsentry/ros_ws/install/rmoss_interfaces/include/rmoss_interfaces/rmoss_interfaces/msg/detail/referee_cmd__rosidl_typesupport_fastrtps_c.h
-- Symlinking: /home/rmsentry/ros_ws/install/rmoss_interfaces/include/rmoss_interfaces/rmoss_interfaces/msg/detail/rfid_status__rosidl_typesupport_fastrtps_c.h
-- Symlinking: /home/rmsentry/ros_ws/install/rmoss_interfaces/include/rmoss_interfaces/rmoss_interfaces/msg/detail/rfid_status_array__rosidl_typesupport_fastrtps_c.h
-- Symlinking: /home/rmsentry/ros_ws/install/rmoss_interfaces/include/rmoss_interfaces/rmoss_interfaces/msg/detail/robot_status__rosidl_typesupport_fastrtps_c.h
-- Symlinking: /home/rmsentry/ros_ws/install/rmoss_interfaces/include/rmoss_interfaces/rmoss_interfaces/msg/detail/shoot_cmd__rosidl_typesupport_fastrtps_c.h
-- Symlinking: /home/rmsentry/ros_ws/install/rmoss_interfaces/include/rmoss_interfaces/rmoss_interfaces/msg/rosidl_typesupport_fastrtps_c__visibility_control.h
-- Symlinking: /home/rmsentry/ros_ws/install/rmoss_interfaces/include/rmoss_interfaces/rmoss_interfaces/srv/detail/control_task__rosidl_typesupport_fastrtps_c.h
-- Symlinking: /home/rmsentry/ros_ws/install/rmoss_interfaces/include/rmoss_interfaces/rmoss_interfaces/srv/detail/exchange_ammon__rosidl_typesupport_fastrtps_c.h
-- Symlinking: /home/rmsentry/ros_ws/install/rmoss_interfaces/include/rmoss_interfaces/rmoss_interfaces/srv/detail/get_camera_info__rosidl_typesupport_fastrtps_c.h
-- Symlinking: /home/rmsentry/ros_ws/install/rmoss_interfaces/include/rmoss_interfaces/rmoss_interfaces/srv/detail/get_mode__rosidl_typesupport_fastrtps_c.h
-- Symlinking: /home/rmsentry/ros_ws/install/rmoss_interfaces/include/rmoss_interfaces/rmoss_interfaces/srv/detail/get_task_status__rosidl_typesupport_fastrtps_c.h
-- Symlinking: /home/rmsentry/ros_ws/install/rmoss_interfaces/include/rmoss_interfaces/rmoss_interfaces/srv/detail/set_color__rosidl_typesupport_fastrtps_c.h
-- Symlinking: /home/rmsentry/ros_ws/install/rmoss_interfaces/include/rmoss_interfaces/rmoss_interfaces/srv/detail/set_mode__rosidl_typesupport_fastrtps_c.h
-- Symlinking: /home/rmsentry/ros_ws/install/rmoss_interfaces/include/rmoss_interfaces/rmoss_interfaces/msg/chassis_cmd.hpp
-- Symlinking: /home/rmsentry/ros_ws/install/rmoss_interfaces/include/rmoss_interfaces/rmoss_interfaces/msg/detail/chassis_cmd__builder.hpp
-- Symlinking: /home/rmsentry/ros_ws/install/rmoss_interfaces/include/rmoss_interfaces/rmoss_interfaces/msg/detail/chassis_cmd__struct.hpp
-- Symlinking: /home/rmsentry/ros_ws/install/rmoss_interfaces/include/rmoss_interfaces/rmoss_interfaces/msg/detail/chassis_cmd__traits.hpp
-- Symlinking: /home/rmsentry/ros_ws/install/rmoss_interfaces/include/rmoss_interfaces/rmoss_interfaces/msg/detail/chassis_cmd__type_support.hpp
-- Symlinking: /home/rmsentry/ros_ws/install/rmoss_interfaces/include/rmoss_interfaces/rmoss_interfaces/msg/detail/exchange_ammon__builder.hpp
-- Symlinking: /home/rmsentry/ros_ws/install/rmoss_interfaces/include/rmoss_interfaces/rmoss_interfaces/msg/detail/exchange_ammon__struct.hpp
-- Symlinking: /home/rmsentry/ros_ws/install/rmoss_interfaces/include/rmoss_interfaces/rmoss_interfaces/msg/detail/exchange_ammon__traits.hpp
-- Symlinking: /home/rmsentry/ros_ws/install/rmoss_interfaces/include/rmoss_interfaces/rmoss_interfaces/msg/detail/exchange_ammon__type_support.hpp
-- Symlinking: /home/rmsentry/ros_ws/install/rmoss_interfaces/include/rmoss_interfaces/rmoss_interfaces/msg/detail/game_status__builder.hpp
-- Symlinking: /home/rmsentry/ros_ws/install/rmoss_interfaces/include/rmoss_interfaces/rmoss_interfaces/msg/detail/game_status__struct.hpp
-- Symlinking: /home/rmsentry/ros_ws/install/rmoss_interfaces/include/rmoss_interfaces/rmoss_interfaces/msg/detail/game_status__traits.hpp
-- Symlinking: /home/rmsentry/ros_ws/install/rmoss_interfaces/include/rmoss_interfaces/rmoss_interfaces/msg/detail/game_status__type_support.hpp
-- Symlinking: /home/rmsentry/ros_ws/install/rmoss_interfaces/include/rmoss_interfaces/rmoss_interfaces/msg/detail/gimbal__builder.hpp
-- Symlinking: /home/rmsentry/ros_ws/install/rmoss_interfaces/include/rmoss_interfaces/rmoss_interfaces/msg/detail/gimbal__struct.hpp
-- Symlinking: /home/rmsentry/ros_ws/install/rmoss_interfaces/include/rmoss_interfaces/rmoss_interfaces/msg/detail/gimbal__traits.hpp
-- Symlinking: /home/rmsentry/ros_ws/install/rmoss_interfaces/include/rmoss_interfaces/rmoss_interfaces/msg/detail/gimbal__type_support.hpp
-- Symlinking: /home/rmsentry/ros_ws/install/rmoss_interfaces/include/rmoss_interfaces/rmoss_interfaces/msg/detail/gimbal_cmd__builder.hpp
-- Symlinking: /home/rmsentry/ros_ws/install/rmoss_interfaces/include/rmoss_interfaces/rmoss_interfaces/msg/detail/gimbal_cmd__struct.hpp
-- Symlinking: /home/rmsentry/ros_ws/install/rmoss_interfaces/include/rmoss_interfaces/rmoss_interfaces/msg/detail/gimbal_cmd__traits.hpp
-- Symlinking: /home/rmsentry/ros_ws/install/rmoss_interfaces/include/rmoss_interfaces/rmoss_interfaces/msg/detail/gimbal_cmd__type_support.hpp
-- Symlinking: /home/rmsentry/ros_ws/install/rmoss_interfaces/include/rmoss_interfaces/rmoss_interfaces/msg/detail/referee_cmd__builder.hpp
-- Symlinking: /home/rmsentry/ros_ws/install/rmoss_interfaces/include/rmoss_interfaces/rmoss_interfaces/msg/detail/referee_cmd__struct.hpp
-- Symlinking: /home/rmsentry/ros_ws/install/rmoss_interfaces/include/rmoss_interfaces/rmoss_interfaces/msg/detail/referee_cmd__traits.hpp
-- Symlinking: /home/rmsentry/ros_ws/install/rmoss_interfaces/include/rmoss_interfaces/rmoss_interfaces/msg/detail/referee_cmd__type_support.hpp
-- Symlinking: /home/rmsentry/ros_ws/install/rmoss_interfaces/include/rmoss_interfaces/rmoss_interfaces/msg/detail/rfid_status__builder.hpp
-- Symlinking: /home/rmsentry/ros_ws/install/rmoss_interfaces/include/rmoss_interfaces/rmoss_interfaces/msg/detail/rfid_status__struct.hpp
-- Symlinking: /home/rmsentry/ros_ws/install/rmoss_interfaces/include/rmoss_interfaces/rmoss_interfaces/msg/detail/rfid_status__traits.hpp
-- Symlinking: /home/rmsentry/ros_ws/install/rmoss_interfaces/include/rmoss_interfaces/rmoss_interfaces/msg/detail/rfid_status__type_support.hpp
-- Symlinking: /home/rmsentry/ros_ws/install/rmoss_interfaces/include/rmoss_interfaces/rmoss_interfaces/msg/detail/rfid_status_array__builder.hpp
-- Symlinking: /home/rmsentry/ros_ws/install/rmoss_interfaces/include/rmoss_interfaces/rmoss_interfaces/msg/detail/rfid_status_array__struct.hpp
-- Symlinking: /home/rmsentry/ros_ws/install/rmoss_interfaces/include/rmoss_interfaces/rmoss_interfaces/msg/detail/rfid_status_array__traits.hpp
-- Symlinking: /home/rmsentry/ros_ws/install/rmoss_interfaces/include/rmoss_interfaces/rmoss_interfaces/msg/detail/rfid_status_array__type_support.hpp
-- Symlinking: /home/rmsentry/ros_ws/install/rmoss_interfaces/include/rmoss_interfaces/rmoss_interfaces/msg/detail/robot_status__builder.hpp
-- Symlinking: /home/rmsentry/ros_ws/install/rmoss_interfaces/include/rmoss_interfaces/rmoss_interfaces/msg/detail/robot_status__struct.hpp
-- Symlinking: /home/rmsentry/ros_ws/install/rmoss_interfaces/include/rmoss_interfaces/rmoss_interfaces/msg/detail/robot_status__traits.hpp
-- Symlinking: /home/rmsentry/ros_ws/install/rmoss_interfaces/include/rmoss_interfaces/rmoss_interfaces/msg/detail/robot_status__type_support.hpp
-- Symlinking: /home/rmsentry/ros_ws/install/rmoss_interfaces/include/rmoss_interfaces/rmoss_interfaces/msg/detail/shoot_cmd__builder.hpp
-- Symlinking: /home/rmsentry/ros_ws/install/rmoss_interfaces/include/rmoss_interfaces/rmoss_interfaces/msg/detail/shoot_cmd__struct.hpp
-- Symlinking: /home/rmsentry/ros_ws/install/rmoss_interfaces/include/rmoss_interfaces/rmoss_interfaces/msg/detail/shoot_cmd__traits.hpp
-- Symlinking: /home/rmsentry/ros_ws/install/rmoss_interfaces/include/rmoss_interfaces/rmoss_interfaces/msg/detail/shoot_cmd__type_support.hpp
-- Symlinking: /home/rmsentry/ros_ws/install/rmoss_interfaces/include/rmoss_interfaces/rmoss_interfaces/msg/exchange_ammon.hpp
-- Symlinking: /home/rmsentry/ros_ws/install/rmoss_interfaces/include/rmoss_interfaces/rmoss_interfaces/msg/game_status.hpp
-- Symlinking: /home/rmsentry/ros_ws/install/rmoss_interfaces/include/rmoss_interfaces/rmoss_interfaces/msg/gimbal.hpp
-- Symlinking: /home/rmsentry/ros_ws/install/rmoss_interfaces/include/rmoss_interfaces/rmoss_interfaces/msg/gimbal_cmd.hpp
-- Symlinking: /home/rmsentry/ros_ws/install/rmoss_interfaces/include/rmoss_interfaces/rmoss_interfaces/msg/referee_cmd.hpp
-- Symlinking: /home/rmsentry/ros_ws/install/rmoss_interfaces/include/rmoss_interfaces/rmoss_interfaces/msg/rfid_status.hpp
-- Symlinking: /home/rmsentry/ros_ws/install/rmoss_interfaces/include/rmoss_interfaces/rmoss_interfaces/msg/rfid_status_array.hpp
-- Symlinking: /home/rmsentry/ros_ws/install/rmoss_interfaces/include/rmoss_interfaces/rmoss_interfaces/msg/robot_status.hpp
-- Symlinking: /home/rmsentry/ros_ws/install/rmoss_interfaces/include/rmoss_interfaces/rmoss_interfaces/msg/rosidl_generator_cpp__visibility_control.hpp
-- Symlinking: /home/rmsentry/ros_ws/install/rmoss_interfaces/include/rmoss_interfaces/rmoss_interfaces/msg/shoot_cmd.hpp
-- Symlinking: /home/rmsentry/ros_ws/install/rmoss_interfaces/include/rmoss_interfaces/rmoss_interfaces/srv/control_task.hpp
-- Symlinking: /home/rmsentry/ros_ws/install/rmoss_interfaces/include/rmoss_interfaces/rmoss_interfaces/srv/detail/control_task__builder.hpp
-- Symlinking: /home/rmsentry/ros_ws/install/rmoss_interfaces/include/rmoss_interfaces/rmoss_interfaces/srv/detail/control_task__struct.hpp
-- Symlinking: /home/rmsentry/ros_ws/install/rmoss_interfaces/include/rmoss_interfaces/rmoss_interfaces/srv/detail/control_task__traits.hpp
-- Symlinking: /home/rmsentry/ros_ws/install/rmoss_interfaces/include/rmoss_interfaces/rmoss_interfaces/srv/detail/control_task__type_support.hpp
-- Symlinking: /home/rmsentry/ros_ws/install/rmoss_interfaces/include/rmoss_interfaces/rmoss_interfaces/srv/detail/exchange_ammon__builder.hpp
-- Symlinking: /home/rmsentry/ros_ws/install/rmoss_interfaces/include/rmoss_interfaces/rmoss_interfaces/srv/detail/exchange_ammon__struct.hpp
-- Symlinking: /home/rmsentry/ros_ws/install/rmoss_interfaces/include/rmoss_interfaces/rmoss_interfaces/srv/detail/exchange_ammon__traits.hpp
-- Symlinking: /home/rmsentry/ros_ws/install/rmoss_interfaces/include/rmoss_interfaces/rmoss_interfaces/srv/detail/exchange_ammon__type_support.hpp
-- Symlinking: /home/rmsentry/ros_ws/install/rmoss_interfaces/include/rmoss_interfaces/rmoss_interfaces/srv/detail/get_camera_info__builder.hpp
-- Symlinking: /home/rmsentry/ros_ws/install/rmoss_interfaces/include/rmoss_interfaces/rmoss_interfaces/srv/detail/get_camera_info__struct.hpp
-- Symlinking: /home/rmsentry/ros_ws/install/rmoss_interfaces/include/rmoss_interfaces/rmoss_interfaces/srv/detail/get_camera_info__traits.hpp
-- Symlinking: /home/rmsentry/ros_ws/install/rmoss_interfaces/include/rmoss_interfaces/rmoss_interfaces/srv/detail/get_camera_info__type_support.hpp
-- Symlinking: /home/rmsentry/ros_ws/install/rmoss_interfaces/include/rmoss_interfaces/rmoss_interfaces/srv/detail/get_mode__builder.hpp
-- Symlinking: /home/rmsentry/ros_ws/install/rmoss_interfaces/include/rmoss_interfaces/rmoss_interfaces/srv/detail/get_mode__struct.hpp
-- Symlinking: /home/rmsentry/ros_ws/install/rmoss_interfaces/include/rmoss_interfaces/rmoss_interfaces/srv/detail/get_mode__traits.hpp
-- Symlinking: /home/rmsentry/ros_ws/install/rmoss_interfaces/include/rmoss_interfaces/rmoss_interfaces/srv/detail/get_mode__type_support.hpp
-- Symlinking: /home/rmsentry/ros_ws/install/rmoss_interfaces/include/rmoss_interfaces/rmoss_interfaces/srv/detail/get_task_status__builder.hpp
-- Symlinking: /home/rmsentry/ros_ws/install/rmoss_interfaces/include/rmoss_interfaces/rmoss_interfaces/srv/detail/get_task_status__struct.hpp
-- Symlinking: /home/rmsentry/ros_ws/install/rmoss_interfaces/include/rmoss_interfaces/rmoss_interfaces/srv/detail/get_task_status__traits.hpp
-- Symlinking: /home/rmsentry/ros_ws/install/rmoss_interfaces/include/rmoss_interfaces/rmoss_interfaces/srv/detail/get_task_status__type_support.hpp
-- Symlinking: /home/rmsentry/ros_ws/install/rmoss_interfaces/include/rmoss_interfaces/rmoss_interfaces/srv/detail/set_color__builder.hpp
-- Symlinking: /home/rmsentry/ros_ws/install/rmoss_interfaces/include/rmoss_interfaces/rmoss_interfaces/srv/detail/set_color__struct.hpp
-- Symlinking: /home/rmsentry/ros_ws/install/rmoss_interfaces/include/rmoss_interfaces/rmoss_interfaces/srv/detail/set_color__traits.hpp
-- Symlinking: /home/rmsentry/ros_ws/install/rmoss_interfaces/include/rmoss_interfaces/rmoss_interfaces/srv/detail/set_color__type_support.hpp
-- Symlinking: /home/rmsentry/ros_ws/install/rmoss_interfaces/include/rmoss_interfaces/rmoss_interfaces/srv/detail/set_mode__builder.hpp
-- Symlinking: /home/rmsentry/ros_ws/install/rmoss_interfaces/include/rmoss_interfaces/rmoss_interfaces/srv/detail/set_mode__struct.hpp
-- Symlinking: /home/rmsentry/ros_ws/install/rmoss_interfaces/include/rmoss_interfaces/rmoss_interfaces/srv/detail/set_mode__traits.hpp
-- Symlinking: /home/rmsentry/ros_ws/install/rmoss_interfaces/include/rmoss_interfaces/rmoss_interfaces/srv/detail/set_mode__type_support.hpp
-- Symlinking: /home/rmsentry/ros_ws/install/rmoss_interfaces/include/rmoss_interfaces/rmoss_interfaces/srv/exchange_ammon.hpp
-- Symlinking: /home/rmsentry/ros_ws/install/rmoss_interfaces/include/rmoss_interfaces/rmoss_interfaces/srv/get_camera_info.hpp
-- Symlinking: /home/rmsentry/ros_ws/install/rmoss_interfaces/include/rmoss_interfaces/rmoss_interfaces/srv/get_mode.hpp
-- Symlinking: /home/rmsentry/ros_ws/install/rmoss_interfaces/include/rmoss_interfaces/rmoss_interfaces/srv/get_task_status.hpp
-- Symlinking: /home/rmsentry/ros_ws/install/rmoss_interfaces/include/rmoss_interfaces/rmoss_interfaces/srv/set_color.hpp
-- Symlinking: /home/rmsentry/ros_ws/install/rmoss_interfaces/include/rmoss_interfaces/rmoss_interfaces/srv/set_mode.hpp
-- Symlinking: /home/rmsentry/ros_ws/install/rmoss_interfaces/include/rmoss_interfaces/rmoss_interfaces/msg/detail/chassis_cmd__rosidl_typesupport_fastrtps_cpp.hpp
-- Symlinking: /home/rmsentry/ros_ws/install/rmoss_interfaces/include/rmoss_interfaces/rmoss_interfaces/msg/detail/exchange_ammon__rosidl_typesupport_fastrtps_cpp.hpp
-- Symlinking: /home/rmsentry/ros_ws/install/rmoss_interfaces/include/rmoss_interfaces/rmoss_interfaces/msg/detail/game_status__rosidl_typesupport_fastrtps_cpp.hpp
-- Symlinking: /home/rmsentry/ros_ws/install/rmoss_interfaces/include/rmoss_interfaces/rmoss_interfaces/msg/detail/gimbal__rosidl_typesupport_fastrtps_cpp.hpp
-- Symlinking: /home/rmsentry/ros_ws/install/rmoss_interfaces/include/rmoss_interfaces/rmoss_interfaces/msg/detail/gimbal_cmd__rosidl_typesupport_fastrtps_cpp.hpp
-- Symlinking: /home/rmsentry/ros_ws/install/rmoss_interfaces/include/rmoss_interfaces/rmoss_interfaces/msg/detail/referee_cmd__rosidl_typesupport_fastrtps_cpp.hpp
-- Symlinking: /home/rmsentry/ros_ws/install/rmoss_interfaces/include/rmoss_interfaces/rmoss_interfaces/msg/detail/rfid_status__rosidl_typesupport_fastrtps_cpp.hpp
-- Symlinking: /home/rmsentry/ros_ws/install/rmoss_interfaces/include/rmoss_interfaces/rmoss_interfaces/msg/detail/rfid_status_array__rosidl_typesupport_fastrtps_cpp.hpp
-- Symlinking: /home/rmsentry/ros_ws/install/rmoss_interfaces/include/rmoss_interfaces/rmoss_interfaces/msg/detail/robot_status__rosidl_typesupport_fastrtps_cpp.hpp
-- Symlinking: /home/rmsentry/ros_ws/install/rmoss_interfaces/include/rmoss_interfaces/rmoss_interfaces/msg/detail/shoot_cmd__rosidl_typesupport_fastrtps_cpp.hpp
-- Symlinking: /home/rmsentry/ros_ws/install/rmoss_interfaces/include/rmoss_interfaces/rmoss_interfaces/msg/rosidl_typesupport_fastrtps_cpp__visibility_control.h
-- Symlinking: /home/rmsentry/ros_ws/install/rmoss_interfaces/include/rmoss_interfaces/rmoss_interfaces/srv/detail/control_task__rosidl_typesupport_fastrtps_cpp.hpp
-- Symlinking: /home/rmsentry/ros_ws/install/rmoss_interfaces/include/rmoss_interfaces/rmoss_interfaces/srv/detail/exchange_ammon__rosidl_typesupport_fastrtps_cpp.hpp
-- Symlinking: /home/rmsentry/ros_ws/install/rmoss_interfaces/include/rmoss_interfaces/rmoss_interfaces/srv/detail/get_camera_info__rosidl_typesupport_fastrtps_cpp.hpp
-- Symlinking: /home/rmsentry/ros_ws/install/rmoss_interfaces/include/rmoss_interfaces/rmoss_interfaces/srv/detail/get_mode__rosidl_typesupport_fastrtps_cpp.hpp
-- Symlinking: /home/rmsentry/ros_ws/install/rmoss_interfaces/include/rmoss_interfaces/rmoss_interfaces/srv/detail/get_task_status__rosidl_typesupport_fastrtps_cpp.hpp
-- Symlinking: /home/rmsentry/ros_ws/install/rmoss_interfaces/include/rmoss_interfaces/rmoss_interfaces/srv/detail/set_color__rosidl_typesupport_fastrtps_cpp.hpp
-- Symlinking: /home/rmsentry/ros_ws/install/rmoss_interfaces/include/rmoss_interfaces/rmoss_interfaces/srv/detail/set_mode__rosidl_typesupport_fastrtps_cpp.hpp
-- Symlinking: /home/rmsentry/ros_ws/install/rmoss_interfaces/include/rmoss_interfaces/rmoss_interfaces/msg/detail/chassis_cmd__rosidl_typesupport_introspection_c.h
-- Symlinking: /home/rmsentry/ros_ws/install/rmoss_interfaces/include/rmoss_interfaces/rmoss_interfaces/msg/detail/exchange_ammon__rosidl_typesupport_introspection_c.h
-- Symlinking: /home/rmsentry/ros_ws/install/rmoss_interfaces/include/rmoss_interfaces/rmoss_interfaces/msg/detail/game_status__rosidl_typesupport_introspection_c.h
-- Symlinking: /home/rmsentry/ros_ws/install/rmoss_interfaces/include/rmoss_interfaces/rmoss_interfaces/msg/detail/gimbal__rosidl_typesupport_introspection_c.h
-- Symlinking: /home/rmsentry/ros_ws/install/rmoss_interfaces/include/rmoss_interfaces/rmoss_interfaces/msg/detail/gimbal_cmd__rosidl_typesupport_introspection_c.h
-- Symlinking: /home/rmsentry/ros_ws/install/rmoss_interfaces/include/rmoss_interfaces/rmoss_interfaces/msg/detail/referee_cmd__rosidl_typesupport_introspection_c.h
-- Symlinking: /home/rmsentry/ros_ws/install/rmoss_interfaces/include/rmoss_interfaces/rmoss_interfaces/msg/detail/rfid_status__rosidl_typesupport_introspection_c.h
-- Symlinking: /home/rmsentry/ros_ws/install/rmoss_interfaces/include/rmoss_interfaces/rmoss_interfaces/msg/detail/rfid_status_array__rosidl_typesupport_introspection_c.h
-- Symlinking: /home/rmsentry/ros_ws/install/rmoss_interfaces/include/rmoss_interfaces/rmoss_interfaces/msg/detail/robot_status__rosidl_typesupport_introspection_c.h
-- Symlinking: /home/rmsentry/ros_ws/install/rmoss_interfaces/include/rmoss_interfaces/rmoss_interfaces/msg/detail/shoot_cmd__rosidl_typesupport_introspection_c.h
-- Symlinking: /home/rmsentry/ros_ws/install/rmoss_interfaces/include/rmoss_interfaces/rmoss_interfaces/msg/rosidl_typesupport_introspection_c__visibility_control.h
-- Symlinking: /home/rmsentry/ros_ws/install/rmoss_interfaces/include/rmoss_interfaces/rmoss_interfaces/srv/detail/control_task__rosidl_typesupport_introspection_c.h
-- Symlinking: /home/rmsentry/ros_ws/install/rmoss_interfaces/include/rmoss_interfaces/rmoss_interfaces/srv/detail/exchange_ammon__rosidl_typesupport_introspection_c.h
-- Symlinking: /home/rmsentry/ros_ws/install/rmoss_interfaces/include/rmoss_interfaces/rmoss_interfaces/srv/detail/get_camera_info__rosidl_typesupport_introspection_c.h
-- Symlinking: /home/rmsentry/ros_ws/install/rmoss_interfaces/include/rmoss_interfaces/rmoss_interfaces/srv/detail/get_mode__rosidl_typesupport_introspection_c.h
-- Symlinking: /home/rmsentry/ros_ws/install/rmoss_interfaces/include/rmoss_interfaces/rmoss_interfaces/srv/detail/get_task_status__rosidl_typesupport_introspection_c.h
-- Symlinking: /home/rmsentry/ros_ws/install/rmoss_interfaces/include/rmoss_interfaces/rmoss_interfaces/srv/detail/set_color__rosidl_typesupport_introspection_c.h
-- Symlinking: /home/rmsentry/ros_ws/install/rmoss_interfaces/include/rmoss_interfaces/rmoss_interfaces/srv/detail/set_mode__rosidl_typesupport_introspection_c.h
-- Symlinking: /home/rmsentry/ros_ws/install/rmoss_interfaces/include/rmoss_interfaces/rmoss_interfaces/msg/detail/chassis_cmd__rosidl_typesupport_introspection_cpp.hpp
-- Symlinking: /home/rmsentry/ros_ws/install/rmoss_interfaces/include/rmoss_interfaces/rmoss_interfaces/msg/detail/exchange_ammon__rosidl_typesupport_introspection_cpp.hpp
-- Symlinking: /home/rmsentry/ros_ws/install/rmoss_interfaces/include/rmoss_interfaces/rmoss_interfaces/msg/detail/game_status__rosidl_typesupport_introspection_cpp.hpp
-- Symlinking: /home/rmsentry/ros_ws/install/rmoss_interfaces/include/rmoss_interfaces/rmoss_interfaces/msg/detail/gimbal__rosidl_typesupport_introspection_cpp.hpp
-- Symlinking: /home/rmsentry/ros_ws/install/rmoss_interfaces/include/rmoss_interfaces/rmoss_interfaces/msg/detail/gimbal_cmd__rosidl_typesupport_introspection_cpp.hpp
-- Symlinking: /home/rmsentry/ros_ws/install/rmoss_interfaces/include/rmoss_interfaces/rmoss_interfaces/msg/detail/referee_cmd__rosidl_typesupport_introspection_cpp.hpp
-- Symlinking: /home/rmsentry/ros_ws/install/rmoss_interfaces/include/rmoss_interfaces/rmoss_interfaces/msg/detail/rfid_status__rosidl_typesupport_introspection_cpp.hpp
-- Symlinking: /home/rmsentry/ros_ws/install/rmoss_interfaces/include/rmoss_interfaces/rmoss_interfaces/msg/detail/rfid_status_array__rosidl_typesupport_introspection_cpp.hpp
-- Symlinking: /home/rmsentry/ros_ws/install/rmoss_interfaces/include/rmoss_interfaces/rmoss_interfaces/msg/detail/robot_status__rosidl_typesupport_introspection_cpp.hpp
-- Symlinking: /home/rmsentry/ros_ws/install/rmoss_interfaces/include/rmoss_interfaces/rmoss_interfaces/msg/detail/shoot_cmd__rosidl_typesupport_introspection_cpp.hpp
-- Symlinking: /home/rmsentry/ros_ws/install/rmoss_interfaces/include/rmoss_interfaces/rmoss_interfaces/srv/detail/control_task__rosidl_typesupport_introspection_cpp.hpp
-- Symlinking: /home/rmsentry/ros_ws/install/rmoss_interfaces/include/rmoss_interfaces/rmoss_interfaces/srv/detail/exchange_ammon__rosidl_typesupport_introspection_cpp.hpp
-- Symlinking: /home/rmsentry/ros_ws/install/rmoss_interfaces/include/rmoss_interfaces/rmoss_interfaces/srv/detail/get_camera_info__rosidl_typesupport_introspection_cpp.hpp
-- Symlinking: /home/rmsentry/ros_ws/install/rmoss_interfaces/include/rmoss_interfaces/rmoss_interfaces/srv/detail/get_mode__rosidl_typesupport_introspection_cpp.hpp
-- Symlinking: /home/rmsentry/ros_ws/install/rmoss_interfaces/include/rmoss_interfaces/rmoss_interfaces/srv/detail/get_task_status__rosidl_typesupport_introspection_cpp.hpp
-- Symlinking: /home/rmsentry/ros_ws/install/rmoss_interfaces/include/rmoss_interfaces/rmoss_interfaces/srv/detail/set_color__rosidl_typesupport_introspection_cpp.hpp
-- Symlinking: /home/rmsentry/ros_ws/install/rmoss_interfaces/include/rmoss_interfaces/rmoss_interfaces/srv/detail/set_mode__rosidl_typesupport_introspection_cpp.hpp
-- Symlinking: /home/rmsentry/ros_ws/install/rmoss_interfaces/share/rmoss_interfaces/environment/pythonpath.sh
-- Symlinking: /home/rmsentry/ros_ws/install/rmoss_interfaces/share/rmoss_interfaces/environment/pythonpath.dsv
-- Symlinking: /home/rmsentry/ros_ws/install/rmoss_interfaces/local/lib/python3.10/dist-packages/rmoss_interfaces-0.9.0-py3.10.egg-info/PKG-INFO
-- Symlinking: /home/rmsentry/ros_ws/install/rmoss_interfaces/local/lib/python3.10/dist-packages/rmoss_interfaces-0.9.0-py3.10.egg-info/SOURCES.txt
-- Symlinking: /home/rmsentry/ros_ws/install/rmoss_interfaces/local/lib/python3.10/dist-packages/rmoss_interfaces-0.9.0-py3.10.egg-info/dependency_links.txt
-- Symlinking: /home/rmsentry/ros_ws/install/rmoss_interfaces/local/lib/python3.10/dist-packages/rmoss_interfaces-0.9.0-py3.10.egg-info/top_level.txt
-- Symlinking: /home/rmsentry/ros_ws/install/rmoss_interfaces/local/lib/python3.10/dist-packages/rmoss_interfaces/__init__.py
-- Symlinking: /home/rmsentry/ros_ws/install/rmoss_interfaces/local/lib/python3.10/dist-packages/rmoss_interfaces/_rmoss_interfaces_s.ep.rosidl_typesupport_c.c
-- Symlinking: /home/rmsentry/ros_ws/install/rmoss_interfaces/local/lib/python3.10/dist-packages/rmoss_interfaces/_rmoss_interfaces_s.ep.rosidl_typesupport_fastrtps_c.c
-- Symlinking: /home/rmsentry/ros_ws/install/rmoss_interfaces/local/lib/python3.10/dist-packages/rmoss_interfaces/_rmoss_interfaces_s.ep.rosidl_typesupport_introspection_c.c
-- Symlinking: /home/rmsentry/ros_ws/install/rmoss_interfaces/local/lib/python3.10/dist-packages/rmoss_interfaces/librmoss_interfaces__rosidl_generator_py.so
-- Symlinking: /home/rmsentry/ros_ws/install/rmoss_interfaces/local/lib/python3.10/dist-packages/rmoss_interfaces/msg/__init__.py
-- Symlinking: /home/rmsentry/ros_ws/install/rmoss_interfaces/local/lib/python3.10/dist-packages/rmoss_interfaces/msg/_chassis_cmd.py
-- Symlinking: /home/rmsentry/ros_ws/install/rmoss_interfaces/local/lib/python3.10/dist-packages/rmoss_interfaces/msg/_chassis_cmd_s.c
-- Symlinking: /home/rmsentry/ros_ws/install/rmoss_interfaces/local/lib/python3.10/dist-packages/rmoss_interfaces/msg/_exchange_ammon.py
-- Symlinking: /home/rmsentry/ros_ws/install/rmoss_interfaces/local/lib/python3.10/dist-packages/rmoss_interfaces/msg/_exchange_ammon_s.c
-- Symlinking: /home/rmsentry/ros_ws/install/rmoss_interfaces/local/lib/python3.10/dist-packages/rmoss_interfaces/msg/_game_status.py
-- Symlinking: /home/rmsentry/ros_ws/install/rmoss_interfaces/local/lib/python3.10/dist-packages/rmoss_interfaces/msg/_game_status_s.c
-- Symlinking: /home/rmsentry/ros_ws/install/rmoss_interfaces/local/lib/python3.10/dist-packages/rmoss_interfaces/msg/_gimbal.py
-- Symlinking: /home/rmsentry/ros_ws/install/rmoss_interfaces/local/lib/python3.10/dist-packages/rmoss_interfaces/msg/_gimbal_cmd.py
-- Symlinking: /home/rmsentry/ros_ws/install/rmoss_interfaces/local/lib/python3.10/dist-packages/rmoss_interfaces/msg/_gimbal_cmd_s.c
-- Symlinking: /home/rmsentry/ros_ws/install/rmoss_interfaces/local/lib/python3.10/dist-packages/rmoss_interfaces/msg/_gimbal_s.c
-- Symlinking: /home/rmsentry/ros_ws/install/rmoss_interfaces/local/lib/python3.10/dist-packages/rmoss_interfaces/msg/_referee_cmd.py
-- Symlinking: /home/rmsentry/ros_ws/install/rmoss_interfaces/local/lib/python3.10/dist-packages/rmoss_interfaces/msg/_referee_cmd_s.c
-- Symlinking: /home/rmsentry/ros_ws/install/rmoss_interfaces/local/lib/python3.10/dist-packages/rmoss_interfaces/msg/_rfid_status.py
-- Symlinking: /home/rmsentry/ros_ws/install/rmoss_interfaces/local/lib/python3.10/dist-packages/rmoss_interfaces/msg/_rfid_status_array.py
-- Symlinking: /home/rmsentry/ros_ws/install/rmoss_interfaces/local/lib/python3.10/dist-packages/rmoss_interfaces/msg/_rfid_status_array_s.c
-- Symlinking: /home/rmsentry/ros_ws/install/rmoss_interfaces/local/lib/python3.10/dist-packages/rmoss_interfaces/msg/_rfid_status_s.c
-- Symlinking: /home/rmsentry/ros_ws/install/rmoss_interfaces/local/lib/python3.10/dist-packages/rmoss_interfaces/msg/_robot_status.py
-- Symlinking: /home/rmsentry/ros_ws/install/rmoss_interfaces/local/lib/python3.10/dist-packages/rmoss_interfaces/msg/_robot_status_s.c
-- Symlinking: /home/rmsentry/ros_ws/install/rmoss_interfaces/local/lib/python3.10/dist-packages/rmoss_interfaces/msg/_shoot_cmd.py
-- Symlinking: /home/rmsentry/ros_ws/install/rmoss_interfaces/local/lib/python3.10/dist-packages/rmoss_interfaces/msg/_shoot_cmd_s.c
-- Symlinking: /home/rmsentry/ros_ws/install/rmoss_interfaces/local/lib/python3.10/dist-packages/rmoss_interfaces/rmoss_interfaces_s__rosidl_typesupport_c.cpython-310-x86_64-linux-gnu.so
-- Symlinking: /home/rmsentry/ros_ws/install/rmoss_interfaces/local/lib/python3.10/dist-packages/rmoss_interfaces/rmoss_interfaces_s__rosidl_typesupport_fastrtps_c.cpython-310-x86_64-linux-gnu.so
-- Symlinking: /home/rmsentry/ros_ws/install/rmoss_interfaces/local/lib/python3.10/dist-packages/rmoss_interfaces/rmoss_interfaces_s__rosidl_typesupport_introspection_c.cpython-310-x86_64-linux-gnu.so
-- Symlinking: /home/rmsentry/ros_ws/install/rmoss_interfaces/local/lib/python3.10/dist-packages/rmoss_interfaces/srv/__init__.py
-- Symlinking: /home/rmsentry/ros_ws/install/rmoss_interfaces/local/lib/python3.10/dist-packages/rmoss_interfaces/srv/_control_task.py
-- Symlinking: /home/rmsentry/ros_ws/install/rmoss_interfaces/local/lib/python3.10/dist-packages/rmoss_interfaces/srv/_control_task_s.c
-- Symlinking: /home/rmsentry/ros_ws/install/rmoss_interfaces/local/lib/python3.10/dist-packages/rmoss_interfaces/srv/_exchange_ammon.py
-- Symlinking: /home/rmsentry/ros_ws/install/rmoss_interfaces/local/lib/python3.10/dist-packages/rmoss_interfaces/srv/_exchange_ammon_s.c
-- Symlinking: /home/rmsentry/ros_ws/install/rmoss_interfaces/local/lib/python3.10/dist-packages/rmoss_interfaces/srv/_get_camera_info.py
-- Symlinking: /home/rmsentry/ros_ws/install/rmoss_interfaces/local/lib/python3.10/dist-packages/rmoss_interfaces/srv/_get_camera_info_s.c
-- Symlinking: /home/rmsentry/ros_ws/install/rmoss_interfaces/local/lib/python3.10/dist-packages/rmoss_interfaces/srv/_get_mode.py
-- Symlinking: /home/rmsentry/ros_ws/install/rmoss_interfaces/local/lib/python3.10/dist-packages/rmoss_interfaces/srv/_get_mode_s.c
-- Symlinking: /home/rmsentry/ros_ws/install/rmoss_interfaces/local/lib/python3.10/dist-packages/rmoss_interfaces/srv/_get_task_status.py
-- Symlinking: /home/rmsentry/ros_ws/install/rmoss_interfaces/local/lib/python3.10/dist-packages/rmoss_interfaces/srv/_get_task_status_s.c
-- Symlinking: /home/rmsentry/ros_ws/install/rmoss_interfaces/local/lib/python3.10/dist-packages/rmoss_interfaces/srv/_set_color.py
-- Symlinking: /home/rmsentry/ros_ws/install/rmoss_interfaces/local/lib/python3.10/dist-packages/rmoss_interfaces/srv/_set_color_s.c
-- Symlinking: /home/rmsentry/ros_ws/install/rmoss_interfaces/local/lib/python3.10/dist-packages/rmoss_interfaces/srv/_set_mode.py
-- Symlinking: /home/rmsentry/ros_ws/install/rmoss_interfaces/local/lib/python3.10/dist-packages/rmoss_interfaces/srv/_set_mode_s.c
-- Up-to-date symlink: /home/rmsentry/ros_ws/install/rmoss_interfaces/local/lib/python3.10/dist-packages/rmoss_interfaces/rmoss_interfaces_s__rosidl_typesupport_fastrtps_c.cpython-310-x86_64-linux-gnu.so
-- Up-to-date symlink: /home/rmsentry/ros_ws/install/rmoss_interfaces/local/lib/python3.10/dist-packages/rmoss_interfaces/rmoss_interfaces_s__rosidl_typesupport_introspection_c.cpython-310-x86_64-linux-gnu.so
-- Up-to-date symlink: /home/rmsentry/ros_ws/install/rmoss_interfaces/local/lib/python3.10/dist-packages/rmoss_interfaces/rmoss_interfaces_s__rosidl_typesupport_c.cpython-310-x86_64-linux-gnu.so
-- Symlinking: /home/rmsentry/ros_ws/install/rmoss_interfaces/share/rmoss_interfaces/msg/RefereeCmd.idl
-- Symlinking: /home/rmsentry/ros_ws/install/rmoss_interfaces/share/rmoss_interfaces/msg/GameStatus.idl
-- Symlinking: /home/rmsentry/ros_ws/install/rmoss_interfaces/share/rmoss_interfaces/msg/RobotStatus.idl
-- Symlinking: /home/rmsentry/ros_ws/install/rmoss_interfaces/share/rmoss_interfaces/msg/RfidStatus.idl
-- Symlinking: /home/rmsentry/ros_ws/install/rmoss_interfaces/share/rmoss_interfaces/msg/RfidStatusArray.idl
-- Symlinking: /home/rmsentry/ros_ws/install/rmoss_interfaces/share/rmoss_interfaces/msg/ExchangeAmmon.idl
-- Symlinking: /home/rmsentry/ros_ws/install/rmoss_interfaces/share/rmoss_interfaces/msg/Gimbal.idl
-- Symlinking: /home/rmsentry/ros_ws/install/rmoss_interfaces/share/rmoss_interfaces/msg/GimbalCmd.idl
-- Symlinking: /home/rmsentry/ros_ws/install/rmoss_interfaces/share/rmoss_interfaces/msg/ShootCmd.idl
-- Symlinking: /home/rmsentry/ros_ws/install/rmoss_interfaces/share/rmoss_interfaces/msg/ChassisCmd.idl
-- Symlinking: /home/rmsentry/ros_ws/install/rmoss_interfaces/share/rmoss_interfaces/srv/SetColor.idl
-- Symlinking: /home/rmsentry/ros_ws/install/rmoss_interfaces/share/rmoss_interfaces/srv/SetMode.idl
-- Symlinking: /home/rmsentry/ros_ws/install/rmoss_interfaces/share/rmoss_interfaces/srv/GetMode.idl
-- Symlinking: /home/rmsentry/ros_ws/install/rmoss_interfaces/share/rmoss_interfaces/srv/GetCameraInfo.idl
-- Symlinking: /home/rmsentry/ros_ws/install/rmoss_interfaces/share/rmoss_interfaces/srv/GetTaskStatus.idl
-- Symlinking: /home/rmsentry/ros_ws/install/rmoss_interfaces/share/rmoss_interfaces/srv/ControlTask.idl
-- Symlinking: /home/rmsentry/ros_ws/install/rmoss_interfaces/share/rmoss_interfaces/srv/ExchangeAmmon.idl
-- Symlinking: /home/rmsentry/ros_ws/install/rmoss_interfaces/share/rmoss_interfaces/referee/RefereeCmd.msg
-- Symlinking: /home/rmsentry/ros_ws/install/rmoss_interfaces/share/rmoss_interfaces/referee/GameStatus.msg
-- Symlinking: /home/rmsentry/ros_ws/install/rmoss_interfaces/share/rmoss_interfaces/referee/RobotStatus.msg
-- Symlinking: /home/rmsentry/ros_ws/install/rmoss_interfaces/share/rmoss_interfaces/referee/RfidStatus.msg
-- Symlinking: /home/rmsentry/ros_ws/install/rmoss_interfaces/share/rmoss_interfaces/referee/RfidStatusArray.msg
-- Symlinking: /home/rmsentry/ros_ws/install/rmoss_interfaces/share/rmoss_interfaces/referee/ExchangeAmmon.msg
-- Symlinking: /home/rmsentry/ros_ws/install/rmoss_interfaces/share/rmoss_interfaces/msg/Gimbal.msg
-- Symlinking: /home/rmsentry/ros_ws/install/rmoss_interfaces/share/rmoss_interfaces/msg/GimbalCmd.msg
-- Symlinking: /home/rmsentry/ros_ws/install/rmoss_interfaces/share/rmoss_interfaces/msg/ShootCmd.msg
-- Symlinking: /home/rmsentry/ros_ws/install/rmoss_interfaces/share/rmoss_interfaces/msg/ChassisCmd.msg
-- Symlinking: /home/rmsentry/ros_ws/install/rmoss_interfaces/share/rmoss_interfaces/srv/SetColor.srv
-- Symlinking: /home/rmsentry/ros_ws/install/rmoss_interfaces/share/rmoss_interfaces/srv/SetColor_Request.msg
-- Symlinking: /home/rmsentry/ros_ws/install/rmoss_interfaces/share/rmoss_interfaces/srv/SetColor_Response.msg
-- Symlinking: /home/rmsentry/ros_ws/install/rmoss_interfaces/share/rmoss_interfaces/srv/SetMode.srv
-- Symlinking: /home/rmsentry/ros_ws/install/rmoss_interfaces/share/rmoss_interfaces/srv/SetMode_Request.msg
-- Symlinking: /home/rmsentry/ros_ws/install/rmoss_interfaces/share/rmoss_interfaces/srv/SetMode_Response.msg
-- Symlinking: /home/rmsentry/ros_ws/install/rmoss_interfaces/share/rmoss_interfaces/srv/GetMode.srv
-- Symlinking: /home/rmsentry/ros_ws/install/rmoss_interfaces/share/rmoss_interfaces/srv/GetMode_Request.msg
-- Symlinking: /home/rmsentry/ros_ws/install/rmoss_interfaces/share/rmoss_interfaces/srv/GetMode_Response.msg
-- Symlinking: /home/rmsentry/ros_ws/install/rmoss_interfaces/share/rmoss_interfaces/srv/GetCameraInfo.srv
-- Symlinking: /home/rmsentry/ros_ws/install/rmoss_interfaces/share/rmoss_interfaces/srv/GetCameraInfo_Request.msg
-- Symlinking: /home/rmsentry/ros_ws/install/rmoss_interfaces/share/rmoss_interfaces/srv/GetCameraInfo_Response.msg
-- Symlinking: /home/rmsentry/ros_ws/install/rmoss_interfaces/share/rmoss_interfaces/srv/GetTaskStatus.srv
-- Symlinking: /home/rmsentry/ros_ws/install/rmoss_interfaces/share/rmoss_interfaces/srv/GetTaskStatus_Request.msg
-- Symlinking: /home/rmsentry/ros_ws/install/rmoss_interfaces/share/rmoss_interfaces/srv/GetTaskStatus_Response.msg
-- Symlinking: /home/rmsentry/ros_ws/install/rmoss_interfaces/share/rmoss_interfaces/srv/ControlTask.srv
-- Symlinking: /home/rmsentry/ros_ws/install/rmoss_interfaces/share/rmoss_interfaces/srv/ControlTask_Request.msg
-- Symlinking: /home/rmsentry/ros_ws/install/rmoss_interfaces/share/rmoss_interfaces/srv/ControlTask_Response.msg
-- Symlinking: /home/rmsentry/ros_ws/install/rmoss_interfaces/share/rmoss_interfaces/srv/ExchangeAmmon.srv
-- Symlinking: /home/rmsentry/ros_ws/install/rmoss_interfaces/share/rmoss_interfaces/srv/ExchangeAmmon_Request.msg
-- Symlinking: /home/rmsentry/ros_ws/install/rmoss_interfaces/share/rmoss_interfaces/srv/ExchangeAmmon_Response.msg
-- Symlinking: /home/rmsentry/ros_ws/install/rmoss_interfaces/share/ament_index/resource_index/package_run_dependencies/rmoss_interfaces
-- Symlinking: /home/rmsentry/ros_ws/install/rmoss_interfaces/share/ament_index/resource_index/parent_prefix_path/rmoss_interfaces
-- Symlinking: /home/rmsentry/ros_ws/install/rmoss_interfaces/share/rmoss_interfaces/environment/ament_prefix_path.sh
-- Symlinking: /home/rmsentry/ros_ws/install/rmoss_interfaces/share/rmoss_interfaces/environment/ament_prefix_path.dsv
-- Symlinking: /home/rmsentry/ros_ws/install/rmoss_interfaces/share/rmoss_interfaces/environment/path.sh
-- Symlinking: /home/rmsentry/ros_ws/install/rmoss_interfaces/share/rmoss_interfaces/environment/path.dsv
-- Symlinking: /home/rmsentry/ros_ws/install/rmoss_interfaces/share/rmoss_interfaces/local_setup.bash
-- Symlinking: /home/rmsentry/ros_ws/install/rmoss_interfaces/share/rmoss_interfaces/local_setup.sh
-- Symlinking: /home/rmsentry/ros_ws/install/rmoss_interfaces/share/rmoss_interfaces/local_setup.zsh
-- Symlinking: /home/rmsentry/ros_ws/install/rmoss_interfaces/share/rmoss_interfaces/local_setup.dsv
-- Symlinking: /home/rmsentry/ros_ws/install/rmoss_interfaces/share/rmoss_interfaces/package.dsv
-- Symlinking: /home/rmsentry/ros_ws/install/rmoss_interfaces/share/ament_index/resource_index/packages/rmoss_interfaces
-- Symlinking: /home/rmsentry/ros_ws/install/rmoss_interfaces/share/rmoss_interfaces/cmake/rosidl_cmake-extras.cmake
-- Symlinking: /home/rmsentry/ros_ws/install/rmoss_interfaces/share/rmoss_interfaces/cmake/ament_cmake_export_dependencies-extras.cmake
-- Symlinking: /home/rmsentry/ros_ws/install/rmoss_interfaces/share/rmoss_interfaces/cmake/ament_cmake_export_include_directories-extras.cmake
-- Symlinking: /home/rmsentry/ros_ws/install/rmoss_interfaces/share/rmoss_interfaces/cmake/ament_cmake_export_libraries-extras.cmake
-- Symlinking: /home/rmsentry/ros_ws/install/rmoss_interfaces/share/rmoss_interfaces/cmake/ament_cmake_export_targets-extras.cmake
-- Symlinking: /home/rmsentry/ros_ws/install/rmoss_interfaces/share/rmoss_interfaces/cmake/rosidl_cmake_export_typesupport_targets-extras.cmake
-- Symlinking: /home/rmsentry/ros_ws/install/rmoss_interfaces/share/rmoss_interfaces/cmake/rosidl_cmake_export_typesupport_libraries-extras.cmake
-- Symlinking: /home/rmsentry/ros_ws/install/rmoss_interfaces/share/rmoss_interfaces/cmake/rmoss_interfacesConfig.cmake
-- Symlinking: /home/rmsentry/ros_ws/install/rmoss_interfaces/share/rmoss_interfaces/cmake/rmoss_interfacesConfig-version.cmake
-- Symlinking: /home/rmsentry/ros_ws/install/rmoss_interfaces/share/rmoss_interfaces/package.xml
-- Installing: /home/rmsentry/ros_ws/install/rmoss_interfaces/lib/librmoss_interfaces__rosidl_generator_c.so
-- Set non-toolchain portion of runtime path of "/home/rmsentry/ros_ws/install/rmoss_interfaces/lib/librmoss_interfaces__rosidl_generator_c.so" to ""
-- Installing: /home/rmsentry/ros_ws/install/rmoss_interfaces/lib/librmoss_interfaces__rosidl_typesupport_fastrtps_c.so
-- Set non-toolchain portion of runtime path of "/home/rmsentry/ros_ws/install/rmoss_interfaces/lib/librmoss_interfaces__rosidl_typesupport_fastrtps_c.so" to ""
-- Installing: /home/rmsentry/ros_ws/install/rmoss_interfaces/lib/librmoss_interfaces__rosidl_typesupport_fastrtps_cpp.so
-- Set non-toolchain portion of runtime path of "/home/rmsentry/ros_ws/install/rmoss_interfaces/lib/librmoss_interfaces__rosidl_typesupport_fastrtps_cpp.so" to ""
-- Installing: /home/rmsentry/ros_ws/install/rmoss_interfaces/lib/librmoss_interfaces__rosidl_typesupport_introspection_c.so
-- Set non-toolchain portion of runtime path of "/home/rmsentry/ros_ws/install/rmoss_interfaces/lib/librmoss_interfaces__rosidl_typesupport_introspection_c.so" to ""
-- Installing: /home/rmsentry/ros_ws/install/rmoss_interfaces/lib/librmoss_interfaces__rosidl_typesupport_c.so
-- Set non-toolchain portion of runtime path of "/home/rmsentry/ros_ws/install/rmoss_interfaces/lib/librmoss_interfaces__rosidl_typesupport_c.so" to ""
-- Installing: /home/rmsentry/ros_ws/install/rmoss_interfaces/lib/librmoss_interfaces__rosidl_typesupport_introspection_cpp.so
-- Set non-toolchain portion of runtime path of "/home/rmsentry/ros_ws/install/rmoss_interfaces/lib/librmoss_interfaces__rosidl_typesupport_introspection_cpp.so" to ""
-- Installing: /home/rmsentry/ros_ws/install/rmoss_interfaces/lib/librmoss_interfaces__rosidl_typesupport_cpp.so
-- Set non-toolchain portion of runtime path of "/home/rmsentry/ros_ws/install/rmoss_interfaces/lib/librmoss_interfaces__rosidl_typesupport_cpp.so" to ""
Listing '/home/rmsentry/ros_ws/install/rmoss_interfaces/local/lib/python3.10/dist-packages/rmoss_interfaces'...
Compiling '/home/rmsentry/ros_ws/install/rmoss_interfaces/local/lib/python3.10/dist-packages/rmoss_interfaces/__init__.py'...
Listing '/home/rmsentry/ros_ws/install/rmoss_interfaces/local/lib/python3.10/dist-packages/rmoss_interfaces/msg'...
Compiling '/home/rmsentry/ros_ws/install/rmoss_interfaces/local/lib/python3.10/dist-packages/rmoss_interfaces/msg/__init__.py'...
Compiling '/home/rmsentry/ros_ws/install/rmoss_interfaces/local/lib/python3.10/dist-packages/rmoss_interfaces/msg/_chassis_cmd.py'...
Compiling '/home/rmsentry/ros_ws/install/rmoss_interfaces/local/lib/python3.10/dist-packages/rmoss_interfaces/msg/_exchange_ammon.py'...
Compiling '/home/rmsentry/ros_ws/install/rmoss_interfaces/local/lib/python3.10/dist-packages/rmoss_interfaces/msg/_game_status.py'...
Compiling '/home/rmsentry/ros_ws/install/rmoss_interfaces/local/lib/python3.10/dist-packages/rmoss_interfaces/msg/_gimbal.py'...
Compiling '/home/rmsentry/ros_ws/install/rmoss_interfaces/local/lib/python3.10/dist-packages/rmoss_interfaces/msg/_gimbal_cmd.py'...
Compiling '/home/rmsentry/ros_ws/install/rmoss_interfaces/local/lib/python3.10/dist-packages/rmoss_interfaces/msg/_referee_cmd.py'...
Compiling '/home/rmsentry/ros_ws/install/rmoss_interfaces/local/lib/python3.10/dist-packages/rmoss_interfaces/msg/_rfid_status.py'...
Compiling '/home/rmsentry/ros_ws/install/rmoss_interfaces/local/lib/python3.10/dist-packages/rmoss_interfaces/msg/_rfid_status_array.py'...
Compiling '/home/rmsentry/ros_ws/install/rmoss_interfaces/local/lib/python3.10/dist-packages/rmoss_interfaces/msg/_robot_status.py'...
Compiling '/home/rmsentry/ros_ws/install/rmoss_interfaces/local/lib/python3.10/dist-packages/rmoss_interfaces/msg/_shoot_cmd.py'...
Listing '/home/rmsentry/ros_ws/install/rmoss_interfaces/local/lib/python3.10/dist-packages/rmoss_interfaces/srv'...
Compiling '/home/rmsentry/ros_ws/install/rmoss_interfaces/local/lib/python3.10/dist-packages/rmoss_interfaces/srv/__init__.py'...
Compiling '/home/rmsentry/ros_ws/install/rmoss_interfaces/local/lib/python3.10/dist-packages/rmoss_interfaces/srv/_control_task.py'...
Compiling '/home/rmsentry/ros_ws/install/rmoss_interfaces/local/lib/python3.10/dist-packages/rmoss_interfaces/srv/_exchange_ammon.py'...
Compiling '/home/rmsentry/ros_ws/install/rmoss_interfaces/local/lib/python3.10/dist-packages/rmoss_interfaces/srv/_get_camera_info.py'...
Compiling '/home/rmsentry/ros_ws/install/rmoss_interfaces/local/lib/python3.10/dist-packages/rmoss_interfaces/srv/_get_mode.py'...
Compiling '/home/rmsentry/ros_ws/install/rmoss_interfaces/local/lib/python3.10/dist-packages/rmoss_interfaces/srv/_get_task_status.py'...
Compiling '/home/rmsentry/ros_ws/install/rmoss_interfaces/local/lib/python3.10/dist-packages/rmoss_interfaces/srv/_set_color.py'...
Compiling '/home/rmsentry/ros_ws/install/rmoss_interfaces/local/lib/python3.10/dist-packages/rmoss_interfaces/srv/_set_mode.py'...
-- Installing: /home/rmsentry/ros_ws/install/rmoss_interfaces/lib/librmoss_interfaces__rosidl_generator_py.so
-- Set non-toolchain portion of runtime path of "/home/rmsentry/ros_ws/install/rmoss_interfaces/lib/librmoss_interfaces__rosidl_generator_py.so" to ""
-- Installing: /home/rmsentry/ros_ws/install/rmoss_interfaces/share/rmoss_interfaces/cmake/export_rmoss_interfaces__rosidl_generator_cExport.cmake
-- Installing: /home/rmsentry/ros_ws/install/rmoss_interfaces/share/rmoss_interfaces/cmake/export_rmoss_interfaces__rosidl_generator_cExport-noconfig.cmake
-- Installing: /home/rmsentry/ros_ws/install/rmoss_interfaces/share/rmoss_interfaces/cmake/export_rmoss_interfaces__rosidl_typesupport_fastrtps_cExport.cmake
-- Installing: /home/rmsentry/ros_ws/install/rmoss_interfaces/share/rmoss_interfaces/cmake/export_rmoss_interfaces__rosidl_typesupport_fastrtps_cExport-noconfig.cmake
-- Installing: /home/rmsentry/ros_ws/install/rmoss_interfaces/share/rmoss_interfaces/cmake/export_rmoss_interfaces__rosidl_generator_cppExport.cmake
-- Installing: /home/rmsentry/ros_ws/install/rmoss_interfaces/share/rmoss_interfaces/cmake/export_rmoss_interfaces__rosidl_typesupport_fastrtps_cppExport.cmake
-- Installing: /home/rmsentry/ros_ws/install/rmoss_interfaces/share/rmoss_interfaces/cmake/export_rmoss_interfaces__rosidl_typesupport_fastrtps_cppExport-noconfig.cmake
-- Installing: /home/rmsentry/ros_ws/install/rmoss_interfaces/share/rmoss_interfaces/cmake/rmoss_interfaces__rosidl_typesupport_introspection_cExport.cmake
-- Installing: /home/rmsentry/ros_ws/install/rmoss_interfaces/share/rmoss_interfaces/cmake/rmoss_interfaces__rosidl_typesupport_introspection_cExport-noconfig.cmake
-- Installing: /home/rmsentry/ros_ws/install/rmoss_interfaces/share/rmoss_interfaces/cmake/rmoss_interfaces__rosidl_typesupport_cExport.cmake
-- Installing: /home/rmsentry/ros_ws/install/rmoss_interfaces/share/rmoss_interfaces/cmake/rmoss_interfaces__rosidl_typesupport_cExport-noconfig.cmake
-- Installing: /home/rmsentry/ros_ws/install/rmoss_interfaces/share/rmoss_interfaces/cmake/rmoss_interfaces__rosidl_typesupport_introspection_cppExport.cmake
-- Installing: /home/rmsentry/ros_ws/install/rmoss_interfaces/share/rmoss_interfaces/cmake/rmoss_interfaces__rosidl_typesupport_introspection_cppExport-noconfig.cmake
-- Installing: /home/rmsentry/ros_ws/install/rmoss_interfaces/share/rmoss_interfaces/cmake/rmoss_interfaces__rosidl_typesupport_cppExport.cmake
-- Installing: /home/rmsentry/ros_ws/install/rmoss_interfaces/share/rmoss_interfaces/cmake/rmoss_interfaces__rosidl_typesupport_cppExport-noconfig.cmake
-- Installing: /home/rmsentry/ros_ws/install/rmoss_interfaces/share/rmoss_interfaces/cmake/export_rmoss_interfaces__rosidl_generator_pyExport.cmake
-- Installing: /home/rmsentry/ros_ws/install/rmoss_interfaces/share/rmoss_interfaces/cmake/export_rmoss_interfaces__rosidl_generator_pyExport-noconfig.cmake
