-- The C compiler identification is GNU 11.4.0
-- The CXX compiler identification is GNU 11.4.0
-- Detecting C compiler ABI info
-- Detecting C compiler ABI info - done
-- Check for working C compiler: /usr/bin/cc - skipped
-- Detecting C compile features
-- Detecting C compile features - done
-- Detecting CXX compiler ABI info
-- Detecting CXX compiler ABI info - done
-- Check for working CXX compiler: /usr/bin/c++ - skipped
-- Detecting CXX compile features
-- Detecting CXX compile features - done
-- Found ament_cmake: 1.3.12 (/opt/ros/humble/share/ament_cmake/cmake)
-- Found Python3: /usr/bin/python3 (found version "3.10.12") found components: Interpreter
-- Override CMake install command with custom implementation using symlinks instead of copying resources
-- Found std_msgs: 4.9.0 (/opt/ros/humble/share/std_msgs/cmake)
-- Found rosidl_generator_c: 3.1.7 (/opt/ros/humble/share/rosidl_generator_c/cmake)
-- Found rosidl_adapter: 3.1.7 (/opt/ros/humble/share/rosidl_adapter/cmake)
-- Found rosidl_generator_cpp: 3.1.7 (/opt/ros/humble/share/rosidl_generator_cpp/cmake)
-- Using all available rosidl_typesupport_c: rosidl_typesupport_fastrtps_c;rosidl_typesupport_introspection_c
-- Using all available rosidl_typesupport_cpp: rosidl_typesupport_fastrtps_cpp;rosidl_typesupport_introspection_cpp
-- Found rosidl_default_generators: 1.2.0 (/opt/ros/humble/share/rosidl_default_generators/cmake)
-- Found ament_cmake_ros: 0.10.0 (/opt/ros/humble/share/ament_cmake_ros/cmake)
-- Using all available rosidl_typesupport_c: rosidl_typesupport_fastrtps_c;rosidl_typesupport_introspection_c
-- Using all available rosidl_typesupport_cpp: rosidl_typesupport_fastrtps_cpp;rosidl_typesupport_introspection_cpp
-- Found PythonInterp: /usr/bin/python3 (found suitable version "3.10.12", minimum required is "3.6")
-- Found python_cmake_module: 0.10.0 (/opt/ros/humble/share/python_cmake_module/cmake)
-- Found PythonLibs: /usr/lib/x86_64-linux-gnu/libpython3.10.so (found suitable version "3.10.12", minimum required is "3.5")
-- Using PYTHON_EXECUTABLE: /usr/bin/python3
-- Using PYTHON_INCLUDE_DIRS: /usr/include/python3.10
-- Using PYTHON_LIBRARIES: /usr/lib/x86_64-linux-gnu/libpython3.10.so
-- Found PythonExtra: .so
-- Found ament_lint_auto: 0.12.14 (/opt/ros/humble/share/ament_lint_auto/cmake)
-- Added test 'copyright' to check source files copyright and LICENSE
-- Added test 'lint_cmake' to check CMake code style
-- Added test 'xmllint' to check XML markup files
-- Configuring done (3.1s)
-- Generating done (0.1s)
-- Build files have been written to: /home/rmsentry/ros_ws/build/livox_interfaces
[  2%] Generating C code for ROS interfaces
[  5%] Generating C++ code for ROS interfaces
[  5%] Built target ament_cmake_python_symlink_livox_interfaces
running egg_info
creating livox_interfaces.egg-info
writing livox_interfaces.egg-info/PKG-INFO
writing dependency_links to livox_interfaces.egg-info/dependency_links.txt
writing top-level names to livox_interfaces.egg-info/top_level.txt
writing manifest file 'livox_interfaces.egg-info/SOURCES.txt'
reading manifest file 'livox_interfaces.egg-info/SOURCES.txt'
writing manifest file 'livox_interfaces.egg-info/SOURCES.txt'
[  5%] Built target ament_cmake_python_build_livox_interfaces_egg
[  5%] Built target livox_interfaces__cpp
[  7%] Generating C++ type support for eProsima Fast-RTPS
[ 10%] Generating C++ introspection for ROS interfaces
[ 12%] Generating C++ type support dispatch for ROS interfaces
[ 15%] Building C object CMakeFiles/livox_interfaces__rosidl_generator_c.dir/rosidl_generator_c/livox_interfaces/msg/detail/custom_point__functions.c.o
[ 17%] Building C object CMakeFiles/livox_interfaces__rosidl_generator_c.dir/rosidl_generator_c/livox_interfaces/msg/detail/custom_msg__functions.c.o
[ 20%] Linking C shared library liblivox_interfaces__rosidl_generator_c.so
[ 20%] Built target livox_interfaces__rosidl_generator_c
[ 23%] Generating C introspection for ROS interfaces
[ 25%] Generating C type support dispatch for ROS interfaces
[ 28%] Generating C type support for eProsima Fast-RTPS
[ 30%] Building CXX object CMakeFiles/livox_interfaces__rosidl_typesupport_cpp.dir/rosidl_typesupport_cpp/livox_interfaces/msg/custom_point__type_support.cpp.o
[ 33%] Building CXX object CMakeFiles/livox_interfaces__rosidl_typesupport_cpp.dir/rosidl_typesupport_cpp/livox_interfaces/msg/custom_msg__type_support.cpp.o
[ 35%] Building CXX object CMakeFiles/livox_interfaces__rosidl_typesupport_introspection_cpp.dir/rosidl_typesupport_introspection_cpp/livox_interfaces/msg/detail/custom_point__type_support.cpp.o
[ 38%] Building CXX object CMakeFiles/livox_interfaces__rosidl_typesupport_introspection_cpp.dir/rosidl_typesupport_introspection_cpp/livox_interfaces/msg/detail/custom_msg__type_support.cpp.o
[ 41%] Building CXX object CMakeFiles/livox_interfaces__rosidl_typesupport_fastrtps_cpp.dir/rosidl_typesupport_fastrtps_cpp/livox_interfaces/msg/detail/dds_fastrtps/custom_msg__type_support.cpp.o
[ 43%] Building C object CMakeFiles/livox_interfaces__rosidl_typesupport_introspection_c.dir/rosidl_typesupport_introspection_c/livox_interfaces/msg/detail/custom_msg__type_support.c.o
[ 46%] Building CXX object CMakeFiles/livox_interfaces__rosidl_typesupport_fastrtps_cpp.dir/rosidl_typesupport_fastrtps_cpp/livox_interfaces/msg/detail/dds_fastrtps/custom_point__type_support.cpp.o
[ 48%] Building C object CMakeFiles/livox_interfaces__rosidl_typesupport_introspection_c.dir/rosidl_typesupport_introspection_c/livox_interfaces/msg/detail/custom_point__type_support.c.o
[ 51%] Building CXX object CMakeFiles/livox_interfaces__rosidl_typesupport_c.dir/rosidl_typesupport_c/livox_interfaces/msg/custom_point__type_support.cpp.o
[ 53%] Building CXX object CMakeFiles/livox_interfaces__rosidl_typesupport_c.dir/rosidl_typesupport_c/livox_interfaces/msg/custom_msg__type_support.cpp.o
[ 56%] Building CXX object CMakeFiles/livox_interfaces__rosidl_typesupport_fastrtps_c.dir/rosidl_typesupport_fastrtps_c/livox_interfaces/msg/detail/custom_point__type_support_c.cpp.o
[ 58%] Building CXX object CMakeFiles/livox_interfaces__rosidl_typesupport_fastrtps_c.dir/rosidl_typesupport_fastrtps_c/livox_interfaces/msg/detail/custom_msg__type_support_c.cpp.o
[ 61%] Linking C shared library liblivox_interfaces__rosidl_typesupport_introspection_c.so
[ 64%] Linking CXX shared library liblivox_interfaces__rosidl_typesupport_cpp.so
[ 66%] Linking CXX shared library liblivox_interfaces__rosidl_typesupport_c.so
[ 66%] Built target livox_interfaces__rosidl_typesupport_introspection_c
[ 66%] Built target livox_interfaces__rosidl_typesupport_cpp
[ 66%] Built target livox_interfaces__rosidl_typesupport_c
[ 69%] Linking CXX shared library liblivox_interfaces__rosidl_typesupport_introspection_cpp.so
[ 71%] Linking CXX shared library liblivox_interfaces__rosidl_typesupport_fastrtps_cpp.so
[ 74%] Linking CXX shared library liblivox_interfaces__rosidl_typesupport_fastrtps_c.so
[ 74%] Built target livox_interfaces__rosidl_typesupport_introspection_cpp
[ 74%] Built target livox_interfaces__rosidl_typesupport_fastrtps_cpp
[ 74%] Built target livox_interfaces__rosidl_typesupport_fastrtps_c
[ 74%] Built target livox_interfaces
[ 76%] Generating Python code for ROS interfaces
[ 76%] Built target livox_interfaces__py
[ 79%] Building C object CMakeFiles/livox_interfaces__rosidl_generator_py.dir/rosidl_generator_py/livox_interfaces/msg/_custom_point_s.c.o
[ 82%] Building C object CMakeFiles/livox_interfaces__rosidl_generator_py.dir/rosidl_generator_py/livox_interfaces/msg/_custom_msg_s.c.o
[ 84%] Linking C shared library rosidl_generator_py/livox_interfaces/liblivox_interfaces__rosidl_generator_py.so
[ 84%] Built target livox_interfaces__rosidl_generator_py
[ 87%] Building C object CMakeFiles/livox_interfaces__rosidl_typesupport_fastrtps_c__pyext.dir/rosidl_generator_py/livox_interfaces/_livox_interfaces_s.ep.rosidl_typesupport_fastrtps_c.c.o
[ 89%] Building C object CMakeFiles/livox_interfaces__rosidl_typesupport_c__pyext.dir/rosidl_generator_py/livox_interfaces/_livox_interfaces_s.ep.rosidl_typesupport_c.c.o
[ 92%] Building C object CMakeFiles/livox_interfaces__rosidl_typesupport_introspection_c__pyext.dir/rosidl_generator_py/livox_interfaces/_livox_interfaces_s.ep.rosidl_typesupport_introspection_c.c.o
[ 94%] Linking C shared library rosidl_generator_py/livox_interfaces/livox_interfaces_s__rosidl_typesupport_introspection_c.cpython-310-x86_64-linux-gnu.so
[ 97%] Linking C shared library rosidl_generator_py/livox_interfaces/livox_interfaces_s__rosidl_typesupport_fastrtps_c.cpython-310-x86_64-linux-gnu.so
[ 97%] Built target livox_interfaces__rosidl_typesupport_introspection_c__pyext
[ 97%] Built target livox_interfaces__rosidl_typesupport_fastrtps_c__pyext
[100%] Linking C shared library rosidl_generator_py/livox_interfaces/livox_interfaces_s__rosidl_typesupport_c.cpython-310-x86_64-linux-gnu.so
[100%] Built target livox_interfaces__rosidl_typesupport_c__pyext
-- Install configuration: ""
-- Execute custom install script
-- Symlinking: /home/rmsentry/ros_ws/install/livox_interfaces/share/ament_index/resource_index/rosidl_interfaces/livox_interfaces
-- Symlinking: /home/rmsentry/ros_ws/install/livox_interfaces/include/livox_interfaces/livox_interfaces/msg/custom_msg.h
-- Symlinking: /home/rmsentry/ros_ws/install/livox_interfaces/include/livox_interfaces/livox_interfaces/msg/custom_point.h
-- Symlinking: /home/rmsentry/ros_ws/install/livox_interfaces/include/livox_interfaces/livox_interfaces/msg/detail/custom_msg__functions.h
-- Symlinking: /home/rmsentry/ros_ws/install/livox_interfaces/include/livox_interfaces/livox_interfaces/msg/detail/custom_msg__struct.h
-- Symlinking: /home/rmsentry/ros_ws/install/livox_interfaces/include/livox_interfaces/livox_interfaces/msg/detail/custom_msg__type_support.h
-- Symlinking: /home/rmsentry/ros_ws/install/livox_interfaces/include/livox_interfaces/livox_interfaces/msg/detail/custom_point__functions.h
-- Symlinking: /home/rmsentry/ros_ws/install/livox_interfaces/include/livox_interfaces/livox_interfaces/msg/detail/custom_point__struct.h
-- Symlinking: /home/rmsentry/ros_ws/install/livox_interfaces/include/livox_interfaces/livox_interfaces/msg/detail/custom_point__type_support.h
-- Symlinking: /home/rmsentry/ros_ws/install/livox_interfaces/include/livox_interfaces/livox_interfaces/msg/rosidl_generator_c__visibility_control.h
-- Symlinking: /home/rmsentry/ros_ws/install/livox_interfaces/share/livox_interfaces/environment/library_path.sh
-- Symlinking: /home/rmsentry/ros_ws/install/livox_interfaces/share/livox_interfaces/environment/library_path.dsv
-- Symlinking: /home/rmsentry/ros_ws/install/livox_interfaces/include/livox_interfaces/livox_interfaces/msg/detail/custom_msg__rosidl_typesupport_fastrtps_c.h
-- Symlinking: /home/rmsentry/ros_ws/install/livox_interfaces/include/livox_interfaces/livox_interfaces/msg/detail/custom_point__rosidl_typesupport_fastrtps_c.h
-- Symlinking: /home/rmsentry/ros_ws/install/livox_interfaces/include/livox_interfaces/livox_interfaces/msg/rosidl_typesupport_fastrtps_c__visibility_control.h
-- Symlinking: /home/rmsentry/ros_ws/install/livox_interfaces/include/livox_interfaces/livox_interfaces/msg/custom_msg.hpp
-- Symlinking: /home/rmsentry/ros_ws/install/livox_interfaces/include/livox_interfaces/livox_interfaces/msg/custom_point.hpp
-- Symlinking: /home/rmsentry/ros_ws/install/livox_interfaces/include/livox_interfaces/livox_interfaces/msg/detail/custom_msg__builder.hpp
-- Symlinking: /home/rmsentry/ros_ws/install/livox_interfaces/include/livox_interfaces/livox_interfaces/msg/detail/custom_msg__struct.hpp
-- Symlinking: /home/rmsentry/ros_ws/install/livox_interfaces/include/livox_interfaces/livox_interfaces/msg/detail/custom_msg__traits.hpp
-- Symlinking: /home/rmsentry/ros_ws/install/livox_interfaces/include/livox_interfaces/livox_interfaces/msg/detail/custom_msg__type_support.hpp
-- Symlinking: /home/rmsentry/ros_ws/install/livox_interfaces/include/livox_interfaces/livox_interfaces/msg/detail/custom_point__builder.hpp
-- Symlinking: /home/rmsentry/ros_ws/install/livox_interfaces/include/livox_interfaces/livox_interfaces/msg/detail/custom_point__struct.hpp
-- Symlinking: /home/rmsentry/ros_ws/install/livox_interfaces/include/livox_interfaces/livox_interfaces/msg/detail/custom_point__traits.hpp
-- Symlinking: /home/rmsentry/ros_ws/install/livox_interfaces/include/livox_interfaces/livox_interfaces/msg/detail/custom_point__type_support.hpp
-- Symlinking: /home/rmsentry/ros_ws/install/livox_interfaces/include/livox_interfaces/livox_interfaces/msg/rosidl_generator_cpp__visibility_control.hpp
-- Symlinking: /home/rmsentry/ros_ws/install/livox_interfaces/include/livox_interfaces/livox_interfaces/msg/detail/custom_msg__rosidl_typesupport_fastrtps_cpp.hpp
-- Symlinking: /home/rmsentry/ros_ws/install/livox_interfaces/include/livox_interfaces/livox_interfaces/msg/detail/custom_point__rosidl_typesupport_fastrtps_cpp.hpp
-- Symlinking: /home/rmsentry/ros_ws/install/livox_interfaces/include/livox_interfaces/livox_interfaces/msg/rosidl_typesupport_fastrtps_cpp__visibility_control.h
-- Symlinking: /home/rmsentry/ros_ws/install/livox_interfaces/include/livox_interfaces/livox_interfaces/msg/detail/custom_msg__rosidl_typesupport_introspection_c.h
-- Symlinking: /home/rmsentry/ros_ws/install/livox_interfaces/include/livox_interfaces/livox_interfaces/msg/detail/custom_point__rosidl_typesupport_introspection_c.h
-- Symlinking: /home/rmsentry/ros_ws/install/livox_interfaces/include/livox_interfaces/livox_interfaces/msg/rosidl_typesupport_introspection_c__visibility_control.h
-- Symlinking: /home/rmsentry/ros_ws/install/livox_interfaces/include/livox_interfaces/livox_interfaces/msg/detail/custom_msg__rosidl_typesupport_introspection_cpp.hpp
-- Symlinking: /home/rmsentry/ros_ws/install/livox_interfaces/include/livox_interfaces/livox_interfaces/msg/detail/custom_point__rosidl_typesupport_introspection_cpp.hpp
-- Symlinking: /home/rmsentry/ros_ws/install/livox_interfaces/share/livox_interfaces/environment/pythonpath.sh
-- Symlinking: /home/rmsentry/ros_ws/install/livox_interfaces/share/livox_interfaces/environment/pythonpath.dsv
-- Symlinking: /home/rmsentry/ros_ws/install/livox_interfaces/local/lib/python3.10/dist-packages/livox_interfaces-0.0.1-py3.10.egg-info/PKG-INFO
-- Symlinking: /home/rmsentry/ros_ws/install/livox_interfaces/local/lib/python3.10/dist-packages/livox_interfaces-0.0.1-py3.10.egg-info/SOURCES.txt
-- Symlinking: /home/rmsentry/ros_ws/install/livox_interfaces/local/lib/python3.10/dist-packages/livox_interfaces-0.0.1-py3.10.egg-info/dependency_links.txt
-- Symlinking: /home/rmsentry/ros_ws/install/livox_interfaces/local/lib/python3.10/dist-packages/livox_interfaces-0.0.1-py3.10.egg-info/top_level.txt
-- Symlinking: /home/rmsentry/ros_ws/install/livox_interfaces/local/lib/python3.10/dist-packages/livox_interfaces/__init__.py
-- Symlinking: /home/rmsentry/ros_ws/install/livox_interfaces/local/lib/python3.10/dist-packages/livox_interfaces/_livox_interfaces_s.ep.rosidl_typesupport_c.c
-- Symlinking: /home/rmsentry/ros_ws/install/livox_interfaces/local/lib/python3.10/dist-packages/livox_interfaces/_livox_interfaces_s.ep.rosidl_typesupport_fastrtps_c.c
-- Symlinking: /home/rmsentry/ros_ws/install/livox_interfaces/local/lib/python3.10/dist-packages/livox_interfaces/_livox_interfaces_s.ep.rosidl_typesupport_introspection_c.c
-- Symlinking: /home/rmsentry/ros_ws/install/livox_interfaces/local/lib/python3.10/dist-packages/livox_interfaces/liblivox_interfaces__rosidl_generator_py.so
-- Symlinking: /home/rmsentry/ros_ws/install/livox_interfaces/local/lib/python3.10/dist-packages/livox_interfaces/livox_interfaces_s__rosidl_typesupport_c.cpython-310-x86_64-linux-gnu.so
-- Symlinking: /home/rmsentry/ros_ws/install/livox_interfaces/local/lib/python3.10/dist-packages/livox_interfaces/livox_interfaces_s__rosidl_typesupport_fastrtps_c.cpython-310-x86_64-linux-gnu.so
-- Symlinking: /home/rmsentry/ros_ws/install/livox_interfaces/local/lib/python3.10/dist-packages/livox_interfaces/livox_interfaces_s__rosidl_typesupport_introspection_c.cpython-310-x86_64-linux-gnu.so
-- Symlinking: /home/rmsentry/ros_ws/install/livox_interfaces/local/lib/python3.10/dist-packages/livox_interfaces/msg/__init__.py
-- Symlinking: /home/rmsentry/ros_ws/install/livox_interfaces/local/lib/python3.10/dist-packages/livox_interfaces/msg/_custom_msg.py
-- Symlinking: /home/rmsentry/ros_ws/install/livox_interfaces/local/lib/python3.10/dist-packages/livox_interfaces/msg/_custom_msg_s.c
-- Symlinking: /home/rmsentry/ros_ws/install/livox_interfaces/local/lib/python3.10/dist-packages/livox_interfaces/msg/_custom_point.py
-- Symlinking: /home/rmsentry/ros_ws/install/livox_interfaces/local/lib/python3.10/dist-packages/livox_interfaces/msg/_custom_point_s.c
-- Up-to-date symlink: /home/rmsentry/ros_ws/install/livox_interfaces/local/lib/python3.10/dist-packages/livox_interfaces/livox_interfaces_s__rosidl_typesupport_fastrtps_c.cpython-310-x86_64-linux-gnu.so
-- Up-to-date symlink: /home/rmsentry/ros_ws/install/livox_interfaces/local/lib/python3.10/dist-packages/livox_interfaces/livox_interfaces_s__rosidl_typesupport_introspection_c.cpython-310-x86_64-linux-gnu.so
-- Up-to-date symlink: /home/rmsentry/ros_ws/install/livox_interfaces/local/lib/python3.10/dist-packages/livox_interfaces/livox_interfaces_s__rosidl_typesupport_c.cpython-310-x86_64-linux-gnu.so
-- Symlinking: /home/rmsentry/ros_ws/install/livox_interfaces/share/livox_interfaces/msg/CustomPoint.idl
-- Symlinking: /home/rmsentry/ros_ws/install/livox_interfaces/share/livox_interfaces/msg/CustomMsg.idl
-- Symlinking: /home/rmsentry/ros_ws/install/livox_interfaces/share/livox_interfaces/msg/CustomPoint.msg
-- Symlinking: /home/rmsentry/ros_ws/install/livox_interfaces/share/livox_interfaces/msg/CustomMsg.msg
-- Symlinking: /home/rmsentry/ros_ws/install/livox_interfaces/share/ament_index/resource_index/package_run_dependencies/livox_interfaces
-- Symlinking: /home/rmsentry/ros_ws/install/livox_interfaces/share/ament_index/resource_index/parent_prefix_path/livox_interfaces
-- Symlinking: /home/rmsentry/ros_ws/install/livox_interfaces/share/livox_interfaces/environment/ament_prefix_path.sh
-- Symlinking: /home/rmsentry/ros_ws/install/livox_interfaces/share/livox_interfaces/environment/ament_prefix_path.dsv
-- Symlinking: /home/rmsentry/ros_ws/install/livox_interfaces/share/livox_interfaces/environment/path.sh
-- Symlinking: /home/rmsentry/ros_ws/install/livox_interfaces/share/livox_interfaces/environment/path.dsv
-- Symlinking: /home/rmsentry/ros_ws/install/livox_interfaces/share/livox_interfaces/local_setup.bash
-- Symlinking: /home/rmsentry/ros_ws/install/livox_interfaces/share/livox_interfaces/local_setup.sh
-- Symlinking: /home/rmsentry/ros_ws/install/livox_interfaces/share/livox_interfaces/local_setup.zsh
-- Symlinking: /home/rmsentry/ros_ws/install/livox_interfaces/share/livox_interfaces/local_setup.dsv
-- Symlinking: /home/rmsentry/ros_ws/install/livox_interfaces/share/livox_interfaces/package.dsv
-- Symlinking: /home/rmsentry/ros_ws/install/livox_interfaces/share/ament_index/resource_index/packages/livox_interfaces
-- Symlinking: /home/rmsentry/ros_ws/install/livox_interfaces/share/livox_interfaces/cmake/rosidl_cmake-extras.cmake
-- Symlinking: /home/rmsentry/ros_ws/install/livox_interfaces/share/livox_interfaces/cmake/ament_cmake_export_dependencies-extras.cmake
-- Symlinking: /home/rmsentry/ros_ws/install/livox_interfaces/share/livox_interfaces/cmake/ament_cmake_export_include_directories-extras.cmake
-- Symlinking: /home/rmsentry/ros_ws/install/livox_interfaces/share/livox_interfaces/cmake/ament_cmake_export_libraries-extras.cmake
-- Symlinking: /home/rmsentry/ros_ws/install/livox_interfaces/share/livox_interfaces/cmake/ament_cmake_export_targets-extras.cmake
-- Symlinking: /home/rmsentry/ros_ws/install/livox_interfaces/share/livox_interfaces/cmake/rosidl_cmake_export_typesupport_targets-extras.cmake
-- Symlinking: /home/rmsentry/ros_ws/install/livox_interfaces/share/livox_interfaces/cmake/rosidl_cmake_export_typesupport_libraries-extras.cmake
-- Symlinking: /home/rmsentry/ros_ws/install/livox_interfaces/share/livox_interfaces/cmake/livox_interfacesConfig.cmake
-- Symlinking: /home/rmsentry/ros_ws/install/livox_interfaces/share/livox_interfaces/cmake/livox_interfacesConfig-version.cmake
-- Symlinking: /home/rmsentry/ros_ws/install/livox_interfaces/share/livox_interfaces/package.xml
-- Installing: /home/rmsentry/ros_ws/install/livox_interfaces/lib/liblivox_interfaces__rosidl_generator_c.so
-- Set non-toolchain portion of runtime path of "/home/rmsentry/ros_ws/install/livox_interfaces/lib/liblivox_interfaces__rosidl_generator_c.so" to ""
-- Installing: /home/rmsentry/ros_ws/install/livox_interfaces/lib/liblivox_interfaces__rosidl_typesupport_fastrtps_c.so
-- Set non-toolchain portion of runtime path of "/home/rmsentry/ros_ws/install/livox_interfaces/lib/liblivox_interfaces__rosidl_typesupport_fastrtps_c.so" to ""
-- Installing: /home/rmsentry/ros_ws/install/livox_interfaces/lib/liblivox_interfaces__rosidl_typesupport_fastrtps_cpp.so
-- Set non-toolchain portion of runtime path of "/home/rmsentry/ros_ws/install/livox_interfaces/lib/liblivox_interfaces__rosidl_typesupport_fastrtps_cpp.so" to ""
-- Installing: /home/rmsentry/ros_ws/install/livox_interfaces/lib/liblivox_interfaces__rosidl_typesupport_introspection_c.so
-- Set non-toolchain portion of runtime path of "/home/rmsentry/ros_ws/install/livox_interfaces/lib/liblivox_interfaces__rosidl_typesupport_introspection_c.so" to ""
-- Installing: /home/rmsentry/ros_ws/install/livox_interfaces/lib/liblivox_interfaces__rosidl_typesupport_c.so
-- Set non-toolchain portion of runtime path of "/home/rmsentry/ros_ws/install/livox_interfaces/lib/liblivox_interfaces__rosidl_typesupport_c.so" to ""
-- Installing: /home/rmsentry/ros_ws/install/livox_interfaces/lib/liblivox_interfaces__rosidl_typesupport_introspection_cpp.so
-- Set non-toolchain portion of runtime path of "/home/rmsentry/ros_ws/install/livox_interfaces/lib/liblivox_interfaces__rosidl_typesupport_introspection_cpp.so" to ""
-- Installing: /home/rmsentry/ros_ws/install/livox_interfaces/lib/liblivox_interfaces__rosidl_typesupport_cpp.so
-- Set non-toolchain portion of runtime path of "/home/rmsentry/ros_ws/install/livox_interfaces/lib/liblivox_interfaces__rosidl_typesupport_cpp.so" to ""
Listing '/home/rmsentry/ros_ws/install/livox_interfaces/local/lib/python3.10/dist-packages/livox_interfaces'...
Compiling '/home/rmsentry/ros_ws/install/livox_interfaces/local/lib/python3.10/dist-packages/livox_interfaces/__init__.py'...
Listing '/home/rmsentry/ros_ws/install/livox_interfaces/local/lib/python3.10/dist-packages/livox_interfaces/msg'...
Compiling '/home/rmsentry/ros_ws/install/livox_interfaces/local/lib/python3.10/dist-packages/livox_interfaces/msg/__init__.py'...
Compiling '/home/rmsentry/ros_ws/install/livox_interfaces/local/lib/python3.10/dist-packages/livox_interfaces/msg/_custom_msg.py'...
Compiling '/home/rmsentry/ros_ws/install/livox_interfaces/local/lib/python3.10/dist-packages/livox_interfaces/msg/_custom_point.py'...
-- Installing: /home/rmsentry/ros_ws/install/livox_interfaces/lib/liblivox_interfaces__rosidl_generator_py.so
-- Set non-toolchain portion of runtime path of "/home/rmsentry/ros_ws/install/livox_interfaces/lib/liblivox_interfaces__rosidl_generator_py.so" to ""
-- Installing: /home/rmsentry/ros_ws/install/livox_interfaces/share/livox_interfaces/cmake/export_livox_interfaces__rosidl_generator_cExport.cmake
-- Installing: /home/rmsentry/ros_ws/install/livox_interfaces/share/livox_interfaces/cmake/export_livox_interfaces__rosidl_generator_cExport-noconfig.cmake
-- Installing: /home/rmsentry/ros_ws/install/livox_interfaces/share/livox_interfaces/cmake/export_livox_interfaces__rosidl_typesupport_fastrtps_cExport.cmake
-- Installing: /home/rmsentry/ros_ws/install/livox_interfaces/share/livox_interfaces/cmake/export_livox_interfaces__rosidl_typesupport_fastrtps_cExport-noconfig.cmake
-- Installing: /home/rmsentry/ros_ws/install/livox_interfaces/share/livox_interfaces/cmake/export_livox_interfaces__rosidl_generator_cppExport.cmake
-- Installing: /home/rmsentry/ros_ws/install/livox_interfaces/share/livox_interfaces/cmake/export_livox_interfaces__rosidl_typesupport_fastrtps_cppExport.cmake
-- Installing: /home/rmsentry/ros_ws/install/livox_interfaces/share/livox_interfaces/cmake/export_livox_interfaces__rosidl_typesupport_fastrtps_cppExport-noconfig.cmake
-- Installing: /home/rmsentry/ros_ws/install/livox_interfaces/share/livox_interfaces/cmake/livox_interfaces__rosidl_typesupport_introspection_cExport.cmake
-- Installing: /home/rmsentry/ros_ws/install/livox_interfaces/share/livox_interfaces/cmake/livox_interfaces__rosidl_typesupport_introspection_cExport-noconfig.cmake
-- Installing: /home/rmsentry/ros_ws/install/livox_interfaces/share/livox_interfaces/cmake/livox_interfaces__rosidl_typesupport_cExport.cmake
-- Installing: /home/rmsentry/ros_ws/install/livox_interfaces/share/livox_interfaces/cmake/livox_interfaces__rosidl_typesupport_cExport-noconfig.cmake
-- Installing: /home/rmsentry/ros_ws/install/livox_interfaces/share/livox_interfaces/cmake/livox_interfaces__rosidl_typesupport_introspection_cppExport.cmake
-- Installing: /home/rmsentry/ros_ws/install/livox_interfaces/share/livox_interfaces/cmake/livox_interfaces__rosidl_typesupport_introspection_cppExport-noconfig.cmake
-- Installing: /home/rmsentry/ros_ws/install/livox_interfaces/share/livox_interfaces/cmake/livox_interfaces__rosidl_typesupport_cppExport.cmake
-- Installing: /home/rmsentry/ros_ws/install/livox_interfaces/share/livox_interfaces/cmake/livox_interfaces__rosidl_typesupport_cppExport-noconfig.cmake
-- Installing: /home/rmsentry/ros_ws/install/livox_interfaces/share/livox_interfaces/cmake/export_livox_interfaces__rosidl_generator_pyExport.cmake
-- Installing: /home/rmsentry/ros_ws/install/livox_interfaces/share/livox_interfaces/cmake/export_livox_interfaces__rosidl_generator_pyExport-noconfig.cmake
