[0.007s] Invoking command in '/home/rmsentry/ros_ws/build/livox_interfaces': CMAKE_PREFIX_PATH=/opt/ros/humble /usr/local/bin/cmake /home/rmsentry/ros_ws/src/pb2025_sentry_nav/livox_ros2_driver/livox_interfaces -DAMENT_CMAKE_SYMLINK_INSTALL=1 -DCMAKE_INSTALL_PREFIX=/home/rmsentry/ros_ws/install/livox_interfaces
[0.070s] -- The C compiler identification is GNU 11.4.0
[0.140s] -- The CXX compiler identification is GNU 11.4.0
[0.151s] -- Detecting C compiler ABI info
[0.229s] -- Detecting C compiler ABI info - done
[0.253s] -- Check for working C compiler: /usr/bin/cc - skipped
[0.253s] -- Detecting C compile features
[0.255s] -- Detecting C compile features - done
[0.258s] -- Detecting CXX compiler ABI info
[0.334s] -- Detecting CXX compiler ABI info - done
[0.368s] -- Check for working CXX compiler: /usr/bin/c++ - skipped
[0.370s] -- Detecting CXX compile features
[0.370s] -- Detecting CXX compile features - done
[0.373s] -- Found ament_cmake: 1.3.12 (/opt/ros/humble/share/ament_cmake/cmake)
[0.544s] -- Found Python3: /usr/bin/python3 (found version "3.10.12") found components: Interpreter
[0.623s] -- Override CMake install command with custom implementation using symlinks instead of copying resources
[0.652s] -- Found std_msgs: 4.9.0 (/opt/ros/humble/share/std_msgs/cmake)
[0.697s] -- Found rosidl_generator_c: 3.1.7 (/opt/ros/humble/share/rosidl_generator_c/cmake)
[0.705s] -- Found rosidl_adapter: 3.1.7 (/opt/ros/humble/share/rosidl_adapter/cmake)
[0.712s] -- Found rosidl_generator_cpp: 3.1.7 (/opt/ros/humble/share/rosidl_generator_cpp/cmake)
[0.727s] -- Using all available rosidl_typesupport_c: rosidl_typesupport_fastrtps_c;rosidl_typesupport_introspection_c
[0.749s] -- Using all available rosidl_typesupport_cpp: rosidl_typesupport_fastrtps_cpp;rosidl_typesupport_introspection_cpp
[0.781s] -- Found rosidl_default_generators: 1.2.0 (/opt/ros/humble/share/rosidl_default_generators/cmake)
[1.325s] -- Found ament_cmake_ros: 0.10.0 (/opt/ros/humble/share/ament_cmake_ros/cmake)
[2.380s] -- Using all available rosidl_typesupport_c: rosidl_typesupport_fastrtps_c;rosidl_typesupport_introspection_c
[2.904s] -- Using all available rosidl_typesupport_cpp: rosidl_typesupport_fastrtps_cpp;rosidl_typesupport_introspection_cpp
[2.904s] CMake Warning (dev) at /opt/ros/humble/share/rosidl_generator_py/cmake/rosidl_generator_py_generate_interfaces.cmake:20 (find_package):
[2.904s]   Policy CMP0148 is not set: The FindPythonInterp and FindPythonLibs modules
[2.904s]   are removed.  Run "cmake --help-policy CMP0148" for policy details.  Use
[2.904s]   the cmake_policy command to set the policy and suppress this warning.
[2.905s] 
[2.905s] Call Stack (most recent call first):
[2.905s]   /opt/ros/humble/share/ament_cmake_core/cmake/core/ament_execute_extensions.cmake:48 (include)
[2.905s]   /opt/ros/humble/share/rosidl_cmake/cmake/rosidl_generate_interfaces.cmake:286 (ament_execute_extensions)
[2.905s]   CMakeLists.txt:24 (rosidl_generate_interfaces)
[2.905s] This warning is for project developers.  Use -Wno-dev to suppress it.
[2.905s] 
[2.905s] -- Found PythonInterp: /usr/bin/python3 (found suitable version "3.10.12", minimum required is "3.6")
[2.905s] -- Found python_cmake_module: 0.10.0 (/opt/ros/humble/share/python_cmake_module/cmake)
[2.905s] CMake Warning (dev) at /opt/ros/humble/share/python_cmake_module/cmake/Modules/FindPythonExtra.cmake:52 (find_package):
[2.905s]   Policy CMP0148 is not set: The FindPythonInterp and FindPythonLibs modules
[2.905s]   are removed.  Run "cmake --help-policy CMP0148" for policy details.  Use
[2.906s]   the cmake_policy command to set the policy and suppress this warning.
[2.906s] 
[2.906s] Call Stack (most recent call first):
[2.906s]   /opt/ros/humble/share/rosidl_generator_py/cmake/rosidl_generator_py_generate_interfaces.cmake:23 (find_package)
[2.906s]   /opt/ros/humble/share/ament_cmake_core/cmake/core/ament_execute_extensions.cmake:48 (include)
[2.906s]   /opt/ros/humble/share/rosidl_cmake/cmake/rosidl_generate_interfaces.cmake:286 (ament_execute_extensions)
[2.906s]   CMakeLists.txt:24 (rosidl_generate_interfaces)
[2.906s] This warning is for project developers.  Use -Wno-dev to suppress it.
[2.906s] 
[2.935s] CMake Warning (dev) at /opt/ros/humble/share/python_cmake_module/cmake/Modules/FindPythonExtra.cmake:140 (find_package):
[2.935s]   Policy CMP0148 is not set: The FindPythonInterp and FindPythonLibs modules
[2.935s]   are removed.  Run "cmake --help-policy CMP0148" for policy details.  Use
[2.935s]   the cmake_policy command to set the policy and suppress this warning.
[2.935s] 
[2.936s] Call Stack (most recent call first):
[2.936s]   /opt/ros/humble/share/rosidl_generator_py/cmake/rosidl_generator_py_generate_interfaces.cmake:23 (find_package)
[2.936s]   /opt/ros/humble/share/ament_cmake_core/cmake/core/ament_execute_extensions.cmake:48 (include)
[2.936s]   /opt/ros/humble/share/rosidl_cmake/cmake/rosidl_generate_interfaces.cmake:286 (ament_execute_extensions)
[2.936s]   CMakeLists.txt:24 (rosidl_generate_interfaces)
[2.936s] This warning is for project developers.  Use -Wno-dev to suppress it.
[2.936s] 
[2.949s] -- Found PythonLibs: /usr/lib/x86_64-linux-gnu/libpython3.10.so (found suitable version "3.10.12", minimum required is "3.5")
[2.949s] -- Using PYTHON_EXECUTABLE: /usr/bin/python3
[2.949s] -- Using PYTHON_INCLUDE_DIRS: /usr/include/python3.10
[2.949s] -- Using PYTHON_LIBRARIES: /usr/lib/x86_64-linux-gnu/libpython3.10.so
[2.992s] -- Found PythonExtra: .so
[3.070s] -- Found ament_lint_auto: 0.12.14 (/opt/ros/humble/share/ament_lint_auto/cmake)
[3.102s] -- Added test 'copyright' to check source files copyright and LICENSE
[3.102s] -- Added test 'lint_cmake' to check CMake code style
[3.103s] -- Added test 'xmllint' to check XML markup files
[3.118s] -- Configuring done (3.1s)
[3.189s] -- Generating done (0.1s)
[3.198s] -- Build files have been written to: /home/rmsentry/ros_ws/build/livox_interfaces
[3.218s] Invoked command in '/home/rmsentry/ros_ws/build/livox_interfaces' returned '0': CMAKE_PREFIX_PATH=/opt/ros/humble /usr/local/bin/cmake /home/rmsentry/ros_ws/src/pb2025_sentry_nav/livox_ros2_driver/livox_interfaces -DAMENT_CMAKE_SYMLINK_INSTALL=1 -DCMAKE_INSTALL_PREFIX=/home/rmsentry/ros_ws/install/livox_interfaces
[3.219s] Invoking command in '/home/rmsentry/ros_ws/build/livox_interfaces': CMAKE_PREFIX_PATH=/opt/ros/humble /usr/local/bin/cmake --build /home/rmsentry/ros_ws/build/livox_interfaces -- -j12 -l12
[3.266s] [  2%] Generating C code for ROS interfaces
[3.290s] [  5%] Generating C++ code for ROS interfaces
[3.308s] [  5%] Built target ament_cmake_python_symlink_livox_interfaces
[3.923s] running egg_info
[3.924s] creating livox_interfaces.egg-info
[3.924s] writing livox_interfaces.egg-info/PKG-INFO
[3.924s] writing dependency_links to livox_interfaces.egg-info/dependency_links.txt
[3.925s] writing top-level names to livox_interfaces.egg-info/top_level.txt
[3.925s] writing manifest file 'livox_interfaces.egg-info/SOURCES.txt'
[3.928s] reading manifest file 'livox_interfaces.egg-info/SOURCES.txt'
[3.929s] writing manifest file 'livox_interfaces.egg-info/SOURCES.txt'
[3.956s] [  5%] Built target ament_cmake_python_build_livox_interfaces_egg
[4.090s] [  5%] Built target livox_interfaces__cpp
[4.109s] [  7%] Generating C++ type support for eProsima Fast-RTPS
[4.112s] [ 10%] Generating C++ introspection for ROS interfaces
[4.115s] [ 12%] Generating C++ type support dispatch for ROS interfaces
[4.252s] [ 15%] Building C object CMakeFiles/livox_interfaces__rosidl_generator_c.dir/rosidl_generator_c/livox_interfaces/msg/detail/custom_point__functions.c.o
[4.254s] [ 17%] Building C object CMakeFiles/livox_interfaces__rosidl_generator_c.dir/rosidl_generator_c/livox_interfaces/msg/detail/custom_msg__functions.c.o
[4.380s] [ 20%] Linking C shared library liblivox_interfaces__rosidl_generator_c.so
[4.448s] [ 20%] Built target livox_interfaces__rosidl_generator_c
[4.454s] [ 23%] Generating C introspection for ROS interfaces
[4.472s] [ 25%] Generating C type support dispatch for ROS interfaces
[4.472s] [ 28%] Generating C type support for eProsima Fast-RTPS
[4.817s] [ 30%] Building CXX object CMakeFiles/livox_interfaces__rosidl_typesupport_cpp.dir/rosidl_typesupport_cpp/livox_interfaces/msg/custom_point__type_support.cpp.o
[4.821s] [ 33%] Building CXX object CMakeFiles/livox_interfaces__rosidl_typesupport_cpp.dir/rosidl_typesupport_cpp/livox_interfaces/msg/custom_msg__type_support.cpp.o
[5.186s] [ 35%] Building CXX object CMakeFiles/livox_interfaces__rosidl_typesupport_introspection_cpp.dir/rosidl_typesupport_introspection_cpp/livox_interfaces/msg/detail/custom_point__type_support.cpp.o
[5.191s] [ 38%] Building CXX object CMakeFiles/livox_interfaces__rosidl_typesupport_introspection_cpp.dir/rosidl_typesupport_introspection_cpp/livox_interfaces/msg/detail/custom_msg__type_support.cpp.o
[5.243s] [ 41%] Building CXX object CMakeFiles/livox_interfaces__rosidl_typesupport_fastrtps_cpp.dir/rosidl_typesupport_fastrtps_cpp/livox_interfaces/msg/detail/dds_fastrtps/custom_msg__type_support.cpp.o
[5.249s] [ 43%] Building C object CMakeFiles/livox_interfaces__rosidl_typesupport_introspection_c.dir/rosidl_typesupport_introspection_c/livox_interfaces/msg/detail/custom_msg__type_support.c.o
[5.249s] [ 46%] Building CXX object CMakeFiles/livox_interfaces__rosidl_typesupport_fastrtps_cpp.dir/rosidl_typesupport_fastrtps_cpp/livox_interfaces/msg/detail/dds_fastrtps/custom_point__type_support.cpp.o
[5.250s] [ 48%] Building C object CMakeFiles/livox_interfaces__rosidl_typesupport_introspection_c.dir/rosidl_typesupport_introspection_c/livox_interfaces/msg/detail/custom_point__type_support.c.o
[5.311s] [ 51%] Building CXX object CMakeFiles/livox_interfaces__rosidl_typesupport_c.dir/rosidl_typesupport_c/livox_interfaces/msg/custom_point__type_support.cpp.o
[5.314s] [ 53%] Building CXX object CMakeFiles/livox_interfaces__rosidl_typesupport_c.dir/rosidl_typesupport_c/livox_interfaces/msg/custom_msg__type_support.cpp.o
[5.324s] [ 56%] Building CXX object CMakeFiles/livox_interfaces__rosidl_typesupport_fastrtps_c.dir/rosidl_typesupport_fastrtps_c/livox_interfaces/msg/detail/custom_point__type_support_c.cpp.o
[5.324s] [ 58%] Building CXX object CMakeFiles/livox_interfaces__rosidl_typesupport_fastrtps_c.dir/rosidl_typesupport_fastrtps_c/livox_interfaces/msg/detail/custom_msg__type_support_c.cpp.o
[5.342s] [ 61%] Linking C shared library liblivox_interfaces__rosidl_typesupport_introspection_c.so
[5.347s] [ 64%] Linking CXX shared library liblivox_interfaces__rosidl_typesupport_cpp.so
[5.390s] [ 66%] Linking CXX shared library liblivox_interfaces__rosidl_typesupport_c.so
[5.413s] [ 66%] Built target livox_interfaces__rosidl_typesupport_introspection_c
[5.423s] [ 66%] Built target livox_interfaces__rosidl_typesupport_cpp
[5.452s] [ 66%] Built target livox_interfaces__rosidl_typesupport_c
[5.956s] [ 69%] Linking CXX shared library liblivox_interfaces__rosidl_typesupport_introspection_cpp.so
[6.021s] [ 71%] Linking CXX shared library liblivox_interfaces__rosidl_typesupport_fastrtps_cpp.so
[6.097s] [ 74%] Linking CXX shared library liblivox_interfaces__rosidl_typesupport_fastrtps_c.so
[6.098s] [ 74%] Built target livox_interfaces__rosidl_typesupport_introspection_cpp
[6.191s] [ 74%] Built target livox_interfaces__rosidl_typesupport_fastrtps_cpp
[6.227s] [ 74%] Built target livox_interfaces__rosidl_typesupport_fastrtps_c
[6.261s] [ 74%] Built target livox_interfaces
[6.282s] [ 76%] Generating Python code for ROS interfaces
[7.953s] [ 76%] Built target livox_interfaces__py
[7.978s] [ 79%] Building C object CMakeFiles/livox_interfaces__rosidl_generator_py.dir/rosidl_generator_py/livox_interfaces/msg/_custom_point_s.c.o
[7.979s] [ 82%] Building C object CMakeFiles/livox_interfaces__rosidl_generator_py.dir/rosidl_generator_py/livox_interfaces/msg/_custom_msg_s.c.o
[8.229s] [ 84%] Linking C shared library rosidl_generator_py/livox_interfaces/liblivox_interfaces__rosidl_generator_py.so
[8.283s] [ 84%] Built target livox_interfaces__rosidl_generator_py
[8.313s] [ 87%] Building C object CMakeFiles/livox_interfaces__rosidl_typesupport_fastrtps_c__pyext.dir/rosidl_generator_py/livox_interfaces/_livox_interfaces_s.ep.rosidl_typesupport_fastrtps_c.c.o
[8.319s] [ 89%] Building C object CMakeFiles/livox_interfaces__rosidl_typesupport_c__pyext.dir/rosidl_generator_py/livox_interfaces/_livox_interfaces_s.ep.rosidl_typesupport_c.c.o
[8.320s] [ 92%] Building C object CMakeFiles/livox_interfaces__rosidl_typesupport_introspection_c__pyext.dir/rosidl_generator_py/livox_interfaces/_livox_interfaces_s.ep.rosidl_typesupport_introspection_c.c.o
[8.526s] [ 94%] Linking C shared library rosidl_generator_py/livox_interfaces/livox_interfaces_s__rosidl_typesupport_introspection_c.cpython-310-x86_64-linux-gnu.so
[8.534s] [ 97%] Linking C shared library rosidl_generator_py/livox_interfaces/livox_interfaces_s__rosidl_typesupport_fastrtps_c.cpython-310-x86_64-linux-gnu.so
[8.591s] [ 97%] Built target livox_interfaces__rosidl_typesupport_introspection_c__pyext
[8.601s] [ 97%] Built target livox_interfaces__rosidl_typesupport_fastrtps_c__pyext
[8.606s] [100%] Linking C shared library rosidl_generator_py/livox_interfaces/livox_interfaces_s__rosidl_typesupport_c.cpython-310-x86_64-linux-gnu.so
[8.675s] [100%] Built target livox_interfaces__rosidl_typesupport_c__pyext
[8.695s] Invoked command in '/home/rmsentry/ros_ws/build/livox_interfaces' returned '0': CMAKE_PREFIX_PATH=/opt/ros/humble /usr/local/bin/cmake --build /home/rmsentry/ros_ws/build/livox_interfaces -- -j12 -l12
[8.695s] Invoking command in '/home/rmsentry/ros_ws/build/livox_interfaces': CMAKE_PREFIX_PATH=/opt/ros/humble /usr/local/bin/cmake --install /home/rmsentry/ros_ws/build/livox_interfaces
[8.703s] -- Install configuration: ""
[8.703s] -- Execute custom install script
[8.708s] -- Symlinking: /home/rmsentry/ros_ws/install/livox_interfaces/share/ament_index/resource_index/rosidl_interfaces/livox_interfaces
[8.716s] -- Symlinking: /home/rmsentry/ros_ws/install/livox_interfaces/include/livox_interfaces/livox_interfaces/msg/custom_msg.h
[8.723s] -- Symlinking: /home/rmsentry/ros_ws/install/livox_interfaces/include/livox_interfaces/livox_interfaces/msg/custom_point.h
[8.729s] -- Symlinking: /home/rmsentry/ros_ws/install/livox_interfaces/include/livox_interfaces/livox_interfaces/msg/detail/custom_msg__functions.h
[8.739s] -- Symlinking: /home/rmsentry/ros_ws/install/livox_interfaces/include/livox_interfaces/livox_interfaces/msg/detail/custom_msg__struct.h
[8.750s] -- Symlinking: /home/rmsentry/ros_ws/install/livox_interfaces/include/livox_interfaces/livox_interfaces/msg/detail/custom_msg__type_support.h
[8.759s] -- Symlinking: /home/rmsentry/ros_ws/install/livox_interfaces/include/livox_interfaces/livox_interfaces/msg/detail/custom_point__functions.h
[8.772s] -- Symlinking: /home/rmsentry/ros_ws/install/livox_interfaces/include/livox_interfaces/livox_interfaces/msg/detail/custom_point__struct.h
[8.780s] -- Symlinking: /home/rmsentry/ros_ws/install/livox_interfaces/include/livox_interfaces/livox_interfaces/msg/detail/custom_point__type_support.h
[8.791s] -- Symlinking: /home/rmsentry/ros_ws/install/livox_interfaces/include/livox_interfaces/livox_interfaces/msg/rosidl_generator_c__visibility_control.h
[8.799s] -- Symlinking: /home/rmsentry/ros_ws/install/livox_interfaces/share/livox_interfaces/environment/library_path.sh
[8.803s] -- Symlinking: /home/rmsentry/ros_ws/install/livox_interfaces/share/livox_interfaces/environment/library_path.dsv
[8.812s] -- Symlinking: /home/rmsentry/ros_ws/install/livox_interfaces/include/livox_interfaces/livox_interfaces/msg/detail/custom_msg__rosidl_typesupport_fastrtps_c.h
[8.814s] -- Symlinking: /home/rmsentry/ros_ws/install/livox_interfaces/include/livox_interfaces/livox_interfaces/msg/detail/custom_point__rosidl_typesupport_fastrtps_c.h
[8.819s] -- Symlinking: /home/rmsentry/ros_ws/install/livox_interfaces/include/livox_interfaces/livox_interfaces/msg/rosidl_typesupport_fastrtps_c__visibility_control.h
[8.823s] -- Symlinking: /home/rmsentry/ros_ws/install/livox_interfaces/include/livox_interfaces/livox_interfaces/msg/custom_msg.hpp
[8.830s] -- Symlinking: /home/rmsentry/ros_ws/install/livox_interfaces/include/livox_interfaces/livox_interfaces/msg/custom_point.hpp
[8.831s] -- Symlinking: /home/rmsentry/ros_ws/install/livox_interfaces/include/livox_interfaces/livox_interfaces/msg/detail/custom_msg__builder.hpp
[8.836s] -- Symlinking: /home/rmsentry/ros_ws/install/livox_interfaces/include/livox_interfaces/livox_interfaces/msg/detail/custom_msg__struct.hpp
[8.841s] -- Symlinking: /home/rmsentry/ros_ws/install/livox_interfaces/include/livox_interfaces/livox_interfaces/msg/detail/custom_msg__traits.hpp
[8.845s] -- Symlinking: /home/rmsentry/ros_ws/install/livox_interfaces/include/livox_interfaces/livox_interfaces/msg/detail/custom_msg__type_support.hpp
[8.850s] -- Symlinking: /home/rmsentry/ros_ws/install/livox_interfaces/include/livox_interfaces/livox_interfaces/msg/detail/custom_point__builder.hpp
[8.855s] -- Symlinking: /home/rmsentry/ros_ws/install/livox_interfaces/include/livox_interfaces/livox_interfaces/msg/detail/custom_point__struct.hpp
[8.859s] -- Symlinking: /home/rmsentry/ros_ws/install/livox_interfaces/include/livox_interfaces/livox_interfaces/msg/detail/custom_point__traits.hpp
[8.864s] -- Symlinking: /home/rmsentry/ros_ws/install/livox_interfaces/include/livox_interfaces/livox_interfaces/msg/detail/custom_point__type_support.hpp
[8.868s] -- Symlinking: /home/rmsentry/ros_ws/install/livox_interfaces/include/livox_interfaces/livox_interfaces/msg/rosidl_generator_cpp__visibility_control.hpp
[8.872s] -- Symlinking: /home/rmsentry/ros_ws/install/livox_interfaces/include/livox_interfaces/livox_interfaces/msg/detail/custom_msg__rosidl_typesupport_fastrtps_cpp.hpp
[8.880s] -- Symlinking: /home/rmsentry/ros_ws/install/livox_interfaces/include/livox_interfaces/livox_interfaces/msg/detail/custom_point__rosidl_typesupport_fastrtps_cpp.hpp
[8.882s] -- Symlinking: /home/rmsentry/ros_ws/install/livox_interfaces/include/livox_interfaces/livox_interfaces/msg/rosidl_typesupport_fastrtps_cpp__visibility_control.h
[8.890s] -- Symlinking: /home/rmsentry/ros_ws/install/livox_interfaces/include/livox_interfaces/livox_interfaces/msg/detail/custom_msg__rosidl_typesupport_introspection_c.h
[8.895s] -- Symlinking: /home/rmsentry/ros_ws/install/livox_interfaces/include/livox_interfaces/livox_interfaces/msg/detail/custom_point__rosidl_typesupport_introspection_c.h
[8.904s] -- Symlinking: /home/rmsentry/ros_ws/install/livox_interfaces/include/livox_interfaces/livox_interfaces/msg/rosidl_typesupport_introspection_c__visibility_control.h
[8.908s] -- Symlinking: /home/rmsentry/ros_ws/install/livox_interfaces/include/livox_interfaces/livox_interfaces/msg/detail/custom_msg__rosidl_typesupport_introspection_cpp.hpp
[8.918s] -- Symlinking: /home/rmsentry/ros_ws/install/livox_interfaces/include/livox_interfaces/livox_interfaces/msg/detail/custom_point__rosidl_typesupport_introspection_cpp.hpp
[8.923s] -- Symlinking: /home/rmsentry/ros_ws/install/livox_interfaces/share/livox_interfaces/environment/pythonpath.sh
[8.929s] -- Symlinking: /home/rmsentry/ros_ws/install/livox_interfaces/share/livox_interfaces/environment/pythonpath.dsv
[8.934s] -- Symlinking: /home/rmsentry/ros_ws/install/livox_interfaces/local/lib/python3.10/dist-packages/livox_interfaces-0.0.1-py3.10.egg-info/PKG-INFO
[8.942s] -- Symlinking: /home/rmsentry/ros_ws/install/livox_interfaces/local/lib/python3.10/dist-packages/livox_interfaces-0.0.1-py3.10.egg-info/SOURCES.txt
[8.945s] -- Symlinking: /home/rmsentry/ros_ws/install/livox_interfaces/local/lib/python3.10/dist-packages/livox_interfaces-0.0.1-py3.10.egg-info/dependency_links.txt
[8.950s] -- Symlinking: /home/rmsentry/ros_ws/install/livox_interfaces/local/lib/python3.10/dist-packages/livox_interfaces-0.0.1-py3.10.egg-info/top_level.txt
[8.952s] -- Symlinking: /home/rmsentry/ros_ws/install/livox_interfaces/local/lib/python3.10/dist-packages/livox_interfaces/__init__.py
[8.957s] -- Symlinking: /home/rmsentry/ros_ws/install/livox_interfaces/local/lib/python3.10/dist-packages/livox_interfaces/_livox_interfaces_s.ep.rosidl_typesupport_c.c
[8.962s] -- Symlinking: /home/rmsentry/ros_ws/install/livox_interfaces/local/lib/python3.10/dist-packages/livox_interfaces/_livox_interfaces_s.ep.rosidl_typesupport_fastrtps_c.c
[8.967s] -- Symlinking: /home/rmsentry/ros_ws/install/livox_interfaces/local/lib/python3.10/dist-packages/livox_interfaces/_livox_interfaces_s.ep.rosidl_typesupport_introspection_c.c
[8.972s] -- Symlinking: /home/rmsentry/ros_ws/install/livox_interfaces/local/lib/python3.10/dist-packages/livox_interfaces/liblivox_interfaces__rosidl_generator_py.so
[8.977s] -- Symlinking: /home/rmsentry/ros_ws/install/livox_interfaces/local/lib/python3.10/dist-packages/livox_interfaces/livox_interfaces_s__rosidl_typesupport_c.cpython-310-x86_64-linux-gnu.so
[8.981s] -- Symlinking: /home/rmsentry/ros_ws/install/livox_interfaces/local/lib/python3.10/dist-packages/livox_interfaces/livox_interfaces_s__rosidl_typesupport_fastrtps_c.cpython-310-x86_64-linux-gnu.so
[8.986s] -- Symlinking: /home/rmsentry/ros_ws/install/livox_interfaces/local/lib/python3.10/dist-packages/livox_interfaces/livox_interfaces_s__rosidl_typesupport_introspection_c.cpython-310-x86_64-linux-gnu.so
[8.991s] -- Symlinking: /home/rmsentry/ros_ws/install/livox_interfaces/local/lib/python3.10/dist-packages/livox_interfaces/msg/__init__.py
[9.000s] -- Symlinking: /home/rmsentry/ros_ws/install/livox_interfaces/local/lib/python3.10/dist-packages/livox_interfaces/msg/_custom_msg.py
[9.005s] -- Symlinking: /home/rmsentry/ros_ws/install/livox_interfaces/local/lib/python3.10/dist-packages/livox_interfaces/msg/_custom_msg_s.c
[9.007s] -- Symlinking: /home/rmsentry/ros_ws/install/livox_interfaces/local/lib/python3.10/dist-packages/livox_interfaces/msg/_custom_point.py
[9.011s] -- Symlinking: /home/rmsentry/ros_ws/install/livox_interfaces/local/lib/python3.10/dist-packages/livox_interfaces/msg/_custom_point_s.c
[9.023s] -- Up-to-date symlink: /home/rmsentry/ros_ws/install/livox_interfaces/local/lib/python3.10/dist-packages/livox_interfaces/livox_interfaces_s__rosidl_typesupport_fastrtps_c.cpython-310-x86_64-linux-gnu.so
[9.024s] -- Up-to-date symlink: /home/rmsentry/ros_ws/install/livox_interfaces/local/lib/python3.10/dist-packages/livox_interfaces/livox_interfaces_s__rosidl_typesupport_introspection_c.cpython-310-x86_64-linux-gnu.so
[9.024s] -- Up-to-date symlink: /home/rmsentry/ros_ws/install/livox_interfaces/local/lib/python3.10/dist-packages/livox_interfaces/livox_interfaces_s__rosidl_typesupport_c.cpython-310-x86_64-linux-gnu.so
[9.028s] -- Symlinking: /home/rmsentry/ros_ws/install/livox_interfaces/share/livox_interfaces/msg/CustomPoint.idl
[9.033s] -- Symlinking: /home/rmsentry/ros_ws/install/livox_interfaces/share/livox_interfaces/msg/CustomMsg.idl
[9.038s] -- Symlinking: /home/rmsentry/ros_ws/install/livox_interfaces/share/livox_interfaces/msg/CustomPoint.msg
[9.041s] -- Symlinking: /home/rmsentry/ros_ws/install/livox_interfaces/share/livox_interfaces/msg/CustomMsg.msg
[9.046s] -- Symlinking: /home/rmsentry/ros_ws/install/livox_interfaces/share/ament_index/resource_index/package_run_dependencies/livox_interfaces
[9.050s] -- Symlinking: /home/rmsentry/ros_ws/install/livox_interfaces/share/ament_index/resource_index/parent_prefix_path/livox_interfaces
[9.054s] -- Symlinking: /home/rmsentry/ros_ws/install/livox_interfaces/share/livox_interfaces/environment/ament_prefix_path.sh
[9.058s] -- Symlinking: /home/rmsentry/ros_ws/install/livox_interfaces/share/livox_interfaces/environment/ament_prefix_path.dsv
[9.063s] -- Symlinking: /home/rmsentry/ros_ws/install/livox_interfaces/share/livox_interfaces/environment/path.sh
[9.068s] -- Symlinking: /home/rmsentry/ros_ws/install/livox_interfaces/share/livox_interfaces/environment/path.dsv
[9.073s] -- Symlinking: /home/rmsentry/ros_ws/install/livox_interfaces/share/livox_interfaces/local_setup.bash
[9.079s] -- Symlinking: /home/rmsentry/ros_ws/install/livox_interfaces/share/livox_interfaces/local_setup.sh
[9.090s] -- Symlinking: /home/rmsentry/ros_ws/install/livox_interfaces/share/livox_interfaces/local_setup.zsh
[9.095s] -- Symlinking: /home/rmsentry/ros_ws/install/livox_interfaces/share/livox_interfaces/local_setup.dsv
[9.105s] -- Symlinking: /home/rmsentry/ros_ws/install/livox_interfaces/share/livox_interfaces/package.dsv
[9.110s] -- Symlinking: /home/rmsentry/ros_ws/install/livox_interfaces/share/ament_index/resource_index/packages/livox_interfaces
[9.116s] -- Symlinking: /home/rmsentry/ros_ws/install/livox_interfaces/share/livox_interfaces/cmake/rosidl_cmake-extras.cmake
[9.127s] -- Symlinking: /home/rmsentry/ros_ws/install/livox_interfaces/share/livox_interfaces/cmake/ament_cmake_export_dependencies-extras.cmake
[9.136s] -- Symlinking: /home/rmsentry/ros_ws/install/livox_interfaces/share/livox_interfaces/cmake/ament_cmake_export_include_directories-extras.cmake
[9.152s] -- Symlinking: /home/rmsentry/ros_ws/install/livox_interfaces/share/livox_interfaces/cmake/ament_cmake_export_libraries-extras.cmake
[9.161s] -- Symlinking: /home/rmsentry/ros_ws/install/livox_interfaces/share/livox_interfaces/cmake/ament_cmake_export_targets-extras.cmake
[9.168s] -- Symlinking: /home/rmsentry/ros_ws/install/livox_interfaces/share/livox_interfaces/cmake/rosidl_cmake_export_typesupport_targets-extras.cmake
[9.176s] -- Symlinking: /home/rmsentry/ros_ws/install/livox_interfaces/share/livox_interfaces/cmake/rosidl_cmake_export_typesupport_libraries-extras.cmake
[9.182s] -- Symlinking: /home/rmsentry/ros_ws/install/livox_interfaces/share/livox_interfaces/cmake/livox_interfacesConfig.cmake
[9.189s] -- Symlinking: /home/rmsentry/ros_ws/install/livox_interfaces/share/livox_interfaces/cmake/livox_interfacesConfig-version.cmake
[9.206s] -- Symlinking: /home/rmsentry/ros_ws/install/livox_interfaces/share/livox_interfaces/package.xml
[9.215s] -- Installing: /home/rmsentry/ros_ws/install/livox_interfaces/lib/liblivox_interfaces__rosidl_generator_c.so
[9.215s] -- Set non-toolchain portion of runtime path of "/home/rmsentry/ros_ws/install/livox_interfaces/lib/liblivox_interfaces__rosidl_generator_c.so" to ""
[9.215s] -- Installing: /home/rmsentry/ros_ws/install/livox_interfaces/lib/liblivox_interfaces__rosidl_typesupport_fastrtps_c.so
[9.215s] -- Set non-toolchain portion of runtime path of "/home/rmsentry/ros_ws/install/livox_interfaces/lib/liblivox_interfaces__rosidl_typesupport_fastrtps_c.so" to ""
[9.216s] -- Installing: /home/rmsentry/ros_ws/install/livox_interfaces/lib/liblivox_interfaces__rosidl_typesupport_fastrtps_cpp.so
[9.220s] -- Set non-toolchain portion of runtime path of "/home/rmsentry/ros_ws/install/livox_interfaces/lib/liblivox_interfaces__rosidl_typesupport_fastrtps_cpp.so" to ""
[9.220s] -- Installing: /home/rmsentry/ros_ws/install/livox_interfaces/lib/liblivox_interfaces__rosidl_typesupport_introspection_c.so
[9.220s] -- Set non-toolchain portion of runtime path of "/home/rmsentry/ros_ws/install/livox_interfaces/lib/liblivox_interfaces__rosidl_typesupport_introspection_c.so" to ""
[9.220s] -- Installing: /home/rmsentry/ros_ws/install/livox_interfaces/lib/liblivox_interfaces__rosidl_typesupport_c.so
[9.220s] -- Set non-toolchain portion of runtime path of "/home/rmsentry/ros_ws/install/livox_interfaces/lib/liblivox_interfaces__rosidl_typesupport_c.so" to ""
[9.220s] -- Installing: /home/rmsentry/ros_ws/install/livox_interfaces/lib/liblivox_interfaces__rosidl_typesupport_introspection_cpp.so
[9.220s] -- Set non-toolchain portion of runtime path of "/home/rmsentry/ros_ws/install/livox_interfaces/lib/liblivox_interfaces__rosidl_typesupport_introspection_cpp.so" to ""
[9.220s] -- Installing: /home/rmsentry/ros_ws/install/livox_interfaces/lib/liblivox_interfaces__rosidl_typesupport_cpp.so
[9.220s] -- Set non-toolchain portion of runtime path of "/home/rmsentry/ros_ws/install/livox_interfaces/lib/liblivox_interfaces__rosidl_typesupport_cpp.so" to ""
[9.355s] Listing '/home/rmsentry/ros_ws/install/livox_interfaces/local/lib/python3.10/dist-packages/livox_interfaces'...
[9.355s] Compiling '/home/rmsentry/ros_ws/install/livox_interfaces/local/lib/python3.10/dist-packages/livox_interfaces/__init__.py'...
[9.356s] Listing '/home/rmsentry/ros_ws/install/livox_interfaces/local/lib/python3.10/dist-packages/livox_interfaces/msg'...
[9.356s] Compiling '/home/rmsentry/ros_ws/install/livox_interfaces/local/lib/python3.10/dist-packages/livox_interfaces/msg/__init__.py'...
[9.356s] Compiling '/home/rmsentry/ros_ws/install/livox_interfaces/local/lib/python3.10/dist-packages/livox_interfaces/msg/_custom_msg.py'...
[9.356s] Compiling '/home/rmsentry/ros_ws/install/livox_interfaces/local/lib/python3.10/dist-packages/livox_interfaces/msg/_custom_point.py'...
[9.374s] -- Installing: /home/rmsentry/ros_ws/install/livox_interfaces/lib/liblivox_interfaces__rosidl_generator_py.so
[9.376s] -- Set non-toolchain portion of runtime path of "/home/rmsentry/ros_ws/install/livox_interfaces/lib/liblivox_interfaces__rosidl_generator_py.so" to ""
[9.376s] -- Installing: /home/rmsentry/ros_ws/install/livox_interfaces/share/livox_interfaces/cmake/export_livox_interfaces__rosidl_generator_cExport.cmake
[9.376s] -- Installing: /home/rmsentry/ros_ws/install/livox_interfaces/share/livox_interfaces/cmake/export_livox_interfaces__rosidl_generator_cExport-noconfig.cmake
[9.376s] -- Installing: /home/rmsentry/ros_ws/install/livox_interfaces/share/livox_interfaces/cmake/export_livox_interfaces__rosidl_typesupport_fastrtps_cExport.cmake
[9.376s] -- Installing: /home/rmsentry/ros_ws/install/livox_interfaces/share/livox_interfaces/cmake/export_livox_interfaces__rosidl_typesupport_fastrtps_cExport-noconfig.cmake
[9.376s] -- Installing: /home/rmsentry/ros_ws/install/livox_interfaces/share/livox_interfaces/cmake/export_livox_interfaces__rosidl_generator_cppExport.cmake
[9.376s] -- Installing: /home/rmsentry/ros_ws/install/livox_interfaces/share/livox_interfaces/cmake/export_livox_interfaces__rosidl_typesupport_fastrtps_cppExport.cmake
[9.376s] -- Installing: /home/rmsentry/ros_ws/install/livox_interfaces/share/livox_interfaces/cmake/export_livox_interfaces__rosidl_typesupport_fastrtps_cppExport-noconfig.cmake
[9.376s] -- Installing: /home/rmsentry/ros_ws/install/livox_interfaces/share/livox_interfaces/cmake/livox_interfaces__rosidl_typesupport_introspection_cExport.cmake
[9.376s] -- Installing: /home/rmsentry/ros_ws/install/livox_interfaces/share/livox_interfaces/cmake/livox_interfaces__rosidl_typesupport_introspection_cExport-noconfig.cmake
[9.376s] -- Installing: /home/rmsentry/ros_ws/install/livox_interfaces/share/livox_interfaces/cmake/livox_interfaces__rosidl_typesupport_cExport.cmake
[9.376s] -- Installing: /home/rmsentry/ros_ws/install/livox_interfaces/share/livox_interfaces/cmake/livox_interfaces__rosidl_typesupport_cExport-noconfig.cmake
[9.376s] -- Installing: /home/rmsentry/ros_ws/install/livox_interfaces/share/livox_interfaces/cmake/livox_interfaces__rosidl_typesupport_introspection_cppExport.cmake
[9.376s] -- Installing: /home/rmsentry/ros_ws/install/livox_interfaces/share/livox_interfaces/cmake/livox_interfaces__rosidl_typesupport_introspection_cppExport-noconfig.cmake
[9.376s] -- Installing: /home/rmsentry/ros_ws/install/livox_interfaces/share/livox_interfaces/cmake/livox_interfaces__rosidl_typesupport_cppExport.cmake
[9.376s] -- Installing: /home/rmsentry/ros_ws/install/livox_interfaces/share/livox_interfaces/cmake/livox_interfaces__rosidl_typesupport_cppExport-noconfig.cmake
[9.376s] -- Installing: /home/rmsentry/ros_ws/install/livox_interfaces/share/livox_interfaces/cmake/export_livox_interfaces__rosidl_generator_pyExport.cmake
[9.381s] -- Installing: /home/rmsentry/ros_ws/install/livox_interfaces/share/livox_interfaces/cmake/export_livox_interfaces__rosidl_generator_pyExport-noconfig.cmake
[9.383s] Invoked command in '/home/rmsentry/ros_ws/build/livox_interfaces' returned '0': CMAKE_PREFIX_PATH=/opt/ros/humble /usr/local/bin/cmake --install /home/rmsentry/ros_ws/build/livox_interfaces
