[0.020s] Invoking command in '/home/rmsentry/ros_ws/build/ign_sim_pointcloud_tool': CMAKE_PREFIX_PATH=/opt/ros/humble /usr/local/bin/cmake /home/rmsentry/ros_ws/src/pb2025_sentry_nav/ign_sim_pointcloud_tool -DAMENT_CMAKE_SYMLINK_INSTALL=1 -DCMAKE_INSTALL_PREFIX=/home/rmsentry/ros_ws/install/ign_sim_pointcloud_tool
[0.316s] -- The C compiler identification is GNU 11.4.0
[0.316s] -- The CXX compiler identification is GNU 11.4.0
[0.316s] -- Detecting C compiler ABI info
[0.316s] -- Detecting C compiler ABI info - done
[0.316s] -- Check for working C compiler: /usr/bin/cc - skipped
[0.316s] -- Detecting C compile features
[0.316s] -- Detecting C compile features - done
[0.316s] -- Detecting CXX compiler ABI info
[0.330s] -- Detecting CXX compiler ABI info - done
[0.351s] -- Check for working CXX compiler: /usr/bin/c++ - skipped
[0.351s] -- Detecting CXX compile features
[0.351s] -- Detecting CXX compile features - done
[0.353s] -- Found ament_cmake_auto: 1.3.12 (/opt/ros/humble/share/ament_cmake_auto/cmake)
[0.526s] -- Found Python3: /usr/bin/python3 (found version "3.10.12") found components: Interpreter
[0.598s] -- Override CMake install command with custom implementation using symlinks instead of copying resources
[0.643s] CMake Warning (dev) at /usr/lib/x86_64-linux-gnu/cmake/pcl/PCLConfig.cmake:146 (find_package):
[0.644s]   Policy CMP0144 is not set: find_package uses upper-case <PACKAGENAME>_ROOT
[0.644s]   variables.  Run "cmake --help-policy CMP0144" for policy details.  Use the
[0.644s]   cmake_policy command to set the policy and suppress this warning.
[0.645s] 
[0.645s]   CMake variable EIGEN_ROOT is set to:
[0.645s] 
[0.646s]     /usr/include/eigen3
[0.646s] 
[0.647s]   For compatibility, find_package is ignoring the variable, but code in a
[0.647s]   .cmake module might still use it.
[0.647s] Call Stack (most recent call first):
[0.648s]   /usr/lib/x86_64-linux-gnu/cmake/pcl/PCLConfig.cmake:299 (find_eigen)
[0.648s]   /usr/lib/x86_64-linux-gnu/cmake/pcl/PCLConfig.cmake:543 (find_external_library)
[0.648s]   CMakeLists.txt:21 (find_package)
[0.649s] This warning is for project developers.  Use -Wno-dev to suppress it.
[0.649s] 
[0.654s] -- Checking for module 'eigen3'
[0.669s] --   Found eigen3, version 3.4.0
[0.701s] -- Found Eigen: /usr/include/eigen3 (Required is at least version "3.1")
[0.701s] -- Eigen found (include: /usr/include/eigen3, version: 3.4.0)
[0.764s] -- Found Boost: /usr/lib/x86_64-linux-gnu/cmake/Boost-1.74.0/BoostConfig.cmake (found suitable version "1.74.0", minimum required is "1.65.0") found components: system filesystem date_time iostreams serialization
[0.767s] CMake Warning (dev) at /usr/lib/x86_64-linux-gnu/cmake/pcl/Modules/FindFLANN.cmake:44 (find_package):
[0.767s]   Policy CMP0144 is not set: find_package uses upper-case <PACKAGENAME>_ROOT
[0.768s]   variables.  Run "cmake --help-policy CMP0144" for policy details.  Use the
[0.768s]   cmake_policy command to set the policy and suppress this warning.
[0.768s] 
[0.768s]   CMake variable FLANN_ROOT is set to:
[0.768s] 
[0.768s]     /usr
[0.768s] 
[0.768s]   For compatibility, find_package is ignoring the variable, but code in a
[0.768s]   .cmake module might still use it.
[0.768s] Call Stack (most recent call first):
[0.768s]   /usr/lib/x86_64-linux-gnu/cmake/pcl/PCLConfig.cmake:256 (find_package)
[0.768s]   /usr/lib/x86_64-linux-gnu/cmake/pcl/PCLConfig.cmake:301 (find_flann)
[0.768s]   /usr/lib/x86_64-linux-gnu/cmake/pcl/PCLConfig.cmake:543 (find_external_library)
[0.768s]   CMakeLists.txt:21 (find_package)
[0.768s] This warning is for project developers.  Use -Wno-dev to suppress it.
[0.768s] 
[0.784s] -- Checking for module 'flann'
[0.798s] --   Found flann, version 1.9.1
[0.847s] -- Found FLANN: /usr/lib/x86_64-linux-gnu/libflann_cpp.so
[0.848s] -- FLANN found (include: /usr/include, lib: /usr/lib/x86_64-linux-gnu/libflann_cpp.so)
[0.905s] -- Performing Test CMAKE_HAVE_LIBC_PTHREAD
[1.002s] -- Performing Test CMAKE_HAVE_LIBC_PTHREAD - Success
[1.002s] -- Found Threads: TRUE
[1.003s] -- Found GLEW: /usr/lib/x86_64-linux-gnu/libGLEW.so
[1.014s] -- Found OpenGL: /usr/lib/x86_64-linux-gnu/libOpenGL.so  found components: OpenGL GLX
[1.216s] -- Found MPI_C: /usr/lib/x86_64-linux-gnu/libmpi.so (found version "3.1")
[1.219s] -- Found MPI: TRUE (found version "3.1") found components: C
[1.222s] -- Found JsonCpp: /usr/lib/x86_64-linux-gnu/libjsoncpp.so (found suitable version "1.9.5", minimum required is "0.7.0")
[1.240s] -- Found ZLIB: /usr/lib/x86_64-linux-gnu/libz.so (found version "1.2.11")
[1.273s] -- Found PNG: /usr/lib/x86_64-linux-gnu/libpng.so (found version "1.6.37")
[1.299s] -- Found Eigen3: /usr/include/eigen3 (found version "3.4.0")
[1.469s] -- Found X11: /usr/include
[1.474s] -- Looking for XOpenDisplay in /usr/lib/x86_64-linux-gnu/libX11.so;/usr/lib/x86_64-linux-gnu/libXext.so
[1.553s] -- Looking for XOpenDisplay in /usr/lib/x86_64-linux-gnu/libX11.so;/usr/lib/x86_64-linux-gnu/libXext.so - found
[1.554s] -- Looking for gethostbyname
[1.649s] -- Looking for gethostbyname - found
[1.649s] -- Looking for connect
[1.752s] -- Looking for connect - found
[1.752s] -- Looking for remove
[1.858s] -- Looking for remove - found
[1.858s] -- Looking for shmat
[1.956s] -- Looking for shmat - found
[1.956s] -- Looking for IceConnectionNumber in ICE
[2.063s] -- Looking for IceConnectionNumber in ICE - found
[2.221s] -- Found EXPAT: /usr/lib/x86_64-linux-gnu/libexpat.so (found version "2.4.7")
[2.222s] -- Found double-conversion: /usr/lib/x86_64-linux-gnu/libdouble-conversion.so
[2.222s] -- Found LZ4: /usr/lib/x86_64-linux-gnu/liblz4.so (found version "1.9.3")
[2.227s] -- Found LZMA: /usr/lib/x86_64-linux-gnu/liblzma.so (found version "5.2.5")
[2.243s] -- Found JPEG: /usr/lib/x86_64-linux-gnu/libjpeg.so (found version "80")
[2.265s] -- Found TIFF: /usr/lib/x86_64-linux-gnu/libtiff.so (found version "4.3.0")
[2.273s] -- Found Freetype: /usr/lib/x86_64-linux-gnu/libfreetype.so (found version "2.11.1")
[2.280s] -- Found utf8cpp: /usr/include/utf8cpp
[2.420s] -- Checking for module 'libusb-1.0'
[2.448s] --   Found libusb-1.0, version 1.0.26
[2.514s] -- Found libusb: /usr/local/lib/libusb-1.0.so
[2.514s] -- Found OpenNI: /usr/lib/libOpenNI.so;libusb::libusb (found version "1.5.4.0")
[2.514s] -- OpenNI found (version: 1.5.4.0, include: /usr/include/ni, lib: /usr/lib/libOpenNI.so;libusb::libusb)
[2.602s] -- Found OpenNI2: /usr/lib/x86_64-linux-gnu/libOpenNI2.so;libusb::libusb (found version "2.2.0.33")
[2.602s] -- OpenNI2 found (version: 2.2.0.33, include: /usr/include/openni2, lib: /usr/lib/x86_64-linux-gnu/libOpenNI2.so;libusb::libusb)
[2.602s] ** WARNING ** io features related to pcap will be disabled
[3.016s] -- Eigen found (include: /usr/include/eigen3, version: 3.4.0)
[3.023s] -- OpenNI found (version: 1.5.4.0, include: /usr/include/ni, lib: /usr/lib/libOpenNI.so;libusb::libusb)
[3.030s] -- OpenNI2 found (version: 2.2.0.33, include: /usr/include/openni2, lib: /usr/lib/x86_64-linux-gnu/libOpenNI2.so;libusb::libusb)
[3.360s] -- Found Qhull version 8.0.2
[3.882s] -- OpenNI found (version: 1.5.4.0, include: /usr/include/ni, lib: /usr/lib/libOpenNI.so;libusb::libusb)
[4.694s] -- looking for PCL_COMMON
[4.694s] -- Found PCL_COMMON: /usr/lib/x86_64-linux-gnu/libpcl_common.so
[4.694s] -- looking for PCL_KDTREE
[4.701s] -- Found PCL_KDTREE: /usr/lib/x86_64-linux-gnu/libpcl_kdtree.so
[4.702s] -- looking for PCL_OCTREE
[4.709s] -- Found PCL_OCTREE: /usr/lib/x86_64-linux-gnu/libpcl_octree.so
[4.709s] -- looking for PCL_SEARCH
[4.709s] -- Found PCL_SEARCH: /usr/lib/x86_64-linux-gnu/libpcl_search.so
[4.709s] -- looking for PCL_SAMPLE_CONSENSUS
[4.709s] -- Found PCL_SAMPLE_CONSENSUS: /usr/lib/x86_64-linux-gnu/libpcl_sample_consensus.so
[4.709s] -- looking for PCL_FILTERS
[4.725s] -- Found PCL_FILTERS: /usr/lib/x86_64-linux-gnu/libpcl_filters.so
[4.725s] -- looking for PCL_2D
[4.725s] -- Found PCL_2D: /usr/include/pcl-1.12
[4.725s] -- looking for PCL_GEOMETRY
[4.725s] -- Found PCL_GEOMETRY: /usr/include/pcl-1.12
[4.725s] -- looking for PCL_IO
[4.732s] -- Found PCL_IO: /usr/lib/x86_64-linux-gnu/libpcl_io.so
[4.732s] -- looking for PCL_FEATURES
[4.734s] -- Found PCL_FEATURES: /usr/lib/x86_64-linux-gnu/libpcl_features.so
[4.734s] -- looking for PCL_ML
[4.746s] -- Found PCL_ML: /usr/lib/x86_64-linux-gnu/libpcl_ml.so
[4.746s] -- looking for PCL_SEGMENTATION
[4.746s] -- Found PCL_SEGMENTATION: /usr/lib/x86_64-linux-gnu/libpcl_segmentation.so
[4.758s] -- looking for PCL_VISUALIZATION
[4.758s] -- Found PCL_VISUALIZATION: /usr/lib/x86_64-linux-gnu/libpcl_visualization.so
[4.758s] -- looking for PCL_SURFACE
[4.758s] -- Found PCL_SURFACE: /usr/lib/x86_64-linux-gnu/libpcl_surface.so
[4.758s] -- looking for PCL_REGISTRATION
[4.770s] -- Found PCL_REGISTRATION: /usr/lib/x86_64-linux-gnu/libpcl_registration.so
[4.770s] -- looking for PCL_KEYPOINTS
[4.771s] -- Found PCL_KEYPOINTS: /usr/lib/x86_64-linux-gnu/libpcl_keypoints.so
[4.771s] -- looking for PCL_TRACKING
[4.782s] -- Found PCL_TRACKING: /usr/lib/x86_64-linux-gnu/libpcl_tracking.so
[4.783s] -- looking for PCL_RECOGNITION
[4.783s] -- Found PCL_RECOGNITION: /usr/lib/x86_64-linux-gnu/libpcl_recognition.so
[4.783s] -- looking for PCL_STEREO
[4.793s] -- Found PCL_STEREO: /usr/lib/x86_64-linux-gnu/libpcl_stereo.so
[4.794s] -- looking for PCL_APPS
[4.805s] -- Found PCL_APPS: /usr/lib/x86_64-linux-gnu/libpcl_apps.so
[4.805s] -- looking for PCL_IN_HAND_SCANNER
[4.806s] -- Found PCL_IN_HAND_SCANNER: /usr/include/pcl-1.12
[4.806s] -- looking for PCL_MODELER
[4.806s] -- Found PCL_MODELER: /usr/include/pcl-1.12
[4.807s] -- looking for PCL_POINT_CLOUD_EDITOR
[4.807s] -- Found PCL_POINT_CLOUD_EDITOR: /usr/include/pcl-1.12
[4.807s] -- looking for PCL_OUTOFCORE
[4.810s] -- Found PCL_OUTOFCORE: /usr/lib/x86_64-linux-gnu/libpcl_outofcore.so
[4.811s] -- looking for PCL_PEOPLE
[4.812s] -- Found PCL_PEOPLE: /usr/lib/x86_64-linux-gnu/libpcl_people.so
[4.823s] -- Found PCL: pcl_common;pcl_kdtree;pcl_octree;pcl_search;pcl_sample_consensus;pcl_filters;pcl_io;pcl_features;pcl_ml;pcl_segmentation;pcl_visualization;pcl_surface;pcl_registration;pcl_keypoints;pcl_tracking;pcl_recognition;pcl_stereo;pcl_apps;pcl_outofcore;pcl_people;Boost::system;Boost::filesystem;Boost::date_time;Boost::iostreams;Boost::serialization;/usr/lib/libOpenNI.so;libusb::libusb;/usr/lib/x86_64-linux-gnu/libOpenNI2.so;libusb::libusb;VTK::ChartsCore;VTK::CommonColor;VTK::CommonComputationalGeometry;VTK::CommonCore;VTK::CommonDataModel;VTK::CommonExecutionModel;VTK::CommonMath;VTK::CommonMisc;VTK::CommonTransforms;VTK::FiltersCore;VTK::FiltersExtraction;VTK::FiltersGeneral;VTK::FiltersGeometry;VTK::FiltersModeling;VTK::FiltersSources;VTK::ImagingCore;VTK::ImagingSources;VTK::InteractionImage;VTK::InteractionStyle;VTK::InteractionWidgets;VTK::IOCore;VTK::IOGeometry;VTK::IOImage;VTK::IOLegacy;VTK::IOPLY;VTK::RenderingAnnotation;VTK::RenderingCore;VTK::RenderingContext2D;VTK::RenderingLOD;VTK::RenderingFreeType;VTK::ViewsCore;VTK::ViewsContext2D;VTK::RenderingOpenGL2;VTK::GUISupportQt;FLANN::FLANN;QHULL::QHULL
[5.094s] -- Found rosidl_generator_c: 3.1.7 (/opt/ros/humble/share/rosidl_generator_c/cmake)
[5.111s] -- Found rosidl_adapter: 3.1.7 (/opt/ros/humble/share/rosidl_adapter/cmake)
[5.148s] -- Found rosidl_generator_cpp: 3.1.7 (/opt/ros/humble/share/rosidl_generator_cpp/cmake)
[5.179s] -- Using all available rosidl_typesupport_c: rosidl_typesupport_fastrtps_c;rosidl_typesupport_introspection_c
[5.238s] -- Using all available rosidl_typesupport_cpp: rosidl_typesupport_fastrtps_cpp;rosidl_typesupport_introspection_cpp
[5.437s] -- Found rmw_implementation_cmake: 6.1.2 (/opt/ros/humble/share/rmw_implementation_cmake/cmake)
[5.443s] -- Found rmw_fastrtps_cpp: 6.2.8 (/opt/ros/humble/share/rmw_fastrtps_cpp/cmake)
[5.695s] -- Found OpenSSL: /usr/lib/x86_64-linux-gnu/libcrypto.so (found version "3.0.2")
[5.785s] -- Found FastRTPS: /opt/ros/humble/include
[5.915s] -- Using RMW implementation 'rmw_fastrtps_cpp' as default
[6.379s] -- Found ament_lint_auto: 0.12.14 (/opt/ros/humble/share/ament_lint_auto/cmake)
[6.403s] -- Added test 'clang_format' to check C / C++ code style
[6.404s] -- Added test 'clang_tidy' to check C / C++ code style
[6.412s] -- Configuring done (6.4s)
[6.518s] -- Generating done (0.1s)
[6.539s] -- Build files have been written to: /home/rmsentry/ros_ws/build/ign_sim_pointcloud_tool
[6.601s] Invoked command in '/home/rmsentry/ros_ws/build/ign_sim_pointcloud_tool' returned '0': CMAKE_PREFIX_PATH=/opt/ros/humble /usr/local/bin/cmake /home/rmsentry/ros_ws/src/pb2025_sentry_nav/ign_sim_pointcloud_tool -DAMENT_CMAKE_SYMLINK_INSTALL=1 -DCMAKE_INSTALL_PREFIX=/home/rmsentry/ros_ws/install/ign_sim_pointcloud_tool
[6.602s] Invoking command in '/home/rmsentry/ros_ws/build/ign_sim_pointcloud_tool': CMAKE_PREFIX_PATH=/opt/ros/humble /usr/local/bin/cmake --build /home/rmsentry/ros_ws/build/ign_sim_pointcloud_tool -- -j12 -l12
[6.680s] [ 25%] Building CXX object CMakeFiles/ign_sim_pointcloud_tool.dir/src/point_cloud_converter.cpp.o
[6.681s] [ 50%] Building CXX object CMakeFiles/ign_sim_pointcloud_tool_node.dir/rclcpp_components/node_main_ign_sim_pointcloud_tool_node.cpp.o
[15.627s] [ 75%] Linking CXX executable ign_sim_pointcloud_tool_node
[16.298s] [ 75%] Built target ign_sim_pointcloud_tool_node
[33.878s] [100%] Linking CXX shared library libign_sim_pointcloud_tool.so
[35.443s] [100%] Built target ign_sim_pointcloud_tool
[35.454s] Invoked command in '/home/rmsentry/ros_ws/build/ign_sim_pointcloud_tool' returned '0': CMAKE_PREFIX_PATH=/opt/ros/humble /usr/local/bin/cmake --build /home/rmsentry/ros_ws/build/ign_sim_pointcloud_tool -- -j12 -l12
[35.456s] Invoking command in '/home/rmsentry/ros_ws/build/ign_sim_pointcloud_tool': CMAKE_PREFIX_PATH=/opt/ros/humble /usr/local/bin/cmake --install /home/rmsentry/ros_ws/build/ign_sim_pointcloud_tool
[35.472s] -- Install configuration: ""
[35.472s] -- Execute custom install script
[35.472s] -- Symlinking: /home/rmsentry/ros_ws/install/ign_sim_pointcloud_tool/lib/ign_sim_pointcloud_tool/ign_sim_pointcloud_tool_node
[35.480s] -- Symlinking: /home/rmsentry/ros_ws/install/ign_sim_pointcloud_tool/include/ign_sim_pointcloud_tool/ign_sim_pointcloud_tool/point_cloud_converter.hpp
[35.488s] -- Symlinking: /home/rmsentry/ros_ws/install/ign_sim_pointcloud_tool/share/ign_sim_pointcloud_tool/environment/library_path.sh
[35.496s] -- Symlinking: /home/rmsentry/ros_ws/install/ign_sim_pointcloud_tool/share/ign_sim_pointcloud_tool/environment/library_path.dsv
[35.503s] -- Symlinking: /home/rmsentry/ros_ws/install/ign_sim_pointcloud_tool/lib/libign_sim_pointcloud_tool.so
[35.514s] -- Symlinking: /home/rmsentry/ros_ws/install/ign_sim_pointcloud_tool/share/ament_index/resource_index/package_run_dependencies/ign_sim_pointcloud_tool
[35.519s] -- Symlinking: /home/rmsentry/ros_ws/install/ign_sim_pointcloud_tool/share/ament_index/resource_index/parent_prefix_path/ign_sim_pointcloud_tool
[35.526s] -- Symlinking: /home/rmsentry/ros_ws/install/ign_sim_pointcloud_tool/share/ign_sim_pointcloud_tool/environment/ament_prefix_path.sh
[35.533s] -- Symlinking: /home/rmsentry/ros_ws/install/ign_sim_pointcloud_tool/share/ign_sim_pointcloud_tool/environment/ament_prefix_path.dsv
[35.541s] -- Symlinking: /home/rmsentry/ros_ws/install/ign_sim_pointcloud_tool/share/ign_sim_pointcloud_tool/environment/path.sh
[35.548s] -- Symlinking: /home/rmsentry/ros_ws/install/ign_sim_pointcloud_tool/share/ign_sim_pointcloud_tool/environment/path.dsv
[35.556s] -- Symlinking: /home/rmsentry/ros_ws/install/ign_sim_pointcloud_tool/share/ign_sim_pointcloud_tool/local_setup.bash
[35.567s] -- Symlinking: /home/rmsentry/ros_ws/install/ign_sim_pointcloud_tool/share/ign_sim_pointcloud_tool/local_setup.sh
[35.570s] -- Symlinking: /home/rmsentry/ros_ws/install/ign_sim_pointcloud_tool/share/ign_sim_pointcloud_tool/local_setup.zsh
[35.577s] -- Symlinking: /home/rmsentry/ros_ws/install/ign_sim_pointcloud_tool/share/ign_sim_pointcloud_tool/local_setup.dsv
[35.584s] -- Symlinking: /home/rmsentry/ros_ws/install/ign_sim_pointcloud_tool/share/ign_sim_pointcloud_tool/package.dsv
[35.593s] -- Symlinking: /home/rmsentry/ros_ws/install/ign_sim_pointcloud_tool/share/ament_index/resource_index/packages/ign_sim_pointcloud_tool
[35.599s] -- Symlinking: /home/rmsentry/ros_ws/install/ign_sim_pointcloud_tool/share/ament_index/resource_index/rclcpp_components/ign_sim_pointcloud_tool
[35.606s] -- Symlinking: /home/rmsentry/ros_ws/install/ign_sim_pointcloud_tool/share/ign_sim_pointcloud_tool/cmake/ament_cmake_export_dependencies-extras.cmake
[35.616s] -- Symlinking: /home/rmsentry/ros_ws/install/ign_sim_pointcloud_tool/share/ign_sim_pointcloud_tool/cmake/ament_cmake_export_include_directories-extras.cmake
[35.621s] -- Symlinking: /home/rmsentry/ros_ws/install/ign_sim_pointcloud_tool/share/ign_sim_pointcloud_tool/cmake/ament_cmake_export_libraries-extras.cmake
[35.628s] -- Symlinking: /home/rmsentry/ros_ws/install/ign_sim_pointcloud_tool/share/ign_sim_pointcloud_tool/cmake/ign_sim_pointcloud_toolConfig.cmake
[35.637s] -- Symlinking: /home/rmsentry/ros_ws/install/ign_sim_pointcloud_tool/share/ign_sim_pointcloud_tool/cmake/ign_sim_pointcloud_toolConfig-version.cmake
[35.643s] -- Symlinking: /home/rmsentry/ros_ws/install/ign_sim_pointcloud_tool/share/ign_sim_pointcloud_tool/package.xml
[35.654s] Invoked command in '/home/rmsentry/ros_ws/build/ign_sim_pointcloud_tool' returned '0': CMAKE_PREFIX_PATH=/opt/ros/humble /usr/local/bin/cmake --install /home/rmsentry/ros_ws/build/ign_sim_pointcloud_tool
