[0.020s] Invoking command in '/home/rmsentry/ros_ws/build/fake_vel_transform': CMAKE_PREFIX_PATH=/opt/ros/humble /usr/local/bin/cmake /home/rmsentry/ros_ws/src/pb2025_sentry_nav/fake_vel_transform -DAMENT_CMAKE_SYMLINK_INSTALL=1 -DCMAKE_INSTALL_PREFIX=/home/rmsentry/ros_ws/install/fake_vel_transform
[0.317s] -- The C compiler identification is GNU 11.4.0
[0.317s] -- The CXX compiler identification is GNU 11.4.0
[0.317s] -- Detecting C compiler ABI info
[0.317s] -- Detecting C compiler ABI info - done
[0.317s] -- Check for working C compiler: /usr/bin/cc - skipped
[0.317s] -- Detecting C compile features
[0.317s] -- Detecting C compile features - done
[0.317s] -- Detecting CXX compiler ABI info
[0.326s] -- Detecting CXX compiler ABI info - done
[0.341s] -- Check for working CXX compiler: /usr/bin/c++ - skipped
[0.341s] -- Detecting CXX compile features
[0.342s] -- Detecting CXX compile features - done
[0.345s] -- Found ament_cmake_auto: 1.3.12 (/opt/ros/humble/share/ament_cmake_auto/cmake)
[0.481s] -- Found Python3: /usr/bin/python3 (found version "3.10.12") found components: Interpreter
[0.552s] -- Override CMake install command with custom implementation using symlinks instead of copying resources
[0.714s] -- Found rosidl_generator_c: 3.1.7 (/opt/ros/humble/share/rosidl_generator_c/cmake)
[0.717s] -- Found rosidl_adapter: 3.1.7 (/opt/ros/humble/share/rosidl_adapter/cmake)
[0.726s] -- Found rosidl_generator_cpp: 3.1.7 (/opt/ros/humble/share/rosidl_generator_cpp/cmake)
[0.741s] -- Using all available rosidl_typesupport_c: rosidl_typesupport_fastrtps_c;rosidl_typesupport_introspection_c
[0.763s] -- Using all available rosidl_typesupport_cpp: rosidl_typesupport_fastrtps_cpp;rosidl_typesupport_introspection_cpp
[0.825s] -- Found rmw_implementation_cmake: 6.1.2 (/opt/ros/humble/share/rmw_implementation_cmake/cmake)
[0.828s] -- Found rmw_fastrtps_cpp: 6.2.8 (/opt/ros/humble/share/rmw_fastrtps_cpp/cmake)
[0.946s] -- Found OpenSSL: /usr/lib/x86_64-linux-gnu/libcrypto.so (found version "3.0.2")
[0.983s] -- Found FastRTPS: /opt/ros/humble/include
[1.034s] -- Using RMW implementation 'rmw_fastrtps_cpp' as default
[1.044s] -- Performing Test CMAKE_HAVE_LIBC_PTHREAD
[1.120s] -- Performing Test CMAKE_HAVE_LIBC_PTHREAD - Success
[1.121s] -- Found Threads: TRUE
[1.476s] -- Found eigen3_cmake_module: 0.1.1 (/opt/ros/humble/share/eigen3_cmake_module/cmake)
[1.476s] -- Found Eigen3: TRUE (found version "3.4.0")
[1.476s] -- Ensuring Eigen3 include directory is part of orocos-kdl CMake target
[1.540s] -- Found ament_lint_auto: 0.12.14 (/opt/ros/humble/share/ament_lint_auto/cmake)
[1.570s] -- Added test 'clang_format' to check C / C++ code style
[1.571s] -- Added test 'clang_tidy' to check C / C++ code style
[1.572s] -- Added test 'black' to check Python code style
[1.579s] -- Configuring done (1.6s)
[1.608s] -- Generating done (0.0s)
[1.628s] -- Build files have been written to: /home/rmsentry/ros_ws/build/fake_vel_transform
[1.649s] Invoked command in '/home/rmsentry/ros_ws/build/fake_vel_transform' returned '0': CMAKE_PREFIX_PATH=/opt/ros/humble /usr/local/bin/cmake /home/rmsentry/ros_ws/src/pb2025_sentry_nav/fake_vel_transform -DAMENT_CMAKE_SYMLINK_INSTALL=1 -DCMAKE_INSTALL_PREFIX=/home/rmsentry/ros_ws/install/fake_vel_transform
[1.650s] Invoking command in '/home/rmsentry/ros_ws/build/fake_vel_transform': CMAKE_PREFIX_PATH=/opt/ros/humble /usr/local/bin/cmake --build /home/rmsentry/ros_ws/build/fake_vel_transform -- -j12 -l12
[1.685s] [ 25%] Building CXX object CMakeFiles/fake_vel_transform.dir/src/fake_vel_transform.cpp.o
[1.686s] [ 50%] Building CXX object CMakeFiles/fake_vel_transform_node.dir/rclcpp_components/node_main_fake_vel_transform_node.cpp.o
[5.903s] [ 75%] Linking CXX executable fake_vel_transform_node
[6.249s] [ 75%] Built target fake_vel_transform_node
[45.007s] [100%] Linking CXX shared library libfake_vel_transform.so
[47.489s] [100%] Built target fake_vel_transform
[47.499s] Invoked command in '/home/rmsentry/ros_ws/build/fake_vel_transform' returned '0': CMAKE_PREFIX_PATH=/opt/ros/humble /usr/local/bin/cmake --build /home/rmsentry/ros_ws/build/fake_vel_transform -- -j12 -l12
[47.501s] Invoking command in '/home/rmsentry/ros_ws/build/fake_vel_transform': CMAKE_PREFIX_PATH=/opt/ros/humble /usr/local/bin/cmake --install /home/rmsentry/ros_ws/build/fake_vel_transform
[47.510s] -- Install configuration: ""
[47.511s] -- Execute custom install script
[47.512s] -- Symlinking: /home/rmsentry/ros_ws/install/fake_vel_transform/lib/fake_vel_transform/fake_vel_transform_node
[47.519s] -- Symlinking: /home/rmsentry/ros_ws/install/fake_vel_transform/include/fake_vel_transform/fake_vel_transform/fake_vel_transform.hpp
[47.529s] -- Symlinking: /home/rmsentry/ros_ws/install/fake_vel_transform/share/fake_vel_transform/environment/library_path.sh
[47.541s] -- Symlinking: /home/rmsentry/ros_ws/install/fake_vel_transform/share/fake_vel_transform/environment/library_path.dsv
[47.547s] -- Symlinking: /home/rmsentry/ros_ws/install/fake_vel_transform/lib/libfake_vel_transform.so
[47.562s] -- Symlinking: /home/rmsentry/ros_ws/install/fake_vel_transform/share/fake_vel_transform/launch/fake_vel_transform_launch.py
[47.572s] -- Symlinking: /home/rmsentry/ros_ws/install/fake_vel_transform/share/ament_index/resource_index/package_run_dependencies/fake_vel_transform
[47.586s] -- Symlinking: /home/rmsentry/ros_ws/install/fake_vel_transform/share/ament_index/resource_index/parent_prefix_path/fake_vel_transform
[47.594s] -- Symlinking: /home/rmsentry/ros_ws/install/fake_vel_transform/share/fake_vel_transform/environment/ament_prefix_path.sh
[47.603s] -- Symlinking: /home/rmsentry/ros_ws/install/fake_vel_transform/share/fake_vel_transform/environment/ament_prefix_path.dsv
[47.612s] -- Symlinking: /home/rmsentry/ros_ws/install/fake_vel_transform/share/fake_vel_transform/environment/path.sh
[47.622s] -- Symlinking: /home/rmsentry/ros_ws/install/fake_vel_transform/share/fake_vel_transform/environment/path.dsv
[47.629s] -- Symlinking: /home/rmsentry/ros_ws/install/fake_vel_transform/share/fake_vel_transform/local_setup.bash
[47.640s] -- Symlinking: /home/rmsentry/ros_ws/install/fake_vel_transform/share/fake_vel_transform/local_setup.sh
[47.646s] -- Symlinking: /home/rmsentry/ros_ws/install/fake_vel_transform/share/fake_vel_transform/local_setup.zsh
[47.655s] -- Symlinking: /home/rmsentry/ros_ws/install/fake_vel_transform/share/fake_vel_transform/local_setup.dsv
[47.669s] -- Symlinking: /home/rmsentry/ros_ws/install/fake_vel_transform/share/fake_vel_transform/package.dsv
[47.673s] -- Symlinking: /home/rmsentry/ros_ws/install/fake_vel_transform/share/ament_index/resource_index/packages/fake_vel_transform
[47.681s] -- Symlinking: /home/rmsentry/ros_ws/install/fake_vel_transform/share/ament_index/resource_index/rclcpp_components/fake_vel_transform
[47.693s] -- Symlinking: /home/rmsentry/ros_ws/install/fake_vel_transform/share/fake_vel_transform/cmake/ament_cmake_export_dependencies-extras.cmake
[47.700s] -- Symlinking: /home/rmsentry/ros_ws/install/fake_vel_transform/share/fake_vel_transform/cmake/ament_cmake_export_include_directories-extras.cmake
[47.712s] -- Symlinking: /home/rmsentry/ros_ws/install/fake_vel_transform/share/fake_vel_transform/cmake/ament_cmake_export_libraries-extras.cmake
[47.724s] -- Symlinking: /home/rmsentry/ros_ws/install/fake_vel_transform/share/fake_vel_transform/cmake/fake_vel_transformConfig.cmake
[47.732s] -- Symlinking: /home/rmsentry/ros_ws/install/fake_vel_transform/share/fake_vel_transform/cmake/fake_vel_transformConfig-version.cmake
[47.742s] -- Symlinking: /home/rmsentry/ros_ws/install/fake_vel_transform/share/fake_vel_transform/package.xml
[47.756s] Invoked command in '/home/rmsentry/ros_ws/build/fake_vel_transform' returned '0': CMAKE_PREFIX_PATH=/opt/ros/humble /usr/local/bin/cmake --install /home/rmsentry/ros_ws/build/fake_vel_transform
