[0.008s] Invoking command in '/home/rmsentry/ros_ws/build/pb_omni_pid_pursuit_controller': CMAKE_PREFIX_PATH=/opt/ros/humble /usr/local/bin/cmake /home/rmsentry/ros_ws/src/pb2025_sentry_nav/pb_omni_pid_pursuit_controller -DAMENT_CMAKE_SYMLINK_INSTALL=1 -DCMAKE_INSTALL_PREFIX=/home/rmsentry/ros_ws/install/pb_omni_pid_pursuit_controller
[0.072s] -- The C compiler identification is GNU 11.4.0
[0.155s] -- The CXX compiler identification is GNU 11.4.0
[0.169s] -- Detecting C compiler ABI info
[0.270s] -- Detecting C compiler ABI info - done
[0.299s] -- Check for working C compiler: /usr/bin/cc - skipped
[0.299s] -- Detecting C compile features
[0.299s] -- Detecting C compile features - done
[0.305s] -- Detecting CXX compiler ABI info
[0.429s] -- Detecting CXX compiler ABI info - done
[0.475s] -- Check for working CXX compiler: /usr/bin/c++ - skipped
[0.482s] -- Detecting CXX compile features
[0.482s] -- Detecting CXX compile features - done
[0.482s] -- Found ament_cmake_auto: 1.3.12 (/opt/ros/humble/share/ament_cmake_auto/cmake)
[0.702s] -- Found Python3: /usr/bin/python3 (found version "3.10.12") found components: Interpreter
[0.794s] -- Override CMake install command with custom implementation using symlinks instead of copying resources
[0.992s] -- Found rosidl_generator_c: 3.1.7 (/opt/ros/humble/share/rosidl_generator_c/cmake)
[0.998s] -- Found rosidl_adapter: 3.1.7 (/opt/ros/humble/share/rosidl_adapter/cmake)
[1.011s] -- Found rosidl_generator_cpp: 3.1.7 (/opt/ros/humble/share/rosidl_generator_cpp/cmake)
[1.034s] -- Using all available rosidl_typesupport_c: rosidl_typesupport_fastrtps_c;rosidl_typesupport_introspection_c
[1.054s] -- Using all available rosidl_typesupport_cpp: rosidl_typesupport_fastrtps_cpp;rosidl_typesupport_introspection_cpp
[1.110s] -- Found rmw_implementation_cmake: 6.1.2 (/opt/ros/humble/share/rmw_implementation_cmake/cmake)
[1.110s] -- Found rmw_fastrtps_cpp: 6.2.8 (/opt/ros/humble/share/rmw_fastrtps_cpp/cmake)
[1.247s] -- Found OpenSSL: /usr/lib/x86_64-linux-gnu/libcrypto.so (found version "3.0.2")
[1.307s] -- Found FastRTPS: /opt/ros/humble/include
[1.376s] -- Using RMW implementation 'rmw_fastrtps_cpp' as default
[1.400s] -- Performing Test CMAKE_HAVE_LIBC_PTHREAD
[1.544s] -- Performing Test CMAKE_HAVE_LIBC_PTHREAD - Success
[1.545s] -- Found Threads: TRUE
[2.673s] -- Found Eigen3: TRUE (found version "3.4.0")
[2.673s] -- Ensuring Eigen3 include directory is part of orocos-kdl CMake target
[3.258s] -- Found ament_lint_auto: 0.12.14 (/opt/ros/humble/share/ament_lint_auto/cmake)
[3.314s] -- Added test 'clang_format' to check C / C++ code style
[3.321s] -- Added test 'clang_tidy' to check C / C++ code style
[3.321s] -- Added test 'xmllint' to check XML markup files
[3.321s] -- Added test 'copyright' to check source files copyright and LICENSE
[3.330s] -- Configuring done (3.3s)
[3.532s] -- Generating done (0.1s)
[3.548s] -- Build files have been written to: /home/rmsentry/ros_ws/build/pb_omni_pid_pursuit_controller
[3.597s] Invoked command in '/home/rmsentry/ros_ws/build/pb_omni_pid_pursuit_controller' returned '0': CMAKE_PREFIX_PATH=/opt/ros/humble /usr/local/bin/cmake /home/rmsentry/ros_ws/src/pb2025_sentry_nav/pb_omni_pid_pursuit_controller -DAMENT_CMAKE_SYMLINK_INSTALL=1 -DCMAKE_INSTALL_PREFIX=/home/rmsentry/ros_ws/install/pb_omni_pid_pursuit_controller
[3.599s] Invoking command in '/home/rmsentry/ros_ws/build/pb_omni_pid_pursuit_controller': CMAKE_PREFIX_PATH=/opt/ros/humble /usr/local/bin/cmake --build /home/rmsentry/ros_ws/build/pb_omni_pid_pursuit_controller -- -j12 -l12
[3.668s] [ 33%] Building CXX object CMakeFiles/pb_omni_pid_pursuit_controller.dir/src/omni_pid_pursuit_controller.cpp.o
[3.669s] [ 66%] Building CXX object CMakeFiles/pb_omni_pid_pursuit_controller.dir/src/pid.cpp.o
[22.206s] [100%] Linking CXX shared library libpb_omni_pid_pursuit_controller.so
[23.314s] [100%] Built target pb_omni_pid_pursuit_controller
[23.336s] Invoked command in '/home/rmsentry/ros_ws/build/pb_omni_pid_pursuit_controller' returned '0': CMAKE_PREFIX_PATH=/opt/ros/humble /usr/local/bin/cmake --build /home/rmsentry/ros_ws/build/pb_omni_pid_pursuit_controller -- -j12 -l12
[23.337s] Invoking command in '/home/rmsentry/ros_ws/build/pb_omni_pid_pursuit_controller': CMAKE_PREFIX_PATH=/opt/ros/humble /usr/local/bin/cmake --install /home/rmsentry/ros_ws/build/pb_omni_pid_pursuit_controller
[23.348s] -- Install configuration: ""
[23.349s] -- Execute custom install script
[23.349s] -- Symlinking: /home/rmsentry/ros_ws/install/pb_omni_pid_pursuit_controller/share/pb_omni_pid_pursuit_controller//pb_omni_pid_pursuit_controller.xml
[23.355s] -- Symlinking: /home/rmsentry/ros_ws/install/pb_omni_pid_pursuit_controller/include/pb_omni_pid_pursuit_controller/pb_omni_pid_pursuit_controller/omni_pid_pursuit_controller.hpp
[23.360s] -- Symlinking: /home/rmsentry/ros_ws/install/pb_omni_pid_pursuit_controller/include/pb_omni_pid_pursuit_controller/pb_omni_pid_pursuit_controller/pid.hpp
[23.373s] -- Symlinking: /home/rmsentry/ros_ws/install/pb_omni_pid_pursuit_controller/share/pb_omni_pid_pursuit_controller/environment/library_path.sh
[23.430s] -- Symlinking: /home/rmsentry/ros_ws/install/pb_omni_pid_pursuit_controller/share/pb_omni_pid_pursuit_controller/environment/library_path.dsv
[23.430s] -- Symlinking: /home/rmsentry/ros_ws/install/pb_omni_pid_pursuit_controller/lib/libpb_omni_pid_pursuit_controller.so
[23.430s] -- Symlinking: /home/rmsentry/ros_ws/install/pb_omni_pid_pursuit_controller/share/ament_index/resource_index/package_run_dependencies/pb_omni_pid_pursuit_controller
[23.431s] -- Symlinking: /home/rmsentry/ros_ws/install/pb_omni_pid_pursuit_controller/share/ament_index/resource_index/parent_prefix_path/pb_omni_pid_pursuit_controller
[23.431s] -- Symlinking: /home/rmsentry/ros_ws/install/pb_omni_pid_pursuit_controller/share/pb_omni_pid_pursuit_controller/environment/ament_prefix_path.sh
[23.438s] -- Symlinking: /home/rmsentry/ros_ws/install/pb_omni_pid_pursuit_controller/share/pb_omni_pid_pursuit_controller/environment/ament_prefix_path.dsv
[23.440s] -- Symlinking: /home/rmsentry/ros_ws/install/pb_omni_pid_pursuit_controller/share/pb_omni_pid_pursuit_controller/environment/path.sh
[23.448s] -- Symlinking: /home/rmsentry/ros_ws/install/pb_omni_pid_pursuit_controller/share/pb_omni_pid_pursuit_controller/environment/path.dsv
[23.458s] -- Symlinking: /home/rmsentry/ros_ws/install/pb_omni_pid_pursuit_controller/share/pb_omni_pid_pursuit_controller/local_setup.bash
[23.469s] -- Symlinking: /home/rmsentry/ros_ws/install/pb_omni_pid_pursuit_controller/share/pb_omni_pid_pursuit_controller/local_setup.sh
[23.480s] -- Symlinking: /home/rmsentry/ros_ws/install/pb_omni_pid_pursuit_controller/share/pb_omni_pid_pursuit_controller/local_setup.zsh
[23.485s] -- Symlinking: /home/rmsentry/ros_ws/install/pb_omni_pid_pursuit_controller/share/pb_omni_pid_pursuit_controller/local_setup.dsv
[23.493s] -- Symlinking: /home/rmsentry/ros_ws/install/pb_omni_pid_pursuit_controller/share/pb_omni_pid_pursuit_controller/package.dsv
[23.506s] -- Symlinking: /home/rmsentry/ros_ws/install/pb_omni_pid_pursuit_controller/share/ament_index/resource_index/packages/pb_omni_pid_pursuit_controller
[23.524s] -- Symlinking: /home/rmsentry/ros_ws/install/pb_omni_pid_pursuit_controller/share/ament_index/resource_index/nav2_core__pluginlib__plugin/pb_omni_pid_pursuit_controller
[23.531s] -- Symlinking: /home/rmsentry/ros_ws/install/pb_omni_pid_pursuit_controller/share/pb_omni_pid_pursuit_controller/cmake/ament_cmake_export_dependencies-extras.cmake
[23.549s] -- Symlinking: /home/rmsentry/ros_ws/install/pb_omni_pid_pursuit_controller/share/pb_omni_pid_pursuit_controller/cmake/ament_cmake_export_include_directories-extras.cmake
[23.561s] -- Symlinking: /home/rmsentry/ros_ws/install/pb_omni_pid_pursuit_controller/share/pb_omni_pid_pursuit_controller/cmake/ament_cmake_export_libraries-extras.cmake
[23.570s] -- Symlinking: /home/rmsentry/ros_ws/install/pb_omni_pid_pursuit_controller/share/pb_omni_pid_pursuit_controller/cmake/pb_omni_pid_pursuit_controllerConfig.cmake
[23.578s] -- Symlinking: /home/rmsentry/ros_ws/install/pb_omni_pid_pursuit_controller/share/pb_omni_pid_pursuit_controller/cmake/pb_omni_pid_pursuit_controllerConfig-version.cmake
[23.586s] -- Symlinking: /home/rmsentry/ros_ws/install/pb_omni_pid_pursuit_controller/share/pb_omni_pid_pursuit_controller/package.xml
[23.619s] Invoked command in '/home/rmsentry/ros_ws/build/pb_omni_pid_pursuit_controller' returned '0': CMAKE_PREFIX_PATH=/opt/ros/humble /usr/local/bin/cmake --install /home/rmsentry/ros_ws/build/pb_omni_pid_pursuit_controller
