[0.300s] Invoking command in '/home/rmsentry/ros_ws/build/sensor_scan_generation': CMAKE_PREFIX_PATH=/opt/ros/humble /usr/local/bin/cmake /home/rmsentry/ros_ws/src/pb2025_sentry_nav/sensor_scan_generation -DAMENT_CMAKE_SYMLINK_INSTALL=1 -DCMAKE_INSTALL_PREFIX=/home/rmsentry/ros_ws/install/sensor_scan_generation
[0.350s] -- The C compiler identification is GNU 11.4.0
[0.433s] -- The CXX compiler identification is GNU 11.4.0
[0.453s] -- Detecting C compiler ABI info
[0.531s] -- Detecting C compiler ABI info - done
[0.566s] -- Check for working C compiler: /usr/bin/cc - skipped
[0.567s] -- Detecting C compile features
[0.570s] -- Detecting C compile features - done
[0.572s] -- Detecting CXX compiler ABI info
[0.668s] -- Detecting CXX compiler ABI info - done
[0.703s] -- Check for working CXX compiler: /usr/bin/c++ - skipped
[0.703s] -- Detecting CXX compile features
[0.703s] -- Detecting CXX compile features - done
[0.703s] -- Found ament_cmake_auto: 1.3.12 (/opt/ros/humble/share/ament_cmake_auto/cmake)
[0.848s] -- Found Python3: /usr/bin/python3 (found version "3.10.12") found components: Interpreter
[0.926s] -- Override CMake install command with custom implementation using symlinks instead of copying resources
[1.087s] -- Found rosidl_generator_c: 3.1.7 (/opt/ros/humble/share/rosidl_generator_c/cmake)
[1.092s] -- Found rosidl_adapter: 3.1.7 (/opt/ros/humble/share/rosidl_adapter/cmake)
[1.102s] -- Found rosidl_generator_cpp: 3.1.7 (/opt/ros/humble/share/rosidl_generator_cpp/cmake)
[1.115s] -- Using all available rosidl_typesupport_c: rosidl_typesupport_fastrtps_c;rosidl_typesupport_introspection_c
[1.135s] -- Using all available rosidl_typesupport_cpp: rosidl_typesupport_fastrtps_cpp;rosidl_typesupport_introspection_cpp
[1.196s] -- Found rmw_implementation_cmake: 6.1.2 (/opt/ros/humble/share/rmw_implementation_cmake/cmake)
[1.196s] -- Found rmw_fastrtps_cpp: 6.2.8 (/opt/ros/humble/share/rmw_fastrtps_cpp/cmake)
[1.302s] -- Found OpenSSL: /usr/lib/x86_64-linux-gnu/libcrypto.so (found version "3.0.2")
[1.336s] -- Found FastRTPS: /opt/ros/humble/include
[1.386s] -- Using RMW implementation 'rmw_fastrtps_cpp' as default
[1.396s] -- Performing Test CMAKE_HAVE_LIBC_PTHREAD
[1.492s] -- Performing Test CMAKE_HAVE_LIBC_PTHREAD - Success
[1.497s] -- Found Threads: TRUE
[1.806s] CMake Warning (dev) at /usr/lib/x86_64-linux-gnu/cmake/pcl/PCLConfig.cmake:146 (find_package):
[1.806s]   Policy CMP0144 is not set: find_package uses upper-case <PACKAGENAME>_ROOT
[1.806s]   variables.  Run "cmake --help-policy CMP0144" for policy details.  Use the
[1.806s]   cmake_policy command to set the policy and suppress this warning.
[1.806s] 
[1.806s]   CMake variable EIGEN_ROOT is set to:
[1.807s] 
[1.807s]     /usr/include/eigen3
[1.807s] 
[1.807s]   For compatibility, find_package is ignoring the variable, but code in a
[1.807s]   .cmake module might still use it.
[1.807s] Call Stack (most recent call first):
[1.807s]   /usr/lib/x86_64-linux-gnu/cmake/pcl/PCLConfig.cmake:299 (find_eigen)
[1.807s]   /usr/lib/x86_64-linux-gnu/cmake/pcl/PCLConfig.cmake:543 (find_external_library)
[1.807s]   /opt/ros/humble/share/pcl_conversions/cmake/ament_cmake_export_dependencies-extras.cmake:21 (find_package)
[1.807s]   /opt/ros/humble/share/pcl_conversions/cmake/pcl_conversionsConfig.cmake:41 (include)
[1.807s]   /opt/ros/humble/share/pcl_ros/cmake/ament_cmake_export_dependencies-extras.cmake:21 (find_package)
[1.807s]   /opt/ros/humble/share/pcl_ros/cmake/pcl_rosConfig.cmake:41 (include)
[1.807s]   /opt/ros/humble/share/ament_cmake_auto/cmake/ament_auto_find_build_dependencies.cmake:67 (find_package)
[1.807s]   CMakeLists.txt:20 (ament_auto_find_build_dependencies)
[1.807s] This warning is for project developers.  Use -Wno-dev to suppress it.
[1.807s] 
[1.814s] -- Checking for module 'eigen3'
[1.840s] --   Found eigen3, version 3.4.0
[1.911s] -- Found Eigen: /usr/include/eigen3 (Required is at least version "3.1")
[1.911s] -- Eigen found (include: /usr/include/eigen3, version: 3.4.0)
[1.935s] CMake Warning (dev) at /usr/lib/x86_64-linux-gnu/cmake/pcl/Modules/FindFLANN.cmake:44 (find_package):
[1.935s]   Policy CMP0144 is not set: find_package uses upper-case <PACKAGENAME>_ROOT
[1.935s]   variables.  Run "cmake --help-policy CMP0144" for policy details.  Use the
[1.935s]   cmake_policy command to set the policy and suppress this warning.
[1.935s] 
[1.935s]   CMake variable FLANN_ROOT is set to:
[1.935s] 
[1.935s]     /usr
[1.935s] 
[1.935s]   For compatibility, find_package is ignoring the variable, but code in a
[1.935s]   .cmake module might still use it.
[1.935s] Call Stack (most recent call first):
[1.935s]   /usr/lib/x86_64-linux-gnu/cmake/pcl/PCLConfig.cmake:256 (find_package)
[1.935s]   /usr/lib/x86_64-linux-gnu/cmake/pcl/PCLConfig.cmake:301 (find_flann)
[1.935s]   /usr/lib/x86_64-linux-gnu/cmake/pcl/PCLConfig.cmake:543 (find_external_library)
[1.935s]   /opt/ros/humble/share/pcl_conversions/cmake/ament_cmake_export_dependencies-extras.cmake:21 (find_package)
[1.935s]   /opt/ros/humble/share/pcl_conversions/cmake/pcl_conversionsConfig.cmake:41 (include)
[1.936s]   /opt/ros/humble/share/pcl_ros/cmake/ament_cmake_export_dependencies-extras.cmake:21 (find_package)
[1.936s]   /opt/ros/humble/share/pcl_ros/cmake/pcl_rosConfig.cmake:41 (include)
[1.936s]   /opt/ros/humble/share/ament_cmake_auto/cmake/ament_auto_find_build_dependencies.cmake:67 (find_package)
[1.936s]   CMakeLists.txt:20 (ament_auto_find_build_dependencies)
[1.936s] This warning is for project developers.  Use -Wno-dev to suppress it.
[1.936s] 
[1.951s] -- Checking for module 'flann'
[1.972s] --   Found flann, version 1.9.1
[2.049s] -- Found FLANN: /usr/lib/x86_64-linux-gnu/libflann_cpp.so
[2.049s] -- FLANN found (include: /usr/include, lib: /usr/lib/x86_64-linux-gnu/libflann_cpp.so)
[3.816s] -- Checking for module 'libusb-1.0'
[3.852s] --   Found libusb-1.0, version 1.0.26
[3.971s] -- Found libusb: /usr/local/lib/libusb-1.0.so
[3.976s] -- OpenNI found (version: 1.5.4.0, include: /usr/include/ni, lib: /usr/lib/libOpenNI.so;libusb::libusb)
[4.131s] -- OpenNI2 found (version: 2.2.0.33, include: /usr/include/openni2, lib: /usr/lib/x86_64-linux-gnu/libOpenNI2.so;libusb::libusb)
[4.854s] -- Eigen found (include: /usr/include/eigen3, version: 3.4.0)
[4.879s] -- OpenNI found (version: 1.5.4.0, include: /usr/include/ni, lib: /usr/lib/libOpenNI.so;libusb::libusb)
[4.898s] -- OpenNI2 found (version: 2.2.0.33, include: /usr/include/openni2, lib: /usr/lib/x86_64-linux-gnu/libOpenNI2.so;libusb::libusb)
[5.539s] -- Found Qhull version 8.0.2
[6.053s] -- OpenNI found (version: 1.5.4.0, include: /usr/include/ni, lib: /usr/lib/libOpenNI.so;libusb::libusb)
[6.738s] -- Found PCL_COMMON: /usr/lib/x86_64-linux-gnu/libpcl_common.so
[6.738s] -- Found PCL_KDTREE: /usr/lib/x86_64-linux-gnu/libpcl_kdtree.so
[6.746s] -- Found PCL_OCTREE: /usr/lib/x86_64-linux-gnu/libpcl_octree.so
[6.746s] -- Found PCL_SEARCH: /usr/lib/x86_64-linux-gnu/libpcl_search.so
[6.750s] -- Found PCL_SAMPLE_CONSENSUS: /usr/lib/x86_64-linux-gnu/libpcl_sample_consensus.so
[6.755s] -- Found PCL_FILTERS: /usr/lib/x86_64-linux-gnu/libpcl_filters.so
[6.755s] -- Found PCL_2D: /usr/include/pcl-1.12
[6.755s] -- Found PCL_GEOMETRY: /usr/include/pcl-1.12
[6.761s] -- Found PCL_IO: /usr/lib/x86_64-linux-gnu/libpcl_io.so
[6.768s] -- Found PCL_FEATURES: /usr/lib/x86_64-linux-gnu/libpcl_features.so
[6.769s] -- Found PCL_ML: /usr/lib/x86_64-linux-gnu/libpcl_ml.so
[6.778s] -- Found PCL_SEGMENTATION: /usr/lib/x86_64-linux-gnu/libpcl_segmentation.so
[6.786s] -- Found PCL_VISUALIZATION: /usr/lib/x86_64-linux-gnu/libpcl_visualization.so
[6.786s] -- Found PCL_SURFACE: /usr/lib/x86_64-linux-gnu/libpcl_surface.so
[6.795s] -- Found PCL_REGISTRATION: /usr/lib/x86_64-linux-gnu/libpcl_registration.so
[6.795s] -- Found PCL_KEYPOINTS: /usr/lib/x86_64-linux-gnu/libpcl_keypoints.so
[6.799s] -- Found PCL_TRACKING: /usr/lib/x86_64-linux-gnu/libpcl_tracking.so
[6.804s] -- Found PCL_RECOGNITION: /usr/lib/x86_64-linux-gnu/libpcl_recognition.so
[6.811s] -- Found PCL_STEREO: /usr/lib/x86_64-linux-gnu/libpcl_stereo.so
[6.812s] -- Found PCL_APPS: /usr/lib/x86_64-linux-gnu/libpcl_apps.so
[6.820s] -- Found PCL_IN_HAND_SCANNER: /usr/include/pcl-1.12
[6.820s] -- Found PCL_MODELER: /usr/include/pcl-1.12
[6.820s] -- Found PCL_POINT_CLOUD_EDITOR: /usr/include/pcl-1.12
[6.822s] -- Found PCL_OUTOFCORE: /usr/lib/x86_64-linux-gnu/libpcl_outofcore.so
[6.828s] -- Found PCL_PEOPLE: /usr/lib/x86_64-linux-gnu/libpcl_people.so
[6.917s] -- Found eigen3_cmake_module: 0.1.1 (/opt/ros/humble/share/eigen3_cmake_module/cmake)
[6.919s] -- Found Eigen3: TRUE (found version "3.4.0")
[6.919s] -- Ensuring Eigen3 include directory is part of orocos-kdl CMake target
[7.238s] -- Found ament_lint_auto: 0.12.14 (/opt/ros/humble/share/ament_lint_auto/cmake)
[7.238s] -- Added test 'clang_format' to check C / C++ code style
[7.238s] -- Added test 'clang_tidy' to check C / C++ code style
[7.238s] -- Added test 'black' to check Python code style
[7.238s] -- Configuring done (6.9s)
[7.361s] -- Generating done (0.1s)
[7.381s] -- Build files have been written to: /home/rmsentry/ros_ws/build/sensor_scan_generation
[7.438s] Invoked command in '/home/rmsentry/ros_ws/build/sensor_scan_generation' returned '0': CMAKE_PREFIX_PATH=/opt/ros/humble /usr/local/bin/cmake /home/rmsentry/ros_ws/src/pb2025_sentry_nav/sensor_scan_generation -DAMENT_CMAKE_SYMLINK_INSTALL=1 -DCMAKE_INSTALL_PREFIX=/home/rmsentry/ros_ws/install/sensor_scan_generation
[7.438s] Invoking command in '/home/rmsentry/ros_ws/build/sensor_scan_generation': CMAKE_PREFIX_PATH=/opt/ros/humble /usr/local/bin/cmake --build /home/rmsentry/ros_ws/build/sensor_scan_generation -- -j12 -l12
[7.509s] [ 25%] Building CXX object CMakeFiles/sensor_scan_generation_node.dir/rclcpp_components/node_main_sensor_scan_generation_node.cpp.o
[7.519s] [ 50%] Building CXX object CMakeFiles/sensor_scan_generation.dir/src/sensor_scan_generation.cpp.o
[19.682s] [ 75%] Linking CXX executable sensor_scan_generation_node
[19.910s] [ 75%] Built target sensor_scan_generation_node
[47.481s] [100%] Linking CXX shared library libsensor_scan_generation.so
[50.070s] [100%] Built target sensor_scan_generation
[50.093s] Invoked command in '/home/rmsentry/ros_ws/build/sensor_scan_generation' returned '0': CMAKE_PREFIX_PATH=/opt/ros/humble /usr/local/bin/cmake --build /home/rmsentry/ros_ws/build/sensor_scan_generation -- -j12 -l12
[50.094s] Invoking command in '/home/rmsentry/ros_ws/build/sensor_scan_generation': CMAKE_PREFIX_PATH=/opt/ros/humble /usr/local/bin/cmake --install /home/rmsentry/ros_ws/build/sensor_scan_generation
[50.099s] -- Install configuration: ""
[50.100s] -- Execute custom install script
[50.101s] -- Symlinking: /home/rmsentry/ros_ws/install/sensor_scan_generation/lib/sensor_scan_generation/sensor_scan_generation_node
[50.113s] -- Symlinking: /home/rmsentry/ros_ws/install/sensor_scan_generation/include/sensor_scan_generation/sensor_scan_generation/sensor_scan_generation.hpp
[50.120s] -- Symlinking: /home/rmsentry/ros_ws/install/sensor_scan_generation/share/sensor_scan_generation/environment/library_path.sh
[50.126s] -- Symlinking: /home/rmsentry/ros_ws/install/sensor_scan_generation/share/sensor_scan_generation/environment/library_path.dsv
[50.132s] -- Symlinking: /home/rmsentry/ros_ws/install/sensor_scan_generation/lib/libsensor_scan_generation.so
[50.138s] -- Symlinking: /home/rmsentry/ros_ws/install/sensor_scan_generation/share/sensor_scan_generation/launch/sensor_scan_generation.launch.py
[50.145s] -- Symlinking: /home/rmsentry/ros_ws/install/sensor_scan_generation/share/ament_index/resource_index/package_run_dependencies/sensor_scan_generation
[50.153s] -- Symlinking: /home/rmsentry/ros_ws/install/sensor_scan_generation/share/ament_index/resource_index/parent_prefix_path/sensor_scan_generation
[50.157s] -- Symlinking: /home/rmsentry/ros_ws/install/sensor_scan_generation/share/sensor_scan_generation/environment/ament_prefix_path.sh
[50.163s] -- Symlinking: /home/rmsentry/ros_ws/install/sensor_scan_generation/share/sensor_scan_generation/environment/ament_prefix_path.dsv
[50.170s] -- Symlinking: /home/rmsentry/ros_ws/install/sensor_scan_generation/share/sensor_scan_generation/environment/path.sh
[50.176s] -- Symlinking: /home/rmsentry/ros_ws/install/sensor_scan_generation/share/sensor_scan_generation/environment/path.dsv
[50.186s] -- Symlinking: /home/rmsentry/ros_ws/install/sensor_scan_generation/share/sensor_scan_generation/local_setup.bash
[50.195s] -- Symlinking: /home/rmsentry/ros_ws/install/sensor_scan_generation/share/sensor_scan_generation/local_setup.sh
[50.205s] -- Symlinking: /home/rmsentry/ros_ws/install/sensor_scan_generation/share/sensor_scan_generation/local_setup.zsh
[50.212s] -- Symlinking: /home/rmsentry/ros_ws/install/sensor_scan_generation/share/sensor_scan_generation/local_setup.dsv
[50.221s] -- Symlinking: /home/rmsentry/ros_ws/install/sensor_scan_generation/share/sensor_scan_generation/package.dsv
[50.229s] -- Symlinking: /home/rmsentry/ros_ws/install/sensor_scan_generation/share/ament_index/resource_index/packages/sensor_scan_generation
[50.239s] -- Symlinking: /home/rmsentry/ros_ws/install/sensor_scan_generation/share/ament_index/resource_index/rclcpp_components/sensor_scan_generation
[50.246s] -- Symlinking: /home/rmsentry/ros_ws/install/sensor_scan_generation/share/sensor_scan_generation/cmake/ament_cmake_export_dependencies-extras.cmake
[50.253s] -- Symlinking: /home/rmsentry/ros_ws/install/sensor_scan_generation/share/sensor_scan_generation/cmake/ament_cmake_export_include_directories-extras.cmake
[50.260s] -- Symlinking: /home/rmsentry/ros_ws/install/sensor_scan_generation/share/sensor_scan_generation/cmake/ament_cmake_export_libraries-extras.cmake
[50.268s] -- Symlinking: /home/rmsentry/ros_ws/install/sensor_scan_generation/share/sensor_scan_generation/cmake/sensor_scan_generationConfig.cmake
[50.275s] -- Symlinking: /home/rmsentry/ros_ws/install/sensor_scan_generation/share/sensor_scan_generation/cmake/sensor_scan_generationConfig-version.cmake
[50.282s] -- Symlinking: /home/rmsentry/ros_ws/install/sensor_scan_generation/share/sensor_scan_generation/package.xml
[50.292s] Invoked command in '/home/rmsentry/ros_ws/build/sensor_scan_generation' returned '0': CMAKE_PREFIX_PATH=/opt/ros/humble /usr/local/bin/cmake --install /home/rmsentry/ros_ws/build/sensor_scan_generation
