[0.017s] Invoking command in '/home/rmsentry/ros_ws/build/pointcloud_to_laserscan': CMAKE_PREFIX_PATH=/opt/ros/humble /usr/local/bin/cmake /home/rmsentry/ros_ws/src/pb2025_sentry_nav/pointcloud_to_laserscan -DAMENT_CMAKE_SYMLINK_INSTALL=1 -DCMAKE_INSTALL_PREFIX=/home/rmsentry/ros_ws/install/pointcloud_to_laserscan
[0.141s] -- The C compiler identification is GNU 11.4.0
[0.282s] -- The CXX compiler identification is GNU 11.4.0
[0.307s] -- Detecting C compiler ABI info
[0.452s] -- Detecting C compiler ABI info - done
[0.499s] -- Check for working C compiler: /usr/bin/cc - skipped
[0.499s] -- Detecting C compile features
[0.500s] -- Detecting C compile features - done
[0.509s] -- Detecting CXX compiler ABI info
[0.782s] -- Detecting CXX compiler ABI info - done
[0.812s] -- Check for working CXX compiler: /usr/bin/c++ - skipped
[0.812s] -- Detecting CXX compile features
[0.820s] -- Detecting CXX compile features - done
[0.820s] -- Found ament_cmake_auto: 1.3.12 (/opt/ros/humble/share/ament_cmake_auto/cmake)
[1.132s] -- Found Python3: /usr/bin/python3 (found version "3.10.12") found components: Interpreter
[1.313s] -- Override CMake install command with custom implementation using symlinks instead of copying resources
[1.747s] -- Found rosidl_generator_c: 3.1.7 (/opt/ros/humble/share/rosidl_generator_c/cmake)
[1.759s] -- Found rosidl_adapter: 3.1.7 (/opt/ros/humble/share/rosidl_adapter/cmake)
[1.782s] -- Found rosidl_generator_cpp: 3.1.7 (/opt/ros/humble/share/rosidl_generator_cpp/cmake)
[1.806s] -- Using all available rosidl_typesupport_c: rosidl_typesupport_fastrtps_c;rosidl_typesupport_introspection_c
[1.836s] -- Using all available rosidl_typesupport_cpp: rosidl_typesupport_fastrtps_cpp;rosidl_typesupport_introspection_cpp
[1.939s] -- Found rmw_implementation_cmake: 6.1.2 (/opt/ros/humble/share/rmw_implementation_cmake/cmake)
[1.944s] -- Found rmw_fastrtps_cpp: 6.2.8 (/opt/ros/humble/share/rmw_fastrtps_cpp/cmake)
[2.109s] -- Found OpenSSL: /usr/lib/x86_64-linux-gnu/libcrypto.so (found version "3.0.2")
[2.172s] -- Found FastRTPS: /opt/ros/humble/include
[2.285s] -- Using RMW implementation 'rmw_fastrtps_cpp' as default
[2.307s] -- Performing Test CMAKE_HAVE_LIBC_PTHREAD
[2.474s] -- Performing Test CMAKE_HAVE_LIBC_PTHREAD - Success
[2.478s] -- Found Threads: TRUE
[3.089s] -- Found ament_lint_auto: 0.12.14 (/opt/ros/humble/share/ament_lint_auto/cmake)
[3.120s] In this package, headers install destination is set to `include` by ament_auto_package. It is recommended to install `include/pointcloud_to_laserscan` instead and will be the default behavior of ament_auto_package from ROS 2 Kilted Kaiju. On distributions before Kilted, ament_auto_package behaves the same way when you use USE_SCOPED_HEADER_INSTALL_DIR option.
[3.147s] -- Added test 'cppcheck' to perform static code analysis on C / C++ code
[3.147s] -- Configured cppcheck include dirs: /home/rmsentry/ros_ws/src/pb2025_sentry_nav/pointcloud_to_laserscan/include
[3.147s] -- Configured cppcheck exclude dirs and/or files: 
[3.149s] -- Added test 'cpplint' to check C / C++ code against the Google style
[3.150s] -- Configured cpplint exclude dirs and/or files: 
[3.151s] -- Added test 'flake8' to check Python code syntax and style conventions
[3.152s] -- Added test 'lint_cmake' to check CMake code style
[3.153s] -- Added test 'pep257' to check Python code against some of the docstring style conventions in PEP 257
[3.155s] -- Added test 'uncrustify' to check C / C++ code style
[3.155s] -- Configured uncrustify additional arguments: 
[3.158s] -- Added test 'xmllint' to check XML markup files
[3.166s] -- Configuring done (3.1s)
[3.245s] -- Generating done (0.1s)
[3.279s] -- Build files have been written to: /home/rmsentry/ros_ws/build/pointcloud_to_laserscan
[3.297s] Invoked command in '/home/rmsentry/ros_ws/build/pointcloud_to_laserscan' returned '0': CMAKE_PREFIX_PATH=/opt/ros/humble /usr/local/bin/cmake /home/rmsentry/ros_ws/src/pb2025_sentry_nav/pointcloud_to_laserscan -DAMENT_CMAKE_SYMLINK_INSTALL=1 -DCMAKE_INSTALL_PREFIX=/home/rmsentry/ros_ws/install/pointcloud_to_laserscan
[3.298s] Invoking command in '/home/rmsentry/ros_ws/build/pointcloud_to_laserscan': CMAKE_PREFIX_PATH=/opt/ros/humble /usr/local/bin/cmake --build /home/rmsentry/ros_ws/build/pointcloud_to_laserscan -- -j12 -l12
[3.403s] [ 10%] Building CXX object CMakeFiles/laserscan_to_pointcloud_node.dir/rclcpp_components/node_main_laserscan_to_pointcloud_node.cpp.o
[3.408s] [ 20%] Building CXX object CMakeFiles/laserscan_to_pointcloud.dir/src/laserscan_to_pointcloud_node.cpp.o
[3.416s] [ 30%] Building CXX object CMakeFiles/pointcloud_to_laserscan_node.dir/rclcpp_components/node_main_pointcloud_to_laserscan_node.cpp.o
[15.141s] [ 40%] Linking CXX executable pointcloud_to_laserscan_node
[15.152s] [ 50%] Linking CXX executable laserscan_to_pointcloud_node
[15.336s] [ 50%] Built target laserscan_to_pointcloud_node
[15.454s] [ 50%] Built target pointcloud_to_laserscan_node
[27.596s] [ 60%] Linking CXX shared library liblaserscan_to_pointcloud.so
[28.826s] [ 60%] Built target laserscan_to_pointcloud
[28.869s] [ 70%] Building CXX object CMakeFiles/pointcloud_to_laserscan.dir/src/pointcloud_to_laserscan_node.cpp.o
[51.354s] [ 80%] Linking CXX shared library libpointcloud_to_laserscan.so
[52.261s] [ 80%] Built target pointcloud_to_laserscan
[52.289s] [ 90%] Building CXX object CMakeFiles/dummy_pointcloud_publisher.dir/src/dummy_pointcloud_publisher.cpp.o
[59.303s] [100%] Linking CXX executable dummy_pointcloud_publisher
[59.830s] [100%] Built target dummy_pointcloud_publisher
[59.851s] Invoked command in '/home/rmsentry/ros_ws/build/pointcloud_to_laserscan' returned '0': CMAKE_PREFIX_PATH=/opt/ros/humble /usr/local/bin/cmake --build /home/rmsentry/ros_ws/build/pointcloud_to_laserscan -- -j12 -l12
[59.852s] Invoking command in '/home/rmsentry/ros_ws/build/pointcloud_to_laserscan': CMAKE_PREFIX_PATH=/opt/ros/humble /usr/local/bin/cmake --install /home/rmsentry/ros_ws/build/pointcloud_to_laserscan
[59.856s] -- Install configuration: ""
[59.856s] -- Execute custom install script
[59.856s] -- Symlinking: /home/rmsentry/ros_ws/install/pointcloud_to_laserscan/lib/pointcloud_to_laserscan/laserscan_to_pointcloud_node
[59.926s] -- Symlinking: /home/rmsentry/ros_ws/install/pointcloud_to_laserscan/lib/pointcloud_to_laserscan/pointcloud_to_laserscan_node
[59.926s] -- Symlinking: /home/rmsentry/ros_ws/install/pointcloud_to_laserscan/include/pointcloud_to_laserscan/laserscan_to_pointcloud_node.hpp
[59.926s] -- Symlinking: /home/rmsentry/ros_ws/install/pointcloud_to_laserscan/include/pointcloud_to_laserscan/pointcloud_to_laserscan_node.hpp
[59.926s] -- Symlinking: /home/rmsentry/ros_ws/install/pointcloud_to_laserscan/include/pointcloud_to_laserscan/visibility_control.h
[59.927s] -- Symlinking: /home/rmsentry/ros_ws/install/pointcloud_to_laserscan/share/pointcloud_to_laserscan/environment/library_path.sh
[59.927s] -- Symlinking: /home/rmsentry/ros_ws/install/pointcloud_to_laserscan/share/pointcloud_to_laserscan/environment/library_path.dsv
[59.927s] -- Symlinking: /home/rmsentry/ros_ws/install/pointcloud_to_laserscan/lib/liblaserscan_to_pointcloud.so
[59.927s] -- Symlinking: /home/rmsentry/ros_ws/install/pointcloud_to_laserscan/lib/libpointcloud_to_laserscan.so
[59.927s] -- Symlinking: /home/rmsentry/ros_ws/install/pointcloud_to_laserscan/lib/pointcloud_to_laserscan/dummy_pointcloud_publisher
[59.932s] -- Symlinking: /home/rmsentry/ros_ws/install/pointcloud_to_laserscan/share/pointcloud_to_laserscan/launch/sample_laserscan_to_pointcloud_launch.py
[59.946s] -- Symlinking: /home/rmsentry/ros_ws/install/pointcloud_to_laserscan/share/pointcloud_to_laserscan/launch/sample_pointcloud_to_laserscan_launch.py
[59.950s] -- Symlinking: /home/rmsentry/ros_ws/install/pointcloud_to_laserscan/share/ament_index/resource_index/package_run_dependencies/pointcloud_to_laserscan
[59.957s] -- Symlinking: /home/rmsentry/ros_ws/install/pointcloud_to_laserscan/share/ament_index/resource_index/parent_prefix_path/pointcloud_to_laserscan
[59.968s] -- Symlinking: /home/rmsentry/ros_ws/install/pointcloud_to_laserscan/share/pointcloud_to_laserscan/environment/ament_prefix_path.sh
[59.982s] -- Symlinking: /home/rmsentry/ros_ws/install/pointcloud_to_laserscan/share/pointcloud_to_laserscan/environment/ament_prefix_path.dsv
[59.986s] -- Symlinking: /home/rmsentry/ros_ws/install/pointcloud_to_laserscan/share/pointcloud_to_laserscan/environment/path.sh
[59.994s] -- Symlinking: /home/rmsentry/ros_ws/install/pointcloud_to_laserscan/share/pointcloud_to_laserscan/environment/path.dsv
[60.003s] -- Symlinking: /home/rmsentry/ros_ws/install/pointcloud_to_laserscan/share/pointcloud_to_laserscan/local_setup.bash
[60.015s] -- Symlinking: /home/rmsentry/ros_ws/install/pointcloud_to_laserscan/share/pointcloud_to_laserscan/local_setup.sh
[60.018s] -- Symlinking: /home/rmsentry/ros_ws/install/pointcloud_to_laserscan/share/pointcloud_to_laserscan/local_setup.zsh
[60.025s] -- Symlinking: /home/rmsentry/ros_ws/install/pointcloud_to_laserscan/share/pointcloud_to_laserscan/local_setup.dsv
[60.032s] -- Symlinking: /home/rmsentry/ros_ws/install/pointcloud_to_laserscan/share/pointcloud_to_laserscan/package.dsv
[60.039s] -- Symlinking: /home/rmsentry/ros_ws/install/pointcloud_to_laserscan/share/ament_index/resource_index/packages/pointcloud_to_laserscan
[60.046s] -- Symlinking: /home/rmsentry/ros_ws/install/pointcloud_to_laserscan/share/ament_index/resource_index/rclcpp_components/pointcloud_to_laserscan
[60.054s] -- Symlinking: /home/rmsentry/ros_ws/install/pointcloud_to_laserscan/share/pointcloud_to_laserscan/cmake/ament_cmake_export_dependencies-extras.cmake
[60.062s] -- Symlinking: /home/rmsentry/ros_ws/install/pointcloud_to_laserscan/share/pointcloud_to_laserscan/cmake/ament_cmake_export_include_directories-extras.cmake
[60.072s] -- Symlinking: /home/rmsentry/ros_ws/install/pointcloud_to_laserscan/share/pointcloud_to_laserscan/cmake/ament_cmake_export_libraries-extras.cmake
[60.075s] -- Symlinking: /home/rmsentry/ros_ws/install/pointcloud_to_laserscan/share/pointcloud_to_laserscan/cmake/pointcloud_to_laserscanConfig.cmake
[60.082s] -- Symlinking: /home/rmsentry/ros_ws/install/pointcloud_to_laserscan/share/pointcloud_to_laserscan/cmake/pointcloud_to_laserscanConfig-version.cmake
[60.089s] -- Symlinking: /home/rmsentry/ros_ws/install/pointcloud_to_laserscan/share/pointcloud_to_laserscan/package.xml
[60.105s] Invoked command in '/home/rmsentry/ros_ws/build/pointcloud_to_laserscan' returned '0': CMAKE_PREFIX_PATH=/opt/ros/humble /usr/local/bin/cmake --install /home/rmsentry/ros_ws/build/pointcloud_to_laserscan
