running develop
running egg_info
creating rm_decision.egg-info
writing rm_decision.egg-info/PKG-INFO
writing dependency_links to rm_decision.egg-info/dependency_links.txt
writing entry points to rm_decision.egg-info/entry_points.txt
writing requirements to rm_decision.egg-info/requires.txt
writing top-level names to rm_decision.egg-info/top_level.txt
writing manifest file 'rm_decision.egg-info/SOURCES.txt'
reading manifest file 'rm_decision.egg-info/SOURCES.txt'
writing manifest file 'rm_decision.egg-info/SOURCES.txt'
running build_ext
Creating /home/rmsentry/ros_ws/install/rm_decision/lib/python3.10/site-packages/rm-decision.egg-link (link to .)
Installing auto_fsm script to /home/rmsentry/ros_ws/install/rm_decision/lib/rm_decision

Installed /home/rmsentry/ros_ws/build/rm_decision
running symlink_data
creating /home/rmsentry/ros_ws/install/rm_decision/share/ament_index
creating /home/rmsentry/ros_ws/install/rm_decision/share/ament_index/resource_index
creating /home/rmsentry/ros_ws/install/rm_decision/share/ament_index/resource_index/packages
symbolically linking /home/rmsentry/ros_ws/build/rm_decision/resource/rm_decision -> /home/rmsentry/ros_ws/install/rm_decision/share/ament_index/resource_index/packages
symbolically linking /home/rmsentry/ros_ws/build/rm_decision/package.xml -> /home/rmsentry/ros_ws/install/rm_decision/share/rm_decision
symbolically linking /home/rmsentry/ros_ws/build/rm_decision/launch/auto_fsm.launch.py -> /home/rmsentry/ros_ws/install/rm_decision/share/rm_decision
creating /home/rmsentry/ros_ws/install/rm_decision/share/rm_decision/config
symbolically linking /home/rmsentry/ros_ws/build/rm_decision/rm_decision/config/goal.yaml -> /home/rmsentry/ros_ws/install/rm_decision/share/rm_decision/config
