[0.791s] Invoking command in '/home/rmsentry/ros_ws/build/rm_decision': AMENT_PREFIX_PATH=/home/rmsentry/ros_ws/install/rm_decision_interfaces:${AMENT_PREFIX_PATH} CMAKE_PREFIX_PATH=/home/rmsentry/ros_ws/install/rm_decision_interfaces LD_LIBRARY_PATH=/home/rmsentry/ros_ws/install/rm_decision_interfaces/lib:/opt/MVS/lib/64:/opt/MVS/lib/32:/usr/local/lib:/opt/MVS/lib/64:/opt/MVS/lib/32:/opt/MVS/lib/64:/opt/MVS/lib/32:/usr/local/lib:/opt/ros/humble/opt/rviz_ogre_vendor/lib:/opt/ros/humble/lib/x86_64-linux-gnu:/opt/ros/humble/lib:/opt/MVS/lib/64:/opt/MVS/lib/32:/opt/MVS/lib/64:/opt/MVS/lib/32:/opt/MVS/lib/64:/opt/MVS/lib/32 PYTHONPATH=/home/rmsentry/ros_ws/build/rm_decision/prefix_override:/usr/lib/python3/dist-packages/colcon_core/task/python/colcon_distutils_commands:/home/rmsentry/ros_ws/install/rm_decision/lib/python3.10/site-packages:/home/rmsentry/ros_ws/install/rm_decision_interfaces/local/lib/python3.10/dist-packages:${PYTHONPATH} /usr/bin/python3 -W ignore:setup.py install is deprecated -W ignore:easy_install command is deprecated setup.py develop --editable --build-directory /home/rmsentry/ros_ws/build/rm_decision/build --no-deps symlink_data
[1.316s] running develop
[1.594s] running egg_info
[1.594s] creating rm_decision.egg-info
[1.595s] writing rm_decision.egg-info/PKG-INFO
[1.600s] writing dependency_links to rm_decision.egg-info/dependency_links.txt
[1.600s] writing entry points to rm_decision.egg-info/entry_points.txt
[1.600s] writing requirements to rm_decision.egg-info/requires.txt
[1.600s] writing top-level names to rm_decision.egg-info/top_level.txt
[1.600s] writing manifest file 'rm_decision.egg-info/SOURCES.txt'
[1.600s] reading manifest file 'rm_decision.egg-info/SOURCES.txt'
[1.601s] writing manifest file 'rm_decision.egg-info/SOURCES.txt'
[1.604s] running build_ext
[1.604s] Creating /home/rmsentry/ros_ws/install/rm_decision/lib/python3.10/site-packages/rm-decision.egg-link (link to .)
[1.606s] Installing auto_fsm script to /home/rmsentry/ros_ws/install/rm_decision/lib/rm_decision
[1.607s] 
[1.607s] Installed /home/rmsentry/ros_ws/build/rm_decision
[1.608s] running symlink_data
[1.608s] creating /home/rmsentry/ros_ws/install/rm_decision/share/ament_index
[1.609s] creating /home/rmsentry/ros_ws/install/rm_decision/share/ament_index/resource_index
[1.609s] creating /home/rmsentry/ros_ws/install/rm_decision/share/ament_index/resource_index/packages
[1.609s] symbolically linking /home/rmsentry/ros_ws/build/rm_decision/resource/rm_decision -> /home/rmsentry/ros_ws/install/rm_decision/share/ament_index/resource_index/packages
[1.610s] symbolically linking /home/rmsentry/ros_ws/build/rm_decision/package.xml -> /home/rmsentry/ros_ws/install/rm_decision/share/rm_decision
[1.611s] symbolically linking /home/rmsentry/ros_ws/build/rm_decision/launch/auto_fsm.launch.py -> /home/rmsentry/ros_ws/install/rm_decision/share/rm_decision
[1.611s] creating /home/rmsentry/ros_ws/install/rm_decision/share/rm_decision/config
[1.611s] symbolically linking /home/rmsentry/ros_ws/build/rm_decision/rm_decision/config/goal.yaml -> /home/rmsentry/ros_ws/install/rm_decision/share/rm_decision/config
[1.673s] Invoked command in '/home/rmsentry/ros_ws/build/rm_decision' returned '0': AMENT_PREFIX_PATH=/home/rmsentry/ros_ws/install/rm_decision_interfaces:${AMENT_PREFIX_PATH} CMAKE_PREFIX_PATH=/home/rmsentry/ros_ws/install/rm_decision_interfaces LD_LIBRARY_PATH=/home/rmsentry/ros_ws/install/rm_decision_interfaces/lib:/opt/MVS/lib/64:/opt/MVS/lib/32:/usr/local/lib:/opt/MVS/lib/64:/opt/MVS/lib/32:/opt/MVS/lib/64:/opt/MVS/lib/32:/usr/local/lib:/opt/ros/humble/opt/rviz_ogre_vendor/lib:/opt/ros/humble/lib/x86_64-linux-gnu:/opt/ros/humble/lib:/opt/MVS/lib/64:/opt/MVS/lib/32:/opt/MVS/lib/64:/opt/MVS/lib/32:/opt/MVS/lib/64:/opt/MVS/lib/32 PYTHONPATH=/home/rmsentry/ros_ws/build/rm_decision/prefix_override:/usr/lib/python3/dist-packages/colcon_core/task/python/colcon_distutils_commands:/home/rmsentry/ros_ws/install/rm_decision/lib/python3.10/site-packages:/home/rmsentry/ros_ws/install/rm_decision_interfaces/local/lib/python3.10/dist-packages:${PYTHONPATH} /usr/bin/python3 -W ignore:setup.py install is deprecated -W ignore:easy_install command is deprecated setup.py develop --editable --build-directory /home/rmsentry/ros_ws/build/rm_decision/build --no-deps symlink_data
