[0.043s] Invoking command in '/home/rmsentry/ros_ws/build/pb2025_sentry_nav': AMENT_PREFIX_PATH=/home/rmsentry/ros_ws/install/sensor_scan_generation:/home/rmsentry/ros_ws/install/loam_interface:/home/rmsentry/ros_ws/install/ign_sim_pointcloud_tool:/home/rmsentry/ros_ws/install/fake_vel_transform:${AMENT_PREFIX_PATH} CMAKE_PREFIX_PATH=/home/rmsentry/ros_ws/install/sensor_scan_generation:/home/rmsentry/ros_ws/install/loam_interface:/home/rmsentry/ros_ws/install/ign_sim_pointcloud_tool:/home/rmsentry/ros_ws/install/fake_vel_transform:/opt/ros/humble LD_LIBRARY_PATH=/home/rmsentry/ros_ws/install/sensor_scan_generation/lib:/home/rmsentry/ros_ws/install/loam_interface/lib:/home/rmsentry/ros_ws/install/ign_sim_pointcloud_tool/lib:/home/rmsentry/ros_ws/install/fake_vel_transform/lib:/opt/MVS/lib/64:/opt/MVS/lib/32:/usr/local/lib:/opt/MVS/lib/64:/opt/MVS/lib/32:/opt/MVS/lib/64:/opt/MVS/lib/32:/usr/local/lib:/opt/ros/humble/opt/rviz_ogre_vendor/lib:/opt/ros/humble/lib/x86_64-linux-gnu:/opt/ros/humble/lib:/opt/MVS/lib/64:/opt/MVS/lib/32:/opt/MVS/lib/64:/opt/MVS/lib/32:/opt/MVS/lib/64:/opt/MVS/lib/32 /usr/local/bin/cmake /home/rmsentry/ros_ws/src/pb2025_sentry_nav/pb2025_sentry_nav -DAMENT_CMAKE_SYMLINK_INSTALL=1 -DCMAKE_INSTALL_PREFIX=/home/rmsentry/ros_ws/install/pb2025_sentry_nav
[0.202s] -- The C compiler identification is GNU 11.4.0
[0.401s] -- The CXX compiler identification is GNU 11.4.0
[0.433s] -- Detecting C compiler ABI info
[0.624s] -- Detecting C compiler ABI info - done
[0.680s] -- Check for working C compiler: /usr/bin/cc - skipped
[0.680s] -- Detecting C compile features
[0.681s] -- Detecting C compile features - done
[0.689s] -- Detecting CXX compiler ABI info
[0.911s] -- Detecting CXX compiler ABI info - done
[0.976s] -- Check for working CXX compiler: /usr/bin/c++ - skipped
[0.978s] -- Detecting CXX compile features
[0.981s] -- Detecting CXX compile features - done
[0.992s] -- Found ament_cmake_auto: 1.3.12 (/opt/ros/humble/share/ament_cmake_auto/cmake)
[1.324s] -- Found Python3: /usr/bin/python3 (found version "3.10.12") found components: Interpreter
[1.478s] -- Override CMake install command with custom implementation using symlinks instead of copying resources
[1.561s] -- Found ament_lint_auto: 0.12.14 (/opt/ros/humble/share/ament_lint_auto/cmake)
[1.747s] -- Added test 'lint_cmake' to check CMake code style
[1.748s] -- Added test 'xmllint' to check XML markup files
[1.754s] -- Configuring done (1.7s)
[1.769s] -- Generating done (0.0s)
[1.772s] -- Build files have been written to: /home/rmsentry/ros_ws/build/pb2025_sentry_nav
[1.783s] Invoked command in '/home/rmsentry/ros_ws/build/pb2025_sentry_nav' returned '0': AMENT_PREFIX_PATH=/home/rmsentry/ros_ws/install/sensor_scan_generation:/home/rmsentry/ros_ws/install/loam_interface:/home/rmsentry/ros_ws/install/ign_sim_pointcloud_tool:/home/rmsentry/ros_ws/install/fake_vel_transform:${AMENT_PREFIX_PATH} CMAKE_PREFIX_PATH=/home/rmsentry/ros_ws/install/sensor_scan_generation:/home/rmsentry/ros_ws/install/loam_interface:/home/rmsentry/ros_ws/install/ign_sim_pointcloud_tool:/home/rmsentry/ros_ws/install/fake_vel_transform:/opt/ros/humble LD_LIBRARY_PATH=/home/rmsentry/ros_ws/install/sensor_scan_generation/lib:/home/rmsentry/ros_ws/install/loam_interface/lib:/home/rmsentry/ros_ws/install/ign_sim_pointcloud_tool/lib:/home/rmsentry/ros_ws/install/fake_vel_transform/lib:/opt/MVS/lib/64:/opt/MVS/lib/32:/usr/local/lib:/opt/MVS/lib/64:/opt/MVS/lib/32:/opt/MVS/lib/64:/opt/MVS/lib/32:/usr/local/lib:/opt/ros/humble/opt/rviz_ogre_vendor/lib:/opt/ros/humble/lib/x86_64-linux-gnu:/opt/ros/humble/lib:/opt/MVS/lib/64:/opt/MVS/lib/32:/opt/MVS/lib/64:/opt/MVS/lib/32:/opt/MVS/lib/64:/opt/MVS/lib/32 /usr/local/bin/cmake /home/rmsentry/ros_ws/src/pb2025_sentry_nav/pb2025_sentry_nav -DAMENT_CMAKE_SYMLINK_INSTALL=1 -DCMAKE_INSTALL_PREFIX=/home/rmsentry/ros_ws/install/pb2025_sentry_nav
[1.784s] Invoking command in '/home/rmsentry/ros_ws/build/pb2025_sentry_nav': AMENT_PREFIX_PATH=/home/rmsentry/ros_ws/install/sensor_scan_generation:/home/rmsentry/ros_ws/install/loam_interface:/home/rmsentry/ros_ws/install/ign_sim_pointcloud_tool:/home/rmsentry/ros_ws/install/fake_vel_transform:${AMENT_PREFIX_PATH} CMAKE_PREFIX_PATH=/home/rmsentry/ros_ws/install/sensor_scan_generation:/home/rmsentry/ros_ws/install/loam_interface:/home/rmsentry/ros_ws/install/ign_sim_pointcloud_tool:/home/rmsentry/ros_ws/install/fake_vel_transform:/opt/ros/humble LD_LIBRARY_PATH=/home/rmsentry/ros_ws/install/sensor_scan_generation/lib:/home/rmsentry/ros_ws/install/loam_interface/lib:/home/rmsentry/ros_ws/install/ign_sim_pointcloud_tool/lib:/home/rmsentry/ros_ws/install/fake_vel_transform/lib:/opt/MVS/lib/64:/opt/MVS/lib/32:/usr/local/lib:/opt/MVS/lib/64:/opt/MVS/lib/32:/opt/MVS/lib/64:/opt/MVS/lib/32:/usr/local/lib:/opt/ros/humble/opt/rviz_ogre_vendor/lib:/opt/ros/humble/lib/x86_64-linux-gnu:/opt/ros/humble/lib:/opt/MVS/lib/64:/opt/MVS/lib/32:/opt/MVS/lib/64:/opt/MVS/lib/32:/opt/MVS/lib/64:/opt/MVS/lib/32 /usr/local/bin/cmake --build /home/rmsentry/ros_ws/build/pb2025_sentry_nav -- -j12 -l12
[1.831s] Invoked command in '/home/rmsentry/ros_ws/build/pb2025_sentry_nav' returned '0': AMENT_PREFIX_PATH=/home/rmsentry/ros_ws/install/sensor_scan_generation:/home/rmsentry/ros_ws/install/loam_interface:/home/rmsentry/ros_ws/install/ign_sim_pointcloud_tool:/home/rmsentry/ros_ws/install/fake_vel_transform:${AMENT_PREFIX_PATH} CMAKE_PREFIX_PATH=/home/rmsentry/ros_ws/install/sensor_scan_generation:/home/rmsentry/ros_ws/install/loam_interface:/home/rmsentry/ros_ws/install/ign_sim_pointcloud_tool:/home/rmsentry/ros_ws/install/fake_vel_transform:/opt/ros/humble LD_LIBRARY_PATH=/home/rmsentry/ros_ws/install/sensor_scan_generation/lib:/home/rmsentry/ros_ws/install/loam_interface/lib:/home/rmsentry/ros_ws/install/ign_sim_pointcloud_tool/lib:/home/rmsentry/ros_ws/install/fake_vel_transform/lib:/opt/MVS/lib/64:/opt/MVS/lib/32:/usr/local/lib:/opt/MVS/lib/64:/opt/MVS/lib/32:/opt/MVS/lib/64:/opt/MVS/lib/32:/usr/local/lib:/opt/ros/humble/opt/rviz_ogre_vendor/lib:/opt/ros/humble/lib/x86_64-linux-gnu:/opt/ros/humble/lib:/opt/MVS/lib/64:/opt/MVS/lib/32:/opt/MVS/lib/64:/opt/MVS/lib/32:/opt/MVS/lib/64:/opt/MVS/lib/32 /usr/local/bin/cmake --build /home/rmsentry/ros_ws/build/pb2025_sentry_nav -- -j12 -l12
[1.831s] Invoking command in '/home/rmsentry/ros_ws/build/pb2025_sentry_nav': AMENT_PREFIX_PATH=/home/rmsentry/ros_ws/install/sensor_scan_generation:/home/rmsentry/ros_ws/install/loam_interface:/home/rmsentry/ros_ws/install/ign_sim_pointcloud_tool:/home/rmsentry/ros_ws/install/fake_vel_transform:${AMENT_PREFIX_PATH} CMAKE_PREFIX_PATH=/home/rmsentry/ros_ws/install/sensor_scan_generation:/home/rmsentry/ros_ws/install/loam_interface:/home/rmsentry/ros_ws/install/ign_sim_pointcloud_tool:/home/rmsentry/ros_ws/install/fake_vel_transform:/opt/ros/humble LD_LIBRARY_PATH=/home/rmsentry/ros_ws/install/sensor_scan_generation/lib:/home/rmsentry/ros_ws/install/loam_interface/lib:/home/rmsentry/ros_ws/install/ign_sim_pointcloud_tool/lib:/home/rmsentry/ros_ws/install/fake_vel_transform/lib:/opt/MVS/lib/64:/opt/MVS/lib/32:/usr/local/lib:/opt/MVS/lib/64:/opt/MVS/lib/32:/opt/MVS/lib/64:/opt/MVS/lib/32:/usr/local/lib:/opt/ros/humble/opt/rviz_ogre_vendor/lib:/opt/ros/humble/lib/x86_64-linux-gnu:/opt/ros/humble/lib:/opt/MVS/lib/64:/opt/MVS/lib/32:/opt/MVS/lib/64:/opt/MVS/lib/32:/opt/MVS/lib/64:/opt/MVS/lib/32 /usr/local/bin/cmake --install /home/rmsentry/ros_ws/build/pb2025_sentry_nav
[1.834s] -- Install configuration: ""
[1.836s] -- Execute custom install script
[1.836s] -- Symlinking: /home/rmsentry/ros_ws/install/pb2025_sentry_nav/share/ament_index/resource_index/package_run_dependencies/pb2025_sentry_nav
[1.847s] -- Symlinking: /home/rmsentry/ros_ws/install/pb2025_sentry_nav/share/ament_index/resource_index/parent_prefix_path/pb2025_sentry_nav
[1.881s] -- Symlinking: /home/rmsentry/ros_ws/install/pb2025_sentry_nav/share/pb2025_sentry_nav/environment/ament_prefix_path.sh
[1.890s] -- Symlinking: /home/rmsentry/ros_ws/install/pb2025_sentry_nav/share/pb2025_sentry_nav/environment/ament_prefix_path.dsv
[1.897s] -- Symlinking: /home/rmsentry/ros_ws/install/pb2025_sentry_nav/share/pb2025_sentry_nav/environment/path.sh
[1.903s] -- Symlinking: /home/rmsentry/ros_ws/install/pb2025_sentry_nav/share/pb2025_sentry_nav/environment/path.dsv
[1.908s] -- Symlinking: /home/rmsentry/ros_ws/install/pb2025_sentry_nav/share/pb2025_sentry_nav/local_setup.bash
[1.912s] -- Symlinking: /home/rmsentry/ros_ws/install/pb2025_sentry_nav/share/pb2025_sentry_nav/local_setup.sh
[1.920s] -- Symlinking: /home/rmsentry/ros_ws/install/pb2025_sentry_nav/share/pb2025_sentry_nav/local_setup.zsh
[1.922s] -- Symlinking: /home/rmsentry/ros_ws/install/pb2025_sentry_nav/share/pb2025_sentry_nav/local_setup.dsv
[1.927s] -- Symlinking: /home/rmsentry/ros_ws/install/pb2025_sentry_nav/share/pb2025_sentry_nav/package.dsv
[1.933s] -- Symlinking: /home/rmsentry/ros_ws/install/pb2025_sentry_nav/share/ament_index/resource_index/packages/pb2025_sentry_nav
[1.938s] -- Symlinking: /home/rmsentry/ros_ws/install/pb2025_sentry_nav/share/pb2025_sentry_nav/cmake/pb2025_sentry_navConfig.cmake
[1.943s] -- Symlinking: /home/rmsentry/ros_ws/install/pb2025_sentry_nav/share/pb2025_sentry_nav/cmake/pb2025_sentry_navConfig-version.cmake
[1.949s] -- Symlinking: /home/rmsentry/ros_ws/install/pb2025_sentry_nav/share/pb2025_sentry_nav/package.xml
[1.960s] Invoked command in '/home/rmsentry/ros_ws/build/pb2025_sentry_nav' returned '0': AMENT_PREFIX_PATH=/home/rmsentry/ros_ws/install/sensor_scan_generation:/home/rmsentry/ros_ws/install/loam_interface:/home/rmsentry/ros_ws/install/ign_sim_pointcloud_tool:/home/rmsentry/ros_ws/install/fake_vel_transform:${AMENT_PREFIX_PATH} CMAKE_PREFIX_PATH=/home/rmsentry/ros_ws/install/sensor_scan_generation:/home/rmsentry/ros_ws/install/loam_interface:/home/rmsentry/ros_ws/install/ign_sim_pointcloud_tool:/home/rmsentry/ros_ws/install/fake_vel_transform:/opt/ros/humble LD_LIBRARY_PATH=/home/rmsentry/ros_ws/install/sensor_scan_generation/lib:/home/rmsentry/ros_ws/install/loam_interface/lib:/home/rmsentry/ros_ws/install/ign_sim_pointcloud_tool/lib:/home/rmsentry/ros_ws/install/fake_vel_transform/lib:/opt/MVS/lib/64:/opt/MVS/lib/32:/usr/local/lib:/opt/MVS/lib/64:/opt/MVS/lib/32:/opt/MVS/lib/64:/opt/MVS/lib/32:/usr/local/lib:/opt/ros/humble/opt/rviz_ogre_vendor/lib:/opt/ros/humble/lib/x86_64-linux-gnu:/opt/ros/humble/lib:/opt/MVS/lib/64:/opt/MVS/lib/32:/opt/MVS/lib/64:/opt/MVS/lib/32:/opt/MVS/lib/64:/opt/MVS/lib/32 /usr/local/bin/cmake --install /home/rmsentry/ros_ws/build/pb2025_sentry_nav
