[0.069s] Invoking command in '/home/rmsentry/ros_ws/build/terrain_analysis': CMAKE_PREFIX_PATH=${CMAKE_PREFIX_PATH}:/home/rmsentry/ros_ws/install/sdformat_tools:/home/rmsentry/ros_ws/install/rm_decision:/home/rmsentry/ros_ws/install/fake_msg_publisher:/opt/ros/humble /usr/local/bin/cmake --build /home/rmsentry/ros_ws/build/terrain_analysis -- -j12 -l12
[0.125s] [100%] Built target terrainAnalysis
[0.179s] Invoked command in '/home/rmsentry/ros_ws/build/terrain_analysis' returned '0': CMAKE_PREFIX_PATH=${CMAKE_PREFIX_PATH}:/home/rmsentry/ros_ws/install/sdformat_tools:/home/rmsentry/ros_ws/install/rm_decision:/home/rmsentry/ros_ws/install/fake_msg_publisher:/opt/ros/humble /usr/local/bin/cmake --build /home/rmsentry/ros_ws/build/terrain_analysis -- -j12 -l12
[0.181s] Invoking command in '/home/rmsentry/ros_ws/build/terrain_analysis': CMAKE_PREFIX_PATH=${CMAKE_PREFIX_PATH}:/home/rmsentry/ros_ws/install/sdformat_tools:/home/rmsentry/ros_ws/install/rm_decision:/home/rmsentry/ros_ws/install/fake_msg_publisher:/opt/ros/humble /usr/local/bin/cmake --install /home/rmsentry/ros_ws/build/terrain_analysis
[0.205s] -- Install configuration: ""
[0.205s] -- Execute custom install script
[0.205s] -- Up-to-date symlink: /home/rmsentry/ros_ws/install/terrain_analysis/lib/terrain_analysis/terrainAnalysis
[0.206s] -- Up-to-date symlink: /home/rmsentry/ros_ws/install/terrain_analysis/share/terrain_analysis/launch/terrain_analysis.launch
[0.206s] -- Up-to-date symlink: /home/rmsentry/ros_ws/install/terrain_analysis/share/ament_index/resource_index/package_run_dependencies/terrain_analysis
[0.206s] -- Up-to-date symlink: /home/rmsentry/ros_ws/install/terrain_analysis/share/ament_index/resource_index/parent_prefix_path/terrain_analysis
[0.206s] -- Up-to-date symlink: /home/rmsentry/ros_ws/install/terrain_analysis/share/terrain_analysis/environment/ament_prefix_path.sh
[0.206s] -- Up-to-date symlink: /home/rmsentry/ros_ws/install/terrain_analysis/share/terrain_analysis/environment/ament_prefix_path.dsv
[0.206s] -- Up-to-date symlink: /home/rmsentry/ros_ws/install/terrain_analysis/share/terrain_analysis/environment/path.sh
[0.206s] -- Up-to-date symlink: /home/rmsentry/ros_ws/install/terrain_analysis/share/terrain_analysis/environment/path.dsv
[0.206s] -- Up-to-date symlink: /home/rmsentry/ros_ws/install/terrain_analysis/share/terrain_analysis/local_setup.bash
[0.206s] -- Up-to-date symlink: /home/rmsentry/ros_ws/install/terrain_analysis/share/terrain_analysis/local_setup.sh
[0.206s] -- Up-to-date symlink: /home/rmsentry/ros_ws/install/terrain_analysis/share/terrain_analysis/local_setup.zsh
[0.206s] -- Up-to-date symlink: /home/rmsentry/ros_ws/install/terrain_analysis/share/terrain_analysis/local_setup.dsv
[0.206s] -- Symlinking: /home/rmsentry/ros_ws/install/terrain_analysis/share/terrain_analysis/package.dsv
[0.206s] -- Up-to-date symlink: /home/rmsentry/ros_ws/install/terrain_analysis/share/ament_index/resource_index/packages/terrain_analysis
[0.206s] -- Up-to-date symlink: /home/rmsentry/ros_ws/install/terrain_analysis/share/terrain_analysis/cmake/terrain_analysisConfig.cmake
[0.206s] -- Up-to-date symlink: /home/rmsentry/ros_ws/install/terrain_analysis/share/terrain_analysis/cmake/terrain_analysisConfig-version.cmake
[0.206s] -- Up-to-date symlink: /home/rmsentry/ros_ws/install/terrain_analysis/share/terrain_analysis/package.xml
[0.269s] Invoked command in '/home/rmsentry/ros_ws/build/terrain_analysis' returned '0': CMAKE_PREFIX_PATH=${CMAKE_PREFIX_PATH}:/home/rmsentry/ros_ws/install/sdformat_tools:/home/rmsentry/ros_ws/install/rm_decision:/home/rmsentry/ros_ws/install/fake_msg_publisher:/opt/ros/humble /usr/local/bin/cmake --install /home/rmsentry/ros_ws/build/terrain_analysis
