[0.040s] Invoking command in '/home/rmsentry/ros_ws/build/rmoss_gz_plugins': CMAKE_PREFIX_PATH=${CMAKE_PREFIX_PATH}:/home/rmsentry/ros_ws/install/sdformat_tools:/home/rmsentry/ros_ws/install/rm_decision:/home/rmsentry/ros_ws/install/fake_msg_publisher:/opt/ros/humble /usr/local/bin/cmake --build /home/rmsentry/ros_ws/build/rmoss_gz_plugins -- -j12 -l12
[0.292s] [ 33%] Built target ProjectileShooter
[0.293s] [ 66%] Built target MecanumDrive2
[0.293s] [100%] Built target LightBarController
[0.304s] Invoked command in '/home/rmsentry/ros_ws/build/rmoss_gz_plugins' returned '0': CMAKE_PREFIX_PATH=${CMAKE_PREFIX_PATH}:/home/rmsentry/ros_ws/install/sdformat_tools:/home/rmsentry/ros_ws/install/rm_decision:/home/rmsentry/ros_ws/install/fake_msg_publisher:/opt/ros/humble /usr/local/bin/cmake --build /home/rmsentry/ros_ws/build/rmoss_gz_plugins -- -j12 -l12
[0.305s] Invoking command in '/home/rmsentry/ros_ws/build/rmoss_gz_plugins': CMAKE_PREFIX_PATH=${CMAKE_PREFIX_PATH}:/home/rmsentry/ros_ws/install/sdformat_tools:/home/rmsentry/ros_ws/install/rm_decision:/home/rmsentry/ros_ws/install/fake_msg_publisher:/opt/ros/humble /usr/local/bin/cmake --install /home/rmsentry/ros_ws/build/rmoss_gz_plugins
[0.354s] -- Install configuration: ""
[0.356s] -- Execute custom install script
[0.357s] -- Up-to-date symlink: /home/rmsentry/ros_ws/install/rmoss_gz_plugins/plugins/libMecanumDrive2.so
[0.357s] -- Up-to-date symlink: /home/rmsentry/ros_ws/install/rmoss_gz_plugins/plugins/libProjectileShooter.so
[0.359s] -- Up-to-date symlink: /home/rmsentry/ros_ws/install/rmoss_gz_plugins/plugins/libLightBarController.so
[0.359s] -- Up-to-date symlink: /home/rmsentry/ros_ws/install/rmoss_gz_plugins/share/rmoss_gz_plugins/environment/gazebo.dsv
[0.359s] -- Up-to-date symlink: /home/rmsentry/ros_ws/install/rmoss_gz_plugins/share/ament_index/resource_index/package_run_dependencies/rmoss_gz_plugins
[0.359s] -- Up-to-date symlink: /home/rmsentry/ros_ws/install/rmoss_gz_plugins/share/ament_index/resource_index/parent_prefix_path/rmoss_gz_plugins
[0.360s] -- Up-to-date symlink: /home/rmsentry/ros_ws/install/rmoss_gz_plugins/share/rmoss_gz_plugins/environment/ament_prefix_path.sh
[0.360s] -- Up-to-date symlink: /home/rmsentry/ros_ws/install/rmoss_gz_plugins/share/rmoss_gz_plugins/environment/ament_prefix_path.dsv
[0.361s] -- Up-to-date symlink: /home/rmsentry/ros_ws/install/rmoss_gz_plugins/share/rmoss_gz_plugins/environment/path.sh
[0.361s] -- Up-to-date symlink: /home/rmsentry/ros_ws/install/rmoss_gz_plugins/share/rmoss_gz_plugins/environment/path.dsv
[0.361s] -- Up-to-date symlink: /home/rmsentry/ros_ws/install/rmoss_gz_plugins/share/rmoss_gz_plugins/local_setup.bash
[0.361s] -- Up-to-date symlink: /home/rmsentry/ros_ws/install/rmoss_gz_plugins/share/rmoss_gz_plugins/local_setup.sh
[0.361s] -- Up-to-date symlink: /home/rmsentry/ros_ws/install/rmoss_gz_plugins/share/rmoss_gz_plugins/local_setup.zsh
[0.361s] -- Up-to-date symlink: /home/rmsentry/ros_ws/install/rmoss_gz_plugins/share/rmoss_gz_plugins/local_setup.dsv
[0.361s] -- Symlinking: /home/rmsentry/ros_ws/install/rmoss_gz_plugins/share/rmoss_gz_plugins/package.dsv
[0.361s] -- Up-to-date symlink: /home/rmsentry/ros_ws/install/rmoss_gz_plugins/share/ament_index/resource_index/packages/rmoss_gz_plugins
[0.361s] -- Up-to-date symlink: /home/rmsentry/ros_ws/install/rmoss_gz_plugins/share/rmoss_gz_plugins/cmake/rmoss_gz_pluginsConfig.cmake
[0.361s] -- Up-to-date symlink: /home/rmsentry/ros_ws/install/rmoss_gz_plugins/share/rmoss_gz_plugins/cmake/rmoss_gz_pluginsConfig-version.cmake
[0.361s] -- Up-to-date symlink: /home/rmsentry/ros_ws/install/rmoss_gz_plugins/share/rmoss_gz_plugins/package.xml
[0.366s] Invoked command in '/home/rmsentry/ros_ws/build/rmoss_gz_plugins' returned '0': CMAKE_PREFIX_PATH=${CMAKE_PREFIX_PATH}:/home/rmsentry/ros_ws/install/sdformat_tools:/home/rmsentry/ros_ws/install/rm_decision:/home/rmsentry/ros_ws/install/fake_msg_publisher:/opt/ros/humble /usr/local/bin/cmake --install /home/rmsentry/ros_ws/build/rmoss_gz_plugins
