[0.014s] Invoking command in '/home/rmsentry/ros_ws/build/pb_rm_interfaces': CMAKE_PREFIX_PATH=/opt/ros/humble /usr/local/bin/cmake /home/rmsentry/ros_ws/src/pb_rm_interfaces -DAMENT_CMAKE_SYMLINK_INSTALL=1 -DCMAKE_INSTALL_PREFIX=/home/rmsentry/ros_ws/install/pb_rm_interfaces
[0.177s] -- The C compiler identification is GNU 11.4.0
[0.342s] -- The CXX compiler identification is GNU 11.4.0
[0.379s] -- Detecting C compiler ABI info
[0.535s] -- Detecting C compiler ABI info - done
[0.597s] -- Check for working C compiler: /usr/bin/cc - skipped
[0.597s] -- Detecting C compile features
[0.597s] -- Detecting C compile features - done
[0.611s] -- Detecting CXX compiler ABI info
[0.826s] -- Detecting CXX compiler ABI info - done
[0.896s] -- Check for working CXX compiler: /usr/bin/c++ - skipped
[0.896s] -- Detecting CXX compile features
[0.896s] -- Detecting CXX compile features - done
[0.898s] -- Found ament_cmake: 1.3.12 (/opt/ros/humble/share/ament_cmake/cmake)
[1.244s] -- Found Python3: /usr/bin/python3 (found version "3.10.12") found components: Interpreter
[1.398s] -- Override CMake install command with custom implementation using symlinks instead of copying resources
[1.496s] -- Found rosidl_default_generators: 1.2.0 (/opt/ros/humble/share/rosidl_default_generators/cmake)
[1.501s] -- Using all available rosidl_typesupport_c: rosidl_typesupport_fastrtps_c;rosidl_typesupport_introspection_c
[1.522s] -- Found rosidl_adapter: 3.1.7 (/opt/ros/humble/share/rosidl_adapter/cmake)
[1.669s] -- Using all available rosidl_typesupport_cpp: rosidl_typesupport_fastrtps_cpp;rosidl_typesupport_introspection_cpp
[1.775s] -- Found geometry_msgs: 4.9.0 (/opt/ros/humble/share/geometry_msgs/cmake)
[2.760s] -- Found ament_cmake_ros: 0.10.0 (/opt/ros/humble/share/ament_cmake_ros/cmake)
[3.377s] -- Using all available rosidl_typesupport_c: rosidl_typesupport_fastrtps_c;rosidl_typesupport_introspection_c
[4.487s] -- Using all available rosidl_typesupport_cpp: rosidl_typesupport_fastrtps_cpp;rosidl_typesupport_introspection_cpp
[4.487s] -- Found PythonInterp: /usr/bin/python3 (found suitable version "3.10.12", minimum required is "3.6")
[4.487s] -- Found python_cmake_module: 0.10.0 (/opt/ros/humble/share/python_cmake_module/cmake)
[4.487s] -- Found PythonLibs: /usr/lib/x86_64-linux-gnu/libpython3.10.so (found suitable version "3.10.12", minimum required is "3.5")
[4.487s] -- Using PYTHON_EXECUTABLE: /usr/bin/python3
[4.488s] -- Using PYTHON_INCLUDE_DIRS: /usr/include/python3.10
[4.488s] -- Using PYTHON_LIBRARIES: /usr/lib/x86_64-linux-gnu/libpython3.10.so
[4.488s] -- Found PythonExtra: .so
[4.488s] -- Configuring done (4.4s)
[4.488s] CMake Warning (dev) at /opt/ros/humble/share/rosidl_generator_py/cmake/rosidl_generator_py_generate_interfaces.cmake:20 (find_package):
[4.488s]   Policy CMP0148 is not set: The FindPythonInterp and FindPythonLibs modules
[4.488s]   are removed.  Run "cmake --help-policy CMP0148" for policy details.  Use
[4.488s]   the cmake_policy command to set the policy and suppress this warning.
[4.488s] 
[4.488s] Call Stack (most recent call first):
[4.488s]   /opt/ros/humble/share/ament_cmake_core/cmake/core/ament_execute_extensions.cmake:48 (include)
[4.488s]   /opt/ros/humble/share/rosidl_cmake/cmake/rosidl_generate_interfaces.cmake:286 (ament_execute_extensions)
[4.488s]   CMakeLists.txt:14 (rosidl_generate_interfaces)
[4.488s] This warning is for project developers.  Use -Wno-dev to suppress it.
[4.488s] 
[4.488s] CMake Warning (dev) at /opt/ros/humble/share/python_cmake_module/cmake/Modules/FindPythonExtra.cmake:52 (find_package):
[4.488s]   Policy CMP0148 is not set: The FindPythonInterp and FindPythonLibs modules
[4.488s]   are removed.  Run "cmake --help-policy CMP0148" for policy details.  Use
[4.488s]   the cmake_policy command to set the policy and suppress this warning.
[4.488s] 
[4.494s] Call Stack (most recent call first):
[4.494s]   /opt/ros/humble/share/rosidl_generator_py/cmake/rosidl_generator_py_generate_interfaces.cmake:23 (find_package)
[4.494s]   /opt/ros/humble/share/ament_cmake_core/cmake/core/ament_execute_extensions.cmake:48 (include)
[4.495s]   /opt/ros/humble/share/rosidl_cmake/cmake/rosidl_generate_interfaces.cmake:286 (ament_execute_extensions)
[4.495s]   CMakeLists.txt:14 (rosidl_generate_interfaces)
[4.495s] This warning is for project developers.  Use -Wno-dev to suppress it.
[4.495s] 
[4.495s] CMake Warning (dev) at /opt/ros/humble/share/python_cmake_module/cmake/Modules/FindPythonExtra.cmake:140 (find_package):
[4.495s]   Policy CMP0148 is not set: The FindPythonInterp and FindPythonLibs modules
[4.495s]   are removed.  Run "cmake --help-policy CMP0148" for policy details.  Use
[4.495s]   the cmake_policy command to set the policy and suppress this warning.
[4.495s] 
[4.495s] Call Stack (most recent call first):
[4.495s]   /opt/ros/humble/share/rosidl_generator_py/cmake/rosidl_generator_py_generate_interfaces.cmake:23 (find_package)
[4.495s]   /opt/ros/humble/share/ament_cmake_core/cmake/core/ament_execute_extensions.cmake:48 (include)
[4.495s]   /opt/ros/humble/share/rosidl_cmake/cmake/rosidl_generate_interfaces.cmake:286 (ament_execute_extensions)
[4.495s]   CMakeLists.txt:14 (rosidl_generate_interfaces)
[4.495s] This warning is for project developers.  Use -Wno-dev to suppress it.
[4.495s] 
[4.521s] -- Generating done (0.0s)
[4.537s] -- Build files have been written to: /home/rmsentry/ros_ws/build/pb_rm_interfaces
[4.558s] Invoked command in '/home/rmsentry/ros_ws/build/pb_rm_interfaces' returned '0': CMAKE_PREFIX_PATH=/opt/ros/humble /usr/local/bin/cmake /home/rmsentry/ros_ws/src/pb_rm_interfaces -DAMENT_CMAKE_SYMLINK_INSTALL=1 -DCMAKE_INSTALL_PREFIX=/home/rmsentry/ros_ws/install/pb_rm_interfaces
[4.560s] Invoking command in '/home/rmsentry/ros_ws/build/pb_rm_interfaces': CMAKE_PREFIX_PATH=/opt/ros/humble /usr/local/bin/cmake --build /home/rmsentry/ros_ws/build/pb_rm_interfaces -- -j12 -l12
[4.606s] [  0%] Generating C++ code for ROS interfaces
[8.092s] [  0%] Built target pb_rm_interfaces__cpp
[8.111s] [  0%] Built target ament_cmake_python_symlink_pb_rm_interfaces
[8.117s] [  1%] Generating C++ introspection for ROS interfaces
[10.072s] [  2%] Building CXX object CMakeFiles/pb_rm_interfaces__rosidl_typesupport_introspection_cpp.dir/rosidl_typesupport_introspection_cpp/pb_rm_interfaces/msg/detail/buff__type_support.cpp.o
[10.570s] [  3%] Building CXX object CMakeFiles/pb_rm_interfaces__rosidl_typesupport_introspection_cpp.dir/rosidl_typesupport_introspection_cpp/pb_rm_interfaces/msg/detail/gimbal__type_support.cpp.o
[11.164s] [  4%] Building CXX object CMakeFiles/pb_rm_interfaces__rosidl_typesupport_introspection_cpp.dir/rosidl_typesupport_introspection_cpp/pb_rm_interfaces/msg/detail/gimbal_cmd__type_support.cpp.o
[11.748s] [  5%] Building CXX object CMakeFiles/pb_rm_interfaces__rosidl_typesupport_introspection_cpp.dir/rosidl_typesupport_introspection_cpp/pb_rm_interfaces/msg/detail/models__type_support.cpp.o
[12.346s] [  6%] Building CXX object CMakeFiles/pb_rm_interfaces__rosidl_typesupport_introspection_cpp.dir/rosidl_typesupport_introspection_cpp/pb_rm_interfaces/msg/detail/robot_state_info__type_support.cpp.o
[13.038s] [  7%] Building CXX object CMakeFiles/pb_rm_interfaces__rosidl_typesupport_introspection_cpp.dir/rosidl_typesupport_introspection_cpp/pb_rm_interfaces/msg/detail/robot_status__type_support.cpp.o
[13.536s] [  8%] Building CXX object CMakeFiles/pb_rm_interfaces__rosidl_typesupport_introspection_cpp.dir/rosidl_typesupport_introspection_cpp/pb_rm_interfaces/msg/detail/rfid_status__type_support.cpp.o
[13.963s] [  9%] Building CXX object CMakeFiles/pb_rm_interfaces__rosidl_typesupport_introspection_cpp.dir/rosidl_typesupport_introspection_cpp/pb_rm_interfaces/msg/detail/ground_robot_position__type_support.cpp.o
[14.375s] [ 10%] Building CXX object CMakeFiles/pb_rm_interfaces__rosidl_typesupport_introspection_cpp.dir/rosidl_typesupport_introspection_cpp/pb_rm_interfaces/msg/detail/game_status__type_support.cpp.o
[14.751s] [ 11%] Building CXX object CMakeFiles/pb_rm_interfaces__rosidl_typesupport_introspection_cpp.dir/rosidl_typesupport_introspection_cpp/pb_rm_interfaces/msg/detail/game_robot_hp__type_support.cpp.o
[15.120s] [ 11%] Building CXX object CMakeFiles/pb_rm_interfaces__rosidl_typesupport_introspection_cpp.dir/rosidl_typesupport_introspection_cpp/pb_rm_interfaces/msg/detail/event_data__type_support.cpp.o
[15.497s] [ 12%] Linking CXX shared library libpb_rm_interfaces__rosidl_typesupport_introspection_cpp.so
[15.565s] [ 12%] Built target pb_rm_interfaces__rosidl_typesupport_introspection_cpp
[15.883s] running egg_info
[15.884s] creating pb_rm_interfaces.egg-info
[15.885s] writing pb_rm_interfaces.egg-info/PKG-INFO
[15.887s] writing dependency_links to pb_rm_interfaces.egg-info/dependency_links.txt
[15.887s] writing top-level names to pb_rm_interfaces.egg-info/top_level.txt
[15.887s] writing manifest file 'pb_rm_interfaces.egg-info/SOURCES.txt'
[15.891s] reading manifest file 'pb_rm_interfaces.egg-info/SOURCES.txt'
[15.892s] writing manifest file 'pb_rm_interfaces.egg-info/SOURCES.txt'
[15.934s] [ 12%] Built target ament_cmake_python_build_pb_rm_interfaces_egg
[15.947s] [ 12%] Generating C++ type support for eProsima Fast-RTPS
[19.063s] [ 13%] Building CXX object CMakeFiles/pb_rm_interfaces__rosidl_typesupport_fastrtps_cpp.dir/rosidl_typesupport_fastrtps_cpp/pb_rm_interfaces/msg/detail/dds_fastrtps/buff__type_support.cpp.o
[19.476s] [ 13%] Building CXX object CMakeFiles/pb_rm_interfaces__rosidl_typesupport_fastrtps_cpp.dir/rosidl_typesupport_fastrtps_cpp/pb_rm_interfaces/msg/detail/dds_fastrtps/models__type_support.cpp.o
[19.825s] [ 14%] Building CXX object CMakeFiles/pb_rm_interfaces__rosidl_typesupport_fastrtps_cpp.dir/rosidl_typesupport_fastrtps_cpp/pb_rm_interfaces/msg/detail/dds_fastrtps/robot_state_info__type_support.cpp.o
[20.178s] [ 15%] Building CXX object CMakeFiles/pb_rm_interfaces__rosidl_typesupport_fastrtps_cpp.dir/rosidl_typesupport_fastrtps_cpp/pb_rm_interfaces/msg/detail/dds_fastrtps/gimbal_cmd__type_support.cpp.o
[20.605s] [ 16%] Building CXX object CMakeFiles/pb_rm_interfaces__rosidl_typesupport_fastrtps_cpp.dir/rosidl_typesupport_fastrtps_cpp/pb_rm_interfaces/msg/detail/dds_fastrtps/gimbal__type_support.cpp.o
[21.004s] [ 17%] Building CXX object CMakeFiles/pb_rm_interfaces__rosidl_typesupport_fastrtps_cpp.dir/rosidl_typesupport_fastrtps_cpp/pb_rm_interfaces/msg/detail/dds_fastrtps/robot_status__type_support.cpp.o
[21.400s] [ 18%] Building CXX object CMakeFiles/pb_rm_interfaces__rosidl_typesupport_fastrtps_cpp.dir/rosidl_typesupport_fastrtps_cpp/pb_rm_interfaces/msg/detail/dds_fastrtps/rfid_status__type_support.cpp.o
[21.983s] [ 19%] Building CXX object CMakeFiles/pb_rm_interfaces__rosidl_typesupport_fastrtps_cpp.dir/rosidl_typesupport_fastrtps_cpp/pb_rm_interfaces/msg/detail/dds_fastrtps/ground_robot_position__type_support.cpp.o
[22.592s] [ 20%] Building CXX object CMakeFiles/pb_rm_interfaces__rosidl_typesupport_fastrtps_cpp.dir/rosidl_typesupport_fastrtps_cpp/pb_rm_interfaces/msg/detail/dds_fastrtps/game_status__type_support.cpp.o
[23.207s] [ 21%] Building CXX object CMakeFiles/pb_rm_interfaces__rosidl_typesupport_fastrtps_cpp.dir/rosidl_typesupport_fastrtps_cpp/pb_rm_interfaces/msg/detail/dds_fastrtps/game_robot_hp__type_support.cpp.o
[23.800s] [ 22%] Building CXX object CMakeFiles/pb_rm_interfaces__rosidl_typesupport_fastrtps_cpp.dir/rosidl_typesupport_fastrtps_cpp/pb_rm_interfaces/msg/detail/dds_fastrtps/event_data__type_support.cpp.o
[24.339s] [ 23%] Linking CXX shared library libpb_rm_interfaces__rosidl_typesupport_fastrtps_cpp.so
[24.416s] [ 23%] Built target pb_rm_interfaces__rosidl_typesupport_fastrtps_cpp
[24.422s] [ 24%] Generating C++ type support dispatch for ROS interfaces
[26.087s] [ 25%] Building CXX object CMakeFiles/pb_rm_interfaces__rosidl_typesupport_cpp.dir/rosidl_typesupport_cpp/pb_rm_interfaces/msg/buff__type_support.cpp.o
[26.337s] [ 26%] Building CXX object CMakeFiles/pb_rm_interfaces__rosidl_typesupport_cpp.dir/rosidl_typesupport_cpp/pb_rm_interfaces/msg/robot_state_info__type_support.cpp.o
[26.563s] [ 27%] Building CXX object CMakeFiles/pb_rm_interfaces__rosidl_typesupport_cpp.dir/rosidl_typesupport_cpp/pb_rm_interfaces/msg/models__type_support.cpp.o
[26.829s] [ 28%] Building CXX object CMakeFiles/pb_rm_interfaces__rosidl_typesupport_cpp.dir/rosidl_typesupport_cpp/pb_rm_interfaces/msg/gimbal_cmd__type_support.cpp.o
[27.253s] [ 28%] Building CXX object CMakeFiles/pb_rm_interfaces__rosidl_typesupport_cpp.dir/rosidl_typesupport_cpp/pb_rm_interfaces/msg/gimbal__type_support.cpp.o
[27.662s] [ 29%] Building CXX object CMakeFiles/pb_rm_interfaces__rosidl_typesupport_cpp.dir/rosidl_typesupport_cpp/pb_rm_interfaces/msg/robot_status__type_support.cpp.o
[28.082s] [ 30%] Building CXX object CMakeFiles/pb_rm_interfaces__rosidl_typesupport_cpp.dir/rosidl_typesupport_cpp/pb_rm_interfaces/msg/rfid_status__type_support.cpp.o
[28.415s] [ 31%] Building CXX object CMakeFiles/pb_rm_interfaces__rosidl_typesupport_cpp.dir/rosidl_typesupport_cpp/pb_rm_interfaces/msg/ground_robot_position__type_support.cpp.o
[28.798s] [ 32%] Building CXX object CMakeFiles/pb_rm_interfaces__rosidl_typesupport_cpp.dir/rosidl_typesupport_cpp/pb_rm_interfaces/msg/game_status__type_support.cpp.o
[29.188s] [ 33%] Building CXX object CMakeFiles/pb_rm_interfaces__rosidl_typesupport_cpp.dir/rosidl_typesupport_cpp/pb_rm_interfaces/msg/game_robot_hp__type_support.cpp.o
[29.582s] [ 34%] Building CXX object CMakeFiles/pb_rm_interfaces__rosidl_typesupport_cpp.dir/rosidl_typesupport_cpp/pb_rm_interfaces/msg/event_data__type_support.cpp.o
[29.824s] [ 35%] Linking CXX shared library libpb_rm_interfaces__rosidl_typesupport_cpp.so
[29.860s] [ 35%] Built target pb_rm_interfaces__rosidl_typesupport_cpp
[29.868s] [ 36%] Generating C code for ROS interfaces
[31.933s] [ 37%] Building C object CMakeFiles/pb_rm_interfaces__rosidl_generator_c.dir/rosidl_generator_c/pb_rm_interfaces/msg/detail/buff__functions.c.o
[31.978s] [ 38%] Building C object CMakeFiles/pb_rm_interfaces__rosidl_generator_c.dir/rosidl_generator_c/pb_rm_interfaces/msg/detail/robot_state_info__functions.c.o
[32.026s] [ 39%] Building C object CMakeFiles/pb_rm_interfaces__rosidl_generator_c.dir/rosidl_generator_c/pb_rm_interfaces/msg/detail/models__functions.c.o
[32.074s] [ 40%] Building C object CMakeFiles/pb_rm_interfaces__rosidl_generator_c.dir/rosidl_generator_c/pb_rm_interfaces/msg/detail/gimbal_cmd__functions.c.o
[32.141s] [ 40%] Building C object CMakeFiles/pb_rm_interfaces__rosidl_generator_c.dir/rosidl_generator_c/pb_rm_interfaces/msg/detail/gimbal__functions.c.o
[32.213s] [ 41%] Building C object CMakeFiles/pb_rm_interfaces__rosidl_generator_c.dir/rosidl_generator_c/pb_rm_interfaces/msg/detail/robot_status__functions.c.o
[32.293s] [ 42%] Building C object CMakeFiles/pb_rm_interfaces__rosidl_generator_c.dir/rosidl_generator_c/pb_rm_interfaces/msg/detail/rfid_status__functions.c.o
[32.369s] [ 43%] Building C object CMakeFiles/pb_rm_interfaces__rosidl_generator_c.dir/rosidl_generator_c/pb_rm_interfaces/msg/detail/ground_robot_position__functions.c.o
[32.443s] [ 44%] Building C object CMakeFiles/pb_rm_interfaces__rosidl_generator_c.dir/rosidl_generator_c/pb_rm_interfaces/msg/detail/game_status__functions.c.o
[32.508s] [ 45%] Building C object CMakeFiles/pb_rm_interfaces__rosidl_generator_c.dir/rosidl_generator_c/pb_rm_interfaces/msg/detail/game_robot_hp__functions.c.o
[32.580s] [ 46%] Building C object CMakeFiles/pb_rm_interfaces__rosidl_generator_c.dir/rosidl_generator_c/pb_rm_interfaces/msg/detail/event_data__functions.c.o
[32.645s] [ 47%] Linking C shared library libpb_rm_interfaces__rosidl_generator_c.so
[32.701s] [ 47%] Built target pb_rm_interfaces__rosidl_generator_c
[32.712s] [ 48%] Generating C type support for eProsima Fast-RTPS
[35.289s] [ 49%] Building CXX object CMakeFiles/pb_rm_interfaces__rosidl_typesupport_fastrtps_c.dir/rosidl_typesupport_fastrtps_c/pb_rm_interfaces/msg/detail/buff__type_support_c.cpp.o
[35.614s] [ 50%] Building CXX object CMakeFiles/pb_rm_interfaces__rosidl_typesupport_fastrtps_c.dir/rosidl_typesupport_fastrtps_c/pb_rm_interfaces/msg/detail/models__type_support_c.cpp.o
[35.946s] [ 51%] Building CXX object CMakeFiles/pb_rm_interfaces__rosidl_typesupport_fastrtps_c.dir/rosidl_typesupport_fastrtps_c/pb_rm_interfaces/msg/detail/robot_state_info__type_support_c.cpp.o
[36.268s] [ 52%] Building CXX object CMakeFiles/pb_rm_interfaces__rosidl_typesupport_fastrtps_c.dir/rosidl_typesupport_fastrtps_c/pb_rm_interfaces/msg/detail/gimbal_cmd__type_support_c.cpp.o
[36.593s] [ 53%] Building CXX object CMakeFiles/pb_rm_interfaces__rosidl_typesupport_fastrtps_c.dir/rosidl_typesupport_fastrtps_c/pb_rm_interfaces/msg/detail/gimbal__type_support_c.cpp.o
[36.921s] [ 54%] Building CXX object CMakeFiles/pb_rm_interfaces__rosidl_typesupport_fastrtps_c.dir/rosidl_typesupport_fastrtps_c/pb_rm_interfaces/msg/detail/robot_status__type_support_c.cpp.o
[37.185s] [ 55%] Building CXX object CMakeFiles/pb_rm_interfaces__rosidl_typesupport_fastrtps_c.dir/rosidl_typesupport_fastrtps_c/pb_rm_interfaces/msg/detail/rfid_status__type_support_c.cpp.o
[37.584s] [ 55%] Building CXX object CMakeFiles/pb_rm_interfaces__rosidl_typesupport_fastrtps_c.dir/rosidl_typesupport_fastrtps_c/pb_rm_interfaces/msg/detail/ground_robot_position__type_support_c.cpp.o
[38.070s] [ 56%] Building CXX object CMakeFiles/pb_rm_interfaces__rosidl_typesupport_fastrtps_c.dir/rosidl_typesupport_fastrtps_c/pb_rm_interfaces/msg/detail/game_status__type_support_c.cpp.o
[38.586s] [ 57%] Building CXX object CMakeFiles/pb_rm_interfaces__rosidl_typesupport_fastrtps_c.dir/rosidl_typesupport_fastrtps_c/pb_rm_interfaces/msg/detail/game_robot_hp__type_support_c.cpp.o
[39.118s] [ 58%] Building CXX object CMakeFiles/pb_rm_interfaces__rosidl_typesupport_fastrtps_c.dir/rosidl_typesupport_fastrtps_c/pb_rm_interfaces/msg/detail/event_data__type_support_c.cpp.o
[39.560s] [ 59%] Linking CXX shared library libpb_rm_interfaces__rosidl_typesupport_fastrtps_c.so
[39.639s] [ 59%] Built target pb_rm_interfaces__rosidl_typesupport_fastrtps_c
[39.649s] [ 60%] Generating C type support dispatch for ROS interfaces
[41.473s] [ 61%] Building CXX object CMakeFiles/pb_rm_interfaces__rosidl_typesupport_c.dir/rosidl_typesupport_c/pb_rm_interfaces/msg/buff__type_support.cpp.o
[41.502s] [ 62%] Building CXX object CMakeFiles/pb_rm_interfaces__rosidl_typesupport_c.dir/rosidl_typesupport_c/pb_rm_interfaces/msg/robot_state_info__type_support.cpp.o
[41.533s] [ 63%] Building CXX object CMakeFiles/pb_rm_interfaces__rosidl_typesupport_c.dir/rosidl_typesupport_c/pb_rm_interfaces/msg/models__type_support.cpp.o
[41.562s] [ 64%] Building CXX object CMakeFiles/pb_rm_interfaces__rosidl_typesupport_c.dir/rosidl_typesupport_c/pb_rm_interfaces/msg/gimbal_cmd__type_support.cpp.o
[41.589s] [ 65%] Building CXX object CMakeFiles/pb_rm_interfaces__rosidl_typesupport_c.dir/rosidl_typesupport_c/pb_rm_interfaces/msg/gimbal__type_support.cpp.o
[41.615s] [ 66%] Building CXX object CMakeFiles/pb_rm_interfaces__rosidl_typesupport_c.dir/rosidl_typesupport_c/pb_rm_interfaces/msg/robot_status__type_support.cpp.o
[41.639s] [ 67%] Building CXX object CMakeFiles/pb_rm_interfaces__rosidl_typesupport_c.dir/rosidl_typesupport_c/pb_rm_interfaces/msg/rfid_status__type_support.cpp.o
[41.666s] [ 68%] Building CXX object CMakeFiles/pb_rm_interfaces__rosidl_typesupport_c.dir/rosidl_typesupport_c/pb_rm_interfaces/msg/ground_robot_position__type_support.cpp.o
[41.694s] [ 69%] Building CXX object CMakeFiles/pb_rm_interfaces__rosidl_typesupport_c.dir/rosidl_typesupport_c/pb_rm_interfaces/msg/game_status__type_support.cpp.o
[41.721s] [ 69%] Building CXX object CMakeFiles/pb_rm_interfaces__rosidl_typesupport_c.dir/rosidl_typesupport_c/pb_rm_interfaces/msg/game_robot_hp__type_support.cpp.o
[41.741s] [ 70%] Building CXX object CMakeFiles/pb_rm_interfaces__rosidl_typesupport_c.dir/rosidl_typesupport_c/pb_rm_interfaces/msg/event_data__type_support.cpp.o
[41.762s] [ 71%] Linking CXX shared library libpb_rm_interfaces__rosidl_typesupport_c.so
[41.787s] [ 71%] Built target pb_rm_interfaces__rosidl_typesupport_c
[41.791s] [ 72%] Generating C introspection for ROS interfaces
[43.703s] [ 73%] Building C object CMakeFiles/pb_rm_interfaces__rosidl_typesupport_introspection_c.dir/rosidl_typesupport_introspection_c/pb_rm_interfaces/msg/detail/buff__type_support.c.o
[43.733s] [ 74%] Building C object CMakeFiles/pb_rm_interfaces__rosidl_typesupport_introspection_c.dir/rosidl_typesupport_introspection_c/pb_rm_interfaces/msg/detail/robot_state_info__type_support.c.o
[43.764s] [ 75%] Building C object CMakeFiles/pb_rm_interfaces__rosidl_typesupport_introspection_c.dir/rosidl_typesupport_introspection_c/pb_rm_interfaces/msg/detail/models__type_support.c.o
[43.792s] [ 76%] Building C object CMakeFiles/pb_rm_interfaces__rosidl_typesupport_introspection_c.dir/rosidl_typesupport_introspection_c/pb_rm_interfaces/msg/detail/gimbal_cmd__type_support.c.o
[43.822s] [ 77%] Building C object CMakeFiles/pb_rm_interfaces__rosidl_typesupport_introspection_c.dir/rosidl_typesupport_introspection_c/pb_rm_interfaces/msg/detail/gimbal__type_support.c.o
[43.850s] [ 77%] Building C object CMakeFiles/pb_rm_interfaces__rosidl_typesupport_introspection_c.dir/rosidl_typesupport_introspection_c/pb_rm_interfaces/msg/detail/robot_status__type_support.c.o
[43.881s] [ 78%] Building C object CMakeFiles/pb_rm_interfaces__rosidl_typesupport_introspection_c.dir/rosidl_typesupport_introspection_c/pb_rm_interfaces/msg/detail/rfid_status__type_support.c.o
[43.915s] [ 79%] Building C object CMakeFiles/pb_rm_interfaces__rosidl_typesupport_introspection_c.dir/rosidl_typesupport_introspection_c/pb_rm_interfaces/msg/detail/ground_robot_position__type_support.c.o
[43.948s] [ 80%] Building C object CMakeFiles/pb_rm_interfaces__rosidl_typesupport_introspection_c.dir/rosidl_typesupport_introspection_c/pb_rm_interfaces/msg/detail/game_status__type_support.c.o
[43.981s] [ 81%] Building C object CMakeFiles/pb_rm_interfaces__rosidl_typesupport_introspection_c.dir/rosidl_typesupport_introspection_c/pb_rm_interfaces/msg/detail/game_robot_hp__type_support.c.o
[44.024s] [ 82%] Building C object CMakeFiles/pb_rm_interfaces__rosidl_typesupport_introspection_c.dir/rosidl_typesupport_introspection_c/pb_rm_interfaces/msg/detail/event_data__type_support.c.o
[44.041s] [ 83%] Linking C shared library libpb_rm_interfaces__rosidl_typesupport_introspection_c.so
[44.065s] [ 83%] Built target pb_rm_interfaces__rosidl_typesupport_introspection_c
[44.078s] [ 83%] Built target pb_rm_interfaces
[44.094s] [ 84%] Generating Python code for ROS interfaces
[46.620s] [ 84%] Built target pb_rm_interfaces__py
[46.628s] [ 85%] Building C object CMakeFiles/pb_rm_interfaces__rosidl_generator_py.dir/rosidl_generator_py/pb_rm_interfaces/msg/_buff_s.c.o
[46.686s] [ 86%] Building C object CMakeFiles/pb_rm_interfaces__rosidl_generator_py.dir/rosidl_generator_py/pb_rm_interfaces/msg/_robot_state_info_s.c.o
[46.744s] [ 87%] Building C object CMakeFiles/pb_rm_interfaces__rosidl_generator_py.dir/rosidl_generator_py/pb_rm_interfaces/msg/_models_s.c.o
[46.805s] [ 88%] Building C object CMakeFiles/pb_rm_interfaces__rosidl_generator_py.dir/rosidl_generator_py/pb_rm_interfaces/msg/_gimbal_cmd_s.c.o
[46.865s] [ 89%] Building C object CMakeFiles/pb_rm_interfaces__rosidl_generator_py.dir/rosidl_generator_py/pb_rm_interfaces/msg/_gimbal_s.c.o
[46.923s] [ 90%] Building C object CMakeFiles/pb_rm_interfaces__rosidl_generator_py.dir/rosidl_generator_py/pb_rm_interfaces/msg/_robot_status_s.c.o
[46.987s] [ 90%] Building C object CMakeFiles/pb_rm_interfaces__rosidl_generator_py.dir/rosidl_generator_py/pb_rm_interfaces/msg/_rfid_status_s.c.o
[47.051s] [ 91%] Building C object CMakeFiles/pb_rm_interfaces__rosidl_generator_py.dir/rosidl_generator_py/pb_rm_interfaces/msg/_ground_robot_position_s.c.o
[47.108s] [ 92%] Building C object CMakeFiles/pb_rm_interfaces__rosidl_generator_py.dir/rosidl_generator_py/pb_rm_interfaces/msg/_game_status_s.c.o
[47.165s] [ 93%] Building C object CMakeFiles/pb_rm_interfaces__rosidl_generator_py.dir/rosidl_generator_py/pb_rm_interfaces/msg/_game_robot_hp_s.c.o
[47.227s] [ 94%] Building C object CMakeFiles/pb_rm_interfaces__rosidl_generator_py.dir/rosidl_generator_py/pb_rm_interfaces/msg/_event_data_s.c.o
[47.287s] [ 95%] Linking C shared library rosidl_generator_py/pb_rm_interfaces/libpb_rm_interfaces__rosidl_generator_py.so
[47.312s] [ 95%] Built target pb_rm_interfaces__rosidl_generator_py
[47.320s] [ 96%] Building C object CMakeFiles/pb_rm_interfaces__rosidl_typesupport_fastrtps_c__pyext.dir/rosidl_generator_py/pb_rm_interfaces/_pb_rm_interfaces_s.ep.rosidl_typesupport_fastrtps_c.c.o
[47.395s] [ 97%] Linking C shared library rosidl_generator_py/pb_rm_interfaces/pb_rm_interfaces_s__rosidl_typesupport_fastrtps_c.cpython-310-x86_64-linux-gnu.so
[47.416s] [ 97%] Built target pb_rm_interfaces__rosidl_typesupport_fastrtps_c__pyext
[47.423s] [ 97%] Building C object CMakeFiles/pb_rm_interfaces__rosidl_typesupport_c__pyext.dir/rosidl_generator_py/pb_rm_interfaces/_pb_rm_interfaces_s.ep.rosidl_typesupport_c.c.o
[47.494s] [ 98%] Linking C shared library rosidl_generator_py/pb_rm_interfaces/pb_rm_interfaces_s__rosidl_typesupport_c.cpython-310-x86_64-linux-gnu.so
[47.517s] [ 98%] Built target pb_rm_interfaces__rosidl_typesupport_c__pyext
[47.525s] [ 99%] Building C object CMakeFiles/pb_rm_interfaces__rosidl_typesupport_introspection_c__pyext.dir/rosidl_generator_py/pb_rm_interfaces/_pb_rm_interfaces_s.ep.rosidl_typesupport_introspection_c.c.o
[47.599s] [100%] Linking C shared library rosidl_generator_py/pb_rm_interfaces/pb_rm_interfaces_s__rosidl_typesupport_introspection_c.cpython-310-x86_64-linux-gnu.so
[47.621s] [100%] Built target pb_rm_interfaces__rosidl_typesupport_introspection_c__pyext
[47.625s] Invoked command in '/home/rmsentry/ros_ws/build/pb_rm_interfaces' returned '0': CMAKE_PREFIX_PATH=/opt/ros/humble /usr/local/bin/cmake --build /home/rmsentry/ros_ws/build/pb_rm_interfaces -- -j12 -l12
[47.626s] Invoking command in '/home/rmsentry/ros_ws/build/pb_rm_interfaces': CMAKE_PREFIX_PATH=/opt/ros/humble /usr/local/bin/cmake --install /home/rmsentry/ros_ws/build/pb_rm_interfaces
[47.629s] -- Install configuration: ""
[47.629s] -- Execute custom install script
[47.629s] -- Symlinking: /home/rmsentry/ros_ws/install/pb_rm_interfaces/share/ament_index/resource_index/rosidl_interfaces/pb_rm_interfaces
[47.632s] -- Symlinking: /home/rmsentry/ros_ws/install/pb_rm_interfaces/include/pb_rm_interfaces/pb_rm_interfaces/msg/buff.h
[47.635s] -- Symlinking: /home/rmsentry/ros_ws/install/pb_rm_interfaces/include/pb_rm_interfaces/pb_rm_interfaces/msg/detail/buff__functions.h
[47.637s] -- Symlinking: /home/rmsentry/ros_ws/install/pb_rm_interfaces/include/pb_rm_interfaces/pb_rm_interfaces/msg/detail/buff__struct.h
[47.639s] -- Symlinking: /home/rmsentry/ros_ws/install/pb_rm_interfaces/include/pb_rm_interfaces/pb_rm_interfaces/msg/detail/buff__type_support.h
[47.642s] -- Symlinking: /home/rmsentry/ros_ws/install/pb_rm_interfaces/include/pb_rm_interfaces/pb_rm_interfaces/msg/detail/event_data__functions.h
[47.644s] -- Symlinking: /home/rmsentry/ros_ws/install/pb_rm_interfaces/include/pb_rm_interfaces/pb_rm_interfaces/msg/detail/event_data__struct.h
[47.647s] -- Symlinking: /home/rmsentry/ros_ws/install/pb_rm_interfaces/include/pb_rm_interfaces/pb_rm_interfaces/msg/detail/event_data__type_support.h
[47.649s] -- Symlinking: /home/rmsentry/ros_ws/install/pb_rm_interfaces/include/pb_rm_interfaces/pb_rm_interfaces/msg/detail/game_robot_hp__functions.h
[47.652s] -- Symlinking: /home/rmsentry/ros_ws/install/pb_rm_interfaces/include/pb_rm_interfaces/pb_rm_interfaces/msg/detail/game_robot_hp__struct.h
[47.654s] -- Symlinking: /home/rmsentry/ros_ws/install/pb_rm_interfaces/include/pb_rm_interfaces/pb_rm_interfaces/msg/detail/game_robot_hp__type_support.h
[47.657s] -- Symlinking: /home/rmsentry/ros_ws/install/pb_rm_interfaces/include/pb_rm_interfaces/pb_rm_interfaces/msg/detail/game_status__functions.h
[47.660s] -- Symlinking: /home/rmsentry/ros_ws/install/pb_rm_interfaces/include/pb_rm_interfaces/pb_rm_interfaces/msg/detail/game_status__struct.h
[47.663s] -- Symlinking: /home/rmsentry/ros_ws/install/pb_rm_interfaces/include/pb_rm_interfaces/pb_rm_interfaces/msg/detail/game_status__type_support.h
[47.666s] -- Symlinking: /home/rmsentry/ros_ws/install/pb_rm_interfaces/include/pb_rm_interfaces/pb_rm_interfaces/msg/detail/gimbal__functions.h
[47.669s] -- Symlinking: /home/rmsentry/ros_ws/install/pb_rm_interfaces/include/pb_rm_interfaces/pb_rm_interfaces/msg/detail/gimbal__struct.h
[47.671s] -- Symlinking: /home/rmsentry/ros_ws/install/pb_rm_interfaces/include/pb_rm_interfaces/pb_rm_interfaces/msg/detail/gimbal__type_support.h
[47.673s] -- Symlinking: /home/rmsentry/ros_ws/install/pb_rm_interfaces/include/pb_rm_interfaces/pb_rm_interfaces/msg/detail/gimbal_cmd__functions.h
[47.675s] -- Symlinking: /home/rmsentry/ros_ws/install/pb_rm_interfaces/include/pb_rm_interfaces/pb_rm_interfaces/msg/detail/gimbal_cmd__struct.h
[47.678s] -- Symlinking: /home/rmsentry/ros_ws/install/pb_rm_interfaces/include/pb_rm_interfaces/pb_rm_interfaces/msg/detail/gimbal_cmd__type_support.h
[47.680s] -- Symlinking: /home/rmsentry/ros_ws/install/pb_rm_interfaces/include/pb_rm_interfaces/pb_rm_interfaces/msg/detail/ground_robot_position__functions.h
[47.683s] -- Symlinking: /home/rmsentry/ros_ws/install/pb_rm_interfaces/include/pb_rm_interfaces/pb_rm_interfaces/msg/detail/ground_robot_position__struct.h
[47.685s] -- Symlinking: /home/rmsentry/ros_ws/install/pb_rm_interfaces/include/pb_rm_interfaces/pb_rm_interfaces/msg/detail/ground_robot_position__type_support.h
[47.687s] -- Symlinking: /home/rmsentry/ros_ws/install/pb_rm_interfaces/include/pb_rm_interfaces/pb_rm_interfaces/msg/detail/models__functions.h
[47.690s] -- Symlinking: /home/rmsentry/ros_ws/install/pb_rm_interfaces/include/pb_rm_interfaces/pb_rm_interfaces/msg/detail/models__struct.h
[47.693s] -- Symlinking: /home/rmsentry/ros_ws/install/pb_rm_interfaces/include/pb_rm_interfaces/pb_rm_interfaces/msg/detail/models__type_support.h
[47.695s] -- Symlinking: /home/rmsentry/ros_ws/install/pb_rm_interfaces/include/pb_rm_interfaces/pb_rm_interfaces/msg/detail/rfid_status__functions.h
[47.698s] -- Symlinking: /home/rmsentry/ros_ws/install/pb_rm_interfaces/include/pb_rm_interfaces/pb_rm_interfaces/msg/detail/rfid_status__struct.h
[47.701s] -- Symlinking: /home/rmsentry/ros_ws/install/pb_rm_interfaces/include/pb_rm_interfaces/pb_rm_interfaces/msg/detail/rfid_status__type_support.h
[47.705s] -- Symlinking: /home/rmsentry/ros_ws/install/pb_rm_interfaces/include/pb_rm_interfaces/pb_rm_interfaces/msg/detail/robot_state_info__functions.h
[47.707s] -- Symlinking: /home/rmsentry/ros_ws/install/pb_rm_interfaces/include/pb_rm_interfaces/pb_rm_interfaces/msg/detail/robot_state_info__struct.h
[47.710s] -- Symlinking: /home/rmsentry/ros_ws/install/pb_rm_interfaces/include/pb_rm_interfaces/pb_rm_interfaces/msg/detail/robot_state_info__type_support.h
[47.712s] -- Symlinking: /home/rmsentry/ros_ws/install/pb_rm_interfaces/include/pb_rm_interfaces/pb_rm_interfaces/msg/detail/robot_status__functions.h
[47.715s] -- Symlinking: /home/rmsentry/ros_ws/install/pb_rm_interfaces/include/pb_rm_interfaces/pb_rm_interfaces/msg/detail/robot_status__struct.h
[47.717s] -- Symlinking: /home/rmsentry/ros_ws/install/pb_rm_interfaces/include/pb_rm_interfaces/pb_rm_interfaces/msg/detail/robot_status__type_support.h
[47.720s] -- Symlinking: /home/rmsentry/ros_ws/install/pb_rm_interfaces/include/pb_rm_interfaces/pb_rm_interfaces/msg/event_data.h
[47.722s] -- Symlinking: /home/rmsentry/ros_ws/install/pb_rm_interfaces/include/pb_rm_interfaces/pb_rm_interfaces/msg/game_robot_hp.h
[47.725s] -- Symlinking: /home/rmsentry/ros_ws/install/pb_rm_interfaces/include/pb_rm_interfaces/pb_rm_interfaces/msg/game_status.h
[47.728s] -- Symlinking: /home/rmsentry/ros_ws/install/pb_rm_interfaces/include/pb_rm_interfaces/pb_rm_interfaces/msg/gimbal.h
[47.730s] -- Symlinking: /home/rmsentry/ros_ws/install/pb_rm_interfaces/include/pb_rm_interfaces/pb_rm_interfaces/msg/gimbal_cmd.h
[47.733s] -- Symlinking: /home/rmsentry/ros_ws/install/pb_rm_interfaces/include/pb_rm_interfaces/pb_rm_interfaces/msg/ground_robot_position.h
[47.735s] -- Symlinking: /home/rmsentry/ros_ws/install/pb_rm_interfaces/include/pb_rm_interfaces/pb_rm_interfaces/msg/models.h
[47.737s] -- Symlinking: /home/rmsentry/ros_ws/install/pb_rm_interfaces/include/pb_rm_interfaces/pb_rm_interfaces/msg/rfid_status.h
[47.740s] -- Symlinking: /home/rmsentry/ros_ws/install/pb_rm_interfaces/include/pb_rm_interfaces/pb_rm_interfaces/msg/robot_state_info.h
[47.742s] -- Symlinking: /home/rmsentry/ros_ws/install/pb_rm_interfaces/include/pb_rm_interfaces/pb_rm_interfaces/msg/robot_status.h
[47.744s] -- Symlinking: /home/rmsentry/ros_ws/install/pb_rm_interfaces/include/pb_rm_interfaces/pb_rm_interfaces/msg/rosidl_generator_c__visibility_control.h
[47.746s] -- Symlinking: /home/rmsentry/ros_ws/install/pb_rm_interfaces/share/pb_rm_interfaces/environment/library_path.sh
[47.749s] -- Symlinking: /home/rmsentry/ros_ws/install/pb_rm_interfaces/share/pb_rm_interfaces/environment/library_path.dsv
[47.751s] -- Symlinking: /home/rmsentry/ros_ws/install/pb_rm_interfaces/include/pb_rm_interfaces/pb_rm_interfaces/msg/detail/buff__rosidl_typesupport_fastrtps_c.h
[47.753s] -- Symlinking: /home/rmsentry/ros_ws/install/pb_rm_interfaces/include/pb_rm_interfaces/pb_rm_interfaces/msg/detail/event_data__rosidl_typesupport_fastrtps_c.h
[47.756s] -- Symlinking: /home/rmsentry/ros_ws/install/pb_rm_interfaces/include/pb_rm_interfaces/pb_rm_interfaces/msg/detail/game_robot_hp__rosidl_typesupport_fastrtps_c.h
[47.758s] -- Symlinking: /home/rmsentry/ros_ws/install/pb_rm_interfaces/include/pb_rm_interfaces/pb_rm_interfaces/msg/detail/game_status__rosidl_typesupport_fastrtps_c.h
[47.760s] -- Symlinking: /home/rmsentry/ros_ws/install/pb_rm_interfaces/include/pb_rm_interfaces/pb_rm_interfaces/msg/detail/gimbal__rosidl_typesupport_fastrtps_c.h
[47.762s] -- Symlinking: /home/rmsentry/ros_ws/install/pb_rm_interfaces/include/pb_rm_interfaces/pb_rm_interfaces/msg/detail/gimbal_cmd__rosidl_typesupport_fastrtps_c.h
[47.764s] -- Symlinking: /home/rmsentry/ros_ws/install/pb_rm_interfaces/include/pb_rm_interfaces/pb_rm_interfaces/msg/detail/ground_robot_position__rosidl_typesupport_fastrtps_c.h
[47.767s] -- Symlinking: /home/rmsentry/ros_ws/install/pb_rm_interfaces/include/pb_rm_interfaces/pb_rm_interfaces/msg/detail/models__rosidl_typesupport_fastrtps_c.h
[47.769s] -- Symlinking: /home/rmsentry/ros_ws/install/pb_rm_interfaces/include/pb_rm_interfaces/pb_rm_interfaces/msg/detail/rfid_status__rosidl_typesupport_fastrtps_c.h
[47.771s] -- Symlinking: /home/rmsentry/ros_ws/install/pb_rm_interfaces/include/pb_rm_interfaces/pb_rm_interfaces/msg/detail/robot_state_info__rosidl_typesupport_fastrtps_c.h
[47.775s] -- Symlinking: /home/rmsentry/ros_ws/install/pb_rm_interfaces/include/pb_rm_interfaces/pb_rm_interfaces/msg/detail/robot_status__rosidl_typesupport_fastrtps_c.h
[47.779s] -- Symlinking: /home/rmsentry/ros_ws/install/pb_rm_interfaces/include/pb_rm_interfaces/pb_rm_interfaces/msg/rosidl_typesupport_fastrtps_c__visibility_control.h
[47.782s] -- Symlinking: /home/rmsentry/ros_ws/install/pb_rm_interfaces/include/pb_rm_interfaces/pb_rm_interfaces/msg/detail/buff__rosidl_typesupport_introspection_c.h
[47.785s] -- Symlinking: /home/rmsentry/ros_ws/install/pb_rm_interfaces/include/pb_rm_interfaces/pb_rm_interfaces/msg/detail/event_data__rosidl_typesupport_introspection_c.h
[47.787s] -- Symlinking: /home/rmsentry/ros_ws/install/pb_rm_interfaces/include/pb_rm_interfaces/pb_rm_interfaces/msg/detail/game_robot_hp__rosidl_typesupport_introspection_c.h
[47.789s] -- Symlinking: /home/rmsentry/ros_ws/install/pb_rm_interfaces/include/pb_rm_interfaces/pb_rm_interfaces/msg/detail/game_status__rosidl_typesupport_introspection_c.h
[47.792s] -- Symlinking: /home/rmsentry/ros_ws/install/pb_rm_interfaces/include/pb_rm_interfaces/pb_rm_interfaces/msg/detail/gimbal__rosidl_typesupport_introspection_c.h
[47.794s] -- Symlinking: /home/rmsentry/ros_ws/install/pb_rm_interfaces/include/pb_rm_interfaces/pb_rm_interfaces/msg/detail/gimbal_cmd__rosidl_typesupport_introspection_c.h
[47.797s] -- Symlinking: /home/rmsentry/ros_ws/install/pb_rm_interfaces/include/pb_rm_interfaces/pb_rm_interfaces/msg/detail/ground_robot_position__rosidl_typesupport_introspection_c.h
[47.800s] -- Symlinking: /home/rmsentry/ros_ws/install/pb_rm_interfaces/include/pb_rm_interfaces/pb_rm_interfaces/msg/detail/models__rosidl_typesupport_introspection_c.h
[47.802s] -- Symlinking: /home/rmsentry/ros_ws/install/pb_rm_interfaces/include/pb_rm_interfaces/pb_rm_interfaces/msg/detail/rfid_status__rosidl_typesupport_introspection_c.h
[47.804s] -- Symlinking: /home/rmsentry/ros_ws/install/pb_rm_interfaces/include/pb_rm_interfaces/pb_rm_interfaces/msg/detail/robot_state_info__rosidl_typesupport_introspection_c.h
[47.807s] -- Symlinking: /home/rmsentry/ros_ws/install/pb_rm_interfaces/include/pb_rm_interfaces/pb_rm_interfaces/msg/detail/robot_status__rosidl_typesupport_introspection_c.h
[47.809s] -- Symlinking: /home/rmsentry/ros_ws/install/pb_rm_interfaces/include/pb_rm_interfaces/pb_rm_interfaces/msg/rosidl_typesupport_introspection_c__visibility_control.h
[47.812s] -- Symlinking: /home/rmsentry/ros_ws/install/pb_rm_interfaces/include/pb_rm_interfaces/pb_rm_interfaces/msg/buff.hpp
[47.816s] -- Symlinking: /home/rmsentry/ros_ws/install/pb_rm_interfaces/include/pb_rm_interfaces/pb_rm_interfaces/msg/detail/buff__builder.hpp
[47.818s] -- Symlinking: /home/rmsentry/ros_ws/install/pb_rm_interfaces/include/pb_rm_interfaces/pb_rm_interfaces/msg/detail/buff__struct.hpp
[47.821s] -- Symlinking: /home/rmsentry/ros_ws/install/pb_rm_interfaces/include/pb_rm_interfaces/pb_rm_interfaces/msg/detail/buff__traits.hpp
[47.824s] -- Symlinking: /home/rmsentry/ros_ws/install/pb_rm_interfaces/include/pb_rm_interfaces/pb_rm_interfaces/msg/detail/buff__type_support.hpp
[47.826s] -- Symlinking: /home/rmsentry/ros_ws/install/pb_rm_interfaces/include/pb_rm_interfaces/pb_rm_interfaces/msg/detail/event_data__builder.hpp
[47.828s] -- Symlinking: /home/rmsentry/ros_ws/install/pb_rm_interfaces/include/pb_rm_interfaces/pb_rm_interfaces/msg/detail/event_data__struct.hpp
[47.830s] -- Symlinking: /home/rmsentry/ros_ws/install/pb_rm_interfaces/include/pb_rm_interfaces/pb_rm_interfaces/msg/detail/event_data__traits.hpp
[47.832s] -- Symlinking: /home/rmsentry/ros_ws/install/pb_rm_interfaces/include/pb_rm_interfaces/pb_rm_interfaces/msg/detail/event_data__type_support.hpp
[47.835s] -- Symlinking: /home/rmsentry/ros_ws/install/pb_rm_interfaces/include/pb_rm_interfaces/pb_rm_interfaces/msg/detail/game_robot_hp__builder.hpp
[47.837s] -- Symlinking: /home/rmsentry/ros_ws/install/pb_rm_interfaces/include/pb_rm_interfaces/pb_rm_interfaces/msg/detail/game_robot_hp__struct.hpp
[47.839s] -- Symlinking: /home/rmsentry/ros_ws/install/pb_rm_interfaces/include/pb_rm_interfaces/pb_rm_interfaces/msg/detail/game_robot_hp__traits.hpp
[47.841s] -- Symlinking: /home/rmsentry/ros_ws/install/pb_rm_interfaces/include/pb_rm_interfaces/pb_rm_interfaces/msg/detail/game_robot_hp__type_support.hpp
[47.843s] -- Symlinking: /home/rmsentry/ros_ws/install/pb_rm_interfaces/include/pb_rm_interfaces/pb_rm_interfaces/msg/detail/game_status__builder.hpp
[47.846s] -- Symlinking: /home/rmsentry/ros_ws/install/pb_rm_interfaces/include/pb_rm_interfaces/pb_rm_interfaces/msg/detail/game_status__struct.hpp
[47.848s] -- Symlinking: /home/rmsentry/ros_ws/install/pb_rm_interfaces/include/pb_rm_interfaces/pb_rm_interfaces/msg/detail/game_status__traits.hpp
[47.850s] -- Symlinking: /home/rmsentry/ros_ws/install/pb_rm_interfaces/include/pb_rm_interfaces/pb_rm_interfaces/msg/detail/game_status__type_support.hpp
[47.852s] -- Symlinking: /home/rmsentry/ros_ws/install/pb_rm_interfaces/include/pb_rm_interfaces/pb_rm_interfaces/msg/detail/gimbal__builder.hpp
[47.855s] -- Symlinking: /home/rmsentry/ros_ws/install/pb_rm_interfaces/include/pb_rm_interfaces/pb_rm_interfaces/msg/detail/gimbal__struct.hpp
[47.858s] -- Symlinking: /home/rmsentry/ros_ws/install/pb_rm_interfaces/include/pb_rm_interfaces/pb_rm_interfaces/msg/detail/gimbal__traits.hpp
[47.860s] -- Symlinking: /home/rmsentry/ros_ws/install/pb_rm_interfaces/include/pb_rm_interfaces/pb_rm_interfaces/msg/detail/gimbal__type_support.hpp
[47.862s] -- Symlinking: /home/rmsentry/ros_ws/install/pb_rm_interfaces/include/pb_rm_interfaces/pb_rm_interfaces/msg/detail/gimbal_cmd__builder.hpp
[47.865s] -- Symlinking: /home/rmsentry/ros_ws/install/pb_rm_interfaces/include/pb_rm_interfaces/pb_rm_interfaces/msg/detail/gimbal_cmd__struct.hpp
[47.868s] -- Symlinking: /home/rmsentry/ros_ws/install/pb_rm_interfaces/include/pb_rm_interfaces/pb_rm_interfaces/msg/detail/gimbal_cmd__traits.hpp
[47.870s] -- Symlinking: /home/rmsentry/ros_ws/install/pb_rm_interfaces/include/pb_rm_interfaces/pb_rm_interfaces/msg/detail/gimbal_cmd__type_support.hpp
[47.872s] -- Symlinking: /home/rmsentry/ros_ws/install/pb_rm_interfaces/include/pb_rm_interfaces/pb_rm_interfaces/msg/detail/ground_robot_position__builder.hpp
[47.875s] -- Symlinking: /home/rmsentry/ros_ws/install/pb_rm_interfaces/include/pb_rm_interfaces/pb_rm_interfaces/msg/detail/ground_robot_position__struct.hpp
[47.877s] -- Symlinking: /home/rmsentry/ros_ws/install/pb_rm_interfaces/include/pb_rm_interfaces/pb_rm_interfaces/msg/detail/ground_robot_position__traits.hpp
[47.879s] -- Symlinking: /home/rmsentry/ros_ws/install/pb_rm_interfaces/include/pb_rm_interfaces/pb_rm_interfaces/msg/detail/ground_robot_position__type_support.hpp
[47.881s] -- Symlinking: /home/rmsentry/ros_ws/install/pb_rm_interfaces/include/pb_rm_interfaces/pb_rm_interfaces/msg/detail/models__builder.hpp
[47.883s] -- Symlinking: /home/rmsentry/ros_ws/install/pb_rm_interfaces/include/pb_rm_interfaces/pb_rm_interfaces/msg/detail/models__struct.hpp
[47.885s] -- Symlinking: /home/rmsentry/ros_ws/install/pb_rm_interfaces/include/pb_rm_interfaces/pb_rm_interfaces/msg/detail/models__traits.hpp
[47.888s] -- Symlinking: /home/rmsentry/ros_ws/install/pb_rm_interfaces/include/pb_rm_interfaces/pb_rm_interfaces/msg/detail/models__type_support.hpp
[47.890s] -- Symlinking: /home/rmsentry/ros_ws/install/pb_rm_interfaces/include/pb_rm_interfaces/pb_rm_interfaces/msg/detail/rfid_status__builder.hpp
[47.892s] -- Symlinking: /home/rmsentry/ros_ws/install/pb_rm_interfaces/include/pb_rm_interfaces/pb_rm_interfaces/msg/detail/rfid_status__struct.hpp
[47.896s] -- Symlinking: /home/rmsentry/ros_ws/install/pb_rm_interfaces/include/pb_rm_interfaces/pb_rm_interfaces/msg/detail/rfid_status__traits.hpp
[47.899s] -- Symlinking: /home/rmsentry/ros_ws/install/pb_rm_interfaces/include/pb_rm_interfaces/pb_rm_interfaces/msg/detail/rfid_status__type_support.hpp
[47.902s] -- Symlinking: /home/rmsentry/ros_ws/install/pb_rm_interfaces/include/pb_rm_interfaces/pb_rm_interfaces/msg/detail/robot_state_info__builder.hpp
[47.905s] -- Symlinking: /home/rmsentry/ros_ws/install/pb_rm_interfaces/include/pb_rm_interfaces/pb_rm_interfaces/msg/detail/robot_state_info__struct.hpp
[47.908s] -- Symlinking: /home/rmsentry/ros_ws/install/pb_rm_interfaces/include/pb_rm_interfaces/pb_rm_interfaces/msg/detail/robot_state_info__traits.hpp
[47.910s] -- Symlinking: /home/rmsentry/ros_ws/install/pb_rm_interfaces/include/pb_rm_interfaces/pb_rm_interfaces/msg/detail/robot_state_info__type_support.hpp
[47.912s] -- Symlinking: /home/rmsentry/ros_ws/install/pb_rm_interfaces/include/pb_rm_interfaces/pb_rm_interfaces/msg/detail/robot_status__builder.hpp
[47.915s] -- Symlinking: /home/rmsentry/ros_ws/install/pb_rm_interfaces/include/pb_rm_interfaces/pb_rm_interfaces/msg/detail/robot_status__struct.hpp
[47.917s] -- Symlinking: /home/rmsentry/ros_ws/install/pb_rm_interfaces/include/pb_rm_interfaces/pb_rm_interfaces/msg/detail/robot_status__traits.hpp
[47.920s] -- Symlinking: /home/rmsentry/ros_ws/install/pb_rm_interfaces/include/pb_rm_interfaces/pb_rm_interfaces/msg/detail/robot_status__type_support.hpp
[47.922s] -- Symlinking: /home/rmsentry/ros_ws/install/pb_rm_interfaces/include/pb_rm_interfaces/pb_rm_interfaces/msg/event_data.hpp
[47.924s] -- Symlinking: /home/rmsentry/ros_ws/install/pb_rm_interfaces/include/pb_rm_interfaces/pb_rm_interfaces/msg/game_robot_hp.hpp
[47.927s] -- Symlinking: /home/rmsentry/ros_ws/install/pb_rm_interfaces/include/pb_rm_interfaces/pb_rm_interfaces/msg/game_status.hpp
[47.929s] -- Symlinking: /home/rmsentry/ros_ws/install/pb_rm_interfaces/include/pb_rm_interfaces/pb_rm_interfaces/msg/gimbal.hpp
[47.931s] -- Symlinking: /home/rmsentry/ros_ws/install/pb_rm_interfaces/include/pb_rm_interfaces/pb_rm_interfaces/msg/gimbal_cmd.hpp
[47.933s] -- Symlinking: /home/rmsentry/ros_ws/install/pb_rm_interfaces/include/pb_rm_interfaces/pb_rm_interfaces/msg/ground_robot_position.hpp
[47.936s] -- Symlinking: /home/rmsentry/ros_ws/install/pb_rm_interfaces/include/pb_rm_interfaces/pb_rm_interfaces/msg/models.hpp
[47.939s] -- Symlinking: /home/rmsentry/ros_ws/install/pb_rm_interfaces/include/pb_rm_interfaces/pb_rm_interfaces/msg/rfid_status.hpp
[47.943s] -- Symlinking: /home/rmsentry/ros_ws/install/pb_rm_interfaces/include/pb_rm_interfaces/pb_rm_interfaces/msg/robot_state_info.hpp
[47.946s] -- Symlinking: /home/rmsentry/ros_ws/install/pb_rm_interfaces/include/pb_rm_interfaces/pb_rm_interfaces/msg/robot_status.hpp
[47.949s] -- Symlinking: /home/rmsentry/ros_ws/install/pb_rm_interfaces/include/pb_rm_interfaces/pb_rm_interfaces/msg/rosidl_generator_cpp__visibility_control.hpp
[47.952s] -- Symlinking: /home/rmsentry/ros_ws/install/pb_rm_interfaces/include/pb_rm_interfaces/pb_rm_interfaces/msg/detail/buff__rosidl_typesupport_fastrtps_cpp.hpp
[47.954s] -- Symlinking: /home/rmsentry/ros_ws/install/pb_rm_interfaces/include/pb_rm_interfaces/pb_rm_interfaces/msg/detail/event_data__rosidl_typesupport_fastrtps_cpp.hpp
[47.956s] -- Symlinking: /home/rmsentry/ros_ws/install/pb_rm_interfaces/include/pb_rm_interfaces/pb_rm_interfaces/msg/detail/game_robot_hp__rosidl_typesupport_fastrtps_cpp.hpp
[47.959s] -- Symlinking: /home/rmsentry/ros_ws/install/pb_rm_interfaces/include/pb_rm_interfaces/pb_rm_interfaces/msg/detail/game_status__rosidl_typesupport_fastrtps_cpp.hpp
[47.961s] -- Symlinking: /home/rmsentry/ros_ws/install/pb_rm_interfaces/include/pb_rm_interfaces/pb_rm_interfaces/msg/detail/gimbal__rosidl_typesupport_fastrtps_cpp.hpp
[47.963s] -- Symlinking: /home/rmsentry/ros_ws/install/pb_rm_interfaces/include/pb_rm_interfaces/pb_rm_interfaces/msg/detail/gimbal_cmd__rosidl_typesupport_fastrtps_cpp.hpp
[47.965s] -- Symlinking: /home/rmsentry/ros_ws/install/pb_rm_interfaces/include/pb_rm_interfaces/pb_rm_interfaces/msg/detail/ground_robot_position__rosidl_typesupport_fastrtps_cpp.hpp
[47.968s] -- Symlinking: /home/rmsentry/ros_ws/install/pb_rm_interfaces/include/pb_rm_interfaces/pb_rm_interfaces/msg/detail/models__rosidl_typesupport_fastrtps_cpp.hpp
[47.970s] -- Symlinking: /home/rmsentry/ros_ws/install/pb_rm_interfaces/include/pb_rm_interfaces/pb_rm_interfaces/msg/detail/rfid_status__rosidl_typesupport_fastrtps_cpp.hpp
[47.972s] -- Symlinking: /home/rmsentry/ros_ws/install/pb_rm_interfaces/include/pb_rm_interfaces/pb_rm_interfaces/msg/detail/robot_state_info__rosidl_typesupport_fastrtps_cpp.hpp
[47.974s] -- Symlinking: /home/rmsentry/ros_ws/install/pb_rm_interfaces/include/pb_rm_interfaces/pb_rm_interfaces/msg/detail/robot_status__rosidl_typesupport_fastrtps_cpp.hpp
[47.976s] -- Symlinking: /home/rmsentry/ros_ws/install/pb_rm_interfaces/include/pb_rm_interfaces/pb_rm_interfaces/msg/rosidl_typesupport_fastrtps_cpp__visibility_control.h
[47.979s] -- Symlinking: /home/rmsentry/ros_ws/install/pb_rm_interfaces/include/pb_rm_interfaces/pb_rm_interfaces/msg/detail/buff__rosidl_typesupport_introspection_cpp.hpp
[47.981s] -- Symlinking: /home/rmsentry/ros_ws/install/pb_rm_interfaces/include/pb_rm_interfaces/pb_rm_interfaces/msg/detail/event_data__rosidl_typesupport_introspection_cpp.hpp
[47.984s] -- Symlinking: /home/rmsentry/ros_ws/install/pb_rm_interfaces/include/pb_rm_interfaces/pb_rm_interfaces/msg/detail/game_robot_hp__rosidl_typesupport_introspection_cpp.hpp
[47.987s] -- Symlinking: /home/rmsentry/ros_ws/install/pb_rm_interfaces/include/pb_rm_interfaces/pb_rm_interfaces/msg/detail/game_status__rosidl_typesupport_introspection_cpp.hpp
[47.989s] -- Symlinking: /home/rmsentry/ros_ws/install/pb_rm_interfaces/include/pb_rm_interfaces/pb_rm_interfaces/msg/detail/gimbal__rosidl_typesupport_introspection_cpp.hpp
[47.992s] -- Symlinking: /home/rmsentry/ros_ws/install/pb_rm_interfaces/include/pb_rm_interfaces/pb_rm_interfaces/msg/detail/gimbal_cmd__rosidl_typesupport_introspection_cpp.hpp
[47.994s] -- Symlinking: /home/rmsentry/ros_ws/install/pb_rm_interfaces/include/pb_rm_interfaces/pb_rm_interfaces/msg/detail/ground_robot_position__rosidl_typesupport_introspection_cpp.hpp
[47.996s] -- Symlinking: /home/rmsentry/ros_ws/install/pb_rm_interfaces/include/pb_rm_interfaces/pb_rm_interfaces/msg/detail/models__rosidl_typesupport_introspection_cpp.hpp
[47.999s] -- Symlinking: /home/rmsentry/ros_ws/install/pb_rm_interfaces/include/pb_rm_interfaces/pb_rm_interfaces/msg/detail/rfid_status__rosidl_typesupport_introspection_cpp.hpp
[48.001s] -- Symlinking: /home/rmsentry/ros_ws/install/pb_rm_interfaces/include/pb_rm_interfaces/pb_rm_interfaces/msg/detail/robot_state_info__rosidl_typesupport_introspection_cpp.hpp
[48.004s] -- Symlinking: /home/rmsentry/ros_ws/install/pb_rm_interfaces/include/pb_rm_interfaces/pb_rm_interfaces/msg/detail/robot_status__rosidl_typesupport_introspection_cpp.hpp
[48.007s] -- Symlinking: /home/rmsentry/ros_ws/install/pb_rm_interfaces/share/pb_rm_interfaces/environment/pythonpath.sh
[48.009s] -- Symlinking: /home/rmsentry/ros_ws/install/pb_rm_interfaces/share/pb_rm_interfaces/environment/pythonpath.dsv
[48.012s] -- Symlinking: /home/rmsentry/ros_ws/install/pb_rm_interfaces/local/lib/python3.10/dist-packages/pb_rm_interfaces-1.0.0-py3.10.egg-info/PKG-INFO
[48.015s] -- Symlinking: /home/rmsentry/ros_ws/install/pb_rm_interfaces/local/lib/python3.10/dist-packages/pb_rm_interfaces-1.0.0-py3.10.egg-info/SOURCES.txt
[48.017s] -- Symlinking: /home/rmsentry/ros_ws/install/pb_rm_interfaces/local/lib/python3.10/dist-packages/pb_rm_interfaces-1.0.0-py3.10.egg-info/dependency_links.txt
[48.019s] -- Symlinking: /home/rmsentry/ros_ws/install/pb_rm_interfaces/local/lib/python3.10/dist-packages/pb_rm_interfaces-1.0.0-py3.10.egg-info/top_level.txt
[48.022s] -- Symlinking: /home/rmsentry/ros_ws/install/pb_rm_interfaces/local/lib/python3.10/dist-packages/pb_rm_interfaces/__init__.py
[48.024s] -- Symlinking: /home/rmsentry/ros_ws/install/pb_rm_interfaces/local/lib/python3.10/dist-packages/pb_rm_interfaces/_pb_rm_interfaces_s.ep.rosidl_typesupport_c.c
[48.027s] -- Symlinking: /home/rmsentry/ros_ws/install/pb_rm_interfaces/local/lib/python3.10/dist-packages/pb_rm_interfaces/_pb_rm_interfaces_s.ep.rosidl_typesupport_fastrtps_c.c
[48.029s] -- Symlinking: /home/rmsentry/ros_ws/install/pb_rm_interfaces/local/lib/python3.10/dist-packages/pb_rm_interfaces/_pb_rm_interfaces_s.ep.rosidl_typesupport_introspection_c.c
[48.032s] -- Symlinking: /home/rmsentry/ros_ws/install/pb_rm_interfaces/local/lib/python3.10/dist-packages/pb_rm_interfaces/libpb_rm_interfaces__rosidl_generator_py.so
[48.034s] -- Symlinking: /home/rmsentry/ros_ws/install/pb_rm_interfaces/local/lib/python3.10/dist-packages/pb_rm_interfaces/msg/__init__.py
[48.037s] -- Symlinking: /home/rmsentry/ros_ws/install/pb_rm_interfaces/local/lib/python3.10/dist-packages/pb_rm_interfaces/msg/_buff.py
[48.039s] -- Symlinking: /home/rmsentry/ros_ws/install/pb_rm_interfaces/local/lib/python3.10/dist-packages/pb_rm_interfaces/msg/_buff_s.c
[48.041s] -- Symlinking: /home/rmsentry/ros_ws/install/pb_rm_interfaces/local/lib/python3.10/dist-packages/pb_rm_interfaces/msg/_event_data.py
[48.043s] -- Symlinking: /home/rmsentry/ros_ws/install/pb_rm_interfaces/local/lib/python3.10/dist-packages/pb_rm_interfaces/msg/_event_data_s.c
[48.045s] -- Symlinking: /home/rmsentry/ros_ws/install/pb_rm_interfaces/local/lib/python3.10/dist-packages/pb_rm_interfaces/msg/_game_robot_hp.py
[48.047s] -- Symlinking: /home/rmsentry/ros_ws/install/pb_rm_interfaces/local/lib/python3.10/dist-packages/pb_rm_interfaces/msg/_game_robot_hp_s.c
[48.050s] -- Symlinking: /home/rmsentry/ros_ws/install/pb_rm_interfaces/local/lib/python3.10/dist-packages/pb_rm_interfaces/msg/_game_status.py
[48.052s] -- Symlinking: /home/rmsentry/ros_ws/install/pb_rm_interfaces/local/lib/python3.10/dist-packages/pb_rm_interfaces/msg/_game_status_s.c
[48.056s] -- Symlinking: /home/rmsentry/ros_ws/install/pb_rm_interfaces/local/lib/python3.10/dist-packages/pb_rm_interfaces/msg/_gimbal.py
[48.058s] -- Symlinking: /home/rmsentry/ros_ws/install/pb_rm_interfaces/local/lib/python3.10/dist-packages/pb_rm_interfaces/msg/_gimbal_cmd.py
[48.060s] -- Symlinking: /home/rmsentry/ros_ws/install/pb_rm_interfaces/local/lib/python3.10/dist-packages/pb_rm_interfaces/msg/_gimbal_cmd_s.c
[48.062s] -- Symlinking: /home/rmsentry/ros_ws/install/pb_rm_interfaces/local/lib/python3.10/dist-packages/pb_rm_interfaces/msg/_gimbal_s.c
[48.065s] -- Symlinking: /home/rmsentry/ros_ws/install/pb_rm_interfaces/local/lib/python3.10/dist-packages/pb_rm_interfaces/msg/_ground_robot_position.py
[48.068s] -- Symlinking: /home/rmsentry/ros_ws/install/pb_rm_interfaces/local/lib/python3.10/dist-packages/pb_rm_interfaces/msg/_ground_robot_position_s.c
[48.070s] -- Symlinking: /home/rmsentry/ros_ws/install/pb_rm_interfaces/local/lib/python3.10/dist-packages/pb_rm_interfaces/msg/_models.py
[48.072s] -- Symlinking: /home/rmsentry/ros_ws/install/pb_rm_interfaces/local/lib/python3.10/dist-packages/pb_rm_interfaces/msg/_models_s.c
[48.075s] -- Symlinking: /home/rmsentry/ros_ws/install/pb_rm_interfaces/local/lib/python3.10/dist-packages/pb_rm_interfaces/msg/_rfid_status.py
[48.078s] -- Symlinking: /home/rmsentry/ros_ws/install/pb_rm_interfaces/local/lib/python3.10/dist-packages/pb_rm_interfaces/msg/_rfid_status_s.c
[48.080s] -- Symlinking: /home/rmsentry/ros_ws/install/pb_rm_interfaces/local/lib/python3.10/dist-packages/pb_rm_interfaces/msg/_robot_state_info.py
[48.082s] -- Symlinking: /home/rmsentry/ros_ws/install/pb_rm_interfaces/local/lib/python3.10/dist-packages/pb_rm_interfaces/msg/_robot_state_info_s.c
[48.085s] -- Symlinking: /home/rmsentry/ros_ws/install/pb_rm_interfaces/local/lib/python3.10/dist-packages/pb_rm_interfaces/msg/_robot_status.py
[48.087s] -- Symlinking: /home/rmsentry/ros_ws/install/pb_rm_interfaces/local/lib/python3.10/dist-packages/pb_rm_interfaces/msg/_robot_status_s.c
[48.089s] -- Symlinking: /home/rmsentry/ros_ws/install/pb_rm_interfaces/local/lib/python3.10/dist-packages/pb_rm_interfaces/pb_rm_interfaces_s__rosidl_typesupport_c.cpython-310-x86_64-linux-gnu.so
[48.091s] -- Symlinking: /home/rmsentry/ros_ws/install/pb_rm_interfaces/local/lib/python3.10/dist-packages/pb_rm_interfaces/pb_rm_interfaces_s__rosidl_typesupport_fastrtps_c.cpython-310-x86_64-linux-gnu.so
[48.093s] -- Symlinking: /home/rmsentry/ros_ws/install/pb_rm_interfaces/local/lib/python3.10/dist-packages/pb_rm_interfaces/pb_rm_interfaces_s__rosidl_typesupport_introspection_c.cpython-310-x86_64-linux-gnu.so
[48.097s] -- Up-to-date symlink: /home/rmsentry/ros_ws/install/pb_rm_interfaces/local/lib/python3.10/dist-packages/pb_rm_interfaces/pb_rm_interfaces_s__rosidl_typesupport_fastrtps_c.cpython-310-x86_64-linux-gnu.so
[48.098s] -- Up-to-date symlink: /home/rmsentry/ros_ws/install/pb_rm_interfaces/local/lib/python3.10/dist-packages/pb_rm_interfaces/pb_rm_interfaces_s__rosidl_typesupport_introspection_c.cpython-310-x86_64-linux-gnu.so
[48.098s] -- Up-to-date symlink: /home/rmsentry/ros_ws/install/pb_rm_interfaces/local/lib/python3.10/dist-packages/pb_rm_interfaces/pb_rm_interfaces_s__rosidl_typesupport_c.cpython-310-x86_64-linux-gnu.so
[48.098s] -- Symlinking: /home/rmsentry/ros_ws/install/pb_rm_interfaces/share/pb_rm_interfaces/msg/Buff.idl
[48.101s] -- Symlinking: /home/rmsentry/ros_ws/install/pb_rm_interfaces/share/pb_rm_interfaces/msg/EventData.idl
[48.104s] -- Symlinking: /home/rmsentry/ros_ws/install/pb_rm_interfaces/share/pb_rm_interfaces/msg/GameRobotHP.idl
[48.106s] -- Symlinking: /home/rmsentry/ros_ws/install/pb_rm_interfaces/share/pb_rm_interfaces/msg/GameStatus.idl
[48.109s] -- Symlinking: /home/rmsentry/ros_ws/install/pb_rm_interfaces/share/pb_rm_interfaces/msg/GroundRobotPosition.idl
[48.111s] -- Symlinking: /home/rmsentry/ros_ws/install/pb_rm_interfaces/share/pb_rm_interfaces/msg/RfidStatus.idl
[48.113s] -- Symlinking: /home/rmsentry/ros_ws/install/pb_rm_interfaces/share/pb_rm_interfaces/msg/RobotStatus.idl
[48.116s] -- Symlinking: /home/rmsentry/ros_ws/install/pb_rm_interfaces/share/pb_rm_interfaces/msg/Gimbal.idl
[48.118s] -- Symlinking: /home/rmsentry/ros_ws/install/pb_rm_interfaces/share/pb_rm_interfaces/msg/GimbalCmd.idl
[48.120s] -- Symlinking: /home/rmsentry/ros_ws/install/pb_rm_interfaces/share/pb_rm_interfaces/msg/Models.idl
[48.122s] -- Symlinking: /home/rmsentry/ros_ws/install/pb_rm_interfaces/share/pb_rm_interfaces/msg/RobotStateInfo.idl
[48.124s] -- Symlinking: /home/rmsentry/ros_ws/install/pb_rm_interfaces/share/pb_rm_interfaces/referee/Buff.msg
[48.126s] -- Symlinking: /home/rmsentry/ros_ws/install/pb_rm_interfaces/share/pb_rm_interfaces/referee/EventData.msg
[48.129s] -- Symlinking: /home/rmsentry/ros_ws/install/pb_rm_interfaces/share/pb_rm_interfaces/referee/GameRobotHP.msg
[48.131s] -- Symlinking: /home/rmsentry/ros_ws/install/pb_rm_interfaces/share/pb_rm_interfaces/referee/GameStatus.msg
[48.135s] -- Symlinking: /home/rmsentry/ros_ws/install/pb_rm_interfaces/share/pb_rm_interfaces/referee/GroundRobotPosition.msg
[48.137s] -- Symlinking: /home/rmsentry/ros_ws/install/pb_rm_interfaces/share/pb_rm_interfaces/referee/RfidStatus.msg
[48.139s] -- Symlinking: /home/rmsentry/ros_ws/install/pb_rm_interfaces/share/pb_rm_interfaces/referee/RobotStatus.msg
[48.142s] -- Symlinking: /home/rmsentry/ros_ws/install/pb_rm_interfaces/share/pb_rm_interfaces/msg/Gimbal.msg
[48.145s] -- Symlinking: /home/rmsentry/ros_ws/install/pb_rm_interfaces/share/pb_rm_interfaces/msg/GimbalCmd.msg
[48.148s] -- Symlinking: /home/rmsentry/ros_ws/install/pb_rm_interfaces/share/pb_rm_interfaces/msg/Models.msg
[48.150s] -- Symlinking: /home/rmsentry/ros_ws/install/pb_rm_interfaces/share/pb_rm_interfaces/msg/RobotStateInfo.msg
[48.153s] -- Symlinking: /home/rmsentry/ros_ws/install/pb_rm_interfaces/share/ament_index/resource_index/package_run_dependencies/pb_rm_interfaces
[48.155s] -- Symlinking: /home/rmsentry/ros_ws/install/pb_rm_interfaces/share/ament_index/resource_index/parent_prefix_path/pb_rm_interfaces
[48.158s] -- Symlinking: /home/rmsentry/ros_ws/install/pb_rm_interfaces/share/pb_rm_interfaces/environment/ament_prefix_path.sh
[48.160s] -- Symlinking: /home/rmsentry/ros_ws/install/pb_rm_interfaces/share/pb_rm_interfaces/environment/ament_prefix_path.dsv
[48.162s] -- Symlinking: /home/rmsentry/ros_ws/install/pb_rm_interfaces/share/pb_rm_interfaces/environment/path.sh
[48.165s] -- Symlinking: /home/rmsentry/ros_ws/install/pb_rm_interfaces/share/pb_rm_interfaces/environment/path.dsv
[48.167s] -- Symlinking: /home/rmsentry/ros_ws/install/pb_rm_interfaces/share/pb_rm_interfaces/local_setup.bash
[48.170s] -- Symlinking: /home/rmsentry/ros_ws/install/pb_rm_interfaces/share/pb_rm_interfaces/local_setup.sh
[48.173s] -- Symlinking: /home/rmsentry/ros_ws/install/pb_rm_interfaces/share/pb_rm_interfaces/local_setup.zsh
[48.176s] -- Symlinking: /home/rmsentry/ros_ws/install/pb_rm_interfaces/share/pb_rm_interfaces/local_setup.dsv
[48.180s] -- Symlinking: /home/rmsentry/ros_ws/install/pb_rm_interfaces/share/pb_rm_interfaces/package.dsv
[48.183s] -- Symlinking: /home/rmsentry/ros_ws/install/pb_rm_interfaces/share/ament_index/resource_index/packages/pb_rm_interfaces
[48.186s] -- Symlinking: /home/rmsentry/ros_ws/install/pb_rm_interfaces/share/pb_rm_interfaces/cmake/rosidl_cmake-extras.cmake
[48.188s] -- Symlinking: /home/rmsentry/ros_ws/install/pb_rm_interfaces/share/pb_rm_interfaces/cmake/ament_cmake_export_dependencies-extras.cmake
[48.191s] -- Symlinking: /home/rmsentry/ros_ws/install/pb_rm_interfaces/share/pb_rm_interfaces/cmake/ament_cmake_export_include_directories-extras.cmake
[48.194s] -- Symlinking: /home/rmsentry/ros_ws/install/pb_rm_interfaces/share/pb_rm_interfaces/cmake/ament_cmake_export_libraries-extras.cmake
[48.197s] -- Symlinking: /home/rmsentry/ros_ws/install/pb_rm_interfaces/share/pb_rm_interfaces/cmake/ament_cmake_export_targets-extras.cmake
[48.199s] -- Symlinking: /home/rmsentry/ros_ws/install/pb_rm_interfaces/share/pb_rm_interfaces/cmake/rosidl_cmake_export_typesupport_targets-extras.cmake
[48.202s] -- Symlinking: /home/rmsentry/ros_ws/install/pb_rm_interfaces/share/pb_rm_interfaces/cmake/rosidl_cmake_export_typesupport_libraries-extras.cmake
[48.204s] -- Symlinking: /home/rmsentry/ros_ws/install/pb_rm_interfaces/share/pb_rm_interfaces/cmake/pb_rm_interfacesConfig.cmake
[48.206s] -- Symlinking: /home/rmsentry/ros_ws/install/pb_rm_interfaces/share/pb_rm_interfaces/cmake/pb_rm_interfacesConfig-version.cmake
[48.209s] -- Symlinking: /home/rmsentry/ros_ws/install/pb_rm_interfaces/share/pb_rm_interfaces/package.xml
[48.211s] -- Installing: /home/rmsentry/ros_ws/install/pb_rm_interfaces/lib/libpb_rm_interfaces__rosidl_generator_c.so
[48.212s] -- Set non-toolchain portion of runtime path of "/home/rmsentry/ros_ws/install/pb_rm_interfaces/lib/libpb_rm_interfaces__rosidl_generator_c.so" to ""
[48.212s] -- Installing: /home/rmsentry/ros_ws/install/pb_rm_interfaces/lib/libpb_rm_interfaces__rosidl_typesupport_fastrtps_c.so
[48.212s] -- Set non-toolchain portion of runtime path of "/home/rmsentry/ros_ws/install/pb_rm_interfaces/lib/libpb_rm_interfaces__rosidl_typesupport_fastrtps_c.so" to ""
[48.212s] -- Installing: /home/rmsentry/ros_ws/install/pb_rm_interfaces/lib/libpb_rm_interfaces__rosidl_typesupport_introspection_c.so
[48.212s] -- Set non-toolchain portion of runtime path of "/home/rmsentry/ros_ws/install/pb_rm_interfaces/lib/libpb_rm_interfaces__rosidl_typesupport_introspection_c.so" to ""
[48.212s] -- Installing: /home/rmsentry/ros_ws/install/pb_rm_interfaces/lib/libpb_rm_interfaces__rosidl_typesupport_c.so
[48.212s] -- Set non-toolchain portion of runtime path of "/home/rmsentry/ros_ws/install/pb_rm_interfaces/lib/libpb_rm_interfaces__rosidl_typesupport_c.so" to ""
[48.212s] -- Installing: /home/rmsentry/ros_ws/install/pb_rm_interfaces/lib/libpb_rm_interfaces__rosidl_typesupport_fastrtps_cpp.so
[48.213s] -- Set non-toolchain portion of runtime path of "/home/rmsentry/ros_ws/install/pb_rm_interfaces/lib/libpb_rm_interfaces__rosidl_typesupport_fastrtps_cpp.so" to ""
[48.213s] -- Installing: /home/rmsentry/ros_ws/install/pb_rm_interfaces/lib/libpb_rm_interfaces__rosidl_typesupport_introspection_cpp.so
[48.213s] -- Set non-toolchain portion of runtime path of "/home/rmsentry/ros_ws/install/pb_rm_interfaces/lib/libpb_rm_interfaces__rosidl_typesupport_introspection_cpp.so" to ""
[48.213s] -- Installing: /home/rmsentry/ros_ws/install/pb_rm_interfaces/lib/libpb_rm_interfaces__rosidl_typesupport_cpp.so
[48.213s] -- Set non-toolchain portion of runtime path of "/home/rmsentry/ros_ws/install/pb_rm_interfaces/lib/libpb_rm_interfaces__rosidl_typesupport_cpp.so" to ""
[48.245s] Listing '/home/rmsentry/ros_ws/install/pb_rm_interfaces/local/lib/python3.10/dist-packages/pb_rm_interfaces'...
[48.245s] Compiling '/home/rmsentry/ros_ws/install/pb_rm_interfaces/local/lib/python3.10/dist-packages/pb_rm_interfaces/__init__.py'...
[48.245s] Listing '/home/rmsentry/ros_ws/install/pb_rm_interfaces/local/lib/python3.10/dist-packages/pb_rm_interfaces/msg'...
[48.245s] Compiling '/home/rmsentry/ros_ws/install/pb_rm_interfaces/local/lib/python3.10/dist-packages/pb_rm_interfaces/msg/__init__.py'...
[48.245s] Compiling '/home/rmsentry/ros_ws/install/pb_rm_interfaces/local/lib/python3.10/dist-packages/pb_rm_interfaces/msg/_buff.py'...
[48.245s] Compiling '/home/rmsentry/ros_ws/install/pb_rm_interfaces/local/lib/python3.10/dist-packages/pb_rm_interfaces/msg/_event_data.py'...
[48.245s] Compiling '/home/rmsentry/ros_ws/install/pb_rm_interfaces/local/lib/python3.10/dist-packages/pb_rm_interfaces/msg/_game_robot_hp.py'...
[48.245s] Compiling '/home/rmsentry/ros_ws/install/pb_rm_interfaces/local/lib/python3.10/dist-packages/pb_rm_interfaces/msg/_game_status.py'...
[48.245s] Compiling '/home/rmsentry/ros_ws/install/pb_rm_interfaces/local/lib/python3.10/dist-packages/pb_rm_interfaces/msg/_gimbal.py'...
[48.245s] Compiling '/home/rmsentry/ros_ws/install/pb_rm_interfaces/local/lib/python3.10/dist-packages/pb_rm_interfaces/msg/_gimbal_cmd.py'...
[48.245s] Compiling '/home/rmsentry/ros_ws/install/pb_rm_interfaces/local/lib/python3.10/dist-packages/pb_rm_interfaces/msg/_ground_robot_position.py'...
[48.245s] Compiling '/home/rmsentry/ros_ws/install/pb_rm_interfaces/local/lib/python3.10/dist-packages/pb_rm_interfaces/msg/_models.py'...
[48.245s] Compiling '/home/rmsentry/ros_ws/install/pb_rm_interfaces/local/lib/python3.10/dist-packages/pb_rm_interfaces/msg/_rfid_status.py'...
[48.245s] Compiling '/home/rmsentry/ros_ws/install/pb_rm_interfaces/local/lib/python3.10/dist-packages/pb_rm_interfaces/msg/_robot_state_info.py'...
[48.245s] Compiling '/home/rmsentry/ros_ws/install/pb_rm_interfaces/local/lib/python3.10/dist-packages/pb_rm_interfaces/msg/_robot_status.py'...
[48.248s] -- Installing: /home/rmsentry/ros_ws/install/pb_rm_interfaces/lib/libpb_rm_interfaces__rosidl_generator_py.so
[48.248s] -- Set non-toolchain portion of runtime path of "/home/rmsentry/ros_ws/install/pb_rm_interfaces/lib/libpb_rm_interfaces__rosidl_generator_py.so" to ""
[48.248s] -- Installing: /home/rmsentry/ros_ws/install/pb_rm_interfaces/share/pb_rm_interfaces/cmake/export_pb_rm_interfaces__rosidl_generator_cExport.cmake
[48.248s] -- Installing: /home/rmsentry/ros_ws/install/pb_rm_interfaces/share/pb_rm_interfaces/cmake/export_pb_rm_interfaces__rosidl_generator_cExport-noconfig.cmake
[48.248s] -- Installing: /home/rmsentry/ros_ws/install/pb_rm_interfaces/share/pb_rm_interfaces/cmake/export_pb_rm_interfaces__rosidl_typesupport_fastrtps_cExport.cmake
[48.249s] -- Installing: /home/rmsentry/ros_ws/install/pb_rm_interfaces/share/pb_rm_interfaces/cmake/export_pb_rm_interfaces__rosidl_typesupport_fastrtps_cExport-noconfig.cmake
[48.249s] -- Installing: /home/rmsentry/ros_ws/install/pb_rm_interfaces/share/pb_rm_interfaces/cmake/pb_rm_interfaces__rosidl_typesupport_introspection_cExport.cmake
[48.249s] -- Installing: /home/rmsentry/ros_ws/install/pb_rm_interfaces/share/pb_rm_interfaces/cmake/pb_rm_interfaces__rosidl_typesupport_introspection_cExport-noconfig.cmake
[48.249s] -- Installing: /home/rmsentry/ros_ws/install/pb_rm_interfaces/share/pb_rm_interfaces/cmake/pb_rm_interfaces__rosidl_typesupport_cExport.cmake
[48.249s] -- Installing: /home/rmsentry/ros_ws/install/pb_rm_interfaces/share/pb_rm_interfaces/cmake/pb_rm_interfaces__rosidl_typesupport_cExport-noconfig.cmake
[48.249s] -- Installing: /home/rmsentry/ros_ws/install/pb_rm_interfaces/share/pb_rm_interfaces/cmake/export_pb_rm_interfaces__rosidl_generator_cppExport.cmake
[48.249s] -- Installing: /home/rmsentry/ros_ws/install/pb_rm_interfaces/share/pb_rm_interfaces/cmake/export_pb_rm_interfaces__rosidl_typesupport_fastrtps_cppExport.cmake
[48.249s] -- Installing: /home/rmsentry/ros_ws/install/pb_rm_interfaces/share/pb_rm_interfaces/cmake/export_pb_rm_interfaces__rosidl_typesupport_fastrtps_cppExport-noconfig.cmake
[48.249s] -- Installing: /home/rmsentry/ros_ws/install/pb_rm_interfaces/share/pb_rm_interfaces/cmake/pb_rm_interfaces__rosidl_typesupport_introspection_cppExport.cmake
[48.249s] -- Installing: /home/rmsentry/ros_ws/install/pb_rm_interfaces/share/pb_rm_interfaces/cmake/pb_rm_interfaces__rosidl_typesupport_introspection_cppExport-noconfig.cmake
[48.249s] -- Installing: /home/rmsentry/ros_ws/install/pb_rm_interfaces/share/pb_rm_interfaces/cmake/pb_rm_interfaces__rosidl_typesupport_cppExport.cmake
[48.249s] -- Installing: /home/rmsentry/ros_ws/install/pb_rm_interfaces/share/pb_rm_interfaces/cmake/pb_rm_interfaces__rosidl_typesupport_cppExport-noconfig.cmake
[48.249s] -- Installing: /home/rmsentry/ros_ws/install/pb_rm_interfaces/share/pb_rm_interfaces/cmake/export_pb_rm_interfaces__rosidl_generator_pyExport.cmake
[48.249s] -- Installing: /home/rmsentry/ros_ws/install/pb_rm_interfaces/share/pb_rm_interfaces/cmake/export_pb_rm_interfaces__rosidl_generator_pyExport-noconfig.cmake
[48.251s] Invoked command in '/home/rmsentry/ros_ws/build/pb_rm_interfaces' returned '0': CMAKE_PREFIX_PATH=/opt/ros/humble /usr/local/bin/cmake --install /home/rmsentry/ros_ws/build/pb_rm_interfaces
