[0.005s] Invoking command in '/home/rmsentry/ros_ws/build/pb_nav2_plugins': CMAKE_PREFIX_PATH=/opt/ros/humble /usr/local/bin/cmake /home/rmsentry/ros_ws/src/pb2025_sentry_nav/pb_nav2_plugins -DAMENT_CMAKE_SYMLINK_INSTALL=1 -DCMAKE_INSTALL_PREFIX=/home/rmsentry/ros_ws/install/pb_nav2_plugins
[0.066s] -- The C compiler identification is GNU 11.4.0
[0.144s] -- The CXX compiler identification is GNU 11.4.0
[0.160s] -- Detecting C compiler ABI info
[0.251s] -- Detecting C compiler ABI info - done
[0.290s] -- Check for working C compiler: /usr/bin/cc - skipped
[0.290s] -- Detecting C compile features
[0.290s] -- Detecting C compile features - done
[0.292s] -- Detecting CXX compiler ABI info
[0.453s] -- Detecting CXX compiler ABI info - done
[0.490s] -- Check for working CXX compiler: /usr/bin/c++ - skipped
[0.490s] -- Detecting CXX compile features
[0.490s] -- Detecting CXX compile features - done
[0.490s] -- Found ament_cmake_auto: 1.3.12 (/opt/ros/humble/share/ament_cmake_auto/cmake)
[0.696s] -- Found Python3: /usr/bin/python3 (found version "3.10.12") found components: Interpreter
[0.778s] -- Override CMake install command with custom implementation using symlinks instead of copying resources
[0.955s] -- Found rosidl_generator_c: 3.1.7 (/opt/ros/humble/share/rosidl_generator_c/cmake)
[0.960s] -- Found rosidl_adapter: 3.1.7 (/opt/ros/humble/share/rosidl_adapter/cmake)
[0.969s] -- Found rosidl_generator_cpp: 3.1.7 (/opt/ros/humble/share/rosidl_generator_cpp/cmake)
[0.988s] -- Using all available rosidl_typesupport_c: rosidl_typesupport_fastrtps_c;rosidl_typesupport_introspection_c
[1.006s] -- Using all available rosidl_typesupport_cpp: rosidl_typesupport_fastrtps_cpp;rosidl_typesupport_introspection_cpp
[1.072s] -- Found rmw_implementation_cmake: 6.1.2 (/opt/ros/humble/share/rmw_implementation_cmake/cmake)
[1.074s] -- Found rmw_fastrtps_cpp: 6.2.8 (/opt/ros/humble/share/rmw_fastrtps_cpp/cmake)
[1.199s] -- Found OpenSSL: /usr/lib/x86_64-linux-gnu/libcrypto.so (found version "3.0.2")
[1.241s] -- Found FastRTPS: /opt/ros/humble/include
[1.303s] -- Using RMW implementation 'rmw_fastrtps_cpp' as default
[1.314s] -- Performing Test CMAKE_HAVE_LIBC_PTHREAD
[1.415s] -- Performing Test CMAKE_HAVE_LIBC_PTHREAD - Success
[1.421s] -- Found Threads: TRUE
[1.929s] -- Found eigen3_cmake_module: 0.1.1 (/opt/ros/humble/share/eigen3_cmake_module/cmake)
[1.929s] -- Found Eigen3: TRUE (found version "3.4.0")
[1.929s] -- Ensuring Eigen3 include directory is part of orocos-kdl CMake target
[3.602s] -- Found ament_lint_auto: 0.12.14 (/opt/ros/humble/share/ament_lint_auto/cmake)
[3.622s] -- Added test 'clang_format' to check C / C++ code style
[3.624s] -- Added test 'clang_tidy' to check C / C++ code style
[3.626s] -- Added test 'xmllint' to check XML markup files
[3.627s] -- Added test 'copyright' to check source files copyright and LICENSE
[3.635s] -- Configuring done (3.6s)
[4.041s] -- Generating done (0.3s)
[4.071s] -- Build files have been written to: /home/rmsentry/ros_ws/build/pb_nav2_plugins
[4.094s] Invoked command in '/home/rmsentry/ros_ws/build/pb_nav2_plugins' returned '0': CMAKE_PREFIX_PATH=/opt/ros/humble /usr/local/bin/cmake /home/rmsentry/ros_ws/src/pb2025_sentry_nav/pb_nav2_plugins -DAMENT_CMAKE_SYMLINK_INSTALL=1 -DCMAKE_INSTALL_PREFIX=/home/rmsentry/ros_ws/install/pb_nav2_plugins
[4.096s] Invoking command in '/home/rmsentry/ros_ws/build/pb_nav2_plugins': CMAKE_PREFIX_PATH=/opt/ros/humble /usr/local/bin/cmake --build /home/rmsentry/ros_ws/build/pb_nav2_plugins -- -j12 -l12
[4.195s] [ 25%] Building CXX object CMakeFiles/pb_back_up_frees_space_behavior.dir/src/behaviors/back_up_free_space.cpp.o
[23.976s] [ 50%] Linking CXX shared library libpb_back_up_frees_space_behavior.so
[25.349s] [ 50%] Built target pb_back_up_frees_space_behavior
[25.367s] [ 75%] Building CXX object CMakeFiles/layers.dir/src/layers/intensity_voxel_layer.cpp.o
[36.890s] [100%] Linking CXX shared library liblayers.so
[38.113s] [100%] Built target layers
[38.135s] Invoked command in '/home/rmsentry/ros_ws/build/pb_nav2_plugins' returned '0': CMAKE_PREFIX_PATH=/opt/ros/humble /usr/local/bin/cmake --build /home/rmsentry/ros_ws/build/pb_nav2_plugins -- -j12 -l12
[38.136s] Invoking command in '/home/rmsentry/ros_ws/build/pb_nav2_plugins': CMAKE_PREFIX_PATH=/opt/ros/humble /usr/local/bin/cmake --install /home/rmsentry/ros_ws/build/pb_nav2_plugins
[38.153s] -- Install configuration: ""
[38.154s] -- Execute custom install script
[38.155s] -- Symlinking: /home/rmsentry/ros_ws/install/pb_nav2_plugins/share/pb_nav2_plugins//behavior_plugin.xml
[38.167s] -- Symlinking: /home/rmsentry/ros_ws/install/pb_nav2_plugins/share/pb_nav2_plugins//costmap_plugins.xml
[38.176s] -- Symlinking: /home/rmsentry/ros_ws/install/pb_nav2_plugins/include/pb_nav2_plugins/pb_nav2_plugins/behaviors/back_up_free_space.hpp
[38.186s] -- Symlinking: /home/rmsentry/ros_ws/install/pb_nav2_plugins/include/pb_nav2_plugins/pb_nav2_plugins/layers/intensity_voxel_layer.hpp
[38.189s] -- Symlinking: /home/rmsentry/ros_ws/install/pb_nav2_plugins/share/pb_nav2_plugins/environment/library_path.sh
[38.196s] -- Symlinking: /home/rmsentry/ros_ws/install/pb_nav2_plugins/share/pb_nav2_plugins/environment/library_path.dsv
[38.204s] -- Symlinking: /home/rmsentry/ros_ws/install/pb_nav2_plugins/lib/libpb_back_up_frees_space_behavior.so
[38.211s] -- Symlinking: /home/rmsentry/ros_ws/install/pb_nav2_plugins/lib/liblayers.so
[38.219s] -- Symlinking: /home/rmsentry/ros_ws/install/pb_nav2_plugins/share/ament_index/resource_index/package_run_dependencies/pb_nav2_plugins
[38.227s] -- Symlinking: /home/rmsentry/ros_ws/install/pb_nav2_plugins/share/ament_index/resource_index/parent_prefix_path/pb_nav2_plugins
[38.234s] -- Symlinking: /home/rmsentry/ros_ws/install/pb_nav2_plugins/share/pb_nav2_plugins/environment/ament_prefix_path.sh
[38.242s] -- Symlinking: /home/rmsentry/ros_ws/install/pb_nav2_plugins/share/pb_nav2_plugins/environment/ament_prefix_path.dsv
[38.252s] -- Symlinking: /home/rmsentry/ros_ws/install/pb_nav2_plugins/share/pb_nav2_plugins/environment/path.sh
[38.257s] -- Symlinking: /home/rmsentry/ros_ws/install/pb_nav2_plugins/share/pb_nav2_plugins/environment/path.dsv
[38.265s] -- Symlinking: /home/rmsentry/ros_ws/install/pb_nav2_plugins/share/pb_nav2_plugins/local_setup.bash
[38.273s] -- Symlinking: /home/rmsentry/ros_ws/install/pb_nav2_plugins/share/pb_nav2_plugins/local_setup.sh
[38.282s] -- Symlinking: /home/rmsentry/ros_ws/install/pb_nav2_plugins/share/pb_nav2_plugins/local_setup.zsh
[38.291s] -- Symlinking: /home/rmsentry/ros_ws/install/pb_nav2_plugins/share/pb_nav2_plugins/local_setup.dsv
[38.296s] -- Symlinking: /home/rmsentry/ros_ws/install/pb_nav2_plugins/share/pb_nav2_plugins/package.dsv
[38.304s] -- Symlinking: /home/rmsentry/ros_ws/install/pb_nav2_plugins/share/ament_index/resource_index/packages/pb_nav2_plugins
[38.311s] -- Symlinking: /home/rmsentry/ros_ws/install/pb_nav2_plugins/share/ament_index/resource_index/nav2_core__pluginlib__plugin/pb_nav2_plugins
[38.321s] -- Symlinking: /home/rmsentry/ros_ws/install/pb_nav2_plugins/share/ament_index/resource_index/nav2_costmap_2d__pluginlib__plugin/pb_nav2_plugins
[38.326s] -- Symlinking: /home/rmsentry/ros_ws/install/pb_nav2_plugins/share/pb_nav2_plugins/cmake/ament_cmake_export_dependencies-extras.cmake
[38.334s] -- Symlinking: /home/rmsentry/ros_ws/install/pb_nav2_plugins/share/pb_nav2_plugins/cmake/ament_cmake_export_include_directories-extras.cmake
[38.341s] -- Symlinking: /home/rmsentry/ros_ws/install/pb_nav2_plugins/share/pb_nav2_plugins/cmake/ament_cmake_export_libraries-extras.cmake
[38.352s] -- Symlinking: /home/rmsentry/ros_ws/install/pb_nav2_plugins/share/pb_nav2_plugins/cmake/pb_nav2_pluginsConfig.cmake
[38.357s] -- Symlinking: /home/rmsentry/ros_ws/install/pb_nav2_plugins/share/pb_nav2_plugins/cmake/pb_nav2_pluginsConfig-version.cmake
[38.366s] -- Symlinking: /home/rmsentry/ros_ws/install/pb_nav2_plugins/share/pb_nav2_plugins/package.xml
[38.383s] Invoked command in '/home/rmsentry/ros_ws/build/pb_nav2_plugins' returned '0': CMAKE_PREFIX_PATH=/opt/ros/humble /usr/local/bin/cmake --install /home/rmsentry/ros_ws/build/pb_nav2_plugins
