[0.010s] Invoking command in '/home/rmsentry/ros_ws/build/rmoss_core': AMENT_PREFIX_PATH=/home/rmsentry/ros_ws/install/rmoss_cam:/home/rmsentry/ros_ws/install/rmoss_util:/home/rmsentry/ros_ws/install/rmoss_base:/home/rmsentry/ros_ws/install/rmoss_projectile_motion:/home/rmsentry/ros_ws/install/rmoss_interfaces:${AMENT_PREFIX_PATH} CMAKE_PREFIX_PATH=/home/rmsentry/ros_ws/install/rmoss_cam:/home/rmsentry/ros_ws/install/rmoss_util:/home/rmsentry/ros_ws/install/rmoss_base:/home/rmsentry/ros_ws/install/rmoss_projectile_motion:/home/rmsentry/ros_ws/install/rmoss_interfaces:/opt/ros/humble LD_LIBRARY_PATH=/home/rmsentry/ros_ws/install/rmoss_cam/lib:/home/rmsentry/ros_ws/install/rmoss_util/lib:/home/rmsentry/ros_ws/install/rmoss_base/lib:/home/rmsentry/ros_ws/install/rmoss_projectile_motion/lib:/home/rmsentry/ros_ws/install/rmoss_interfaces/lib:/opt/MVS/lib/64:/opt/MVS/lib/32:/usr/local/lib:/opt/MVS/lib/64:/opt/MVS/lib/32:/opt/MVS/lib/64:/opt/MVS/lib/32:/usr/local/lib:/opt/ros/humble/opt/rviz_ogre_vendor/lib:/opt/ros/humble/lib/x86_64-linux-gnu:/opt/ros/humble/lib:/opt/MVS/lib/64:/opt/MVS/lib/32:/opt/MVS/lib/64:/opt/MVS/lib/32:/opt/MVS/lib/64:/opt/MVS/lib/32 PYTHONPATH=/home/rmsentry/ros_ws/install/rmoss_interfaces/local/lib/python3.10/dist-packages:${PYTHONPATH} /usr/local/bin/cmake /home/rmsentry/ros_ws/src/rmoss_core/rmoss_core -DAMENT_CMAKE_SYMLINK_INSTALL=1 -DCMAKE_INSTALL_PREFIX=/home/rmsentry/ros_ws/install/rmoss_core
[0.045s] -- The C compiler identification is GNU 11.4.0
[0.087s] -- The CXX compiler identification is GNU 11.4.0
[0.095s] -- Detecting C compiler ABI info
[0.138s] -- Detecting C compiler ABI info - done
[0.149s] -- Check for working C compiler: /usr/bin/cc - skipped
[0.149s] -- Detecting C compile features
[0.150s] -- Detecting C compile features - done
[0.153s] -- Detecting CXX compiler ABI info
[0.208s] -- Detecting CXX compiler ABI info - done
[0.220s] -- Check for working CXX compiler: /usr/bin/c++ - skipped
[0.220s] -- Detecting CXX compile features
[0.220s] -- Detecting CXX compile features - done
[0.222s] -- Found ament_cmake: 1.3.12 (/opt/ros/humble/share/ament_cmake/cmake)
[0.330s] -- Found Python3: /usr/bin/python3 (found version "3.10.12") found components: Interpreter
[0.379s] -- Override CMake install command with custom implementation using symlinks instead of copying resources
[0.400s] -- Found ament_lint_auto: 0.12.14 (/opt/ros/humble/share/ament_lint_auto/cmake)
[0.452s] -- Configuring done (0.4s)
[0.454s] -- Generating done (0.0s)
[0.456s] -- Build files have been written to: /home/rmsentry/ros_ws/build/rmoss_core
[0.459s] Invoked command in '/home/rmsentry/ros_ws/build/rmoss_core' returned '0': AMENT_PREFIX_PATH=/home/rmsentry/ros_ws/install/rmoss_cam:/home/rmsentry/ros_ws/install/rmoss_util:/home/rmsentry/ros_ws/install/rmoss_base:/home/rmsentry/ros_ws/install/rmoss_projectile_motion:/home/rmsentry/ros_ws/install/rmoss_interfaces:${AMENT_PREFIX_PATH} CMAKE_PREFIX_PATH=/home/rmsentry/ros_ws/install/rmoss_cam:/home/rmsentry/ros_ws/install/rmoss_util:/home/rmsentry/ros_ws/install/rmoss_base:/home/rmsentry/ros_ws/install/rmoss_projectile_motion:/home/rmsentry/ros_ws/install/rmoss_interfaces:/opt/ros/humble LD_LIBRARY_PATH=/home/rmsentry/ros_ws/install/rmoss_cam/lib:/home/rmsentry/ros_ws/install/rmoss_util/lib:/home/rmsentry/ros_ws/install/rmoss_base/lib:/home/rmsentry/ros_ws/install/rmoss_projectile_motion/lib:/home/rmsentry/ros_ws/install/rmoss_interfaces/lib:/opt/MVS/lib/64:/opt/MVS/lib/32:/usr/local/lib:/opt/MVS/lib/64:/opt/MVS/lib/32:/opt/MVS/lib/64:/opt/MVS/lib/32:/usr/local/lib:/opt/ros/humble/opt/rviz_ogre_vendor/lib:/opt/ros/humble/lib/x86_64-linux-gnu:/opt/ros/humble/lib:/opt/MVS/lib/64:/opt/MVS/lib/32:/opt/MVS/lib/64:/opt/MVS/lib/32:/opt/MVS/lib/64:/opt/MVS/lib/32 PYTHONPATH=/home/rmsentry/ros_ws/install/rmoss_interfaces/local/lib/python3.10/dist-packages:${PYTHONPATH} /usr/local/bin/cmake /home/rmsentry/ros_ws/src/rmoss_core/rmoss_core -DAMENT_CMAKE_SYMLINK_INSTALL=1 -DCMAKE_INSTALL_PREFIX=/home/rmsentry/ros_ws/install/rmoss_core
[0.460s] Invoking command in '/home/rmsentry/ros_ws/build/rmoss_core': AMENT_PREFIX_PATH=/home/rmsentry/ros_ws/install/rmoss_cam:/home/rmsentry/ros_ws/install/rmoss_util:/home/rmsentry/ros_ws/install/rmoss_base:/home/rmsentry/ros_ws/install/rmoss_projectile_motion:/home/rmsentry/ros_ws/install/rmoss_interfaces:${AMENT_PREFIX_PATH} CMAKE_PREFIX_PATH=/home/rmsentry/ros_ws/install/rmoss_cam:/home/rmsentry/ros_ws/install/rmoss_util:/home/rmsentry/ros_ws/install/rmoss_base:/home/rmsentry/ros_ws/install/rmoss_projectile_motion:/home/rmsentry/ros_ws/install/rmoss_interfaces:/opt/ros/humble LD_LIBRARY_PATH=/home/rmsentry/ros_ws/install/rmoss_cam/lib:/home/rmsentry/ros_ws/install/rmoss_util/lib:/home/rmsentry/ros_ws/install/rmoss_base/lib:/home/rmsentry/ros_ws/install/rmoss_projectile_motion/lib:/home/rmsentry/ros_ws/install/rmoss_interfaces/lib:/opt/MVS/lib/64:/opt/MVS/lib/32:/usr/local/lib:/opt/MVS/lib/64:/opt/MVS/lib/32:/opt/MVS/lib/64:/opt/MVS/lib/32:/usr/local/lib:/opt/ros/humble/opt/rviz_ogre_vendor/lib:/opt/ros/humble/lib/x86_64-linux-gnu:/opt/ros/humble/lib:/opt/MVS/lib/64:/opt/MVS/lib/32:/opt/MVS/lib/64:/opt/MVS/lib/32:/opt/MVS/lib/64:/opt/MVS/lib/32 PYTHONPATH=/home/rmsentry/ros_ws/install/rmoss_interfaces/local/lib/python3.10/dist-packages:${PYTHONPATH} /usr/local/bin/cmake --build /home/rmsentry/ros_ws/build/rmoss_core -- -j12 -l12
[0.475s] Invoked command in '/home/rmsentry/ros_ws/build/rmoss_core' returned '0': AMENT_PREFIX_PATH=/home/rmsentry/ros_ws/install/rmoss_cam:/home/rmsentry/ros_ws/install/rmoss_util:/home/rmsentry/ros_ws/install/rmoss_base:/home/rmsentry/ros_ws/install/rmoss_projectile_motion:/home/rmsentry/ros_ws/install/rmoss_interfaces:${AMENT_PREFIX_PATH} CMAKE_PREFIX_PATH=/home/rmsentry/ros_ws/install/rmoss_cam:/home/rmsentry/ros_ws/install/rmoss_util:/home/rmsentry/ros_ws/install/rmoss_base:/home/rmsentry/ros_ws/install/rmoss_projectile_motion:/home/rmsentry/ros_ws/install/rmoss_interfaces:/opt/ros/humble LD_LIBRARY_PATH=/home/rmsentry/ros_ws/install/rmoss_cam/lib:/home/rmsentry/ros_ws/install/rmoss_util/lib:/home/rmsentry/ros_ws/install/rmoss_base/lib:/home/rmsentry/ros_ws/install/rmoss_projectile_motion/lib:/home/rmsentry/ros_ws/install/rmoss_interfaces/lib:/opt/MVS/lib/64:/opt/MVS/lib/32:/usr/local/lib:/opt/MVS/lib/64:/opt/MVS/lib/32:/opt/MVS/lib/64:/opt/MVS/lib/32:/usr/local/lib:/opt/ros/humble/opt/rviz_ogre_vendor/lib:/opt/ros/humble/lib/x86_64-linux-gnu:/opt/ros/humble/lib:/opt/MVS/lib/64:/opt/MVS/lib/32:/opt/MVS/lib/64:/opt/MVS/lib/32:/opt/MVS/lib/64:/opt/MVS/lib/32 PYTHONPATH=/home/rmsentry/ros_ws/install/rmoss_interfaces/local/lib/python3.10/dist-packages:${PYTHONPATH} /usr/local/bin/cmake --build /home/rmsentry/ros_ws/build/rmoss_core -- -j12 -l12
[0.475s] Invoking command in '/home/rmsentry/ros_ws/build/rmoss_core': AMENT_PREFIX_PATH=/home/rmsentry/ros_ws/install/rmoss_cam:/home/rmsentry/ros_ws/install/rmoss_util:/home/rmsentry/ros_ws/install/rmoss_base:/home/rmsentry/ros_ws/install/rmoss_projectile_motion:/home/rmsentry/ros_ws/install/rmoss_interfaces:${AMENT_PREFIX_PATH} CMAKE_PREFIX_PATH=/home/rmsentry/ros_ws/install/rmoss_cam:/home/rmsentry/ros_ws/install/rmoss_util:/home/rmsentry/ros_ws/install/rmoss_base:/home/rmsentry/ros_ws/install/rmoss_projectile_motion:/home/rmsentry/ros_ws/install/rmoss_interfaces:/opt/ros/humble LD_LIBRARY_PATH=/home/rmsentry/ros_ws/install/rmoss_cam/lib:/home/rmsentry/ros_ws/install/rmoss_util/lib:/home/rmsentry/ros_ws/install/rmoss_base/lib:/home/rmsentry/ros_ws/install/rmoss_projectile_motion/lib:/home/rmsentry/ros_ws/install/rmoss_interfaces/lib:/opt/MVS/lib/64:/opt/MVS/lib/32:/usr/local/lib:/opt/MVS/lib/64:/opt/MVS/lib/32:/opt/MVS/lib/64:/opt/MVS/lib/32:/usr/local/lib:/opt/ros/humble/opt/rviz_ogre_vendor/lib:/opt/ros/humble/lib/x86_64-linux-gnu:/opt/ros/humble/lib:/opt/MVS/lib/64:/opt/MVS/lib/32:/opt/MVS/lib/64:/opt/MVS/lib/32:/opt/MVS/lib/64:/opt/MVS/lib/32 PYTHONPATH=/home/rmsentry/ros_ws/install/rmoss_interfaces/local/lib/python3.10/dist-packages:${PYTHONPATH} /usr/local/bin/cmake --install /home/rmsentry/ros_ws/build/rmoss_core
[0.479s] -- Install configuration: ""
[0.479s] -- Execute custom install script
[0.479s] -- Symlinking: /home/rmsentry/ros_ws/install/rmoss_core/share/ament_index/resource_index/package_run_dependencies/rmoss_core
[0.482s] -- Symlinking: /home/rmsentry/ros_ws/install/rmoss_core/share/ament_index/resource_index/parent_prefix_path/rmoss_core
[0.485s] -- Symlinking: /home/rmsentry/ros_ws/install/rmoss_core/share/rmoss_core/environment/ament_prefix_path.sh
[0.487s] -- Symlinking: /home/rmsentry/ros_ws/install/rmoss_core/share/rmoss_core/environment/ament_prefix_path.dsv
[0.490s] -- Symlinking: /home/rmsentry/ros_ws/install/rmoss_core/share/rmoss_core/environment/path.sh
[0.493s] -- Symlinking: /home/rmsentry/ros_ws/install/rmoss_core/share/rmoss_core/environment/path.dsv
[0.495s] -- Symlinking: /home/rmsentry/ros_ws/install/rmoss_core/share/rmoss_core/local_setup.bash
[0.498s] -- Symlinking: /home/rmsentry/ros_ws/install/rmoss_core/share/rmoss_core/local_setup.sh
[0.501s] -- Symlinking: /home/rmsentry/ros_ws/install/rmoss_core/share/rmoss_core/local_setup.zsh
[0.504s] -- Symlinking: /home/rmsentry/ros_ws/install/rmoss_core/share/rmoss_core/local_setup.dsv
[0.506s] -- Symlinking: /home/rmsentry/ros_ws/install/rmoss_core/share/rmoss_core/package.dsv
[0.509s] -- Symlinking: /home/rmsentry/ros_ws/install/rmoss_core/share/ament_index/resource_index/packages/rmoss_core
[0.511s] -- Symlinking: /home/rmsentry/ros_ws/install/rmoss_core/share/rmoss_core/cmake/rmoss_coreConfig.cmake
[0.514s] -- Symlinking: /home/rmsentry/ros_ws/install/rmoss_core/share/rmoss_core/cmake/rmoss_coreConfig-version.cmake
[0.518s] -- Symlinking: /home/rmsentry/ros_ws/install/rmoss_core/share/rmoss_core/package.xml
[0.522s] Invoked command in '/home/rmsentry/ros_ws/build/rmoss_core' returned '0': AMENT_PREFIX_PATH=/home/rmsentry/ros_ws/install/rmoss_cam:/home/rmsentry/ros_ws/install/rmoss_util:/home/rmsentry/ros_ws/install/rmoss_base:/home/rmsentry/ros_ws/install/rmoss_projectile_motion:/home/rmsentry/ros_ws/install/rmoss_interfaces:${AMENT_PREFIX_PATH} CMAKE_PREFIX_PATH=/home/rmsentry/ros_ws/install/rmoss_cam:/home/rmsentry/ros_ws/install/rmoss_util:/home/rmsentry/ros_ws/install/rmoss_base:/home/rmsentry/ros_ws/install/rmoss_projectile_motion:/home/rmsentry/ros_ws/install/rmoss_interfaces:/opt/ros/humble LD_LIBRARY_PATH=/home/rmsentry/ros_ws/install/rmoss_cam/lib:/home/rmsentry/ros_ws/install/rmoss_util/lib:/home/rmsentry/ros_ws/install/rmoss_base/lib:/home/rmsentry/ros_ws/install/rmoss_projectile_motion/lib:/home/rmsentry/ros_ws/install/rmoss_interfaces/lib:/opt/MVS/lib/64:/opt/MVS/lib/32:/usr/local/lib:/opt/MVS/lib/64:/opt/MVS/lib/32:/opt/MVS/lib/64:/opt/MVS/lib/32:/usr/local/lib:/opt/ros/humble/opt/rviz_ogre_vendor/lib:/opt/ros/humble/lib/x86_64-linux-gnu:/opt/ros/humble/lib:/opt/MVS/lib/64:/opt/MVS/lib/32:/opt/MVS/lib/64:/opt/MVS/lib/32:/opt/MVS/lib/64:/opt/MVS/lib/32 PYTHONPATH=/home/rmsentry/ros_ws/install/rmoss_interfaces/local/lib/python3.10/dist-packages:${PYTHONPATH} /usr/local/bin/cmake --install /home/rmsentry/ros_ws/build/rmoss_core
