[0.069s] Invoking command in '/home/rmsentry/ros_ws/build/terrain_analysis_ext': CMAKE_PREFIX_PATH=${CMAKE_PREFIX_PATH}:/home/rmsentry/ros_ws/install/sdformat_tools:/home/rmsentry/ros_ws/install/rm_decision:/home/rmsentry/ros_ws/install/fake_msg_publisher:/opt/ros/humble /usr/local/bin/cmake --build /home/rmsentry/ros_ws/build/terrain_analysis_ext -- -j12 -l12
[0.122s] [100%] Built target terrainAnalysisExt
[0.174s] Invoked command in '/home/rmsentry/ros_ws/build/terrain_analysis_ext' returned '0': CMAKE_PREFIX_PATH=${CMAKE_PREFIX_PATH}:/home/rmsentry/ros_ws/install/sdformat_tools:/home/rmsentry/ros_ws/install/rm_decision:/home/rmsentry/ros_ws/install/fake_msg_publisher:/opt/ros/humble /usr/local/bin/cmake --build /home/rmsentry/ros_ws/build/terrain_analysis_ext -- -j12 -l12
[0.174s] Invoking command in '/home/rmsentry/ros_ws/build/terrain_analysis_ext': CMAKE_PREFIX_PATH=${CMAKE_PREFIX_PATH}:/home/rmsentry/ros_ws/install/sdformat_tools:/home/rmsentry/ros_ws/install/rm_decision:/home/rmsentry/ros_ws/install/fake_msg_publisher:/opt/ros/humble /usr/local/bin/cmake --install /home/rmsentry/ros_ws/build/terrain_analysis_ext
[0.201s] -- Install configuration: ""
[0.201s] -- Execute custom install script
[0.201s] -- Up-to-date symlink: /home/rmsentry/ros_ws/install/terrain_analysis_ext/lib/terrain_analysis_ext/terrainAnalysisExt
[0.201s] -- Up-to-date symlink: /home/rmsentry/ros_ws/install/terrain_analysis_ext/share/terrain_analysis_ext/launch/terrain_analysis_ext.launch
[0.202s] -- Up-to-date symlink: /home/rmsentry/ros_ws/install/terrain_analysis_ext/share/ament_index/resource_index/package_run_dependencies/terrain_analysis_ext
[0.202s] -- Up-to-date symlink: /home/rmsentry/ros_ws/install/terrain_analysis_ext/share/ament_index/resource_index/parent_prefix_path/terrain_analysis_ext
[0.202s] -- Up-to-date symlink: /home/rmsentry/ros_ws/install/terrain_analysis_ext/share/terrain_analysis_ext/environment/ament_prefix_path.sh
[0.202s] -- Up-to-date symlink: /home/rmsentry/ros_ws/install/terrain_analysis_ext/share/terrain_analysis_ext/environment/ament_prefix_path.dsv
[0.202s] -- Up-to-date symlink: /home/rmsentry/ros_ws/install/terrain_analysis_ext/share/terrain_analysis_ext/environment/path.sh
[0.202s] -- Up-to-date symlink: /home/rmsentry/ros_ws/install/terrain_analysis_ext/share/terrain_analysis_ext/environment/path.dsv
[0.202s] -- Up-to-date symlink: /home/rmsentry/ros_ws/install/terrain_analysis_ext/share/terrain_analysis_ext/local_setup.bash
[0.202s] -- Up-to-date symlink: /home/rmsentry/ros_ws/install/terrain_analysis_ext/share/terrain_analysis_ext/local_setup.sh
[0.202s] -- Up-to-date symlink: /home/rmsentry/ros_ws/install/terrain_analysis_ext/share/terrain_analysis_ext/local_setup.zsh
[0.202s] -- Up-to-date symlink: /home/rmsentry/ros_ws/install/terrain_analysis_ext/share/terrain_analysis_ext/local_setup.dsv
[0.202s] -- Symlinking: /home/rmsentry/ros_ws/install/terrain_analysis_ext/share/terrain_analysis_ext/package.dsv
[0.202s] -- Up-to-date symlink: /home/rmsentry/ros_ws/install/terrain_analysis_ext/share/ament_index/resource_index/packages/terrain_analysis_ext
[0.202s] -- Up-to-date symlink: /home/rmsentry/ros_ws/install/terrain_analysis_ext/share/terrain_analysis_ext/cmake/terrain_analysis_extConfig.cmake
[0.202s] -- Up-to-date symlink: /home/rmsentry/ros_ws/install/terrain_analysis_ext/share/terrain_analysis_ext/cmake/terrain_analysis_extConfig-version.cmake
[0.202s] -- Up-to-date symlink: /home/rmsentry/ros_ws/install/terrain_analysis_ext/share/terrain_analysis_ext/package.xml
[0.256s] Invoked command in '/home/rmsentry/ros_ws/build/terrain_analysis_ext' returned '0': CMAKE_PREFIX_PATH=${CMAKE_PREFIX_PATH}:/home/rmsentry/ros_ws/install/sdformat_tools:/home/rmsentry/ros_ws/install/rm_decision:/home/rmsentry/ros_ws/install/fake_msg_publisher:/opt/ros/humble /usr/local/bin/cmake --install /home/rmsentry/ros_ws/build/terrain_analysis_ext
