-- The C compiler identification is GNU 11.4.0
-- The CXX compiler identification is GNU 11.4.0
-- Detecting C compiler ABI info
-- Detecting C compiler ABI info - done
-- Check for working C compiler: /usr/bin/cc - skipped
-- Detecting C compile features
-- Detecting C compile features - done
-- Detecting CXX compiler ABI info
-- Detecting CXX compiler ABI info - done
-- Check for working CXX compiler: /usr/bin/c++ - skipped
-- Detecting CXX compile features
-- Detecting CXX compile features - done
-- Found ament_cmake_auto: 1.3.12 (/opt/ros/humble/share/ament_cmake_auto/cmake)
-- Found Python3: /usr/bin/python3 (found version "3.10.12") found components: Interpreter
-- Override CMake install command with custom implementation using symlinks instead of copying resources
-- Found OpenMP_C: -fopenmp (found version "4.5")
-- Found OpenMP_CXX: -fopenmp (found version "4.5")
-- Found OpenMP: TRUE (found version "4.5")
-- Found rosidl_generator_c: 3.1.7 (/opt/ros/humble/share/rosidl_generator_c/cmake)
-- Found rosidl_adapter: 3.1.7 (/opt/ros/humble/share/rosidl_adapter/cmake)
-- Found rosidl_generator_cpp: 3.1.7 (/opt/ros/humble/share/rosidl_generator_cpp/cmake)
-- Using all available rosidl_typesupport_c: rosidl_typesupport_fastrtps_c;rosidl_typesupport_introspection_c
-- Using all available rosidl_typesupport_cpp: rosidl_typesupport_fastrtps_cpp;rosidl_typesupport_introspection_cpp
-- Found rmw_implementation_cmake: 6.1.2 (/opt/ros/humble/share/rmw_implementation_cmake/cmake)
-- Found rmw_fastrtps_cpp: 6.2.8 (/opt/ros/humble/share/rmw_fastrtps_cpp/cmake)
-- Found OpenSSL: /usr/lib/x86_64-linux-gnu/libcrypto.so (found version "3.0.2")
-- Found FastRTPS: /opt/ros/humble/include
-- Using RMW implementation 'rmw_fastrtps_cpp' as default
-- Performing Test CMAKE_HAVE_LIBC_PTHREAD
-- Performing Test CMAKE_HAVE_LIBC_PTHREAD - Success
-- Found Threads: TRUE
[33mCMake Warning (dev) at /usr/lib/x86_64-linux-gnu/cmake/pcl/PCLConfig.cmake:146 (find_package):
  Policy CMP0144 is not set: find_package uses upper-case <PACKAGENAME>_ROOT
  variables.  Run "cmake --help-policy CMP0144" for policy details.  Use the
  cmake_policy command to set the policy and suppress this warning.

  CMake variable EIGEN_ROOT is set to:

    /usr/include/eigen3

  For compatibility, find_package is ignoring the variable, but code in a
  .cmake module might still use it.
Call Stack (most recent call first):
  /usr/lib/x86_64-linux-gnu/cmake/pcl/PCLConfig.cmake:299 (find_eigen)
  /usr/lib/x86_64-linux-gnu/cmake/pcl/PCLConfig.cmake:543 (find_external_library)
  /opt/ros/humble/share/pcl_conversions/cmake/ament_cmake_export_dependencies-extras.cmake:21 (find_package)
  /opt/ros/humble/share/pcl_conversions/cmake/pcl_conversionsConfig.cmake:41 (include)
  /opt/ros/humble/share/ament_cmake_auto/cmake/ament_auto_find_build_dependencies.cmake:67 (find_package)
  CMakeLists.txt:21 (ament_auto_find_build_dependencies)
This warning is for project developers.  Use -Wno-dev to suppress it.
[0m
-- Checking for module 'eigen3'
--   Found eigen3, version 3.4.0
-- Found Eigen: /usr/include/eigen3 (Required is at least version "3.1")
-- Eigen found (include: /usr/include/eigen3, version: 3.4.0)
[33mCMake Warning (dev) at /usr/lib/x86_64-linux-gnu/cmake/pcl/Modules/FindFLANN.cmake:44 (find_package):
  Policy CMP0144 is not set: find_package uses upper-case <PACKAGENAME>_ROOT
  variables.  Run "cmake --help-policy CMP0144" for policy details.  Use the
  cmake_policy command to set the policy and suppress this warning.

  CMake variable FLANN_ROOT is set to:

    /usr

  For compatibility, find_package is ignoring the variable, but code in a
  .cmake module might still use it.
Call Stack (most recent call first):
  /usr/lib/x86_64-linux-gnu/cmake/pcl/PCLConfig.cmake:256 (find_package)
  /usr/lib/x86_64-linux-gnu/cmake/pcl/PCLConfig.cmake:301 (find_flann)
  /usr/lib/x86_64-linux-gnu/cmake/pcl/PCLConfig.cmake:543 (find_external_library)
  /opt/ros/humble/share/pcl_conversions/cmake/ament_cmake_export_dependencies-extras.cmake:21 (find_package)
  /opt/ros/humble/share/pcl_conversions/cmake/pcl_conversionsConfig.cmake:41 (include)
  /opt/ros/humble/share/ament_cmake_auto/cmake/ament_auto_find_build_dependencies.cmake:67 (find_package)
  CMakeLists.txt:21 (ament_auto_find_build_dependencies)
This warning is for project developers.  Use -Wno-dev to suppress it.
[0m
-- Checking for module 'flann'
--   Found flann, version 1.9.1
-- Found FLANN: /usr/lib/x86_64-linux-gnu/libflann_cpp.so
-- FLANN found (include: /usr/include, lib: /usr/lib/x86_64-linux-gnu/libflann_cpp.so)
-- Checking for module 'libusb-1.0'
--   Found libusb-1.0, version 1.0.26
-- Found libusb: /usr/local/lib/libusb-1.0.so
-- OpenNI found (version: 1.5.4.0, include: /usr/include/ni, lib: /usr/lib/libOpenNI.so;libusb::libusb)
-- OpenNI2 found (version: 2.2.0.33, include: /usr/include/openni2, lib: /usr/lib/x86_64-linux-gnu/libOpenNI2.so;libusb::libusb)
-- Eigen found (include: /usr/include/eigen3, version: 3.4.0)
-- OpenNI found (version: 1.5.4.0, include: /usr/include/ni, lib: /usr/lib/libOpenNI.so;libusb::libusb)
-- OpenNI2 found (version: 2.2.0.33, include: /usr/include/openni2, lib: /usr/lib/x86_64-linux-gnu/libOpenNI2.so;libusb::libusb)
-- Found Qhull version 8.0.2
-- OpenNI found (version: 1.5.4.0, include: /usr/include/ni, lib: /usr/lib/libOpenNI.so;libusb::libusb)
-- Found PCL_COMMON: /usr/lib/x86_64-linux-gnu/libpcl_common.so
-- Found PCL_KDTREE: /usr/lib/x86_64-linux-gnu/libpcl_kdtree.so
-- Found PCL_OCTREE: /usr/lib/x86_64-linux-gnu/libpcl_octree.so
-- Found PCL_SEARCH: /usr/lib/x86_64-linux-gnu/libpcl_search.so
-- Found PCL_SAMPLE_CONSENSUS: /usr/lib/x86_64-linux-gnu/libpcl_sample_consensus.so
-- Found PCL_FILTERS: /usr/lib/x86_64-linux-gnu/libpcl_filters.so
-- Found PCL_2D: /usr/include/pcl-1.12
-- Found PCL_GEOMETRY: /usr/include/pcl-1.12
-- Found PCL_IO: /usr/lib/x86_64-linux-gnu/libpcl_io.so
-- Found PCL_FEATURES: /usr/lib/x86_64-linux-gnu/libpcl_features.so
-- Found PCL_ML: /usr/lib/x86_64-linux-gnu/libpcl_ml.so
-- Found PCL_SEGMENTATION: /usr/lib/x86_64-linux-gnu/libpcl_segmentation.so
-- Found PCL_VISUALIZATION: /usr/lib/x86_64-linux-gnu/libpcl_visualization.so
-- Found PCL_SURFACE: /usr/lib/x86_64-linux-gnu/libpcl_surface.so
-- Found PCL_REGISTRATION: /usr/lib/x86_64-linux-gnu/libpcl_registration.so
-- Found PCL_KEYPOINTS: /usr/lib/x86_64-linux-gnu/libpcl_keypoints.so
-- Found PCL_TRACKING: /usr/lib/x86_64-linux-gnu/libpcl_tracking.so
-- Found PCL_RECOGNITION: /usr/lib/x86_64-linux-gnu/libpcl_recognition.so
-- Found PCL_STEREO: /usr/lib/x86_64-linux-gnu/libpcl_stereo.so
-- Found PCL_APPS: /usr/lib/x86_64-linux-gnu/libpcl_apps.so
-- Found PCL_IN_HAND_SCANNER: /usr/include/pcl-1.12
-- Found PCL_MODELER: /usr/include/pcl-1.12
-- Found PCL_POINT_CLOUD_EDITOR: /usr/include/pcl-1.12
-- Found PCL_OUTOFCORE: /usr/lib/x86_64-linux-gnu/libpcl_outofcore.so
-- Found PCL_PEOPLE: /usr/lib/x86_64-linux-gnu/libpcl_people.so
-- Found OpenMP_C: -fopenmp (found version "4.5")
-- Found OpenMP_CXX: -fopenmp (found version "4.5")
-- Found ament_lint_auto: 0.12.14 (/opt/ros/humble/share/ament_lint_auto/cmake)
-- Added test 'clang_format' to check C / C++ code style
-- Added test 'clang_tidy' to check C / C++ code style
-- Added test 'black' to check Python code style
-- Added test 'xmllint' to check XML markup files
-- Added test 'copyright' to check source files copyright and LICENSE
-- Configuring done (11.6s)
-- Generating done (0.0s)
-- Build files have been written to: /home/rmsentry/ros_ws/build/small_gicp_relocalization
[ 14%] [32mBuilding CXX object _deps/small_gicp-build/CMakeFiles/small_gicp.dir/src/small_gicp/registration/registration.cpp.o[0m
[ 28%] [32mBuilding CXX object _deps/small_gicp-build/CMakeFiles/small_gicp.dir/src/small_gicp/registration/registration_helper.cpp.o[0m
[ 42%] [32mBuilding CXX object CMakeFiles/small_gicp_relocalization_node.dir/rclcpp_components/node_main_small_gicp_relocalization_node.cpp.o[0m
[ 57%] [32m[1mLinking CXX executable small_gicp_relocalization_node[0m
[ 57%] Built target small_gicp_relocalization_node
[ 71%] [32m[1mLinking CXX shared library libsmall_gicp.so[0m
[ 71%] Built target small_gicp
[ 85%] [32mBuilding CXX object CMakeFiles/small_gicp_relocalization.dir/src/small_gicp_relocalization.cpp.o[0m
[100%] [32m[1mLinking CXX shared library libsmall_gicp_relocalization.so[0m
[100%] Built target small_gicp_relocalization
-- Install configuration: "Release"
-- Execute custom install script
-- Symlinking: /home/rmsentry/ros_ws/install/small_gicp_relocalization/include/small_gicp/ann/flat_container.hpp
-- Symlinking: /home/rmsentry/ros_ws/install/small_gicp_relocalization/include/small_gicp/ann/gaussian_voxelmap.hpp
-- Symlinking: /home/rmsentry/ros_ws/install/small_gicp_relocalization/include/small_gicp/ann/incremental_voxelmap.hpp
-- Symlinking: /home/rmsentry/ros_ws/install/small_gicp_relocalization/include/small_gicp/ann/kdtree.hpp
-- Symlinking: /home/rmsentry/ros_ws/install/small_gicp_relocalization/include/small_gicp/ann/kdtree_omp.hpp
-- Symlinking: /home/rmsentry/ros_ws/install/small_gicp_relocalization/include/small_gicp/ann/kdtree_tbb.hpp
-- Symlinking: /home/rmsentry/ros_ws/install/small_gicp_relocalization/include/small_gicp/ann/knn_result.hpp
-- Symlinking: /home/rmsentry/ros_ws/install/small_gicp_relocalization/include/small_gicp/ann/projection.hpp
-- Symlinking: /home/rmsentry/ros_ws/install/small_gicp_relocalization/include/small_gicp/ann/projective_search.hpp
-- Symlinking: /home/rmsentry/ros_ws/install/small_gicp_relocalization/include/small_gicp/ann/sequential_voxelmap_accessor.hpp
-- Symlinking: /home/rmsentry/ros_ws/install/small_gicp_relocalization/include/small_gicp/ann/traits.hpp
-- Symlinking: /home/rmsentry/ros_ws/install/small_gicp_relocalization/include/small_gicp/benchmark/benchmark.hpp
-- Symlinking: /home/rmsentry/ros_ws/install/small_gicp_relocalization/include/small_gicp/benchmark/benchmark_odom.hpp
-- Symlinking: /home/rmsentry/ros_ws/install/small_gicp_relocalization/include/small_gicp/benchmark/read_points.hpp
-- Symlinking: /home/rmsentry/ros_ws/install/small_gicp_relocalization/include/small_gicp/factors/general_factor.hpp
-- Symlinking: /home/rmsentry/ros_ws/install/small_gicp_relocalization/include/small_gicp/factors/gicp_factor.hpp
-- Symlinking: /home/rmsentry/ros_ws/install/small_gicp_relocalization/include/small_gicp/factors/icp_factor.hpp
-- Symlinking: /home/rmsentry/ros_ws/install/small_gicp_relocalization/include/small_gicp/factors/plane_icp_factor.hpp
-- Symlinking: /home/rmsentry/ros_ws/install/small_gicp_relocalization/include/small_gicp/factors/robust_kernel.hpp
-- Symlinking: /home/rmsentry/ros_ws/install/small_gicp_relocalization/include/small_gicp/pcl/pcl_point.hpp
-- Symlinking: /home/rmsentry/ros_ws/install/small_gicp_relocalization/include/small_gicp/pcl/pcl_point_traits.hpp
-- Symlinking: /home/rmsentry/ros_ws/install/small_gicp_relocalization/include/small_gicp/pcl/pcl_proxy.hpp
-- Symlinking: /home/rmsentry/ros_ws/install/small_gicp_relocalization/include/small_gicp/pcl/pcl_registration.hpp
-- Symlinking: /home/rmsentry/ros_ws/install/small_gicp_relocalization/include/small_gicp/pcl/pcl_registration_impl.hpp
-- Symlinking: /home/rmsentry/ros_ws/install/small_gicp_relocalization/include/small_gicp/points/eigen.hpp
-- Symlinking: /home/rmsentry/ros_ws/install/small_gicp_relocalization/include/small_gicp/points/point_cloud.hpp
-- Symlinking: /home/rmsentry/ros_ws/install/small_gicp_relocalization/include/small_gicp/points/traits.hpp
-- Symlinking: /home/rmsentry/ros_ws/install/small_gicp_relocalization/include/small_gicp/registration/optimizer.hpp
-- Symlinking: /home/rmsentry/ros_ws/install/small_gicp_relocalization/include/small_gicp/registration/reduction.hpp
-- Symlinking: /home/rmsentry/ros_ws/install/small_gicp_relocalization/include/small_gicp/registration/reduction_omp.hpp
-- Symlinking: /home/rmsentry/ros_ws/install/small_gicp_relocalization/include/small_gicp/registration/reduction_tbb.hpp
-- Symlinking: /home/rmsentry/ros_ws/install/small_gicp_relocalization/include/small_gicp/registration/registration.hpp
-- Symlinking: /home/rmsentry/ros_ws/install/small_gicp_relocalization/include/small_gicp/registration/registration_helper.hpp
-- Symlinking: /home/rmsentry/ros_ws/install/small_gicp_relocalization/include/small_gicp/registration/registration_result.hpp
-- Symlinking: /home/rmsentry/ros_ws/install/small_gicp_relocalization/include/small_gicp/registration/rejector.hpp
-- Symlinking: /home/rmsentry/ros_ws/install/small_gicp_relocalization/include/small_gicp/registration/termination_criteria.hpp
-- Symlinking: /home/rmsentry/ros_ws/install/small_gicp_relocalization/include/small_gicp/util/downsampling.hpp
-- Symlinking: /home/rmsentry/ros_ws/install/small_gicp_relocalization/include/small_gicp/util/downsampling_omp.hpp
-- Symlinking: /home/rmsentry/ros_ws/install/small_gicp_relocalization/include/small_gicp/util/downsampling_tbb.hpp
-- Symlinking: /home/rmsentry/ros_ws/install/small_gicp_relocalization/include/small_gicp/util/fast_floor.hpp
-- Symlinking: /home/rmsentry/ros_ws/install/small_gicp_relocalization/include/small_gicp/util/lie.hpp
-- Symlinking: /home/rmsentry/ros_ws/install/small_gicp_relocalization/include/small_gicp/util/normal_estimation.hpp
-- Symlinking: /home/rmsentry/ros_ws/install/small_gicp_relocalization/include/small_gicp/util/normal_estimation_omp.hpp
-- Symlinking: /home/rmsentry/ros_ws/install/small_gicp_relocalization/include/small_gicp/util/normal_estimation_tbb.hpp
-- Symlinking: /home/rmsentry/ros_ws/install/small_gicp_relocalization/include/small_gicp/util/sort_omp.hpp
-- Symlinking: /home/rmsentry/ros_ws/install/small_gicp_relocalization/include/small_gicp/util/sort_tbb.hpp
-- Symlinking: /home/rmsentry/ros_ws/install/small_gicp_relocalization/include/small_gicp/util/vector3i_hash.hpp
-- Symlinking: /home/rmsentry/ros_ws/install/small_gicp_relocalization/lib/cmake/small_gicp/small_gicp-config.cmake
-- Symlinking: /home/rmsentry/ros_ws/install/small_gicp_relocalization/lib/cmake/small_gicp/small_gicp-config-version.cmake
-- Symlinking: /home/rmsentry/ros_ws/install/small_gicp_relocalization/lib/small_gicp_relocalization/small_gicp_relocalization_node
-- Symlinking: /home/rmsentry/ros_ws/install/small_gicp_relocalization/include/small_gicp_relocalization/small_gicp_relocalization/small_gicp_relocalization.hpp
-- Symlinking: /home/rmsentry/ros_ws/install/small_gicp_relocalization/share/small_gicp_relocalization/environment/library_path.sh
-- Symlinking: /home/rmsentry/ros_ws/install/small_gicp_relocalization/share/small_gicp_relocalization/environment/library_path.dsv
-- Symlinking: /home/rmsentry/ros_ws/install/small_gicp_relocalization/lib/libsmall_gicp_relocalization.so
-- Symlinking: /home/rmsentry/ros_ws/install/small_gicp_relocalization/share/small_gicp_relocalization/launch/small_gicp_relocalization_launch.py
-- Symlinking: /home/rmsentry/ros_ws/install/small_gicp_relocalization/share/ament_index/resource_index/package_run_dependencies/small_gicp_relocalization
-- Symlinking: /home/rmsentry/ros_ws/install/small_gicp_relocalization/share/ament_index/resource_index/parent_prefix_path/small_gicp_relocalization
-- Symlinking: /home/rmsentry/ros_ws/install/small_gicp_relocalization/share/small_gicp_relocalization/environment/ament_prefix_path.sh
-- Symlinking: /home/rmsentry/ros_ws/install/small_gicp_relocalization/share/small_gicp_relocalization/environment/ament_prefix_path.dsv
-- Symlinking: /home/rmsentry/ros_ws/install/small_gicp_relocalization/share/small_gicp_relocalization/environment/path.sh
-- Symlinking: /home/rmsentry/ros_ws/install/small_gicp_relocalization/share/small_gicp_relocalization/environment/path.dsv
-- Symlinking: /home/rmsentry/ros_ws/install/small_gicp_relocalization/share/small_gicp_relocalization/local_setup.bash
-- Symlinking: /home/rmsentry/ros_ws/install/small_gicp_relocalization/share/small_gicp_relocalization/local_setup.sh
-- Symlinking: /home/rmsentry/ros_ws/install/small_gicp_relocalization/share/small_gicp_relocalization/local_setup.zsh
-- Symlinking: /home/rmsentry/ros_ws/install/small_gicp_relocalization/share/small_gicp_relocalization/local_setup.dsv
-- Symlinking: /home/rmsentry/ros_ws/install/small_gicp_relocalization/share/small_gicp_relocalization/package.dsv
-- Symlinking: /home/rmsentry/ros_ws/install/small_gicp_relocalization/share/ament_index/resource_index/packages/small_gicp_relocalization
-- Symlinking: /home/rmsentry/ros_ws/install/small_gicp_relocalization/share/ament_index/resource_index/rclcpp_components/small_gicp_relocalization
-- Symlinking: /home/rmsentry/ros_ws/install/small_gicp_relocalization/share/small_gicp_relocalization/cmake/ament_cmake_export_dependencies-extras.cmake
-- Symlinking: /home/rmsentry/ros_ws/install/small_gicp_relocalization/share/small_gicp_relocalization/cmake/ament_cmake_export_include_directories-extras.cmake
-- Symlinking: /home/rmsentry/ros_ws/install/small_gicp_relocalization/share/small_gicp_relocalization/cmake/ament_cmake_export_libraries-extras.cmake
-- Symlinking: /home/rmsentry/ros_ws/install/small_gicp_relocalization/share/small_gicp_relocalization/cmake/small_gicp_relocalizationConfig.cmake
-- Symlinking: /home/rmsentry/ros_ws/install/small_gicp_relocalization/share/small_gicp_relocalization/cmake/small_gicp_relocalizationConfig-version.cmake
-- Symlinking: /home/rmsentry/ros_ws/install/small_gicp_relocalization/share/small_gicp_relocalization/package.xml
-- Installing: /home/rmsentry/ros_ws/install/small_gicp_relocalization/lib/libsmall_gicp.so
-- Installing: /home/rmsentry/ros_ws/install/small_gicp_relocalization/lib/cmake/small_gicp/small_gicp-targets.cmake
-- Installing: /home/rmsentry/ros_ws/install/small_gicp_relocalization/lib/cmake/small_gicp/small_gicp-targets-release.cmake
