[0.038s] Invoking command in '/home/rmsentry/ros_ws/build/rmoss_gz_base': AMENT_PREFIX_PATH=/home/rmsentry/ros_ws/install/rmoss_interfaces:/home/rmsentry/ros_ws/install/rmoss_gz_resources:/home/rmsentry/ros_ws/install/rmoss_gz_plugins:${AMENT_PREFIX_PATH} CMAKE_PREFIX_PATH=/home/rmsentry/ros_ws/install/rmoss_interfaces:/home/rmsentry/ros_ws/install/rmoss_gz_resources:/home/rmsentry/ros_ws/install/rmoss_gz_plugins:/opt/ros/humble LD_LIBRARY_PATH=/home/rmsentry/ros_ws/install/rmoss_interfaces/lib:/opt/MVS/lib/64:/opt/MVS/lib/32:/usr/local/lib:/opt/MVS/lib/64:/opt/MVS/lib/32:/opt/MVS/lib/64:/opt/MVS/lib/32:/usr/local/lib:/opt/ros/humble/opt/rviz_ogre_vendor/lib:/opt/ros/humble/lib/x86_64-linux-gnu:/opt/ros/humble/lib:/opt/MVS/lib/64:/opt/MVS/lib/32:/opt/MVS/lib/64:/opt/MVS/lib/32:/opt/MVS/lib/64:/opt/MVS/lib/32 PYTHONPATH=/home/rmsentry/ros_ws/install/rmoss_interfaces/local/lib/python3.10/dist-packages:${PYTHONPATH} /usr/local/bin/cmake /home/rmsentry/ros_ws/src/rmoss_gazebo/rmoss_gz_base -DAMENT_CMAKE_SYMLINK_INSTALL=1 -DCMAKE_INSTALL_PREFIX=/home/rmsentry/ros_ws/install/rmoss_gz_base
[0.178s] -- The C compiler identification is GNU 11.4.0
[0.294s] -- The CXX compiler identification is GNU 11.4.0
[0.324s] -- Detecting C compiler ABI info
[0.476s] -- Detecting C compiler ABI info - done
[0.509s] -- Check for working C compiler: /usr/bin/cc - skipped
[0.510s] -- Detecting C compile features
[0.510s] -- Detecting C compile features - done
[0.521s] -- Detecting CXX compiler ABI info
[0.696s] -- Detecting CXX compiler ABI info - done
[0.729s] -- Check for working CXX compiler: /usr/bin/c++ - skipped
[0.730s] -- Detecting CXX compile features
[0.731s] -- Detecting CXX compile features - done
[0.737s] -- Found ament_cmake: 1.3.12 (/opt/ros/humble/share/ament_cmake/cmake)
[0.901s] -- Found Python3: /usr/bin/python3 (found version "3.10.12") found components: Interpreter
[1.043s] -- Override CMake install command with custom implementation using symlinks instead of copying resources
[1.109s] -- Found ament_index_cpp: 1.4.0 (/opt/ros/humble/share/ament_index_cpp/cmake)
[1.111s] -- Found rclcpp: 16.0.16 (/opt/ros/humble/share/rclcpp/cmake)
[1.209s] -- Found rosidl_generator_c: 3.1.7 (/opt/ros/humble/share/rosidl_generator_c/cmake)
[1.223s] -- Found rosidl_adapter: 3.1.7 (/opt/ros/humble/share/rosidl_adapter/cmake)
[1.237s] -- Found rosidl_generator_cpp: 3.1.7 (/opt/ros/humble/share/rosidl_generator_cpp/cmake)
[1.273s] -- Using all available rosidl_typesupport_c: rosidl_typesupport_fastrtps_c;rosidl_typesupport_introspection_c
[1.320s] -- Using all available rosidl_typesupport_cpp: rosidl_typesupport_fastrtps_cpp;rosidl_typesupport_introspection_cpp
[1.444s] -- Found rmw_implementation_cmake: 6.1.2 (/opt/ros/humble/share/rmw_implementation_cmake/cmake)
[1.448s] -- Found rmw_fastrtps_cpp: 6.2.8 (/opt/ros/humble/share/rmw_fastrtps_cpp/cmake)
[1.664s] -- Found OpenSSL: /usr/lib/x86_64-linux-gnu/libcrypto.so (found version "3.0.2")
[1.741s] -- Found FastRTPS: /opt/ros/humble/include
[1.877s] -- Using RMW implementation 'rmw_fastrtps_cpp' as default
[1.892s] -- Performing Test CMAKE_HAVE_LIBC_PTHREAD
[2.028s] -- Performing Test CMAKE_HAVE_LIBC_PTHREAD - Success
[2.034s] -- Found Threads: TRUE
[2.147s] -- Found rclcpp_components: 16.0.16 (/opt/ros/humble/share/rclcpp_components/cmake)
[2.217s] -- Found geometry_msgs: 4.9.0 (/opt/ros/humble/share/geometry_msgs/cmake)
[2.253s] -- Found sensor_msgs: 4.9.0 (/opt/ros/humble/share/sensor_msgs/cmake)
[2.310s] -- Found nav_msgs: 4.9.0 (/opt/ros/humble/share/nav_msgs/cmake)
[2.363s] -- Found example_interfaces: 0.9.3 (/opt/ros/humble/share/example_interfaces/cmake)
[2.461s] -- Found rmoss_interfaces: 0.9.0 (/home/rmsentry/ros_ws/install/rmoss_interfaces/share/rmoss_interfaces/cmake)
[2.553s] -- Found tf2_ros: 0.25.17 (/opt/ros/humble/share/tf2_ros/cmake)
[2.804s] -- Found ros_gz_bridge: 0.244.20 (/opt/ros/humble/share/ros_gz_bridge/cmake)
[2.951s] -- Found Protobuf: /usr/lib/x86_64-linux-gnu/libprotobuf.so (found suitable version "3.12.4", minimum required is "3")
[3.173s] -- Found Protobuf: /usr/lib/x86_64-linux-gnu/libprotobuf.so (found version "3.12.4")
[4.189s] -- Looking for ignition-transport11 -- found version 11.4.1
[4.189s] -- Looking for ignition-msgs8 -- found version 8.7.0
[4.190s] -- Compiling against Ignition Fortress
[4.222s] -- Found ament_lint_auto: 0.12.14 (/opt/ros/humble/share/ament_lint_auto/cmake)
[4.566s] -- Added test 'copyright' to check source files copyright and LICENSE
[4.570s] -- Added test 'cppcheck' to perform static code analysis on C / C++ code
[4.570s] -- Configured cppcheck include dirs: /home/rmsentry/ros_ws/src/rmoss_gazebo/rmoss_gz_base/include
[4.571s] -- Configured cppcheck exclude dirs and/or files: 
[4.575s] -- Added test 'cpplint' to check C / C++ code against the Google style
[4.576s] -- Configured cpplint exclude dirs and/or files: 
[4.576s] -- Added test 'flake8' to check Python code syntax and style conventions
[4.576s] -- Added test 'lint_cmake' to check CMake code style
[4.576s] -- Added test 'pep257' to check Python code against some of the docstring style conventions in PEP 257
[4.577s] -- Added test 'uncrustify' to check C / C++ code style
[4.577s] -- Configured uncrustify additional arguments: 
[4.578s] -- Added test 'xmllint' to check XML markup files
[4.589s] -- Configuring done (4.5s)
[4.636s] -- Generating done (0.0s)
[4.655s] -- Build files have been written to: /home/rmsentry/ros_ws/build/rmoss_gz_base
[4.679s] Invoked command in '/home/rmsentry/ros_ws/build/rmoss_gz_base' returned '0': AMENT_PREFIX_PATH=/home/rmsentry/ros_ws/install/rmoss_interfaces:/home/rmsentry/ros_ws/install/rmoss_gz_resources:/home/rmsentry/ros_ws/install/rmoss_gz_plugins:${AMENT_PREFIX_PATH} CMAKE_PREFIX_PATH=/home/rmsentry/ros_ws/install/rmoss_interfaces:/home/rmsentry/ros_ws/install/rmoss_gz_resources:/home/rmsentry/ros_ws/install/rmoss_gz_plugins:/opt/ros/humble LD_LIBRARY_PATH=/home/rmsentry/ros_ws/install/rmoss_interfaces/lib:/opt/MVS/lib/64:/opt/MVS/lib/32:/usr/local/lib:/opt/MVS/lib/64:/opt/MVS/lib/32:/opt/MVS/lib/64:/opt/MVS/lib/32:/usr/local/lib:/opt/ros/humble/opt/rviz_ogre_vendor/lib:/opt/ros/humble/lib/x86_64-linux-gnu:/opt/ros/humble/lib:/opt/MVS/lib/64:/opt/MVS/lib/32:/opt/MVS/lib/64:/opt/MVS/lib/32:/opt/MVS/lib/64:/opt/MVS/lib/32 PYTHONPATH=/home/rmsentry/ros_ws/install/rmoss_interfaces/local/lib/python3.10/dist-packages:${PYTHONPATH} /usr/local/bin/cmake /home/rmsentry/ros_ws/src/rmoss_gazebo/rmoss_gz_base -DAMENT_CMAKE_SYMLINK_INSTALL=1 -DCMAKE_INSTALL_PREFIX=/home/rmsentry/ros_ws/install/rmoss_gz_base
[4.679s] Invoking command in '/home/rmsentry/ros_ws/build/rmoss_gz_base': AMENT_PREFIX_PATH=/home/rmsentry/ros_ws/install/rmoss_interfaces:/home/rmsentry/ros_ws/install/rmoss_gz_resources:/home/rmsentry/ros_ws/install/rmoss_gz_plugins:${AMENT_PREFIX_PATH} CMAKE_PREFIX_PATH=/home/rmsentry/ros_ws/install/rmoss_interfaces:/home/rmsentry/ros_ws/install/rmoss_gz_resources:/home/rmsentry/ros_ws/install/rmoss_gz_plugins:/opt/ros/humble LD_LIBRARY_PATH=/home/rmsentry/ros_ws/install/rmoss_interfaces/lib:/opt/MVS/lib/64:/opt/MVS/lib/32:/usr/local/lib:/opt/MVS/lib/64:/opt/MVS/lib/32:/opt/MVS/lib/64:/opt/MVS/lib/32:/usr/local/lib:/opt/ros/humble/opt/rviz_ogre_vendor/lib:/opt/ros/humble/lib/x86_64-linux-gnu:/opt/ros/humble/lib:/opt/MVS/lib/64:/opt/MVS/lib/32:/opt/MVS/lib/64:/opt/MVS/lib/32:/opt/MVS/lib/64:/opt/MVS/lib/32 PYTHONPATH=/home/rmsentry/ros_ws/install/rmoss_interfaces/local/lib/python3.10/dist-packages:${PYTHONPATH} /usr/local/bin/cmake --build /home/rmsentry/ros_ws/build/rmoss_gz_base -- -j12 -l12
[4.738s] [  6%] Building CXX object CMakeFiles/rmoss_gz_base.dir/src/gz_module/gz_chassis_actuator.cpp.o
[16.408s] [ 12%] Building CXX object CMakeFiles/rmoss_gz_base.dir/src/odometry_publisher.cpp.o
[23.413s] [ 18%] Building CXX object CMakeFiles/rmoss_gz_base.dir/src/rmua19_robot_base_node.cpp.o
[46.945s] [ 25%] Building CXX object CMakeFiles/rmoss_gz_base.dir/src/shooter_controller.cpp.o
[64.076s] [ 31%] Building CXX object CMakeFiles/rmoss_gz_base.dir/src/gimbal_controller.cpp.o
[74.482s] [ 37%] Building CXX object CMakeFiles/rmoss_gz_base.dir/src/chassis_controller.cpp.o
[83.168s] [ 56%] Building CXX object CMakeFiles/rmoss_gz_base.dir/src/pid.cpp.o
[83.168s] [ 56%] Building CXX object CMakeFiles/rmoss_gz_base.dir/src/gz_module/gz_light_bar_cmd.cpp.o
[83.168s] [ 56%] Building CXX object CMakeFiles/rmoss_gz_base.dir/src/gz_module/gz_odometry.cpp.o
[83.168s] [ 62%] Building CXX object CMakeFiles/rmoss_gz_base.dir/src/gz_module/gz_gimbal_encoder.cpp.o
[86.532s] [ 68%] Building CXX object CMakeFiles/rmoss_gz_base.dir/src/gz_module/gz_gimbal_actuator.cpp.o
[86.533s] [ 75%] Building CXX object CMakeFiles/rmoss_gz_base.dir/src/gz_module/gz_gimbal_imu.cpp.o
[86.533s] [ 81%] Building CXX object CMakeFiles/rmoss_gz_base.dir/src/gz_module/gz_shoot_actuator.cpp.o
[94.189s] [ 87%] Linking CXX shared library librmoss_gz_base.so
[96.637s] [ 87%] Built target rmoss_gz_base
[96.647s] [ 93%] Building CXX object CMakeFiles/rmua19_robot_base.dir/src/rmua19_robot_base_main.cpp.o
[102.424s] [100%] Linking CXX executable rmua19_robot_base
[102.981s] [100%] Built target rmua19_robot_base
[102.985s] Invoked command in '/home/rmsentry/ros_ws/build/rmoss_gz_base' returned '0': AMENT_PREFIX_PATH=/home/rmsentry/ros_ws/install/rmoss_interfaces:/home/rmsentry/ros_ws/install/rmoss_gz_resources:/home/rmsentry/ros_ws/install/rmoss_gz_plugins:${AMENT_PREFIX_PATH} CMAKE_PREFIX_PATH=/home/rmsentry/ros_ws/install/rmoss_interfaces:/home/rmsentry/ros_ws/install/rmoss_gz_resources:/home/rmsentry/ros_ws/install/rmoss_gz_plugins:/opt/ros/humble LD_LIBRARY_PATH=/home/rmsentry/ros_ws/install/rmoss_interfaces/lib:/opt/MVS/lib/64:/opt/MVS/lib/32:/usr/local/lib:/opt/MVS/lib/64:/opt/MVS/lib/32:/opt/MVS/lib/64:/opt/MVS/lib/32:/usr/local/lib:/opt/ros/humble/opt/rviz_ogre_vendor/lib:/opt/ros/humble/lib/x86_64-linux-gnu:/opt/ros/humble/lib:/opt/MVS/lib/64:/opt/MVS/lib/32:/opt/MVS/lib/64:/opt/MVS/lib/32:/opt/MVS/lib/64:/opt/MVS/lib/32 PYTHONPATH=/home/rmsentry/ros_ws/install/rmoss_interfaces/local/lib/python3.10/dist-packages:${PYTHONPATH} /usr/local/bin/cmake --build /home/rmsentry/ros_ws/build/rmoss_gz_base -- -j12 -l12
[102.986s] Invoking command in '/home/rmsentry/ros_ws/build/rmoss_gz_base': AMENT_PREFIX_PATH=/home/rmsentry/ros_ws/install/rmoss_interfaces:/home/rmsentry/ros_ws/install/rmoss_gz_resources:/home/rmsentry/ros_ws/install/rmoss_gz_plugins:${AMENT_PREFIX_PATH} CMAKE_PREFIX_PATH=/home/rmsentry/ros_ws/install/rmoss_interfaces:/home/rmsentry/ros_ws/install/rmoss_gz_resources:/home/rmsentry/ros_ws/install/rmoss_gz_plugins:/opt/ros/humble LD_LIBRARY_PATH=/home/rmsentry/ros_ws/install/rmoss_interfaces/lib:/opt/MVS/lib/64:/opt/MVS/lib/32:/usr/local/lib:/opt/MVS/lib/64:/opt/MVS/lib/32:/opt/MVS/lib/64:/opt/MVS/lib/32:/usr/local/lib:/opt/ros/humble/opt/rviz_ogre_vendor/lib:/opt/ros/humble/lib/x86_64-linux-gnu:/opt/ros/humble/lib:/opt/MVS/lib/64:/opt/MVS/lib/32:/opt/MVS/lib/64:/opt/MVS/lib/32:/opt/MVS/lib/64:/opt/MVS/lib/32 PYTHONPATH=/home/rmsentry/ros_ws/install/rmoss_interfaces/local/lib/python3.10/dist-packages:${PYTHONPATH} /usr/local/bin/cmake --install /home/rmsentry/ros_ws/build/rmoss_gz_base
[102.989s] -- Install configuration: ""
[102.989s] -- Execute custom install script
[102.990s] -- Symlinking: /home/rmsentry/ros_ws/install/rmoss_gz_base/include/rmoss_gz_base/chassis_controller.hpp
[102.992s] -- Symlinking: /home/rmsentry/ros_ws/install/rmoss_gz_base/include/rmoss_gz_base/gimbal_controller.hpp
[102.995s] -- Symlinking: /home/rmsentry/ros_ws/install/rmoss_gz_base/include/rmoss_gz_base/gz_chassis_actuator.hpp
[102.997s] -- Symlinking: /home/rmsentry/ros_ws/install/rmoss_gz_base/include/rmoss_gz_base/gz_gimbal_actuator.hpp
[102.999s] -- Symlinking: /home/rmsentry/ros_ws/install/rmoss_gz_base/include/rmoss_gz_base/gz_gimbal_encoder.hpp
[103.001s] -- Symlinking: /home/rmsentry/ros_ws/install/rmoss_gz_base/include/rmoss_gz_base/gz_gimbal_imu.hpp
[103.003s] -- Symlinking: /home/rmsentry/ros_ws/install/rmoss_gz_base/include/rmoss_gz_base/gz_light_bar_cmd.hpp
[103.006s] -- Symlinking: /home/rmsentry/ros_ws/install/rmoss_gz_base/include/rmoss_gz_base/gz_odometry.hpp
[103.009s] -- Symlinking: /home/rmsentry/ros_ws/install/rmoss_gz_base/include/rmoss_gz_base/gz_shoot_actuator.hpp
[103.011s] -- Symlinking: /home/rmsentry/ros_ws/install/rmoss_gz_base/include/rmoss_gz_base/hardware_interface.hpp
[103.013s] -- Symlinking: /home/rmsentry/ros_ws/install/rmoss_gz_base/include/rmoss_gz_base/odometry_publisher.hpp
[103.016s] -- Symlinking: /home/rmsentry/ros_ws/install/rmoss_gz_base/include/rmoss_gz_base/pid.hpp
[103.018s] -- Symlinking: /home/rmsentry/ros_ws/install/rmoss_gz_base/include/rmoss_gz_base/rmua19_robot_base_node.hpp
[103.020s] -- Symlinking: /home/rmsentry/ros_ws/install/rmoss_gz_base/include/rmoss_gz_base/shooter_controller.hpp
[103.022s] -- Symlinking: /home/rmsentry/ros_ws/install/rmoss_gz_base/lib/rmoss_gz_base/rmua19_robot_base
[103.024s] -- Symlinking: /home/rmsentry/ros_ws/install/rmoss_gz_base/lib/rmoss_gz_base/test_chassis_cmd.py
[103.026s] -- Symlinking: /home/rmsentry/ros_ws/install/rmoss_gz_base/lib/rmoss_gz_base/test_gimbal_cmd.py
[103.028s] -- Symlinking: /home/rmsentry/ros_ws/install/rmoss_gz_base/lib/rmoss_gz_base/test_gimbal_cmd2.py
[103.031s] -- Symlinking: /home/rmsentry/ros_ws/install/rmoss_gz_base/lib/rmoss_gz_base/test_shoot_cmd.py
[103.034s] -- Symlinking: /home/rmsentry/ros_ws/install/rmoss_gz_base/share/rmoss_gz_base/environment/library_path.sh
[103.036s] -- Symlinking: /home/rmsentry/ros_ws/install/rmoss_gz_base/share/rmoss_gz_base/environment/library_path.dsv
[103.038s] -- Symlinking: /home/rmsentry/ros_ws/install/rmoss_gz_base/share/ament_index/resource_index/package_run_dependencies/rmoss_gz_base
[103.041s] -- Symlinking: /home/rmsentry/ros_ws/install/rmoss_gz_base/share/ament_index/resource_index/parent_prefix_path/rmoss_gz_base
[103.043s] -- Symlinking: /home/rmsentry/ros_ws/install/rmoss_gz_base/share/rmoss_gz_base/environment/ament_prefix_path.sh
[103.046s] -- Symlinking: /home/rmsentry/ros_ws/install/rmoss_gz_base/share/rmoss_gz_base/environment/ament_prefix_path.dsv
[103.049s] -- Symlinking: /home/rmsentry/ros_ws/install/rmoss_gz_base/share/rmoss_gz_base/environment/path.sh
[103.051s] -- Symlinking: /home/rmsentry/ros_ws/install/rmoss_gz_base/share/rmoss_gz_base/environment/path.dsv
[103.054s] -- Symlinking: /home/rmsentry/ros_ws/install/rmoss_gz_base/share/rmoss_gz_base/local_setup.bash
[103.056s] -- Symlinking: /home/rmsentry/ros_ws/install/rmoss_gz_base/share/rmoss_gz_base/local_setup.sh
[103.059s] -- Symlinking: /home/rmsentry/ros_ws/install/rmoss_gz_base/share/rmoss_gz_base/local_setup.zsh
[103.061s] -- Symlinking: /home/rmsentry/ros_ws/install/rmoss_gz_base/share/rmoss_gz_base/local_setup.dsv
[103.063s] -- Symlinking: /home/rmsentry/ros_ws/install/rmoss_gz_base/share/rmoss_gz_base/package.dsv
[103.066s] -- Symlinking: /home/rmsentry/ros_ws/install/rmoss_gz_base/share/ament_index/resource_index/packages/rmoss_gz_base
[103.068s] -- Symlinking: /home/rmsentry/ros_ws/install/rmoss_gz_base/share/ament_index/resource_index/rclcpp_components/rmoss_gz_base
[103.070s] -- Symlinking: /home/rmsentry/ros_ws/install/rmoss_gz_base/share/rmoss_gz_base/cmake/ament_cmake_export_targets-extras.cmake
[103.073s] -- Symlinking: /home/rmsentry/ros_ws/install/rmoss_gz_base/share/rmoss_gz_base/cmake/ament_cmake_export_dependencies-extras.cmake
[103.076s] -- Symlinking: /home/rmsentry/ros_ws/install/rmoss_gz_base/share/rmoss_gz_base/cmake/rmoss_gz_baseConfig.cmake
[103.078s] -- Symlinking: /home/rmsentry/ros_ws/install/rmoss_gz_base/share/rmoss_gz_base/cmake/rmoss_gz_baseConfig-version.cmake
[103.080s] -- Symlinking: /home/rmsentry/ros_ws/install/rmoss_gz_base/share/rmoss_gz_base/package.xml
[103.083s] -- Installing: /home/rmsentry/ros_ws/install/rmoss_gz_base/lib/librmoss_gz_base.so
[103.102s] -- Set non-toolchain portion of runtime path of "/home/rmsentry/ros_ws/install/rmoss_gz_base/lib/librmoss_gz_base.so" to ""
[103.102s] -- Installing: /home/rmsentry/ros_ws/install/rmoss_gz_base/share/rmoss_gz_base/cmake/rmoss_gz_baseExport.cmake
[103.102s] -- Installing: /home/rmsentry/ros_ws/install/rmoss_gz_base/share/rmoss_gz_base/cmake/rmoss_gz_baseExport-noconfig.cmake
[103.103s] Invoked command in '/home/rmsentry/ros_ws/build/rmoss_gz_base' returned '0': AMENT_PREFIX_PATH=/home/rmsentry/ros_ws/install/rmoss_interfaces:/home/rmsentry/ros_ws/install/rmoss_gz_resources:/home/rmsentry/ros_ws/install/rmoss_gz_plugins:${AMENT_PREFIX_PATH} CMAKE_PREFIX_PATH=/home/rmsentry/ros_ws/install/rmoss_interfaces:/home/rmsentry/ros_ws/install/rmoss_gz_resources:/home/rmsentry/ros_ws/install/rmoss_gz_plugins:/opt/ros/humble LD_LIBRARY_PATH=/home/rmsentry/ros_ws/install/rmoss_interfaces/lib:/opt/MVS/lib/64:/opt/MVS/lib/32:/usr/local/lib:/opt/MVS/lib/64:/opt/MVS/lib/32:/opt/MVS/lib/64:/opt/MVS/lib/32:/usr/local/lib:/opt/ros/humble/opt/rviz_ogre_vendor/lib:/opt/ros/humble/lib/x86_64-linux-gnu:/opt/ros/humble/lib:/opt/MVS/lib/64:/opt/MVS/lib/32:/opt/MVS/lib/64:/opt/MVS/lib/32:/opt/MVS/lib/64:/opt/MVS/lib/32 PYTHONPATH=/home/rmsentry/ros_ws/install/rmoss_interfaces/local/lib/python3.10/dist-packages:${PYTHONPATH} /usr/local/bin/cmake --install /home/rmsentry/ros_ws/build/rmoss_gz_base
