[0.015s] Invoking command in '/home/rmsentry/ros_ws/build/rmu_gazebo_simulator': AMENT_PREFIX_PATH=/home/rmsentry/ros_ws/install/rmoss_core:/home/rmsentry/ros_ws/install/rmoss_cam:/home/rmsentry/ros_ws/install/rmoss_util:/home/rmsentry/ros_ws/install/rmoss_gz_cam:/home/rmsentry/ros_ws/install/rmoss_gz_bridge:/home/rmsentry/ros_ws/install/rmoss_gz_base:/home/rmsentry/ros_ws/install/rmoss_base:/home/rmsentry/ros_ws/install/pb2025_robot_description:/home/rmsentry/ros_ws/install/sdformat_tools:/home/rmsentry/ros_ws/install/rmoss_projectile_motion:/home/rmsentry/ros_ws/install/rmoss_interfaces:/home/rmsentry/ros_ws/install/rmoss_gz_resources:/home/rmsentry/ros_ws/install/rmoss_gz_plugins:${AMENT_PREFIX_PATH} CMAKE_PREFIX_PATH=/home/rmsentry/ros_ws/install/rmoss_core:/home/rmsentry/ros_ws/install/rmoss_cam:/home/rmsentry/ros_ws/install/rmoss_util:/home/rmsentry/ros_ws/install/rmoss_gz_cam:/home/rmsentry/ros_ws/install/rmoss_gz_bridge:/home/rmsentry/ros_ws/install/rmoss_gz_base:/home/rmsentry/ros_ws/install/rmoss_base:/home/rmsentry/ros_ws/install/pb2025_robot_description:/home/rmsentry/ros_ws/install/rmoss_projectile_motion:/home/rmsentry/ros_ws/install/rmoss_interfaces:/home/rmsentry/ros_ws/install/rmoss_gz_resources:/home/rmsentry/ros_ws/install/rmoss_gz_plugins:/opt/ros/humble LD_LIBRARY_PATH=/home/rmsentry/ros_ws/install/rmoss_cam/lib:/home/rmsentry/ros_ws/install/rmoss_util/lib:/home/rmsentry/ros_ws/install/rmoss_gz_cam/lib:/home/rmsentry/ros_ws/install/rmoss_gz_base/lib:/home/rmsentry/ros_ws/install/rmoss_base/lib:/home/rmsentry/ros_ws/install/rmoss_projectile_motion/lib:/home/rmsentry/ros_ws/install/rmoss_interfaces/lib:/opt/MVS/lib/64:/opt/MVS/lib/32:/usr/local/lib:/opt/MVS/lib/64:/opt/MVS/lib/32:/opt/MVS/lib/64:/opt/MVS/lib/32:/usr/local/lib:/opt/ros/humble/opt/rviz_ogre_vendor/lib:/opt/ros/humble/lib/x86_64-linux-gnu:/opt/ros/humble/lib:/opt/MVS/lib/64:/opt/MVS/lib/32:/opt/MVS/lib/64:/opt/MVS/lib/32:/opt/MVS/lib/64:/opt/MVS/lib/32 PATH=/home/rmsentry/ros_ws/install/sdformat_tools/bin:${PATH} PYTHONPATH=/home/rmsentry/ros_ws/build/sdformat_tools:/home/rmsentry/ros_ws/install/sdformat_tools/lib/python3.10/site-packages:/home/rmsentry/ros_ws/install/rmoss_interfaces/local/lib/python3.10/dist-packages:${PYTHONPATH} /usr/local/bin/cmake /home/rmsentry/ros_ws/src/rmu_gazebo_simulator/rmu_gazebo_simulator -DAMENT_CMAKE_SYMLINK_INSTALL=1 -DCMAKE_INSTALL_PREFIX=/home/rmsentry/ros_ws/install/rmu_gazebo_simulator
[0.046s] -- The C compiler identification is GNU 11.4.0
[0.084s] -- The CXX compiler identification is GNU 11.4.0
[0.091s] -- Detecting C compiler ABI info
[0.131s] -- Detecting C compiler ABI info - done
[0.142s] -- Check for working C compiler: /usr/bin/cc - skipped
[0.142s] -- Detecting C compile features
[0.142s] -- Detecting C compile features - done
[0.145s] -- Detecting CXX compiler ABI info
[0.194s] -- Detecting CXX compiler ABI info - done
[0.205s] -- Check for working CXX compiler: /usr/bin/c++ - skipped
[0.205s] -- Detecting CXX compile features
[0.205s] -- Detecting CXX compile features - done
[0.207s] -- Found ament_cmake_auto: 1.3.12 (/opt/ros/humble/share/ament_cmake_auto/cmake)
[0.303s] -- Found Python3: /usr/bin/python3 (found version "3.10.12") found components: Interpreter
[0.347s] -- Override CMake install command with custom implementation using symlinks instead of copying resources
[0.371s] -- Found ament_lint_auto: 0.12.14 (/opt/ros/humble/share/ament_lint_auto/cmake)
[0.423s] -- Added test 'black' to check Python code style
[0.424s] -- Added test 'xmllint' to check XML markup files
[0.424s] -- Added test 'copyright' to check source files copyright and LICENSE
[0.426s] -- Configuring done (0.4s)
[0.427s] -- Generating done (0.0s)
[0.428s] -- Build files have been written to: /home/rmsentry/ros_ws/build/rmu_gazebo_simulator
[0.431s] Invoked command in '/home/rmsentry/ros_ws/build/rmu_gazebo_simulator' returned '0': AMENT_PREFIX_PATH=/home/rmsentry/ros_ws/install/rmoss_core:/home/rmsentry/ros_ws/install/rmoss_cam:/home/rmsentry/ros_ws/install/rmoss_util:/home/rmsentry/ros_ws/install/rmoss_gz_cam:/home/rmsentry/ros_ws/install/rmoss_gz_bridge:/home/rmsentry/ros_ws/install/rmoss_gz_base:/home/rmsentry/ros_ws/install/rmoss_base:/home/rmsentry/ros_ws/install/pb2025_robot_description:/home/rmsentry/ros_ws/install/sdformat_tools:/home/rmsentry/ros_ws/install/rmoss_projectile_motion:/home/rmsentry/ros_ws/install/rmoss_interfaces:/home/rmsentry/ros_ws/install/rmoss_gz_resources:/home/rmsentry/ros_ws/install/rmoss_gz_plugins:${AMENT_PREFIX_PATH} CMAKE_PREFIX_PATH=/home/rmsentry/ros_ws/install/rmoss_core:/home/rmsentry/ros_ws/install/rmoss_cam:/home/rmsentry/ros_ws/install/rmoss_util:/home/rmsentry/ros_ws/install/rmoss_gz_cam:/home/rmsentry/ros_ws/install/rmoss_gz_bridge:/home/rmsentry/ros_ws/install/rmoss_gz_base:/home/rmsentry/ros_ws/install/rmoss_base:/home/rmsentry/ros_ws/install/pb2025_robot_description:/home/rmsentry/ros_ws/install/rmoss_projectile_motion:/home/rmsentry/ros_ws/install/rmoss_interfaces:/home/rmsentry/ros_ws/install/rmoss_gz_resources:/home/rmsentry/ros_ws/install/rmoss_gz_plugins:/opt/ros/humble LD_LIBRARY_PATH=/home/rmsentry/ros_ws/install/rmoss_cam/lib:/home/rmsentry/ros_ws/install/rmoss_util/lib:/home/rmsentry/ros_ws/install/rmoss_gz_cam/lib:/home/rmsentry/ros_ws/install/rmoss_gz_base/lib:/home/rmsentry/ros_ws/install/rmoss_base/lib:/home/rmsentry/ros_ws/install/rmoss_projectile_motion/lib:/home/rmsentry/ros_ws/install/rmoss_interfaces/lib:/opt/MVS/lib/64:/opt/MVS/lib/32:/usr/local/lib:/opt/MVS/lib/64:/opt/MVS/lib/32:/opt/MVS/lib/64:/opt/MVS/lib/32:/usr/local/lib:/opt/ros/humble/opt/rviz_ogre_vendor/lib:/opt/ros/humble/lib/x86_64-linux-gnu:/opt/ros/humble/lib:/opt/MVS/lib/64:/opt/MVS/lib/32:/opt/MVS/lib/64:/opt/MVS/lib/32:/opt/MVS/lib/64:/opt/MVS/lib/32 PATH=/home/rmsentry/ros_ws/install/sdformat_tools/bin:${PATH} PYTHONPATH=/home/rmsentry/ros_ws/build/sdformat_tools:/home/rmsentry/ros_ws/install/sdformat_tools/lib/python3.10/site-packages:/home/rmsentry/ros_ws/install/rmoss_interfaces/local/lib/python3.10/dist-packages:${PYTHONPATH} /usr/local/bin/cmake /home/rmsentry/ros_ws/src/rmu_gazebo_simulator/rmu_gazebo_simulator -DAMENT_CMAKE_SYMLINK_INSTALL=1 -DCMAKE_INSTALL_PREFIX=/home/rmsentry/ros_ws/install/rmu_gazebo_simulator
[0.432s] Invoking command in '/home/rmsentry/ros_ws/build/rmu_gazebo_simulator': AMENT_PREFIX_PATH=/home/rmsentry/ros_ws/install/rmoss_core:/home/rmsentry/ros_ws/install/rmoss_cam:/home/rmsentry/ros_ws/install/rmoss_util:/home/rmsentry/ros_ws/install/rmoss_gz_cam:/home/rmsentry/ros_ws/install/rmoss_gz_bridge:/home/rmsentry/ros_ws/install/rmoss_gz_base:/home/rmsentry/ros_ws/install/rmoss_base:/home/rmsentry/ros_ws/install/pb2025_robot_description:/home/rmsentry/ros_ws/install/sdformat_tools:/home/rmsentry/ros_ws/install/rmoss_projectile_motion:/home/rmsentry/ros_ws/install/rmoss_interfaces:/home/rmsentry/ros_ws/install/rmoss_gz_resources:/home/rmsentry/ros_ws/install/rmoss_gz_plugins:${AMENT_PREFIX_PATH} CMAKE_PREFIX_PATH=/home/rmsentry/ros_ws/install/rmoss_core:/home/rmsentry/ros_ws/install/rmoss_cam:/home/rmsentry/ros_ws/install/rmoss_util:/home/rmsentry/ros_ws/install/rmoss_gz_cam:/home/rmsentry/ros_ws/install/rmoss_gz_bridge:/home/rmsentry/ros_ws/install/rmoss_gz_base:/home/rmsentry/ros_ws/install/rmoss_base:/home/rmsentry/ros_ws/install/pb2025_robot_description:/home/rmsentry/ros_ws/install/rmoss_projectile_motion:/home/rmsentry/ros_ws/install/rmoss_interfaces:/home/rmsentry/ros_ws/install/rmoss_gz_resources:/home/rmsentry/ros_ws/install/rmoss_gz_plugins:/opt/ros/humble LD_LIBRARY_PATH=/home/rmsentry/ros_ws/install/rmoss_cam/lib:/home/rmsentry/ros_ws/install/rmoss_util/lib:/home/rmsentry/ros_ws/install/rmoss_gz_cam/lib:/home/rmsentry/ros_ws/install/rmoss_gz_base/lib:/home/rmsentry/ros_ws/install/rmoss_base/lib:/home/rmsentry/ros_ws/install/rmoss_projectile_motion/lib:/home/rmsentry/ros_ws/install/rmoss_interfaces/lib:/opt/MVS/lib/64:/opt/MVS/lib/32:/usr/local/lib:/opt/MVS/lib/64:/opt/MVS/lib/32:/opt/MVS/lib/64:/opt/MVS/lib/32:/usr/local/lib:/opt/ros/humble/opt/rviz_ogre_vendor/lib:/opt/ros/humble/lib/x86_64-linux-gnu:/opt/ros/humble/lib:/opt/MVS/lib/64:/opt/MVS/lib/32:/opt/MVS/lib/64:/opt/MVS/lib/32:/opt/MVS/lib/64:/opt/MVS/lib/32 PATH=/home/rmsentry/ros_ws/install/sdformat_tools/bin:${PATH} PYTHONPATH=/home/rmsentry/ros_ws/build/sdformat_tools:/home/rmsentry/ros_ws/install/sdformat_tools/lib/python3.10/site-packages:/home/rmsentry/ros_ws/install/rmoss_interfaces/local/lib/python3.10/dist-packages:${PYTHONPATH} /usr/local/bin/cmake --build /home/rmsentry/ros_ws/build/rmu_gazebo_simulator -- -j12 -l12
[0.444s] Invoked command in '/home/rmsentry/ros_ws/build/rmu_gazebo_simulator' returned '0': AMENT_PREFIX_PATH=/home/rmsentry/ros_ws/install/rmoss_core:/home/rmsentry/ros_ws/install/rmoss_cam:/home/rmsentry/ros_ws/install/rmoss_util:/home/rmsentry/ros_ws/install/rmoss_gz_cam:/home/rmsentry/ros_ws/install/rmoss_gz_bridge:/home/rmsentry/ros_ws/install/rmoss_gz_base:/home/rmsentry/ros_ws/install/rmoss_base:/home/rmsentry/ros_ws/install/pb2025_robot_description:/home/rmsentry/ros_ws/install/sdformat_tools:/home/rmsentry/ros_ws/install/rmoss_projectile_motion:/home/rmsentry/ros_ws/install/rmoss_interfaces:/home/rmsentry/ros_ws/install/rmoss_gz_resources:/home/rmsentry/ros_ws/install/rmoss_gz_plugins:${AMENT_PREFIX_PATH} CMAKE_PREFIX_PATH=/home/rmsentry/ros_ws/install/rmoss_core:/home/rmsentry/ros_ws/install/rmoss_cam:/home/rmsentry/ros_ws/install/rmoss_util:/home/rmsentry/ros_ws/install/rmoss_gz_cam:/home/rmsentry/ros_ws/install/rmoss_gz_bridge:/home/rmsentry/ros_ws/install/rmoss_gz_base:/home/rmsentry/ros_ws/install/rmoss_base:/home/rmsentry/ros_ws/install/pb2025_robot_description:/home/rmsentry/ros_ws/install/rmoss_projectile_motion:/home/rmsentry/ros_ws/install/rmoss_interfaces:/home/rmsentry/ros_ws/install/rmoss_gz_resources:/home/rmsentry/ros_ws/install/rmoss_gz_plugins:/opt/ros/humble LD_LIBRARY_PATH=/home/rmsentry/ros_ws/install/rmoss_cam/lib:/home/rmsentry/ros_ws/install/rmoss_util/lib:/home/rmsentry/ros_ws/install/rmoss_gz_cam/lib:/home/rmsentry/ros_ws/install/rmoss_gz_base/lib:/home/rmsentry/ros_ws/install/rmoss_base/lib:/home/rmsentry/ros_ws/install/rmoss_projectile_motion/lib:/home/rmsentry/ros_ws/install/rmoss_interfaces/lib:/opt/MVS/lib/64:/opt/MVS/lib/32:/usr/local/lib:/opt/MVS/lib/64:/opt/MVS/lib/32:/opt/MVS/lib/64:/opt/MVS/lib/32:/usr/local/lib:/opt/ros/humble/opt/rviz_ogre_vendor/lib:/opt/ros/humble/lib/x86_64-linux-gnu:/opt/ros/humble/lib:/opt/MVS/lib/64:/opt/MVS/lib/32:/opt/MVS/lib/64:/opt/MVS/lib/32:/opt/MVS/lib/64:/opt/MVS/lib/32 PATH=/home/rmsentry/ros_ws/install/sdformat_tools/bin:${PATH} PYTHONPATH=/home/rmsentry/ros_ws/build/sdformat_tools:/home/rmsentry/ros_ws/install/sdformat_tools/lib/python3.10/site-packages:/home/rmsentry/ros_ws/install/rmoss_interfaces/local/lib/python3.10/dist-packages:${PYTHONPATH} /usr/local/bin/cmake --build /home/rmsentry/ros_ws/build/rmu_gazebo_simulator -- -j12 -l12
[0.445s] Invoking command in '/home/rmsentry/ros_ws/build/rmu_gazebo_simulator': AMENT_PREFIX_PATH=/home/rmsentry/ros_ws/install/rmoss_core:/home/rmsentry/ros_ws/install/rmoss_cam:/home/rmsentry/ros_ws/install/rmoss_util:/home/rmsentry/ros_ws/install/rmoss_gz_cam:/home/rmsentry/ros_ws/install/rmoss_gz_bridge:/home/rmsentry/ros_ws/install/rmoss_gz_base:/home/rmsentry/ros_ws/install/rmoss_base:/home/rmsentry/ros_ws/install/pb2025_robot_description:/home/rmsentry/ros_ws/install/sdformat_tools:/home/rmsentry/ros_ws/install/rmoss_projectile_motion:/home/rmsentry/ros_ws/install/rmoss_interfaces:/home/rmsentry/ros_ws/install/rmoss_gz_resources:/home/rmsentry/ros_ws/install/rmoss_gz_plugins:${AMENT_PREFIX_PATH} CMAKE_PREFIX_PATH=/home/rmsentry/ros_ws/install/rmoss_core:/home/rmsentry/ros_ws/install/rmoss_cam:/home/rmsentry/ros_ws/install/rmoss_util:/home/rmsentry/ros_ws/install/rmoss_gz_cam:/home/rmsentry/ros_ws/install/rmoss_gz_bridge:/home/rmsentry/ros_ws/install/rmoss_gz_base:/home/rmsentry/ros_ws/install/rmoss_base:/home/rmsentry/ros_ws/install/pb2025_robot_description:/home/rmsentry/ros_ws/install/rmoss_projectile_motion:/home/rmsentry/ros_ws/install/rmoss_interfaces:/home/rmsentry/ros_ws/install/rmoss_gz_resources:/home/rmsentry/ros_ws/install/rmoss_gz_plugins:/opt/ros/humble LD_LIBRARY_PATH=/home/rmsentry/ros_ws/install/rmoss_cam/lib:/home/rmsentry/ros_ws/install/rmoss_util/lib:/home/rmsentry/ros_ws/install/rmoss_gz_cam/lib:/home/rmsentry/ros_ws/install/rmoss_gz_base/lib:/home/rmsentry/ros_ws/install/rmoss_base/lib:/home/rmsentry/ros_ws/install/rmoss_projectile_motion/lib:/home/rmsentry/ros_ws/install/rmoss_interfaces/lib:/opt/MVS/lib/64:/opt/MVS/lib/32:/usr/local/lib:/opt/MVS/lib/64:/opt/MVS/lib/32:/opt/MVS/lib/64:/opt/MVS/lib/32:/usr/local/lib:/opt/ros/humble/opt/rviz_ogre_vendor/lib:/opt/ros/humble/lib/x86_64-linux-gnu:/opt/ros/humble/lib:/opt/MVS/lib/64:/opt/MVS/lib/32:/opt/MVS/lib/64:/opt/MVS/lib/32:/opt/MVS/lib/64:/opt/MVS/lib/32 PATH=/home/rmsentry/ros_ws/install/sdformat_tools/bin:${PATH} PYTHONPATH=/home/rmsentry/ros_ws/build/sdformat_tools:/home/rmsentry/ros_ws/install/sdformat_tools/lib/python3.10/site-packages:/home/rmsentry/ros_ws/install/rmoss_interfaces/local/lib/python3.10/dist-packages:${PYTHONPATH} /usr/local/bin/cmake --install /home/rmsentry/ros_ws/build/rmu_gazebo_simulator
[0.447s] -- Install configuration: ""
[0.447s] -- Execute custom install script
[0.448s] -- Symlinking: /home/rmsentry/ros_ws/install/rmu_gazebo_simulator/share/rmu_gazebo_simulator/environment/gazebo.dsv
[0.450s] -- Symlinking: /home/rmsentry/ros_ws/install/rmu_gazebo_simulator/lib/rmu_gazebo_simulator/simple_competition_1v1.py
[0.454s] -- Symlinking: /home/rmsentry/ros_ws/install/rmu_gazebo_simulator/share/rmu_gazebo_simulator/resource/ign/gui.config
[0.457s] -- Symlinking: /home/rmsentry/ros_ws/install/rmu_gazebo_simulator/share/rmu_gazebo_simulator/resource/models/rmuc_2024/meshes/rmuc_2024.stl
[0.460s] -- Symlinking: /home/rmsentry/ros_ws/install/rmu_gazebo_simulator/share/rmu_gazebo_simulator/resource/models/rmuc_2024/model.config
[0.463s] -- Symlinking: /home/rmsentry/ros_ws/install/rmu_gazebo_simulator/share/rmu_gazebo_simulator/resource/models/rmuc_2024/model.sdf
[0.465s] -- Symlinking: /home/rmsentry/ros_ws/install/rmu_gazebo_simulator/share/rmu_gazebo_simulator/resource/models/rmuc_2025/meshes/rmuc_2025.stl
[0.468s] -- Symlinking: /home/rmsentry/ros_ws/install/rmu_gazebo_simulator/share/rmu_gazebo_simulator/resource/models/rmuc_2025/model.config
[0.470s] -- Symlinking: /home/rmsentry/ros_ws/install/rmu_gazebo_simulator/share/rmu_gazebo_simulator/resource/models/rmuc_2025/model.sdf
[0.473s] -- Symlinking: /home/rmsentry/ros_ws/install/rmu_gazebo_simulator/share/rmu_gazebo_simulator/resource/models/rmul_2024/meshes/rmul_2024.stl
[0.475s] -- Symlinking: /home/rmsentry/ros_ws/install/rmu_gazebo_simulator/share/rmu_gazebo_simulator/resource/models/rmul_2024/model.config
[0.477s] -- Symlinking: /home/rmsentry/ros_ws/install/rmu_gazebo_simulator/share/rmu_gazebo_simulator/resource/models/rmul_2024/model.sdf
[0.479s] -- Symlinking: /home/rmsentry/ros_ws/install/rmu_gazebo_simulator/share/rmu_gazebo_simulator/resource/models/rmul_2025/meshes/rmul_2025.dae
[0.481s] -- Symlinking: /home/rmsentry/ros_ws/install/rmu_gazebo_simulator/share/rmu_gazebo_simulator/resource/models/rmul_2025/meshes/rmul_2025.jpg
[0.484s] -- Symlinking: /home/rmsentry/ros_ws/install/rmu_gazebo_simulator/share/rmu_gazebo_simulator/resource/models/rmul_2025/model.config
[0.486s] -- Symlinking: /home/rmsentry/ros_ws/install/rmu_gazebo_simulator/share/rmu_gazebo_simulator/resource/models/rmul_2025/model.sdf
[0.488s] -- Symlinking: /home/rmsentry/ros_ws/install/rmu_gazebo_simulator/share/rmu_gazebo_simulator/resource/models/rmul_2026/meshes/RMUL2026.stp
[0.490s] -- Symlinking: /home/rmsentry/ros_ws/install/rmu_gazebo_simulator/share/rmu_gazebo_simulator/resource/models/rmul_2026/meshes/rmul_2026.dae
[0.493s] -- Symlinking: /home/rmsentry/ros_ws/install/rmu_gazebo_simulator/share/rmu_gazebo_simulator/resource/models/rmul_2026/meshes/rmul_2026.stl
[0.496s] -- Symlinking: /home/rmsentry/ros_ws/install/rmu_gazebo_simulator/share/rmu_gazebo_simulator/resource/models/rmul_2026/model.config
[0.499s] -- Symlinking: /home/rmsentry/ros_ws/install/rmu_gazebo_simulator/share/rmu_gazebo_simulator/resource/models/rmul_2026/model.sdf
[0.501s] -- Symlinking: /home/rmsentry/ros_ws/install/rmu_gazebo_simulator/share/rmu_gazebo_simulator/resource/worlds/empty_world.sdf
[0.504s] -- Symlinking: /home/rmsentry/ros_ws/install/rmu_gazebo_simulator/share/rmu_gazebo_simulator/resource/worlds/rmuc_2024_world.sdf
[0.506s] -- Symlinking: /home/rmsentry/ros_ws/install/rmu_gazebo_simulator/share/rmu_gazebo_simulator/resource/worlds/rmuc_2025_world.sdf
[0.508s] -- Symlinking: /home/rmsentry/ros_ws/install/rmu_gazebo_simulator/share/rmu_gazebo_simulator/resource/worlds/rmul_2024_world.sdf
[0.510s] -- Symlinking: /home/rmsentry/ros_ws/install/rmu_gazebo_simulator/share/rmu_gazebo_simulator/resource/worlds/rmul_2025_world.sdf
[0.512s] -- Symlinking: /home/rmsentry/ros_ws/install/rmu_gazebo_simulator/share/rmu_gazebo_simulator/resource/worlds/rmul_2026_world.sdf
[0.515s] -- Symlinking: /home/rmsentry/ros_ws/install/rmu_gazebo_simulator/share/rmu_gazebo_simulator/config/base_params.yaml
[0.517s] -- Symlinking: /home/rmsentry/ros_ws/install/rmu_gazebo_simulator/share/rmu_gazebo_simulator/config/gz_world.yaml
[0.519s] -- Symlinking: /home/rmsentry/ros_ws/install/rmu_gazebo_simulator/share/rmu_gazebo_simulator/config/referee_system_1v1.yaml
[0.521s] -- Symlinking: /home/rmsentry/ros_ws/install/rmu_gazebo_simulator/share/rmu_gazebo_simulator/config/ros_gz_bridge.yaml
[0.524s] -- Symlinking: /home/rmsentry/ros_ws/install/rmu_gazebo_simulator/share/rmu_gazebo_simulator/launch/bringup_sim.launch.py
[0.526s] -- Symlinking: /home/rmsentry/ros_ws/install/rmu_gazebo_simulator/share/rmu_gazebo_simulator/launch/gazebo.launch.py
[0.528s] -- Symlinking: /home/rmsentry/ros_ws/install/rmu_gazebo_simulator/share/rmu_gazebo_simulator/launch/referee_system.launch.py
[0.530s] -- Symlinking: /home/rmsentry/ros_ws/install/rmu_gazebo_simulator/share/rmu_gazebo_simulator/launch/rviz.launch.py
[0.534s] -- Symlinking: /home/rmsentry/ros_ws/install/rmu_gazebo_simulator/share/rmu_gazebo_simulator/launch/spawn_robots.launch.py
[0.537s] -- Symlinking: /home/rmsentry/ros_ws/install/rmu_gazebo_simulator/share/rmu_gazebo_simulator/rviz/visualize.rviz
[0.539s] -- Symlinking: /home/rmsentry/ros_ws/install/rmu_gazebo_simulator/share/ament_index/resource_index/package_run_dependencies/rmu_gazebo_simulator
[0.542s] -- Symlinking: /home/rmsentry/ros_ws/install/rmu_gazebo_simulator/share/ament_index/resource_index/parent_prefix_path/rmu_gazebo_simulator
[0.545s] -- Symlinking: /home/rmsentry/ros_ws/install/rmu_gazebo_simulator/share/rmu_gazebo_simulator/environment/ament_prefix_path.sh
[0.547s] -- Symlinking: /home/rmsentry/ros_ws/install/rmu_gazebo_simulator/share/rmu_gazebo_simulator/environment/ament_prefix_path.dsv
[0.550s] -- Symlinking: /home/rmsentry/ros_ws/install/rmu_gazebo_simulator/share/rmu_gazebo_simulator/environment/path.sh
[0.552s] -- Symlinking: /home/rmsentry/ros_ws/install/rmu_gazebo_simulator/share/rmu_gazebo_simulator/environment/path.dsv
[0.555s] -- Symlinking: /home/rmsentry/ros_ws/install/rmu_gazebo_simulator/share/rmu_gazebo_simulator/local_setup.bash
[0.557s] -- Symlinking: /home/rmsentry/ros_ws/install/rmu_gazebo_simulator/share/rmu_gazebo_simulator/local_setup.sh
[0.560s] -- Symlinking: /home/rmsentry/ros_ws/install/rmu_gazebo_simulator/share/rmu_gazebo_simulator/local_setup.zsh
[0.562s] -- Symlinking: /home/rmsentry/ros_ws/install/rmu_gazebo_simulator/share/rmu_gazebo_simulator/local_setup.dsv
[0.565s] -- Symlinking: /home/rmsentry/ros_ws/install/rmu_gazebo_simulator/share/rmu_gazebo_simulator/package.dsv
[0.568s] -- Symlinking: /home/rmsentry/ros_ws/install/rmu_gazebo_simulator/share/ament_index/resource_index/packages/rmu_gazebo_simulator
[0.570s] -- Symlinking: /home/rmsentry/ros_ws/install/rmu_gazebo_simulator/share/rmu_gazebo_simulator/cmake/rmu_gazebo_simulatorConfig.cmake
[0.574s] -- Symlinking: /home/rmsentry/ros_ws/install/rmu_gazebo_simulator/share/rmu_gazebo_simulator/cmake/rmu_gazebo_simulatorConfig-version.cmake
[0.577s] -- Symlinking: /home/rmsentry/ros_ws/install/rmu_gazebo_simulator/share/rmu_gazebo_simulator/package.xml
[0.581s] Invoked command in '/home/rmsentry/ros_ws/build/rmu_gazebo_simulator' returned '0': AMENT_PREFIX_PATH=/home/rmsentry/ros_ws/install/rmoss_core:/home/rmsentry/ros_ws/install/rmoss_cam:/home/rmsentry/ros_ws/install/rmoss_util:/home/rmsentry/ros_ws/install/rmoss_gz_cam:/home/rmsentry/ros_ws/install/rmoss_gz_bridge:/home/rmsentry/ros_ws/install/rmoss_gz_base:/home/rmsentry/ros_ws/install/rmoss_base:/home/rmsentry/ros_ws/install/pb2025_robot_description:/home/rmsentry/ros_ws/install/sdformat_tools:/home/rmsentry/ros_ws/install/rmoss_projectile_motion:/home/rmsentry/ros_ws/install/rmoss_interfaces:/home/rmsentry/ros_ws/install/rmoss_gz_resources:/home/rmsentry/ros_ws/install/rmoss_gz_plugins:${AMENT_PREFIX_PATH} CMAKE_PREFIX_PATH=/home/rmsentry/ros_ws/install/rmoss_core:/home/rmsentry/ros_ws/install/rmoss_cam:/home/rmsentry/ros_ws/install/rmoss_util:/home/rmsentry/ros_ws/install/rmoss_gz_cam:/home/rmsentry/ros_ws/install/rmoss_gz_bridge:/home/rmsentry/ros_ws/install/rmoss_gz_base:/home/rmsentry/ros_ws/install/rmoss_base:/home/rmsentry/ros_ws/install/pb2025_robot_description:/home/rmsentry/ros_ws/install/rmoss_projectile_motion:/home/rmsentry/ros_ws/install/rmoss_interfaces:/home/rmsentry/ros_ws/install/rmoss_gz_resources:/home/rmsentry/ros_ws/install/rmoss_gz_plugins:/opt/ros/humble LD_LIBRARY_PATH=/home/rmsentry/ros_ws/install/rmoss_cam/lib:/home/rmsentry/ros_ws/install/rmoss_util/lib:/home/rmsentry/ros_ws/install/rmoss_gz_cam/lib:/home/rmsentry/ros_ws/install/rmoss_gz_base/lib:/home/rmsentry/ros_ws/install/rmoss_base/lib:/home/rmsentry/ros_ws/install/rmoss_projectile_motion/lib:/home/rmsentry/ros_ws/install/rmoss_interfaces/lib:/opt/MVS/lib/64:/opt/MVS/lib/32:/usr/local/lib:/opt/MVS/lib/64:/opt/MVS/lib/32:/opt/MVS/lib/64:/opt/MVS/lib/32:/usr/local/lib:/opt/ros/humble/opt/rviz_ogre_vendor/lib:/opt/ros/humble/lib/x86_64-linux-gnu:/opt/ros/humble/lib:/opt/MVS/lib/64:/opt/MVS/lib/32:/opt/MVS/lib/64:/opt/MVS/lib/32:/opt/MVS/lib/64:/opt/MVS/lib/32 PATH=/home/rmsentry/ros_ws/install/sdformat_tools/bin:${PATH} PYTHONPATH=/home/rmsentry/ros_ws/build/sdformat_tools:/home/rmsentry/ros_ws/install/sdformat_tools/lib/python3.10/site-packages:/home/rmsentry/ros_ws/install/rmoss_interfaces/local/lib/python3.10/dist-packages:${PYTHONPATH} /usr/local/bin/cmake --install /home/rmsentry/ros_ws/build/rmu_gazebo_simulator
