[0.014s] Invoking command in '/home/rmsentry/ros_ws/build/rm_auto_aim': AMENT_PREFIX_PATH=/home/rmsentry/ros_ws/install/armor_tracker:/home/rmsentry/ros_ws/install/armor_detector:/home/rmsentry/ros_ws/install/auto_aim_interfaces:${AMENT_PREFIX_PATH} CMAKE_PREFIX_PATH=/home/rmsentry/ros_ws/install/armor_tracker:/home/rmsentry/ros_ws/install/armor_detector:/home/rmsentry/ros_ws/install/auto_aim_interfaces:/opt/ros/humble LD_LIBRARY_PATH=/home/rmsentry/ros_ws/install/armor_tracker/lib:/home/rmsentry/ros_ws/install/armor_detector/lib:/home/rmsentry/ros_ws/install/auto_aim_interfaces/lib:/opt/MVS/lib/64:/opt/MVS/lib/32:/usr/local/lib:/opt/MVS/lib/64:/opt/MVS/lib/32:/opt/MVS/lib/64:/opt/MVS/lib/32:/usr/local/lib:/opt/ros/humble/opt/rviz_ogre_vendor/lib:/opt/ros/humble/lib/x86_64-linux-gnu:/opt/ros/humble/lib:/opt/MVS/lib/64:/opt/MVS/lib/32:/opt/MVS/lib/64:/opt/MVS/lib/32:/opt/MVS/lib/64:/opt/MVS/lib/32 PYTHONPATH=/home/rmsentry/ros_ws/install/auto_aim_interfaces/local/lib/python3.10/dist-packages:${PYTHONPATH} /usr/local/bin/cmake /home/rmsentry/ros_ws/src/rm_auto_aim/rm_auto_aim -DAMENT_CMAKE_SYMLINK_INSTALL=1 -DCMAKE_INSTALL_PREFIX=/home/rmsentry/ros_ws/install/rm_auto_aim
[0.067s] -- The C compiler identification is GNU 11.4.0
[0.129s] -- The CXX compiler identification is GNU 11.4.0
[0.141s] -- Detecting C compiler ABI info
[0.218s] -- Detecting C compiler ABI info - done
[0.242s] -- Check for working C compiler: /usr/bin/cc - skipped
[0.242s] -- Detecting C compile features
[0.243s] -- Detecting C compile features - done
[0.250s] -- Detecting CXX compiler ABI info
[0.333s] -- Detecting CXX compiler ABI info - done
[0.352s] -- Check for working CXX compiler: /usr/bin/c++ - skipped
[0.352s] -- Detecting CXX compile features
[0.353s] -- Detecting CXX compile features - done
[0.356s] -- Found ament_cmake_auto: 1.3.12 (/opt/ros/humble/share/ament_cmake_auto/cmake)
[0.514s] -- Found Python3: /usr/bin/python3 (found version "3.10.12") found components: Interpreter
[0.595s] -- Override CMake install command with custom implementation using symlinks instead of copying resources
[0.642s] -- Found ament_lint_auto: 0.12.14 (/opt/ros/humble/share/ament_lint_auto/cmake)
[0.777s] -- Added test 'lint_cmake' to check CMake code style
[0.779s] -- Added test 'xmllint' to check XML markup files
[0.781s] -- Configuring done (0.8s)
[0.786s] -- Generating done (0.0s)
[0.789s] -- Build files have been written to: /home/rmsentry/ros_ws/build/rm_auto_aim
[0.796s] Invoked command in '/home/rmsentry/ros_ws/build/rm_auto_aim' returned '0': AMENT_PREFIX_PATH=/home/rmsentry/ros_ws/install/armor_tracker:/home/rmsentry/ros_ws/install/armor_detector:/home/rmsentry/ros_ws/install/auto_aim_interfaces:${AMENT_PREFIX_PATH} CMAKE_PREFIX_PATH=/home/rmsentry/ros_ws/install/armor_tracker:/home/rmsentry/ros_ws/install/armor_detector:/home/rmsentry/ros_ws/install/auto_aim_interfaces:/opt/ros/humble LD_LIBRARY_PATH=/home/rmsentry/ros_ws/install/armor_tracker/lib:/home/rmsentry/ros_ws/install/armor_detector/lib:/home/rmsentry/ros_ws/install/auto_aim_interfaces/lib:/opt/MVS/lib/64:/opt/MVS/lib/32:/usr/local/lib:/opt/MVS/lib/64:/opt/MVS/lib/32:/opt/MVS/lib/64:/opt/MVS/lib/32:/usr/local/lib:/opt/ros/humble/opt/rviz_ogre_vendor/lib:/opt/ros/humble/lib/x86_64-linux-gnu:/opt/ros/humble/lib:/opt/MVS/lib/64:/opt/MVS/lib/32:/opt/MVS/lib/64:/opt/MVS/lib/32:/opt/MVS/lib/64:/opt/MVS/lib/32 PYTHONPATH=/home/rmsentry/ros_ws/install/auto_aim_interfaces/local/lib/python3.10/dist-packages:${PYTHONPATH} /usr/local/bin/cmake /home/rmsentry/ros_ws/src/rm_auto_aim/rm_auto_aim -DAMENT_CMAKE_SYMLINK_INSTALL=1 -DCMAKE_INSTALL_PREFIX=/home/rmsentry/ros_ws/install/rm_auto_aim
[0.797s] Invoking command in '/home/rmsentry/ros_ws/build/rm_auto_aim': AMENT_PREFIX_PATH=/home/rmsentry/ros_ws/install/armor_tracker:/home/rmsentry/ros_ws/install/armor_detector:/home/rmsentry/ros_ws/install/auto_aim_interfaces:${AMENT_PREFIX_PATH} CMAKE_PREFIX_PATH=/home/rmsentry/ros_ws/install/armor_tracker:/home/rmsentry/ros_ws/install/armor_detector:/home/rmsentry/ros_ws/install/auto_aim_interfaces:/opt/ros/humble LD_LIBRARY_PATH=/home/rmsentry/ros_ws/install/armor_tracker/lib:/home/rmsentry/ros_ws/install/armor_detector/lib:/home/rmsentry/ros_ws/install/auto_aim_interfaces/lib:/opt/MVS/lib/64:/opt/MVS/lib/32:/usr/local/lib:/opt/MVS/lib/64:/opt/MVS/lib/32:/opt/MVS/lib/64:/opt/MVS/lib/32:/usr/local/lib:/opt/ros/humble/opt/rviz_ogre_vendor/lib:/opt/ros/humble/lib/x86_64-linux-gnu:/opt/ros/humble/lib:/opt/MVS/lib/64:/opt/MVS/lib/32:/opt/MVS/lib/64:/opt/MVS/lib/32:/opt/MVS/lib/64:/opt/MVS/lib/32 PYTHONPATH=/home/rmsentry/ros_ws/install/auto_aim_interfaces/local/lib/python3.10/dist-packages:${PYTHONPATH} /usr/local/bin/cmake --build /home/rmsentry/ros_ws/build/rm_auto_aim -- -j12 -l12
[0.824s] Invoked command in '/home/rmsentry/ros_ws/build/rm_auto_aim' returned '0': AMENT_PREFIX_PATH=/home/rmsentry/ros_ws/install/armor_tracker:/home/rmsentry/ros_ws/install/armor_detector:/home/rmsentry/ros_ws/install/auto_aim_interfaces:${AMENT_PREFIX_PATH} CMAKE_PREFIX_PATH=/home/rmsentry/ros_ws/install/armor_tracker:/home/rmsentry/ros_ws/install/armor_detector:/home/rmsentry/ros_ws/install/auto_aim_interfaces:/opt/ros/humble LD_LIBRARY_PATH=/home/rmsentry/ros_ws/install/armor_tracker/lib:/home/rmsentry/ros_ws/install/armor_detector/lib:/home/rmsentry/ros_ws/install/auto_aim_interfaces/lib:/opt/MVS/lib/64:/opt/MVS/lib/32:/usr/local/lib:/opt/MVS/lib/64:/opt/MVS/lib/32:/opt/MVS/lib/64:/opt/MVS/lib/32:/usr/local/lib:/opt/ros/humble/opt/rviz_ogre_vendor/lib:/opt/ros/humble/lib/x86_64-linux-gnu:/opt/ros/humble/lib:/opt/MVS/lib/64:/opt/MVS/lib/32:/opt/MVS/lib/64:/opt/MVS/lib/32:/opt/MVS/lib/64:/opt/MVS/lib/32 PYTHONPATH=/home/rmsentry/ros_ws/install/auto_aim_interfaces/local/lib/python3.10/dist-packages:${PYTHONPATH} /usr/local/bin/cmake --build /home/rmsentry/ros_ws/build/rm_auto_aim -- -j12 -l12
[0.825s] Invoking command in '/home/rmsentry/ros_ws/build/rm_auto_aim': AMENT_PREFIX_PATH=/home/rmsentry/ros_ws/install/armor_tracker:/home/rmsentry/ros_ws/install/armor_detector:/home/rmsentry/ros_ws/install/auto_aim_interfaces:${AMENT_PREFIX_PATH} CMAKE_PREFIX_PATH=/home/rmsentry/ros_ws/install/armor_tracker:/home/rmsentry/ros_ws/install/armor_detector:/home/rmsentry/ros_ws/install/auto_aim_interfaces:/opt/ros/humble LD_LIBRARY_PATH=/home/rmsentry/ros_ws/install/armor_tracker/lib:/home/rmsentry/ros_ws/install/armor_detector/lib:/home/rmsentry/ros_ws/install/auto_aim_interfaces/lib:/opt/MVS/lib/64:/opt/MVS/lib/32:/usr/local/lib:/opt/MVS/lib/64:/opt/MVS/lib/32:/opt/MVS/lib/64:/opt/MVS/lib/32:/usr/local/lib:/opt/ros/humble/opt/rviz_ogre_vendor/lib:/opt/ros/humble/lib/x86_64-linux-gnu:/opt/ros/humble/lib:/opt/MVS/lib/64:/opt/MVS/lib/32:/opt/MVS/lib/64:/opt/MVS/lib/32:/opt/MVS/lib/64:/opt/MVS/lib/32 PYTHONPATH=/home/rmsentry/ros_ws/install/auto_aim_interfaces/local/lib/python3.10/dist-packages:${PYTHONPATH} /usr/local/bin/cmake --install /home/rmsentry/ros_ws/build/rm_auto_aim
[0.830s] -- Install configuration: ""
[0.831s] -- Execute custom install script
[0.831s] -- Symlinking: /home/rmsentry/ros_ws/install/rm_auto_aim/share/ament_index/resource_index/package_run_dependencies/rm_auto_aim
[0.838s] -- Symlinking: /home/rmsentry/ros_ws/install/rm_auto_aim/share/ament_index/resource_index/parent_prefix_path/rm_auto_aim
[0.844s] -- Symlinking: /home/rmsentry/ros_ws/install/rm_auto_aim/share/rm_auto_aim/environment/ament_prefix_path.sh
[0.850s] -- Symlinking: /home/rmsentry/ros_ws/install/rm_auto_aim/share/rm_auto_aim/environment/ament_prefix_path.dsv
[0.855s] -- Symlinking: /home/rmsentry/ros_ws/install/rm_auto_aim/share/rm_auto_aim/environment/path.sh
[0.860s] -- Symlinking: /home/rmsentry/ros_ws/install/rm_auto_aim/share/rm_auto_aim/environment/path.dsv
[0.866s] -- Symlinking: /home/rmsentry/ros_ws/install/rm_auto_aim/share/rm_auto_aim/local_setup.bash
[0.871s] -- Symlinking: /home/rmsentry/ros_ws/install/rm_auto_aim/share/rm_auto_aim/local_setup.sh
[0.877s] -- Symlinking: /home/rmsentry/ros_ws/install/rm_auto_aim/share/rm_auto_aim/local_setup.zsh
[0.884s] -- Symlinking: /home/rmsentry/ros_ws/install/rm_auto_aim/share/rm_auto_aim/local_setup.dsv
[0.889s] -- Symlinking: /home/rmsentry/ros_ws/install/rm_auto_aim/share/rm_auto_aim/package.dsv
[0.894s] -- Symlinking: /home/rmsentry/ros_ws/install/rm_auto_aim/share/ament_index/resource_index/packages/rm_auto_aim
[0.900s] -- Symlinking: /home/rmsentry/ros_ws/install/rm_auto_aim/share/rm_auto_aim/cmake/rm_auto_aimConfig.cmake
[0.905s] -- Symlinking: /home/rmsentry/ros_ws/install/rm_auto_aim/share/rm_auto_aim/cmake/rm_auto_aimConfig-version.cmake
[0.909s] -- Symlinking: /home/rmsentry/ros_ws/install/rm_auto_aim/share/rm_auto_aim/package.xml
[0.916s] Invoked command in '/home/rmsentry/ros_ws/build/rm_auto_aim' returned '0': AMENT_PREFIX_PATH=/home/rmsentry/ros_ws/install/armor_tracker:/home/rmsentry/ros_ws/install/armor_detector:/home/rmsentry/ros_ws/install/auto_aim_interfaces:${AMENT_PREFIX_PATH} CMAKE_PREFIX_PATH=/home/rmsentry/ros_ws/install/armor_tracker:/home/rmsentry/ros_ws/install/armor_detector:/home/rmsentry/ros_ws/install/auto_aim_interfaces:/opt/ros/humble LD_LIBRARY_PATH=/home/rmsentry/ros_ws/install/armor_tracker/lib:/home/rmsentry/ros_ws/install/armor_detector/lib:/home/rmsentry/ros_ws/install/auto_aim_interfaces/lib:/opt/MVS/lib/64:/opt/MVS/lib/32:/usr/local/lib:/opt/MVS/lib/64:/opt/MVS/lib/32:/opt/MVS/lib/64:/opt/MVS/lib/32:/usr/local/lib:/opt/ros/humble/opt/rviz_ogre_vendor/lib:/opt/ros/humble/lib/x86_64-linux-gnu:/opt/ros/humble/lib:/opt/MVS/lib/64:/opt/MVS/lib/32:/opt/MVS/lib/64:/opt/MVS/lib/32:/opt/MVS/lib/64:/opt/MVS/lib/32 PYTHONPATH=/home/rmsentry/ros_ws/install/auto_aim_interfaces/local/lib/python3.10/dist-packages:${PYTHONPATH} /usr/local/bin/cmake --install /home/rmsentry/ros_ws/build/rm_auto_aim
