[0.025s] Invoking command in '/home/rmsentry/ros_ws/build/vision_msg': CMAKE_PREFIX_PATH=/opt/ros/humble /usr/local/bin/cmake /home/rmsentry/ros_ws/src/rm_decision/vision_msg -DAMENT_CMAKE_SYMLINK_INSTALL=1 -DCMAKE_INSTALL_PREFIX=/home/rmsentry/ros_ws/install/vision_msg
[0.195s] -- The C compiler identification is GNU 11.4.0
[0.340s] -- The CXX compiler identification is GNU 11.4.0
[0.366s] -- Detecting C compiler ABI info
[0.557s] -- Detecting C compiler ABI info - done
[0.637s] -- Check for working C compiler: /usr/bin/cc - skipped
[0.638s] -- Detecting C compile features
[0.638s] -- Detecting C compile features - done
[0.651s] -- Detecting CXX compiler ABI info
[0.868s] -- Detecting CXX compiler ABI info - done
[0.923s] -- Check for working CXX compiler: /usr/bin/c++ - skipped
[0.924s] -- Detecting CXX compile features
[0.924s] -- Detecting CXX compile features - done
[0.926s] -- Found ament_cmake: 1.3.12 (/opt/ros/humble/share/ament_cmake/cmake)
[1.238s] -- Found Python3: /usr/bin/python3 (found version "3.10.12") found components: Interpreter
[1.367s] -- Override CMake install command with custom implementation using symlinks instead of copying resources
[1.436s] -- Found rosidl_default_generators: 1.2.0 (/opt/ros/humble/share/rosidl_default_generators/cmake)
[1.450s] -- Using all available rosidl_typesupport_c: rosidl_typesupport_fastrtps_c;rosidl_typesupport_introspection_c
[1.461s] -- Found rosidl_adapter: 3.1.7 (/opt/ros/humble/share/rosidl_adapter/cmake)
[1.554s] -- Using all available rosidl_typesupport_cpp: rosidl_typesupport_fastrtps_cpp;rosidl_typesupport_introspection_cpp
[1.624s] -- Found std_msgs: 4.9.0 (/opt/ros/humble/share/std_msgs/cmake)
[1.685s] -- Found ament_lint_auto: 0.12.14 (/opt/ros/humble/share/ament_lint_auto/cmake)
[2.494s] -- Found ament_cmake_ros: 0.10.0 (/opt/ros/humble/share/ament_cmake_ros/cmake)
[3.132s] -- Using all available rosidl_typesupport_c: rosidl_typesupport_fastrtps_c;rosidl_typesupport_introspection_c
[4.226s] -- Using all available rosidl_typesupport_cpp: rosidl_typesupport_fastrtps_cpp;rosidl_typesupport_introspection_cpp
[4.226s] -- Found PythonInterp: /usr/bin/python3 (found suitable version "3.10.12", minimum required is "3.6")
[4.226s] -- Found python_cmake_module: 0.10.0 (/opt/ros/humble/share/python_cmake_module/cmake)
[4.226s] -- Found PythonLibs: /usr/lib/x86_64-linux-gnu/libpython3.10.so (found suitable version "3.10.12", minimum required is "3.5")
[4.226s] -- Using PYTHON_EXECUTABLE: /usr/bin/python3
[4.226s] -- Using PYTHON_INCLUDE_DIRS: /usr/include/python3.10
[4.226s] -- Using PYTHON_LIBRARIES: /usr/lib/x86_64-linux-gnu/libpython3.10.so
[4.226s] -- Found PythonExtra: .so
[4.227s] -- Added test 'copyright' to check source files copyright and LICENSE
[4.227s] -- Added test 'lint_cmake' to check CMake code style
[4.227s] -- Added test 'xmllint' to check XML markup files
[4.227s] -- Configuring done (4.1s)
[4.227s] -- Generating done (0.0s)
[4.227s] -- Build files have been written to: /home/rmsentry/ros_ws/build/vision_msg
[4.227s] CMake Warning (dev) at /opt/ros/humble/share/rosidl_generator_py/cmake/rosidl_generator_py_generate_interfaces.cmake:20 (find_package):
[4.227s]   Policy CMP0148 is not set: The FindPythonInterp and FindPythonLibs modules
[4.227s]   are removed.  Run "cmake --help-policy CMP0148" for policy details.  Use
[4.227s]   the cmake_policy command to set the policy and suppress this warning.
[4.227s] 
[4.227s] Call Stack (most recent call first):
[4.227s]   /opt/ros/humble/share/ament_cmake_core/cmake/core/ament_execute_extensions.cmake:48 (include)
[4.227s]   /opt/ros/humble/share/rosidl_cmake/cmake/rosidl_generate_interfaces.cmake:286 (ament_execute_extensions)
[4.227s]   CMakeLists.txt:37 (rosidl_generate_interfaces)
[4.227s] This warning is for project developers.  Use -Wno-dev to suppress it.
[4.227s] 
[4.227s] CMake Warning (dev) at /opt/ros/humble/share/python_cmake_module/cmake/Modules/FindPythonExtra.cmake:52 (find_package):
[4.227s]   Policy CMP0148 is not set: The FindPythonInterp and FindPythonLibs modules
[4.227s]   are removed.  Run "cmake --help-policy CMP0148" for policy details.  Use
[4.227s]   the cmake_policy command to set the policy and suppress this warning.
[4.227s] 
[4.227s] Call Stack (most recent call first):
[4.228s]   /opt/ros/humble/share/rosidl_generator_py/cmake/rosidl_generator_py_generate_interfaces.cmake:23 (find_package)
[4.228s]   /opt/ros/humble/share/ament_cmake_core/cmake/core/ament_execute_extensions.cmake:48 (include)
[4.228s]   /opt/ros/humble/share/rosidl_cmake/cmake/rosidl_generate_interfaces.cmake:286 (ament_execute_extensions)
[4.228s]   CMakeLists.txt:37 (rosidl_generate_interfaces)
[4.228s] This warning is for project developers.  Use -Wno-dev to suppress it.
[4.228s] 
[4.228s] CMake Warning (dev) at /opt/ros/humble/share/python_cmake_module/cmake/Modules/FindPythonExtra.cmake:140 (find_package):
[4.228s]   Policy CMP0148 is not set: The FindPythonInterp and FindPythonLibs modules
[4.228s]   are removed.  Run "cmake --help-policy CMP0148" for policy details.  Use
[4.228s]   the cmake_policy command to set the policy and suppress this warning.
[4.228s] 
[4.228s] Call Stack (most recent call first):
[4.228s]   /opt/ros/humble/share/rosidl_generator_py/cmake/rosidl_generator_py_generate_interfaces.cmake:23 (find_package)
[4.228s]   /opt/ros/humble/share/ament_cmake_core/cmake/core/ament_execute_extensions.cmake:48 (include)
[4.228s]   /opt/ros/humble/share/rosidl_cmake/cmake/rosidl_generate_interfaces.cmake:286 (ament_execute_extensions)
[4.228s]   CMakeLists.txt:37 (rosidl_generate_interfaces)
[4.228s] This warning is for project developers.  Use -Wno-dev to suppress it.
[4.228s] 
[4.237s] Invoked command in '/home/rmsentry/ros_ws/build/vision_msg' returned '0': CMAKE_PREFIX_PATH=/opt/ros/humble /usr/local/bin/cmake /home/rmsentry/ros_ws/src/rm_decision/vision_msg -DAMENT_CMAKE_SYMLINK_INSTALL=1 -DCMAKE_INSTALL_PREFIX=/home/rmsentry/ros_ws/install/vision_msg
[4.237s] Invoking command in '/home/rmsentry/ros_ws/build/vision_msg': CMAKE_PREFIX_PATH=/opt/ros/humble /usr/local/bin/cmake --build /home/rmsentry/ros_ws/build/vision_msg -- -j12 -l12
[4.282s] [  2%] Generating C code for ROS interfaces
[5.047s] [  4%] Building C object CMakeFiles/vision_msg__rosidl_generator_c.dir/rosidl_generator_c/vision_msg/msg/detail/gimble_position__functions.c.o
[5.117s] [  6%] Building C object CMakeFiles/vision_msg__rosidl_generator_c.dir/rosidl_generator_c/vision_msg/msg/detail/selected_id__functions.c.o
[5.182s] [  8%] Building C object CMakeFiles/vision_msg__rosidl_generator_c.dir/rosidl_generator_c/vision_msg/msg/detail/detected_id__functions.c.o
[5.277s] [ 10%] Linking C shared library libvision_msg__rosidl_generator_c.so
[5.339s] [ 10%] Built target vision_msg__rosidl_generator_c
[5.371s] [ 10%] Built target ament_cmake_python_symlink_vision_msg
[5.384s] [ 12%] Generating C type support for eProsima Fast-RTPS
[6.266s] [ 14%] Building CXX object CMakeFiles/vision_msg__rosidl_typesupport_fastrtps_c.dir/rosidl_typesupport_fastrtps_c/vision_msg/msg/detail/gimble_position__type_support_c.cpp.o
[6.804s] [ 17%] Building CXX object CMakeFiles/vision_msg__rosidl_typesupport_fastrtps_c.dir/rosidl_typesupport_fastrtps_c/vision_msg/msg/detail/selected_id__type_support_c.cpp.o
[7.288s] [ 19%] Building CXX object CMakeFiles/vision_msg__rosidl_typesupport_fastrtps_c.dir/rosidl_typesupport_fastrtps_c/vision_msg/msg/detail/detected_id__type_support_c.cpp.o
[7.751s] [ 21%] Linking CXX shared library libvision_msg__rosidl_typesupport_fastrtps_c.so
[7.837s] [ 21%] Built target vision_msg__rosidl_typesupport_fastrtps_c
[8.103s] running egg_info
[8.103s] creating vision_msg.egg-info
[8.104s] writing vision_msg.egg-info/PKG-INFO
[8.104s] writing dependency_links to vision_msg.egg-info/dependency_links.txt
[8.106s] writing top-level names to vision_msg.egg-info/top_level.txt
[8.107s] writing manifest file 'vision_msg.egg-info/SOURCES.txt'
[8.107s] reading manifest file 'vision_msg.egg-info/SOURCES.txt'
[8.111s] writing manifest file 'vision_msg.egg-info/SOURCES.txt'
[8.136s] [ 21%] Built target ament_cmake_python_build_vision_msg_egg
[8.142s] [ 23%] Generating C type support dispatch for ROS interfaces
[8.544s] [ 25%] Building CXX object CMakeFiles/vision_msg__rosidl_typesupport_c.dir/rosidl_typesupport_c/vision_msg/msg/gimble_position__type_support.cpp.o
[8.574s] [ 27%] Building CXX object CMakeFiles/vision_msg__rosidl_typesupport_c.dir/rosidl_typesupport_c/vision_msg/msg/selected_id__type_support.cpp.o
[8.605s] [ 29%] Building CXX object CMakeFiles/vision_msg__rosidl_typesupport_c.dir/rosidl_typesupport_c/vision_msg/msg/detected_id__type_support.cpp.o
[8.634s] [ 31%] Linking CXX shared library libvision_msg__rosidl_typesupport_c.so
[8.686s] [ 31%] Built target vision_msg__rosidl_typesupport_c
[8.695s] [ 34%] Generating C introspection for ROS interfaces
[9.188s] [ 36%] Building C object CMakeFiles/vision_msg__rosidl_typesupport_introspection_c.dir/rosidl_typesupport_introspection_c/vision_msg/msg/detail/gimble_position__type_support.c.o
[9.226s] [ 38%] Building C object CMakeFiles/vision_msg__rosidl_typesupport_introspection_c.dir/rosidl_typesupport_introspection_c/vision_msg/msg/detail/selected_id__type_support.c.o
[9.258s] [ 40%] Building C object CMakeFiles/vision_msg__rosidl_typesupport_introspection_c.dir/rosidl_typesupport_introspection_c/vision_msg/msg/detail/detected_id__type_support.c.o
[9.301s] [ 42%] Linking C shared library libvision_msg__rosidl_typesupport_introspection_c.so
[9.330s] [ 42%] Built target vision_msg__rosidl_typesupport_introspection_c
[9.342s] [ 44%] Generating C++ code for ROS interfaces
[9.879s] [ 44%] Built target vision_msg__cpp
[9.885s] [ 46%] Generating C++ type support for eProsima Fast-RTPS
[10.595s] [ 48%] Building CXX object CMakeFiles/vision_msg__rosidl_typesupport_fastrtps_cpp.dir/rosidl_typesupport_fastrtps_cpp/vision_msg/msg/detail/dds_fastrtps/gimble_position__type_support.cpp.o
[11.253s] [ 51%] Building CXX object CMakeFiles/vision_msg__rosidl_typesupport_fastrtps_cpp.dir/rosidl_typesupport_fastrtps_cpp/vision_msg/msg/detail/dds_fastrtps/selected_id__type_support.cpp.o
[11.889s] [ 53%] Building CXX object CMakeFiles/vision_msg__rosidl_typesupport_fastrtps_cpp.dir/rosidl_typesupport_fastrtps_cpp/vision_msg/msg/detail/dds_fastrtps/detected_id__type_support.cpp.o
[12.795s] [ 55%] Linking CXX shared library libvision_msg__rosidl_typesupport_fastrtps_cpp.so
[12.936s] [ 55%] Built target vision_msg__rosidl_typesupport_fastrtps_cpp
[12.943s] [ 57%] Generating C++ type support dispatch for ROS interfaces
[13.311s] [ 59%] Building CXX object CMakeFiles/vision_msg__rosidl_typesupport_cpp.dir/rosidl_typesupport_cpp/vision_msg/msg/gimble_position__type_support.cpp.o
[13.648s] [ 61%] Building CXX object CMakeFiles/vision_msg__rosidl_typesupport_cpp.dir/rosidl_typesupport_cpp/vision_msg/msg/selected_id__type_support.cpp.o
[13.917s] [ 63%] Building CXX object CMakeFiles/vision_msg__rosidl_typesupport_cpp.dir/rosidl_typesupport_cpp/vision_msg/msg/detected_id__type_support.cpp.o
[14.192s] [ 65%] Linking CXX shared library libvision_msg__rosidl_typesupport_cpp.so
[14.235s] [ 65%] Built target vision_msg__rosidl_typesupport_cpp
[14.246s] [ 68%] Generating C++ introspection for ROS interfaces
[14.762s] [ 70%] Building CXX object CMakeFiles/vision_msg__rosidl_typesupport_introspection_cpp.dir/rosidl_typesupport_introspection_cpp/vision_msg/msg/detail/gimble_position__type_support.cpp.o
[15.136s] [ 72%] Building CXX object CMakeFiles/vision_msg__rosidl_typesupport_introspection_cpp.dir/rosidl_typesupport_introspection_cpp/vision_msg/msg/detail/selected_id__type_support.cpp.o
[15.512s] [ 74%] Building CXX object CMakeFiles/vision_msg__rosidl_typesupport_introspection_cpp.dir/rosidl_typesupport_introspection_cpp/vision_msg/msg/detail/detected_id__type_support.cpp.o
[16.236s] [ 76%] Linking CXX shared library libvision_msg__rosidl_typesupport_introspection_cpp.so
[16.358s] [ 76%] Built target vision_msg__rosidl_typesupport_introspection_cpp
[16.391s] [ 76%] Built target vision_msg
[16.406s] [ 78%] Generating Python code for ROS interfaces
[17.537s] [ 78%] Built target vision_msg__py
[17.558s] [ 80%] Building C object CMakeFiles/vision_msg__rosidl_generator_py.dir/rosidl_generator_py/vision_msg/msg/_gimble_position_s.c.o
[17.724s] [ 82%] Building C object CMakeFiles/vision_msg__rosidl_generator_py.dir/rosidl_generator_py/vision_msg/msg/_selected_id_s.c.o
[17.873s] [ 85%] Building C object CMakeFiles/vision_msg__rosidl_generator_py.dir/rosidl_generator_py/vision_msg/msg/_detected_id_s.c.o
[18.040s] [ 87%] Linking C shared library rosidl_generator_py/vision_msg/libvision_msg__rosidl_generator_py.so
[18.095s] [ 87%] Built target vision_msg__rosidl_generator_py
[18.123s] [ 89%] Building C object CMakeFiles/vision_msg__rosidl_typesupport_fastrtps_c__pyext.dir/rosidl_generator_py/vision_msg/_vision_msg_s.ep.rosidl_typesupport_fastrtps_c.c.o
[18.299s] [ 91%] Linking C shared library rosidl_generator_py/vision_msg/vision_msg_s__rosidl_typesupport_fastrtps_c.cpython-310-x86_64-linux-gnu.so
[18.359s] [ 91%] Built target vision_msg__rosidl_typesupport_fastrtps_c__pyext
[18.379s] [ 93%] Building C object CMakeFiles/vision_msg__rosidl_typesupport_c__pyext.dir/rosidl_generator_py/vision_msg/_vision_msg_s.ep.rosidl_typesupport_c.c.o
[18.563s] [ 95%] Linking C shared library rosidl_generator_py/vision_msg/vision_msg_s__rosidl_typesupport_c.cpython-310-x86_64-linux-gnu.so
[18.605s] [ 95%] Built target vision_msg__rosidl_typesupport_c__pyext
[18.619s] [ 97%] Building C object CMakeFiles/vision_msg__rosidl_typesupport_introspection_c__pyext.dir/rosidl_generator_py/vision_msg/_vision_msg_s.ep.rosidl_typesupport_introspection_c.c.o
[18.731s] [100%] Linking C shared library rosidl_generator_py/vision_msg/vision_msg_s__rosidl_typesupport_introspection_c.cpython-310-x86_64-linux-gnu.so
[18.770s] [100%] Built target vision_msg__rosidl_typesupport_introspection_c__pyext
[18.781s] Invoked command in '/home/rmsentry/ros_ws/build/vision_msg' returned '0': CMAKE_PREFIX_PATH=/opt/ros/humble /usr/local/bin/cmake --build /home/rmsentry/ros_ws/build/vision_msg -- -j12 -l12
[18.787s] Invoking command in '/home/rmsentry/ros_ws/build/vision_msg': CMAKE_PREFIX_PATH=/opt/ros/humble /usr/local/bin/cmake --install /home/rmsentry/ros_ws/build/vision_msg
[18.793s] -- Install configuration: ""
[18.796s] -- Execute custom install script
[18.796s] -- Symlinking: /home/rmsentry/ros_ws/install/vision_msg/share/ament_index/resource_index/rosidl_interfaces/vision_msg
[18.801s] -- Symlinking: /home/rmsentry/ros_ws/install/vision_msg/include/vision_msg/vision_msg/msg/detail/detected_id__functions.h
[18.805s] -- Symlinking: /home/rmsentry/ros_ws/install/vision_msg/include/vision_msg/vision_msg/msg/detail/detected_id__struct.h
[18.810s] -- Symlinking: /home/rmsentry/ros_ws/install/vision_msg/include/vision_msg/vision_msg/msg/detail/detected_id__type_support.h
[18.814s] -- Symlinking: /home/rmsentry/ros_ws/install/vision_msg/include/vision_msg/vision_msg/msg/detail/gimble_position__functions.h
[18.819s] -- Symlinking: /home/rmsentry/ros_ws/install/vision_msg/include/vision_msg/vision_msg/msg/detail/gimble_position__struct.h
[18.827s] -- Symlinking: /home/rmsentry/ros_ws/install/vision_msg/include/vision_msg/vision_msg/msg/detail/gimble_position__type_support.h
[18.834s] -- Symlinking: /home/rmsentry/ros_ws/install/vision_msg/include/vision_msg/vision_msg/msg/detail/selected_id__functions.h
[18.835s] -- Symlinking: /home/rmsentry/ros_ws/install/vision_msg/include/vision_msg/vision_msg/msg/detail/selected_id__struct.h
[18.840s] -- Symlinking: /home/rmsentry/ros_ws/install/vision_msg/include/vision_msg/vision_msg/msg/detail/selected_id__type_support.h
[18.848s] -- Symlinking: /home/rmsentry/ros_ws/install/vision_msg/include/vision_msg/vision_msg/msg/detected_id.h
[18.851s] -- Symlinking: /home/rmsentry/ros_ws/install/vision_msg/include/vision_msg/vision_msg/msg/gimble_position.h
[18.856s] -- Symlinking: /home/rmsentry/ros_ws/install/vision_msg/include/vision_msg/vision_msg/msg/rosidl_generator_c__visibility_control.h
[18.862s] -- Symlinking: /home/rmsentry/ros_ws/install/vision_msg/include/vision_msg/vision_msg/msg/selected_id.h
[18.874s] -- Symlinking: /home/rmsentry/ros_ws/install/vision_msg/share/vision_msg/environment/library_path.sh
[18.879s] -- Symlinking: /home/rmsentry/ros_ws/install/vision_msg/share/vision_msg/environment/library_path.dsv
[18.884s] -- Symlinking: /home/rmsentry/ros_ws/install/vision_msg/include/vision_msg/vision_msg/msg/detail/detected_id__rosidl_typesupport_fastrtps_c.h
[18.889s] -- Symlinking: /home/rmsentry/ros_ws/install/vision_msg/include/vision_msg/vision_msg/msg/detail/gimble_position__rosidl_typesupport_fastrtps_c.h
[18.893s] -- Symlinking: /home/rmsentry/ros_ws/install/vision_msg/include/vision_msg/vision_msg/msg/detail/selected_id__rosidl_typesupport_fastrtps_c.h
[18.901s] -- Symlinking: /home/rmsentry/ros_ws/install/vision_msg/include/vision_msg/vision_msg/msg/rosidl_typesupport_fastrtps_c__visibility_control.h
[18.903s] -- Symlinking: /home/rmsentry/ros_ws/install/vision_msg/include/vision_msg/vision_msg/msg/detail/detected_id__rosidl_typesupport_introspection_c.h
[18.909s] -- Symlinking: /home/rmsentry/ros_ws/install/vision_msg/include/vision_msg/vision_msg/msg/detail/gimble_position__rosidl_typesupport_introspection_c.h
[18.916s] -- Symlinking: /home/rmsentry/ros_ws/install/vision_msg/include/vision_msg/vision_msg/msg/detail/selected_id__rosidl_typesupport_introspection_c.h
[18.922s] -- Symlinking: /home/rmsentry/ros_ws/install/vision_msg/include/vision_msg/vision_msg/msg/rosidl_typesupport_introspection_c__visibility_control.h
[18.928s] -- Symlinking: /home/rmsentry/ros_ws/install/vision_msg/include/vision_msg/vision_msg/msg/detail/detected_id__builder.hpp
[18.933s] -- Symlinking: /home/rmsentry/ros_ws/install/vision_msg/include/vision_msg/vision_msg/msg/detail/detected_id__struct.hpp
[18.938s] -- Symlinking: /home/rmsentry/ros_ws/install/vision_msg/include/vision_msg/vision_msg/msg/detail/detected_id__traits.hpp
[18.942s] -- Symlinking: /home/rmsentry/ros_ws/install/vision_msg/include/vision_msg/vision_msg/msg/detail/detected_id__type_support.hpp
[18.950s] -- Symlinking: /home/rmsentry/ros_ws/install/vision_msg/include/vision_msg/vision_msg/msg/detail/gimble_position__builder.hpp
[18.955s] -- Symlinking: /home/rmsentry/ros_ws/install/vision_msg/include/vision_msg/vision_msg/msg/detail/gimble_position__struct.hpp
[18.961s] -- Symlinking: /home/rmsentry/ros_ws/install/vision_msg/include/vision_msg/vision_msg/msg/detail/gimble_position__traits.hpp
[18.968s] -- Symlinking: /home/rmsentry/ros_ws/install/vision_msg/include/vision_msg/vision_msg/msg/detail/gimble_position__type_support.hpp
[18.971s] -- Symlinking: /home/rmsentry/ros_ws/install/vision_msg/include/vision_msg/vision_msg/msg/detail/selected_id__builder.hpp
[18.976s] -- Symlinking: /home/rmsentry/ros_ws/install/vision_msg/include/vision_msg/vision_msg/msg/detail/selected_id__struct.hpp
[18.983s] -- Symlinking: /home/rmsentry/ros_ws/install/vision_msg/include/vision_msg/vision_msg/msg/detail/selected_id__traits.hpp
[18.990s] -- Symlinking: /home/rmsentry/ros_ws/install/vision_msg/include/vision_msg/vision_msg/msg/detail/selected_id__type_support.hpp
[18.994s] -- Symlinking: /home/rmsentry/ros_ws/install/vision_msg/include/vision_msg/vision_msg/msg/detected_id.hpp
[19.005s] -- Symlinking: /home/rmsentry/ros_ws/install/vision_msg/include/vision_msg/vision_msg/msg/gimble_position.hpp
[19.010s] -- Symlinking: /home/rmsentry/ros_ws/install/vision_msg/include/vision_msg/vision_msg/msg/rosidl_generator_cpp__visibility_control.hpp
[19.015s] -- Symlinking: /home/rmsentry/ros_ws/install/vision_msg/include/vision_msg/vision_msg/msg/selected_id.hpp
[19.020s] -- Symlinking: /home/rmsentry/ros_ws/install/vision_msg/include/vision_msg/vision_msg/msg/detail/detected_id__rosidl_typesupport_fastrtps_cpp.hpp
[19.025s] -- Symlinking: /home/rmsentry/ros_ws/install/vision_msg/include/vision_msg/vision_msg/msg/detail/gimble_position__rosidl_typesupport_fastrtps_cpp.hpp
[19.037s] -- Symlinking: /home/rmsentry/ros_ws/install/vision_msg/include/vision_msg/vision_msg/msg/detail/selected_id__rosidl_typesupport_fastrtps_cpp.hpp
[19.046s] -- Symlinking: /home/rmsentry/ros_ws/install/vision_msg/include/vision_msg/vision_msg/msg/rosidl_typesupport_fastrtps_cpp__visibility_control.h
[19.062s] -- Symlinking: /home/rmsentry/ros_ws/install/vision_msg/include/vision_msg/vision_msg/msg/detail/detected_id__rosidl_typesupport_introspection_cpp.hpp
[19.065s] -- Symlinking: /home/rmsentry/ros_ws/install/vision_msg/include/vision_msg/vision_msg/msg/detail/gimble_position__rosidl_typesupport_introspection_cpp.hpp
[19.070s] -- Symlinking: /home/rmsentry/ros_ws/install/vision_msg/include/vision_msg/vision_msg/msg/detail/selected_id__rosidl_typesupport_introspection_cpp.hpp
[19.085s] -- Symlinking: /home/rmsentry/ros_ws/install/vision_msg/share/vision_msg/environment/pythonpath.sh
[19.086s] -- Symlinking: /home/rmsentry/ros_ws/install/vision_msg/share/vision_msg/environment/pythonpath.dsv
[19.092s] -- Symlinking: /home/rmsentry/ros_ws/install/vision_msg/local/lib/python3.10/dist-packages/vision_msg-0.0.0-py3.10.egg-info/PKG-INFO
[19.097s] -- Symlinking: /home/rmsentry/ros_ws/install/vision_msg/local/lib/python3.10/dist-packages/vision_msg-0.0.0-py3.10.egg-info/SOURCES.txt
[19.102s] -- Symlinking: /home/rmsentry/ros_ws/install/vision_msg/local/lib/python3.10/dist-packages/vision_msg-0.0.0-py3.10.egg-info/dependency_links.txt
[19.107s] -- Symlinking: /home/rmsentry/ros_ws/install/vision_msg/local/lib/python3.10/dist-packages/vision_msg-0.0.0-py3.10.egg-info/top_level.txt
[19.116s] -- Symlinking: /home/rmsentry/ros_ws/install/vision_msg/local/lib/python3.10/dist-packages/vision_msg/__init__.py
[19.124s] -- Symlinking: /home/rmsentry/ros_ws/install/vision_msg/local/lib/python3.10/dist-packages/vision_msg/_vision_msg_s.ep.rosidl_typesupport_c.c
[19.127s] -- Symlinking: /home/rmsentry/ros_ws/install/vision_msg/local/lib/python3.10/dist-packages/vision_msg/_vision_msg_s.ep.rosidl_typesupport_fastrtps_c.c
[19.133s] -- Symlinking: /home/rmsentry/ros_ws/install/vision_msg/local/lib/python3.10/dist-packages/vision_msg/_vision_msg_s.ep.rosidl_typesupport_introspection_c.c
[19.139s] -- Symlinking: /home/rmsentry/ros_ws/install/vision_msg/local/lib/python3.10/dist-packages/vision_msg/libvision_msg__rosidl_generator_py.so
[19.144s] -- Symlinking: /home/rmsentry/ros_ws/install/vision_msg/local/lib/python3.10/dist-packages/vision_msg/msg/__init__.py
[19.150s] -- Symlinking: /home/rmsentry/ros_ws/install/vision_msg/local/lib/python3.10/dist-packages/vision_msg/msg/_detected_id.py
[19.157s] -- Symlinking: /home/rmsentry/ros_ws/install/vision_msg/local/lib/python3.10/dist-packages/vision_msg/msg/_detected_id_s.c
[19.164s] -- Symlinking: /home/rmsentry/ros_ws/install/vision_msg/local/lib/python3.10/dist-packages/vision_msg/msg/_gimble_position.py
[19.168s] -- Symlinking: /home/rmsentry/ros_ws/install/vision_msg/local/lib/python3.10/dist-packages/vision_msg/msg/_gimble_position_s.c
[19.175s] -- Symlinking: /home/rmsentry/ros_ws/install/vision_msg/local/lib/python3.10/dist-packages/vision_msg/msg/_selected_id.py
[19.178s] -- Symlinking: /home/rmsentry/ros_ws/install/vision_msg/local/lib/python3.10/dist-packages/vision_msg/msg/_selected_id_s.c
[19.183s] -- Symlinking: /home/rmsentry/ros_ws/install/vision_msg/local/lib/python3.10/dist-packages/vision_msg/vision_msg_s__rosidl_typesupport_c.cpython-310-x86_64-linux-gnu.so
[19.192s] -- Symlinking: /home/rmsentry/ros_ws/install/vision_msg/local/lib/python3.10/dist-packages/vision_msg/vision_msg_s__rosidl_typesupport_fastrtps_c.cpython-310-x86_64-linux-gnu.so
[19.197s] -- Symlinking: /home/rmsentry/ros_ws/install/vision_msg/local/lib/python3.10/dist-packages/vision_msg/vision_msg_s__rosidl_typesupport_introspection_c.cpython-310-x86_64-linux-gnu.so
[19.203s] -- Up-to-date symlink: /home/rmsentry/ros_ws/install/vision_msg/local/lib/python3.10/dist-packages/vision_msg/vision_msg_s__rosidl_typesupport_fastrtps_c.cpython-310-x86_64-linux-gnu.so
[19.203s] -- Up-to-date symlink: /home/rmsentry/ros_ws/install/vision_msg/local/lib/python3.10/dist-packages/vision_msg/vision_msg_s__rosidl_typesupport_introspection_c.cpython-310-x86_64-linux-gnu.so
[19.203s] -- Up-to-date symlink: /home/rmsentry/ros_ws/install/vision_msg/local/lib/python3.10/dist-packages/vision_msg/vision_msg_s__rosidl_typesupport_c.cpython-310-x86_64-linux-gnu.so
[19.203s] -- Symlinking: /home/rmsentry/ros_ws/install/vision_msg/share/vision_msg/msg/GimblePosition.idl
[19.207s] -- Symlinking: /home/rmsentry/ros_ws/install/vision_msg/share/vision_msg/msg/DetectedId.idl
[19.213s] -- Symlinking: /home/rmsentry/ros_ws/install/vision_msg/share/vision_msg/msg/SelectedId.idl
[19.217s] -- Symlinking: /home/rmsentry/ros_ws/install/vision_msg/share/vision_msg/msg/GimblePosition.msg
[19.220s] -- Symlinking: /home/rmsentry/ros_ws/install/vision_msg/share/vision_msg/msg/DetectedId.msg
[19.224s] -- Symlinking: /home/rmsentry/ros_ws/install/vision_msg/share/vision_msg/msg/SelectedId.msg
[19.227s] -- Symlinking: /home/rmsentry/ros_ws/install/vision_msg/share/ament_index/resource_index/package_run_dependencies/vision_msg
[19.230s] -- Symlinking: /home/rmsentry/ros_ws/install/vision_msg/share/ament_index/resource_index/parent_prefix_path/vision_msg
[19.234s] -- Symlinking: /home/rmsentry/ros_ws/install/vision_msg/share/vision_msg/environment/ament_prefix_path.sh
[19.244s] -- Symlinking: /home/rmsentry/ros_ws/install/vision_msg/share/vision_msg/environment/ament_prefix_path.dsv
[19.249s] -- Symlinking: /home/rmsentry/ros_ws/install/vision_msg/share/vision_msg/environment/path.sh
[19.265s] -- Symlinking: /home/rmsentry/ros_ws/install/vision_msg/share/vision_msg/environment/path.dsv
[19.273s] -- Symlinking: /home/rmsentry/ros_ws/install/vision_msg/share/vision_msg/local_setup.bash
[19.279s] -- Symlinking: /home/rmsentry/ros_ws/install/vision_msg/share/vision_msg/local_setup.sh
[19.282s] -- Symlinking: /home/rmsentry/ros_ws/install/vision_msg/share/vision_msg/local_setup.zsh
[19.287s] -- Symlinking: /home/rmsentry/ros_ws/install/vision_msg/share/vision_msg/local_setup.dsv
[19.292s] -- Symlinking: /home/rmsentry/ros_ws/install/vision_msg/share/vision_msg/package.dsv
[19.298s] -- Symlinking: /home/rmsentry/ros_ws/install/vision_msg/share/ament_index/resource_index/packages/vision_msg
[19.303s] -- Symlinking: /home/rmsentry/ros_ws/install/vision_msg/share/vision_msg/cmake/rosidl_cmake-extras.cmake
[19.311s] -- Symlinking: /home/rmsentry/ros_ws/install/vision_msg/share/vision_msg/cmake/ament_cmake_export_dependencies-extras.cmake
[19.313s] -- Symlinking: /home/rmsentry/ros_ws/install/vision_msg/share/vision_msg/cmake/ament_cmake_export_include_directories-extras.cmake
[19.320s] -- Symlinking: /home/rmsentry/ros_ws/install/vision_msg/share/vision_msg/cmake/ament_cmake_export_libraries-extras.cmake
[19.322s] -- Symlinking: /home/rmsentry/ros_ws/install/vision_msg/share/vision_msg/cmake/ament_cmake_export_targets-extras.cmake
[19.327s] -- Symlinking: /home/rmsentry/ros_ws/install/vision_msg/share/vision_msg/cmake/rosidl_cmake_export_typesupport_targets-extras.cmake
[19.332s] -- Symlinking: /home/rmsentry/ros_ws/install/vision_msg/share/vision_msg/cmake/rosidl_cmake_export_typesupport_libraries-extras.cmake
[19.337s] -- Symlinking: /home/rmsentry/ros_ws/install/vision_msg/share/vision_msg/cmake/vision_msgConfig.cmake
[19.341s] -- Symlinking: /home/rmsentry/ros_ws/install/vision_msg/share/vision_msg/cmake/vision_msgConfig-version.cmake
[19.345s] -- Symlinking: /home/rmsentry/ros_ws/install/vision_msg/share/vision_msg/package.xml
[19.352s] -- Installing: /home/rmsentry/ros_ws/install/vision_msg/lib/libvision_msg__rosidl_generator_c.so
[19.357s] -- Set non-toolchain portion of runtime path of "/home/rmsentry/ros_ws/install/vision_msg/lib/libvision_msg__rosidl_generator_c.so" to ""
[19.357s] -- Installing: /home/rmsentry/ros_ws/install/vision_msg/lib/libvision_msg__rosidl_typesupport_fastrtps_c.so
[19.358s] -- Set non-toolchain portion of runtime path of "/home/rmsentry/ros_ws/install/vision_msg/lib/libvision_msg__rosidl_typesupport_fastrtps_c.so" to ""
[19.358s] -- Installing: /home/rmsentry/ros_ws/install/vision_msg/lib/libvision_msg__rosidl_typesupport_introspection_c.so
[19.358s] -- Set non-toolchain portion of runtime path of "/home/rmsentry/ros_ws/install/vision_msg/lib/libvision_msg__rosidl_typesupport_introspection_c.so" to ""
[19.358s] -- Installing: /home/rmsentry/ros_ws/install/vision_msg/lib/libvision_msg__rosidl_typesupport_c.so
[19.359s] -- Set non-toolchain portion of runtime path of "/home/rmsentry/ros_ws/install/vision_msg/lib/libvision_msg__rosidl_typesupport_c.so" to ""
[19.359s] -- Installing: /home/rmsentry/ros_ws/install/vision_msg/lib/libvision_msg__rosidl_typesupport_fastrtps_cpp.so
[19.359s] -- Set non-toolchain portion of runtime path of "/home/rmsentry/ros_ws/install/vision_msg/lib/libvision_msg__rosidl_typesupport_fastrtps_cpp.so" to ""
[19.359s] -- Installing: /home/rmsentry/ros_ws/install/vision_msg/lib/libvision_msg__rosidl_typesupport_introspection_cpp.so
[19.360s] -- Set non-toolchain portion of runtime path of "/home/rmsentry/ros_ws/install/vision_msg/lib/libvision_msg__rosidl_typesupport_introspection_cpp.so" to ""
[19.360s] -- Installing: /home/rmsentry/ros_ws/install/vision_msg/lib/libvision_msg__rosidl_typesupport_cpp.so
[19.361s] -- Set non-toolchain portion of runtime path of "/home/rmsentry/ros_ws/install/vision_msg/lib/libvision_msg__rosidl_typesupport_cpp.so" to ""
[19.406s] Listing '/home/rmsentry/ros_ws/install/vision_msg/local/lib/python3.10/dist-packages/vision_msg'...
[19.406s] Compiling '/home/rmsentry/ros_ws/install/vision_msg/local/lib/python3.10/dist-packages/vision_msg/__init__.py'...
[19.406s] Listing '/home/rmsentry/ros_ws/install/vision_msg/local/lib/python3.10/dist-packages/vision_msg/msg'...
[19.406s] Compiling '/home/rmsentry/ros_ws/install/vision_msg/local/lib/python3.10/dist-packages/vision_msg/msg/__init__.py'...
[19.406s] Compiling '/home/rmsentry/ros_ws/install/vision_msg/local/lib/python3.10/dist-packages/vision_msg/msg/_detected_id.py'...
[19.406s] Compiling '/home/rmsentry/ros_ws/install/vision_msg/local/lib/python3.10/dist-packages/vision_msg/msg/_gimble_position.py'...
[19.406s] Compiling '/home/rmsentry/ros_ws/install/vision_msg/local/lib/python3.10/dist-packages/vision_msg/msg/_selected_id.py'...
[19.413s] -- Installing: /home/rmsentry/ros_ws/install/vision_msg/lib/libvision_msg__rosidl_generator_py.so
[19.415s] -- Set non-toolchain portion of runtime path of "/home/rmsentry/ros_ws/install/vision_msg/lib/libvision_msg__rosidl_generator_py.so" to ""
[19.416s] -- Installing: /home/rmsentry/ros_ws/install/vision_msg/share/vision_msg/cmake/export_vision_msg__rosidl_generator_cExport.cmake
[19.416s] -- Installing: /home/rmsentry/ros_ws/install/vision_msg/share/vision_msg/cmake/export_vision_msg__rosidl_generator_cExport-noconfig.cmake
[19.417s] -- Installing: /home/rmsentry/ros_ws/install/vision_msg/share/vision_msg/cmake/export_vision_msg__rosidl_typesupport_fastrtps_cExport.cmake
[19.417s] -- Installing: /home/rmsentry/ros_ws/install/vision_msg/share/vision_msg/cmake/export_vision_msg__rosidl_typesupport_fastrtps_cExport-noconfig.cmake
[19.417s] -- Installing: /home/rmsentry/ros_ws/install/vision_msg/share/vision_msg/cmake/vision_msg__rosidl_typesupport_introspection_cExport.cmake
[19.417s] -- Installing: /home/rmsentry/ros_ws/install/vision_msg/share/vision_msg/cmake/vision_msg__rosidl_typesupport_introspection_cExport-noconfig.cmake
[19.418s] -- Installing: /home/rmsentry/ros_ws/install/vision_msg/share/vision_msg/cmake/vision_msg__rosidl_typesupport_cExport.cmake
[19.418s] -- Installing: /home/rmsentry/ros_ws/install/vision_msg/share/vision_msg/cmake/vision_msg__rosidl_typesupport_cExport-noconfig.cmake
[19.418s] -- Installing: /home/rmsentry/ros_ws/install/vision_msg/share/vision_msg/cmake/export_vision_msg__rosidl_generator_cppExport.cmake
[19.418s] -- Installing: /home/rmsentry/ros_ws/install/vision_msg/share/vision_msg/cmake/export_vision_msg__rosidl_typesupport_fastrtps_cppExport.cmake
[19.419s] -- Installing: /home/rmsentry/ros_ws/install/vision_msg/share/vision_msg/cmake/export_vision_msg__rosidl_typesupport_fastrtps_cppExport-noconfig.cmake
[19.419s] -- Installing: /home/rmsentry/ros_ws/install/vision_msg/share/vision_msg/cmake/vision_msg__rosidl_typesupport_introspection_cppExport.cmake
[19.419s] -- Installing: /home/rmsentry/ros_ws/install/vision_msg/share/vision_msg/cmake/vision_msg__rosidl_typesupport_introspection_cppExport-noconfig.cmake
[19.419s] -- Installing: /home/rmsentry/ros_ws/install/vision_msg/share/vision_msg/cmake/vision_msg__rosidl_typesupport_cppExport.cmake
[19.420s] -- Installing: /home/rmsentry/ros_ws/install/vision_msg/share/vision_msg/cmake/vision_msg__rosidl_typesupport_cppExport-noconfig.cmake
[19.421s] -- Installing: /home/rmsentry/ros_ws/install/vision_msg/share/vision_msg/cmake/export_vision_msg__rosidl_generator_pyExport.cmake
[19.421s] -- Installing: /home/rmsentry/ros_ws/install/vision_msg/share/vision_msg/cmake/export_vision_msg__rosidl_generator_pyExport-noconfig.cmake
[19.423s] Invoked command in '/home/rmsentry/ros_ws/build/vision_msg' returned '0': CMAKE_PREFIX_PATH=/opt/ros/humble /usr/local/bin/cmake --install /home/rmsentry/ros_ws/build/vision_msg
