[0.022s] Invoking command in '/home/rmsentry/ros_ws/build/rmoss_projectile_motion': CMAKE_PREFIX_PATH=/opt/ros/humble /usr/local/bin/cmake /home/rmsentry/ros_ws/src/rmoss_core/rmoss_projectile_motion -DAMENT_CMAKE_SYMLINK_INSTALL=1 -DCMAKE_INSTALL_PREFIX=/home/rmsentry/ros_ws/install/rmoss_projectile_motion
[0.317s] -- The C compiler identification is GNU 11.4.0
[0.317s] -- The CXX compiler identification is GNU 11.4.0
[0.317s] -- Detecting C compiler ABI info
[0.317s] -- Detecting C compiler ABI info - done
[0.317s] -- Check for working C compiler: /usr/bin/cc - skipped
[0.317s] -- Detecting C compile features
[0.317s] -- Detecting C compile features - done
[0.317s] -- Detecting CXX compiler ABI info
[0.331s] -- Detecting CXX compiler ABI info - done
[0.355s] -- Check for working CXX compiler: /usr/bin/c++ - skipped
[0.356s] -- Detecting CXX compile features
[0.358s] -- Detecting CXX compile features - done
[0.360s] -- Found ament_cmake: 1.3.12 (/opt/ros/humble/share/ament_cmake/cmake)
[0.527s] -- Found Python3: /usr/bin/python3 (found version "3.10.12") found components: Interpreter
[0.599s] -- Override CMake install command with custom implementation using symlinks instead of copying resources
[0.631s] -- Found rclcpp: 16.0.16 (/opt/ros/humble/share/rclcpp/cmake)
[0.699s] -- Found rosidl_generator_c: 3.1.7 (/opt/ros/humble/share/rosidl_generator_c/cmake)
[0.707s] -- Found rosidl_adapter: 3.1.7 (/opt/ros/humble/share/rosidl_adapter/cmake)
[0.712s] -- Found rosidl_generator_cpp: 3.1.7 (/opt/ros/humble/share/rosidl_generator_cpp/cmake)
[0.729s] -- Using all available rosidl_typesupport_c: rosidl_typesupport_fastrtps_c;rosidl_typesupport_introspection_c
[0.751s] -- Using all available rosidl_typesupport_cpp: rosidl_typesupport_fastrtps_cpp;rosidl_typesupport_introspection_cpp
[0.818s] -- Found rmw_implementation_cmake: 6.1.2 (/opt/ros/humble/share/rmw_implementation_cmake/cmake)
[0.821s] -- Found rmw_fastrtps_cpp: 6.2.8 (/opt/ros/humble/share/rmw_fastrtps_cpp/cmake)
[0.931s] -- Found OpenSSL: /usr/lib/x86_64-linux-gnu/libcrypto.so (found version "3.0.2")
[0.972s] -- Found FastRTPS: /opt/ros/humble/include
[1.024s] -- Using RMW implementation 'rmw_fastrtps_cpp' as default
[1.043s] -- Performing Test CMAKE_HAVE_LIBC_PTHREAD
[1.153s] -- Performing Test CMAKE_HAVE_LIBC_PTHREAD - Success
[1.154s] -- Found Threads: TRUE
[1.229s] -- Found eigen3_cmake_module: 0.1.1 (/opt/ros/humble/share/eigen3_cmake_module/cmake)
[1.237s] -- Found Eigen3: TRUE (found version "3.4.0")
[1.239s] -- Found geometry_msgs: 4.9.0 (/opt/ros/humble/share/geometry_msgs/cmake)
[1.262s] -- Found ament_lint_auto: 0.12.14 (/opt/ros/humble/share/ament_lint_auto/cmake)
[1.354s] -- Added test 'copyright' to check source files copyright and LICENSE
[1.355s] -- Added test 'cppcheck' to perform static code analysis on C / C++ code
[1.356s] -- Configured cppcheck include dirs: /home/rmsentry/ros_ws/src/rmoss_core/rmoss_projectile_motion/include
[1.356s] -- Configured cppcheck exclude dirs and/or files: 
[1.357s] -- Added test 'cpplint' to check C / C++ code against the Google style
[1.357s] -- Configured cpplint exclude dirs and/or files: 
[1.358s] -- Added test 'lint_cmake' to check CMake code style
[1.360s] -- Added test 'uncrustify' to check C / C++ code style
[1.361s] -- Configured uncrustify additional arguments: 
[1.361s] -- Added test 'xmllint' to check XML markup files
[1.364s] -- Configuring done (1.3s)
[1.382s] -- Generating done (0.0s)
[1.382s] -- Build files have been written to: /home/rmsentry/ros_ws/build/rmoss_projectile_motion
[1.392s] Invoked command in '/home/rmsentry/ros_ws/build/rmoss_projectile_motion' returned '0': CMAKE_PREFIX_PATH=/opt/ros/humble /usr/local/bin/cmake /home/rmsentry/ros_ws/src/rmoss_core/rmoss_projectile_motion -DAMENT_CMAKE_SYMLINK_INSTALL=1 -DCMAKE_INSTALL_PREFIX=/home/rmsentry/ros_ws/install/rmoss_projectile_motion
[1.394s] Invoking command in '/home/rmsentry/ros_ws/build/rmoss_projectile_motion': CMAKE_PREFIX_PATH=/opt/ros/humble /usr/local/bin/cmake --build /home/rmsentry/ros_ws/build/rmoss_projectile_motion -- -j12 -l12
[1.422s] [ 20%] Building CXX object CMakeFiles/rmoss_projectile_motion.dir/src/iterative_projectile_tool.cpp.o
[1.425s] [ 40%] Building CXX object CMakeFiles/rmoss_projectile_motion.dir/src/gravity_projectile_solver.cpp.o
[1.429s] [ 60%] Building CXX object CMakeFiles/rmoss_projectile_motion.dir/src/gaf_projectile_solver.cpp.o
[1.433s] [ 80%] Building CXX object CMakeFiles/rmoss_projectile_motion.dir/src/gimbal_transform_tool.cpp.o
[3.048s] [100%] Linking CXX shared library librmoss_projectile_motion.so
[3.233s] [100%] Built target rmoss_projectile_motion
[3.247s] Invoked command in '/home/rmsentry/ros_ws/build/rmoss_projectile_motion' returned '0': CMAKE_PREFIX_PATH=/opt/ros/humble /usr/local/bin/cmake --build /home/rmsentry/ros_ws/build/rmoss_projectile_motion -- -j12 -l12
[3.249s] Invoking command in '/home/rmsentry/ros_ws/build/rmoss_projectile_motion': CMAKE_PREFIX_PATH=/opt/ros/humble /usr/local/bin/cmake --install /home/rmsentry/ros_ws/build/rmoss_projectile_motion
[3.254s] -- Install configuration: ""
[3.255s] -- Execute custom install script
[3.255s] -- Symlinking: /home/rmsentry/ros_ws/install/rmoss_projectile_motion/include/rmoss_projectile_motion/gaf_projectile_solver.hpp
[3.259s] -- Symlinking: /home/rmsentry/ros_ws/install/rmoss_projectile_motion/include/rmoss_projectile_motion/gimbal_transform_tool.hpp
[3.263s] -- Symlinking: /home/rmsentry/ros_ws/install/rmoss_projectile_motion/include/rmoss_projectile_motion/gravity_projectile_solver.hpp
[3.266s] -- Symlinking: /home/rmsentry/ros_ws/install/rmoss_projectile_motion/include/rmoss_projectile_motion/iterative_projectile_tool.hpp
[3.271s] -- Symlinking: /home/rmsentry/ros_ws/install/rmoss_projectile_motion/include/rmoss_projectile_motion/projectile_solver_interface.hpp
[3.274s] -- Symlinking: /home/rmsentry/ros_ws/install/rmoss_projectile_motion/share/rmoss_projectile_motion/environment/library_path.sh
[3.278s] -- Symlinking: /home/rmsentry/ros_ws/install/rmoss_projectile_motion/share/rmoss_projectile_motion/environment/library_path.dsv
[3.283s] -- Symlinking: /home/rmsentry/ros_ws/install/rmoss_projectile_motion/share/ament_index/resource_index/package_run_dependencies/rmoss_projectile_motion
[3.286s] -- Symlinking: /home/rmsentry/ros_ws/install/rmoss_projectile_motion/share/ament_index/resource_index/parent_prefix_path/rmoss_projectile_motion
[3.290s] -- Symlinking: /home/rmsentry/ros_ws/install/rmoss_projectile_motion/share/rmoss_projectile_motion/environment/ament_prefix_path.sh
[3.294s] -- Symlinking: /home/rmsentry/ros_ws/install/rmoss_projectile_motion/share/rmoss_projectile_motion/environment/ament_prefix_path.dsv
[3.299s] -- Symlinking: /home/rmsentry/ros_ws/install/rmoss_projectile_motion/share/rmoss_projectile_motion/environment/path.sh
[3.306s] -- Symlinking: /home/rmsentry/ros_ws/install/rmoss_projectile_motion/share/rmoss_projectile_motion/environment/path.dsv
[3.309s] -- Symlinking: /home/rmsentry/ros_ws/install/rmoss_projectile_motion/share/rmoss_projectile_motion/local_setup.bash
[3.320s] -- Symlinking: /home/rmsentry/ros_ws/install/rmoss_projectile_motion/share/rmoss_projectile_motion/local_setup.sh
[3.320s] -- Symlinking: /home/rmsentry/ros_ws/install/rmoss_projectile_motion/share/rmoss_projectile_motion/local_setup.zsh
[3.321s] -- Symlinking: /home/rmsentry/ros_ws/install/rmoss_projectile_motion/share/rmoss_projectile_motion/local_setup.dsv
[3.325s] -- Symlinking: /home/rmsentry/ros_ws/install/rmoss_projectile_motion/share/rmoss_projectile_motion/package.dsv
[3.329s] -- Symlinking: /home/rmsentry/ros_ws/install/rmoss_projectile_motion/share/ament_index/resource_index/packages/rmoss_projectile_motion
[3.337s] -- Symlinking: /home/rmsentry/ros_ws/install/rmoss_projectile_motion/share/rmoss_projectile_motion/cmake/ament_cmake_export_targets-extras.cmake
[3.338s] -- Symlinking: /home/rmsentry/ros_ws/install/rmoss_projectile_motion/share/rmoss_projectile_motion/cmake/ament_cmake_export_dependencies-extras.cmake
[3.343s] -- Symlinking: /home/rmsentry/ros_ws/install/rmoss_projectile_motion/share/rmoss_projectile_motion/cmake/rmoss_projectile_motionConfig.cmake
[3.347s] -- Symlinking: /home/rmsentry/ros_ws/install/rmoss_projectile_motion/share/rmoss_projectile_motion/cmake/rmoss_projectile_motionConfig-version.cmake
[3.354s] -- Symlinking: /home/rmsentry/ros_ws/install/rmoss_projectile_motion/share/rmoss_projectile_motion/package.xml
[3.360s] -- Installing: /home/rmsentry/ros_ws/install/rmoss_projectile_motion/lib/librmoss_projectile_motion.so
[3.361s] -- Set non-toolchain portion of runtime path of "/home/rmsentry/ros_ws/install/rmoss_projectile_motion/lib/librmoss_projectile_motion.so" to ""
[3.367s] -- Installing: /home/rmsentry/ros_ws/install/rmoss_projectile_motion/share/rmoss_projectile_motion/cmake/rmoss_projectile_motionExport.cmake
[3.367s] -- Installing: /home/rmsentry/ros_ws/install/rmoss_projectile_motion/share/rmoss_projectile_motion/cmake/rmoss_projectile_motionExport-noconfig.cmake
[3.378s] Invoked command in '/home/rmsentry/ros_ws/build/rmoss_projectile_motion' returned '0': CMAKE_PREFIX_PATH=/opt/ros/humble /usr/local/bin/cmake --install /home/rmsentry/ros_ws/build/rmoss_projectile_motion
