[0.021s] Invoking command in '/home/rmsentry/ros_ws/build/loam_interface': CMAKE_PREFIX_PATH=/opt/ros/humble /usr/local/bin/cmake /home/rmsentry/ros_ws/src/pb2025_sentry_nav/loam_interface -DAMENT_CMAKE_SYMLINK_INSTALL=1 -DCMAKE_INSTALL_PREFIX=/home/rmsentry/ros_ws/install/loam_interface
[0.314s] -- The C compiler identification is GNU 11.4.0
[0.314s] -- The CXX compiler identification is GNU 11.4.0
[0.314s] -- Detecting C compiler ABI info
[0.314s] -- Detecting C compiler ABI info - done
[0.314s] -- Check for working C compiler: /usr/bin/cc - skipped
[0.314s] -- Detecting C compile features
[0.314s] -- Detecting C compile features - done
[0.314s] -- Detecting CXX compiler ABI info
[0.366s] -- Detecting CXX compiler ABI info - done
[0.401s] -- Check for working CXX compiler: /usr/bin/c++ - skipped
[0.401s] -- Detecting CXX compile features
[0.401s] -- Detecting CXX compile features - done
[0.408s] -- Found ament_cmake_auto: 1.3.12 (/opt/ros/humble/share/ament_cmake_auto/cmake)
[0.580s] -- Found Python3: /usr/bin/python3 (found version "3.10.12") found components: Interpreter
[0.651s] -- Override CMake install command with custom implementation using symlinks instead of copying resources
[0.803s] -- Found rosidl_generator_c: 3.1.7 (/opt/ros/humble/share/rosidl_generator_c/cmake)
[0.809s] -- Found rosidl_adapter: 3.1.7 (/opt/ros/humble/share/rosidl_adapter/cmake)
[0.818s] -- Found rosidl_generator_cpp: 3.1.7 (/opt/ros/humble/share/rosidl_generator_cpp/cmake)
[0.834s] -- Using all available rosidl_typesupport_c: rosidl_typesupport_fastrtps_c;rosidl_typesupport_introspection_c
[0.854s] -- Using all available rosidl_typesupport_cpp: rosidl_typesupport_fastrtps_cpp;rosidl_typesupport_introspection_cpp
[0.911s] -- Found rmw_implementation_cmake: 6.1.2 (/opt/ros/humble/share/rmw_implementation_cmake/cmake)
[0.911s] -- Found rmw_fastrtps_cpp: 6.2.8 (/opt/ros/humble/share/rmw_fastrtps_cpp/cmake)
[1.022s] -- Found OpenSSL: /usr/lib/x86_64-linux-gnu/libcrypto.so (found version "3.0.2")
[1.055s] -- Found FastRTPS: /opt/ros/humble/include
[1.108s] -- Using RMW implementation 'rmw_fastrtps_cpp' as default
[1.115s] -- Performing Test CMAKE_HAVE_LIBC_PTHREAD
[1.201s] -- Performing Test CMAKE_HAVE_LIBC_PTHREAD - Success
[1.203s] -- Found Threads: TRUE
[1.472s] -- Found eigen3_cmake_module: 0.1.1 (/opt/ros/humble/share/eigen3_cmake_module/cmake)
[1.473s] -- Found Eigen3: TRUE (found version "3.4.0")
[1.474s] -- Ensuring Eigen3 include directory is part of orocos-kdl CMake target
[1.592s] CMake Warning (dev) at /usr/lib/x86_64-linux-gnu/cmake/pcl/PCLConfig.cmake:146 (find_package):
[1.592s]   Policy CMP0144 is not set: find_package uses upper-case <PACKAGENAME>_ROOT
[1.592s]   variables.  Run "cmake --help-policy CMP0144" for policy details.  Use the
[1.592s]   cmake_policy command to set the policy and suppress this warning.
[1.592s] 
[1.592s]   CMake variable EIGEN_ROOT is set to:
[1.592s] 
[1.592s]     /usr/include/eigen3
[1.592s] 
[1.592s]   For compatibility, find_package is ignoring the variable, but code in a
[1.593s]   .cmake module might still use it.
[1.593s] Call Stack (most recent call first):
[1.593s]   /usr/lib/x86_64-linux-gnu/cmake/pcl/PCLConfig.cmake:299 (find_eigen)
[1.593s]   /usr/lib/x86_64-linux-gnu/cmake/pcl/PCLConfig.cmake:543 (find_external_library)
[1.593s]   /opt/ros/humble/share/pcl_conversions/cmake/ament_cmake_export_dependencies-extras.cmake:21 (find_package)
[1.593s]   /opt/ros/humble/share/pcl_conversions/cmake/pcl_conversionsConfig.cmake:41 (include)
[1.593s]   /opt/ros/humble/share/pcl_ros/cmake/ament_cmake_export_dependencies-extras.cmake:21 (find_package)
[1.593s]   /opt/ros/humble/share/pcl_ros/cmake/pcl_rosConfig.cmake:41 (include)
[1.593s]   /opt/ros/humble/share/ament_cmake_auto/cmake/ament_auto_find_build_dependencies.cmake:67 (find_package)
[1.593s]   CMakeLists.txt:20 (ament_auto_find_build_dependencies)
[1.593s] This warning is for project developers.  Use -Wno-dev to suppress it.
[1.594s] 
[1.598s] -- Checking for module 'eigen3'
[1.614s] --   Found eigen3, version 3.4.0
[1.659s] -- Found Eigen: /usr/include/eigen3 (Required is at least version "3.1")
[1.662s] -- Eigen found (include: /usr/include/eigen3, version: 3.4.0)
[1.686s] CMake Warning (dev) at /usr/lib/x86_64-linux-gnu/cmake/pcl/Modules/FindFLANN.cmake:44 (find_package):
[1.686s]   Policy CMP0144 is not set: find_package uses upper-case <PACKAGENAME>_ROOT
[1.686s]   variables.  Run "cmake --help-policy CMP0144" for policy details.  Use the
[1.686s]   cmake_policy command to set the policy and suppress this warning.
[1.686s] 
[1.686s]   CMake variable FLANN_ROOT is set to:
[1.686s] 
[1.686s]     /usr
[1.686s] 
[1.686s]   For compatibility, find_package is ignoring the variable, but code in a
[1.686s]   .cmake module might still use it.
[1.686s] Call Stack (most recent call first):
[1.686s]   /usr/lib/x86_64-linux-gnu/cmake/pcl/PCLConfig.cmake:256 (find_package)
[1.686s]   /usr/lib/x86_64-linux-gnu/cmake/pcl/PCLConfig.cmake:301 (find_flann)
[1.686s]   /usr/lib/x86_64-linux-gnu/cmake/pcl/PCLConfig.cmake:543 (find_external_library)
[1.686s]   /opt/ros/humble/share/pcl_conversions/cmake/ament_cmake_export_dependencies-extras.cmake:21 (find_package)
[1.686s]   /opt/ros/humble/share/pcl_conversions/cmake/pcl_conversionsConfig.cmake:41 (include)
[1.686s]   /opt/ros/humble/share/pcl_ros/cmake/ament_cmake_export_dependencies-extras.cmake:21 (find_package)
[1.686s]   /opt/ros/humble/share/pcl_ros/cmake/pcl_rosConfig.cmake:41 (include)
[1.687s]   /opt/ros/humble/share/ament_cmake_auto/cmake/ament_auto_find_build_dependencies.cmake:67 (find_package)
[1.687s]   CMakeLists.txt:20 (ament_auto_find_build_dependencies)
[1.687s] This warning is for project developers.  Use -Wno-dev to suppress it.
[1.687s] 
[1.706s] -- Checking for module 'flann'
[1.726s] --   Found flann, version 1.9.1
[1.809s] -- Found FLANN: /usr/lib/x86_64-linux-gnu/libflann_cpp.so
[1.810s] -- FLANN found (include: /usr/include, lib: /usr/lib/x86_64-linux-gnu/libflann_cpp.so)
[3.470s] -- Checking for module 'libusb-1.0'
[3.483s] --   Found libusb-1.0, version 1.0.26
[3.554s] -- Found libusb: /usr/local/lib/libusb-1.0.so
[3.563s] -- OpenNI found (version: 1.5.4.0, include: /usr/include/ni, lib: /usr/lib/libOpenNI.so;libusb::libusb)
[3.702s] -- OpenNI2 found (version: 2.2.0.33, include: /usr/include/openni2, lib: /usr/lib/x86_64-linux-gnu/libOpenNI2.so;libusb::libusb)
[4.638s] -- Eigen found (include: /usr/include/eigen3, version: 3.4.0)
[4.659s] -- OpenNI found (version: 1.5.4.0, include: /usr/include/ni, lib: /usr/lib/libOpenNI.so;libusb::libusb)
[4.675s] -- OpenNI2 found (version: 2.2.0.33, include: /usr/include/openni2, lib: /usr/lib/x86_64-linux-gnu/libOpenNI2.so;libusb::libusb)
[5.145s] -- Found Qhull version 8.0.2
[5.826s] -- OpenNI found (version: 1.5.4.0, include: /usr/include/ni, lib: /usr/lib/libOpenNI.so;libusb::libusb)
[6.356s] -- Found PCL_COMMON: /usr/lib/x86_64-linux-gnu/libpcl_common.so
[6.356s] -- Found PCL_KDTREE: /usr/lib/x86_64-linux-gnu/libpcl_kdtree.so
[6.361s] -- Found PCL_OCTREE: /usr/lib/x86_64-linux-gnu/libpcl_octree.so
[6.363s] -- Found PCL_SEARCH: /usr/lib/x86_64-linux-gnu/libpcl_search.so
[6.368s] -- Found PCL_SAMPLE_CONSENSUS: /usr/lib/x86_64-linux-gnu/libpcl_sample_consensus.so
[6.373s] -- Found PCL_FILTERS: /usr/lib/x86_64-linux-gnu/libpcl_filters.so
[6.376s] -- Found PCL_2D: /usr/include/pcl-1.12
[6.376s] -- Found PCL_GEOMETRY: /usr/include/pcl-1.12
[6.377s] -- Found PCL_IO: /usr/lib/x86_64-linux-gnu/libpcl_io.so
[6.379s] -- Found PCL_FEATURES: /usr/lib/x86_64-linux-gnu/libpcl_features.so
[6.381s] -- Found PCL_ML: /usr/lib/x86_64-linux-gnu/libpcl_ml.so
[6.383s] -- Found PCL_SEGMENTATION: /usr/lib/x86_64-linux-gnu/libpcl_segmentation.so
[6.385s] -- Found PCL_VISUALIZATION: /usr/lib/x86_64-linux-gnu/libpcl_visualization.so
[6.387s] -- Found PCL_SURFACE: /usr/lib/x86_64-linux-gnu/libpcl_surface.so
[6.393s] -- Found PCL_REGISTRATION: /usr/lib/x86_64-linux-gnu/libpcl_registration.so
[6.394s] -- Found PCL_KEYPOINTS: /usr/lib/x86_64-linux-gnu/libpcl_keypoints.so
[6.395s] -- Found PCL_TRACKING: /usr/lib/x86_64-linux-gnu/libpcl_tracking.so
[6.397s] -- Found PCL_RECOGNITION: /usr/lib/x86_64-linux-gnu/libpcl_recognition.so
[6.399s] -- Found PCL_STEREO: /usr/lib/x86_64-linux-gnu/libpcl_stereo.so
[6.401s] -- Found PCL_APPS: /usr/lib/x86_64-linux-gnu/libpcl_apps.so
[6.406s] -- Found PCL_IN_HAND_SCANNER: /usr/include/pcl-1.12
[6.406s] -- Found PCL_MODELER: /usr/include/pcl-1.12
[6.406s] -- Found PCL_POINT_CLOUD_EDITOR: /usr/include/pcl-1.12
[6.406s] -- Found PCL_OUTOFCORE: /usr/lib/x86_64-linux-gnu/libpcl_outofcore.so
[6.410s] -- Found PCL_PEOPLE: /usr/lib/x86_64-linux-gnu/libpcl_people.so
[6.465s] -- Found ament_lint_auto: 0.12.14 (/opt/ros/humble/share/ament_lint_auto/cmake)
[6.495s] -- Added test 'clang_format' to check C / C++ code style
[6.500s] -- Added test 'clang_tidy' to check C / C++ code style
[6.500s] -- Added test 'black' to check Python code style
[6.507s] -- Configuring done (6.5s)
[6.610s] -- Generating done (0.1s)
[6.642s] -- Build files have been written to: /home/rmsentry/ros_ws/build/loam_interface
[6.700s] Invoked command in '/home/rmsentry/ros_ws/build/loam_interface' returned '0': CMAKE_PREFIX_PATH=/opt/ros/humble /usr/local/bin/cmake /home/rmsentry/ros_ws/src/pb2025_sentry_nav/loam_interface -DAMENT_CMAKE_SYMLINK_INSTALL=1 -DCMAKE_INSTALL_PREFIX=/home/rmsentry/ros_ws/install/loam_interface
[6.701s] Invoking command in '/home/rmsentry/ros_ws/build/loam_interface': CMAKE_PREFIX_PATH=/opt/ros/humble /usr/local/bin/cmake --build /home/rmsentry/ros_ws/build/loam_interface -- -j12 -l12
[6.778s] [ 25%] Building CXX object CMakeFiles/loam_interface_node.dir/rclcpp_components/node_main_loam_interface_node.cpp.o
[6.779s] [ 50%] Building CXX object CMakeFiles/loam_interface.dir/src/loam_interface.cpp.o
[19.845s] [ 75%] Linking CXX executable loam_interface_node
[20.115s] [ 75%] Built target loam_interface_node
[39.371s] [100%] Linking CXX shared library libloam_interface.so
[41.629s] [100%] Built target loam_interface
[41.644s] Invoked command in '/home/rmsentry/ros_ws/build/loam_interface' returned '0': CMAKE_PREFIX_PATH=/opt/ros/humble /usr/local/bin/cmake --build /home/rmsentry/ros_ws/build/loam_interface -- -j12 -l12
[41.649s] Invoking command in '/home/rmsentry/ros_ws/build/loam_interface': CMAKE_PREFIX_PATH=/opt/ros/humble /usr/local/bin/cmake --install /home/rmsentry/ros_ws/build/loam_interface
[41.665s] -- Install configuration: ""
[41.665s] -- Execute custom install script
[41.669s] -- Symlinking: /home/rmsentry/ros_ws/install/loam_interface/lib/loam_interface/loam_interface_node
[41.677s] -- Symlinking: /home/rmsentry/ros_ws/install/loam_interface/include/loam_interface/loam_interface/loam_interface.hpp
[41.685s] -- Symlinking: /home/rmsentry/ros_ws/install/loam_interface/share/loam_interface/environment/library_path.sh
[41.695s] -- Symlinking: /home/rmsentry/ros_ws/install/loam_interface/share/loam_interface/environment/library_path.dsv
[41.704s] -- Symlinking: /home/rmsentry/ros_ws/install/loam_interface/lib/libloam_interface.so
[41.709s] -- Symlinking: /home/rmsentry/ros_ws/install/loam_interface/share/loam_interface/launch/loam_interface_launch.py
[41.718s] -- Symlinking: /home/rmsentry/ros_ws/install/loam_interface/share/ament_index/resource_index/package_run_dependencies/loam_interface
[41.730s] -- Symlinking: /home/rmsentry/ros_ws/install/loam_interface/share/ament_index/resource_index/parent_prefix_path/loam_interface
[41.736s] -- Symlinking: /home/rmsentry/ros_ws/install/loam_interface/share/loam_interface/environment/ament_prefix_path.sh
[41.746s] -- Symlinking: /home/rmsentry/ros_ws/install/loam_interface/share/loam_interface/environment/ament_prefix_path.dsv
[41.760s] -- Symlinking: /home/rmsentry/ros_ws/install/loam_interface/share/loam_interface/environment/path.sh
[41.770s] -- Symlinking: /home/rmsentry/ros_ws/install/loam_interface/share/loam_interface/environment/path.dsv
[41.777s] -- Symlinking: /home/rmsentry/ros_ws/install/loam_interface/share/loam_interface/local_setup.bash
[41.783s] -- Symlinking: /home/rmsentry/ros_ws/install/loam_interface/share/loam_interface/local_setup.sh
[41.791s] -- Symlinking: /home/rmsentry/ros_ws/install/loam_interface/share/loam_interface/local_setup.zsh
[41.803s] -- Symlinking: /home/rmsentry/ros_ws/install/loam_interface/share/loam_interface/local_setup.dsv
[41.814s] -- Symlinking: /home/rmsentry/ros_ws/install/loam_interface/share/loam_interface/package.dsv
[41.824s] -- Symlinking: /home/rmsentry/ros_ws/install/loam_interface/share/ament_index/resource_index/packages/loam_interface
[41.839s] -- Symlinking: /home/rmsentry/ros_ws/install/loam_interface/share/ament_index/resource_index/rclcpp_components/loam_interface
[41.844s] -- Symlinking: /home/rmsentry/ros_ws/install/loam_interface/share/loam_interface/cmake/ament_cmake_export_dependencies-extras.cmake
[41.850s] -- Symlinking: /home/rmsentry/ros_ws/install/loam_interface/share/loam_interface/cmake/ament_cmake_export_include_directories-extras.cmake
[41.861s] -- Symlinking: /home/rmsentry/ros_ws/install/loam_interface/share/loam_interface/cmake/ament_cmake_export_libraries-extras.cmake
[41.869s] -- Symlinking: /home/rmsentry/ros_ws/install/loam_interface/share/loam_interface/cmake/loam_interfaceConfig.cmake
[41.885s] -- Symlinking: /home/rmsentry/ros_ws/install/loam_interface/share/loam_interface/cmake/loam_interfaceConfig-version.cmake
[41.898s] -- Symlinking: /home/rmsentry/ros_ws/install/loam_interface/share/loam_interface/package.xml
[41.904s] Invoked command in '/home/rmsentry/ros_ws/build/loam_interface' returned '0': CMAKE_PREFIX_PATH=/opt/ros/humble /usr/local/bin/cmake --install /home/rmsentry/ros_ws/build/loam_interface
