[0.032s] Invoking command in '/home/rmsentry/ros_ws/build/rmoss_util': AMENT_PREFIX_PATH=/home/rmsentry/ros_ws/install/rmoss_interfaces:${AMENT_PREFIX_PATH} CMAKE_PREFIX_PATH=/home/rmsentry/ros_ws/install/rmoss_interfaces:/opt/ros/humble LD_LIBRARY_PATH=/home/rmsentry/ros_ws/install/rmoss_interfaces/lib:/opt/MVS/lib/64:/opt/MVS/lib/32:/usr/local/lib:/opt/MVS/lib/64:/opt/MVS/lib/32:/opt/MVS/lib/64:/opt/MVS/lib/32:/usr/local/lib:/opt/ros/humble/opt/rviz_ogre_vendor/lib:/opt/ros/humble/lib/x86_64-linux-gnu:/opt/ros/humble/lib:/opt/MVS/lib/64:/opt/MVS/lib/32:/opt/MVS/lib/64:/opt/MVS/lib/32:/opt/MVS/lib/64:/opt/MVS/lib/32 PYTHONPATH=/home/rmsentry/ros_ws/install/rmoss_interfaces/local/lib/python3.10/dist-packages:${PYTHONPATH} /usr/local/bin/cmake /home/rmsentry/ros_ws/src/rmoss_core/rmoss_util -DAMENT_CMAKE_SYMLINK_INSTALL=1 -DCMAKE_INSTALL_PREFIX=/home/rmsentry/ros_ws/install/rmoss_util
[0.152s] -- The C compiler identification is GNU 11.4.0
[0.263s] -- The CXX compiler identification is GNU 11.4.0
[0.291s] -- Detecting C compiler ABI info
[0.432s] -- Detecting C compiler ABI info - done
[0.499s] -- Check for working C compiler: /usr/bin/cc - skipped
[0.499s] -- Detecting C compile features
[0.504s] -- Detecting C compile features - done
[0.514s] -- Detecting CXX compiler ABI info
[0.656s] -- Detecting CXX compiler ABI info - done
[0.700s] -- Check for working CXX compiler: /usr/bin/c++ - skipped
[0.701s] -- Detecting CXX compile features
[0.706s] -- Detecting CXX compile features - done
[0.706s] -- Found ament_cmake: 1.3.12 (/opt/ros/humble/share/ament_cmake/cmake)
[0.956s] -- Found Python3: /usr/bin/python3 (found version "3.10.12") found components: Interpreter
[1.035s] -- Override CMake install command with custom implementation using symlinks instead of copying resources
[1.078s] -- Found ament_index_cpp: 1.4.0 (/opt/ros/humble/share/ament_index_cpp/cmake)
[1.081s] -- Found rcpputils: 2.4.5 (/opt/ros/humble/share/rcpputils/cmake)
[1.103s] -- Found rclcpp: 16.0.16 (/opt/ros/humble/share/rclcpp/cmake)
[1.143s] -- Found rosidl_generator_c: 3.1.7 (/opt/ros/humble/share/rosidl_generator_c/cmake)
[1.149s] -- Found rosidl_adapter: 3.1.7 (/opt/ros/humble/share/rosidl_adapter/cmake)
[1.160s] -- Found rosidl_generator_cpp: 3.1.7 (/opt/ros/humble/share/rosidl_generator_cpp/cmake)
[1.179s] -- Using all available rosidl_typesupport_c: rosidl_typesupport_fastrtps_c;rosidl_typesupport_introspection_c
[1.198s] -- Using all available rosidl_typesupport_cpp: rosidl_typesupport_fastrtps_cpp;rosidl_typesupport_introspection_cpp
[1.264s] -- Found rmw_implementation_cmake: 6.1.2 (/opt/ros/humble/share/rmw_implementation_cmake/cmake)
[1.271s] -- Found rmw_fastrtps_cpp: 6.2.8 (/opt/ros/humble/share/rmw_fastrtps_cpp/cmake)
[1.373s] -- Found OpenSSL: /usr/lib/x86_64-linux-gnu/libcrypto.so (found version "3.0.2")
[1.410s] -- Found FastRTPS: /opt/ros/humble/include
[1.485s] -- Using RMW implementation 'rmw_fastrtps_cpp' as default
[1.495s] -- Performing Test CMAKE_HAVE_LIBC_PTHREAD
[1.582s] -- Performing Test CMAKE_HAVE_LIBC_PTHREAD - Success
[1.583s] -- Found Threads: TRUE
[1.661s] -- Found sensor_msgs: 4.9.0 (/opt/ros/humble/share/sensor_msgs/cmake)
[1.708s] -- Found rmoss_interfaces: 0.9.0 (/home/rmsentry/ros_ws/install/rmoss_interfaces/share/rmoss_interfaces/cmake)
[1.747s] -- Found cv_bridge: 3.2.1 (/opt/ros/humble/share/cv_bridge/cmake)
[1.771s] -- Found OpenCV: /usr (found version "4.5.4")
[1.778s] -- Found ament_lint_auto: 0.12.14 (/opt/ros/humble/share/ament_lint_auto/cmake)
[1.890s] -- Found ament_cmake_gtest: 1.3.12 (/opt/ros/humble/share/ament_cmake_gtest/cmake)
[1.893s] -- Found gtest sources under '/opt/ros/humble/src/gtest_vendor': C++ tests using 'Google Test' will be built
[1.902s] -- Added test 'copyright' to check source files copyright and LICENSE
[1.905s] -- Added test 'cppcheck' to perform static code analysis on C / C++ code
[1.905s] -- Configured cppcheck include dirs: /home/rmsentry/ros_ws/src/rmoss_core/rmoss_util/include
[1.905s] -- Configured cppcheck exclude dirs and/or files: 
[1.906s] -- Added test 'cpplint' to check C / C++ code against the Google style
[1.906s] -- Configured cpplint exclude dirs and/or files: 
[1.906s] -- Added test 'lint_cmake' to check CMake code style
[1.908s] -- Added test 'uncrustify' to check C / C++ code style
[1.908s] -- Configured uncrustify additional arguments: 
[1.909s] -- Added test 'xmllint' to check XML markup files
[1.913s] -- Configuring done (1.9s)
[1.956s] -- Generating done (0.0s)
[1.969s] -- Build files have been written to: /home/rmsentry/ros_ws/build/rmoss_util
[1.984s] Invoked command in '/home/rmsentry/ros_ws/build/rmoss_util' returned '0': AMENT_PREFIX_PATH=/home/rmsentry/ros_ws/install/rmoss_interfaces:${AMENT_PREFIX_PATH} CMAKE_PREFIX_PATH=/home/rmsentry/ros_ws/install/rmoss_interfaces:/opt/ros/humble LD_LIBRARY_PATH=/home/rmsentry/ros_ws/install/rmoss_interfaces/lib:/opt/MVS/lib/64:/opt/MVS/lib/32:/usr/local/lib:/opt/MVS/lib/64:/opt/MVS/lib/32:/opt/MVS/lib/64:/opt/MVS/lib/32:/usr/local/lib:/opt/ros/humble/opt/rviz_ogre_vendor/lib:/opt/ros/humble/lib/x86_64-linux-gnu:/opt/ros/humble/lib:/opt/MVS/lib/64:/opt/MVS/lib/32:/opt/MVS/lib/64:/opt/MVS/lib/32:/opt/MVS/lib/64:/opt/MVS/lib/32 PYTHONPATH=/home/rmsentry/ros_ws/install/rmoss_interfaces/local/lib/python3.10/dist-packages:${PYTHONPATH} /usr/local/bin/cmake /home/rmsentry/ros_ws/src/rmoss_core/rmoss_util -DAMENT_CMAKE_SYMLINK_INSTALL=1 -DCMAKE_INSTALL_PREFIX=/home/rmsentry/ros_ws/install/rmoss_util
[1.985s] Invoking command in '/home/rmsentry/ros_ws/build/rmoss_util': AMENT_PREFIX_PATH=/home/rmsentry/ros_ws/install/rmoss_interfaces:${AMENT_PREFIX_PATH} CMAKE_PREFIX_PATH=/home/rmsentry/ros_ws/install/rmoss_interfaces:/opt/ros/humble LD_LIBRARY_PATH=/home/rmsentry/ros_ws/install/rmoss_interfaces/lib:/opt/MVS/lib/64:/opt/MVS/lib/32:/usr/local/lib:/opt/MVS/lib/64:/opt/MVS/lib/32:/opt/MVS/lib/64:/opt/MVS/lib/32:/usr/local/lib:/opt/ros/humble/opt/rviz_ogre_vendor/lib:/opt/ros/humble/lib/x86_64-linux-gnu:/opt/ros/humble/lib:/opt/MVS/lib/64:/opt/MVS/lib/32:/opt/MVS/lib/64:/opt/MVS/lib/32:/opt/MVS/lib/64:/opt/MVS/lib/32 PYTHONPATH=/home/rmsentry/ros_ws/install/rmoss_interfaces/local/lib/python3.10/dist-packages:${PYTHONPATH} /usr/local/bin/cmake --build /home/rmsentry/ros_ws/build/rmoss_util -- -j12 -l12
[2.022s] [  7%] Building CXX object gtest/CMakeFiles/gtest_main.dir/src/gtest_main.cc.o
[2.029s] [ 15%] Building CXX object gtest/CMakeFiles/gtest.dir/src/gtest-all.cc.o
[2.031s] [ 23%] Building CXX object CMakeFiles/rmoss_util.dir/src/debug.cpp.o
[2.039s] [ 38%] Building CXX object CMakeFiles/rmoss_util.dir/src/time_utils.cpp.o
[2.040s] [ 38%] Building CXX object CMakeFiles/rmoss_util.dir/src/task_manager.cpp.o
[2.040s] [ 46%] Building CXX object CMakeFiles/rmoss_util.dir/src/mono_measure_tool.cpp.o
[2.040s] [ 53%] Building CXX object CMakeFiles/rmoss_util.dir/src/image_utils.cpp.o
[2.042s] [ 61%] Building CXX object CMakeFiles/rmoss_util.dir/src/url_resolver.cpp.o
[3.075s] [ 69%] Linking CXX static library libgtest_main.a
[3.162s] [ 69%] Built target gtest_main
[7.713s] [ 76%] Linking CXX static library libgtest.a
[7.786s] [ 76%] Built target gtest
[9.452s] [ 84%] Linking CXX shared library librmoss_util.so
[10.249s] [ 84%] Built target rmoss_util
[10.288s] [ 92%] Building CXX object test/CMakeFiles/test_url_resolve.dir/test_url_resolve.cpp.o
[13.070s] [100%] Linking CXX executable test_url_resolve
[13.455s] [100%] Built target test_url_resolve
[13.455s] Invoked command in '/home/rmsentry/ros_ws/build/rmoss_util' returned '0': AMENT_PREFIX_PATH=/home/rmsentry/ros_ws/install/rmoss_interfaces:${AMENT_PREFIX_PATH} CMAKE_PREFIX_PATH=/home/rmsentry/ros_ws/install/rmoss_interfaces:/opt/ros/humble LD_LIBRARY_PATH=/home/rmsentry/ros_ws/install/rmoss_interfaces/lib:/opt/MVS/lib/64:/opt/MVS/lib/32:/usr/local/lib:/opt/MVS/lib/64:/opt/MVS/lib/32:/opt/MVS/lib/64:/opt/MVS/lib/32:/usr/local/lib:/opt/ros/humble/opt/rviz_ogre_vendor/lib:/opt/ros/humble/lib/x86_64-linux-gnu:/opt/ros/humble/lib:/opt/MVS/lib/64:/opt/MVS/lib/32:/opt/MVS/lib/64:/opt/MVS/lib/32:/opt/MVS/lib/64:/opt/MVS/lib/32 PYTHONPATH=/home/rmsentry/ros_ws/install/rmoss_interfaces/local/lib/python3.10/dist-packages:${PYTHONPATH} /usr/local/bin/cmake --build /home/rmsentry/ros_ws/build/rmoss_util -- -j12 -l12
[13.457s] Invoking command in '/home/rmsentry/ros_ws/build/rmoss_util': AMENT_PREFIX_PATH=/home/rmsentry/ros_ws/install/rmoss_interfaces:${AMENT_PREFIX_PATH} CMAKE_PREFIX_PATH=/home/rmsentry/ros_ws/install/rmoss_interfaces:/opt/ros/humble LD_LIBRARY_PATH=/home/rmsentry/ros_ws/install/rmoss_interfaces/lib:/opt/MVS/lib/64:/opt/MVS/lib/32:/usr/local/lib:/opt/MVS/lib/64:/opt/MVS/lib/32:/opt/MVS/lib/64:/opt/MVS/lib/32:/usr/local/lib:/opt/ros/humble/opt/rviz_ogre_vendor/lib:/opt/ros/humble/lib/x86_64-linux-gnu:/opt/ros/humble/lib:/opt/MVS/lib/64:/opt/MVS/lib/32:/opt/MVS/lib/64:/opt/MVS/lib/32:/opt/MVS/lib/64:/opt/MVS/lib/32 PYTHONPATH=/home/rmsentry/ros_ws/install/rmoss_interfaces/local/lib/python3.10/dist-packages:${PYTHONPATH} /usr/local/bin/cmake --install /home/rmsentry/ros_ws/build/rmoss_util
[13.462s] -- Install configuration: ""
[13.463s] -- Execute custom install script
[13.464s] -- Symlinking: /home/rmsentry/ros_ws/install/rmoss_util/include/rmoss_util/debug.hpp
[13.469s] -- Symlinking: /home/rmsentry/ros_ws/install/rmoss_util/include/rmoss_util/image_utils.hpp
[13.475s] -- Symlinking: /home/rmsentry/ros_ws/install/rmoss_util/include/rmoss_util/mono_measure_tool.hpp
[13.479s] -- Symlinking: /home/rmsentry/ros_ws/install/rmoss_util/include/rmoss_util/task_manager.hpp
[13.483s] -- Symlinking: /home/rmsentry/ros_ws/install/rmoss_util/include/rmoss_util/time_utils.hpp
[13.492s] -- Symlinking: /home/rmsentry/ros_ws/install/rmoss_util/include/rmoss_util/url_resolver.hpp
[13.494s] -- Symlinking: /home/rmsentry/ros_ws/install/rmoss_util/share/rmoss_util/environment/library_path.sh
[13.500s] -- Symlinking: /home/rmsentry/ros_ws/install/rmoss_util/share/rmoss_util/environment/library_path.dsv
[13.505s] -- Symlinking: /home/rmsentry/ros_ws/install/rmoss_util/share/ament_index/resource_index/package_run_dependencies/rmoss_util
[13.512s] -- Symlinking: /home/rmsentry/ros_ws/install/rmoss_util/share/ament_index/resource_index/parent_prefix_path/rmoss_util
[13.516s] -- Symlinking: /home/rmsentry/ros_ws/install/rmoss_util/share/rmoss_util/environment/ament_prefix_path.sh
[13.521s] -- Symlinking: /home/rmsentry/ros_ws/install/rmoss_util/share/rmoss_util/environment/ament_prefix_path.dsv
[13.529s] -- Symlinking: /home/rmsentry/ros_ws/install/rmoss_util/share/rmoss_util/environment/path.sh
[13.538s] -- Symlinking: /home/rmsentry/ros_ws/install/rmoss_util/share/rmoss_util/environment/path.dsv
[13.547s] -- Symlinking: /home/rmsentry/ros_ws/install/rmoss_util/share/rmoss_util/local_setup.bash
[13.555s] -- Symlinking: /home/rmsentry/ros_ws/install/rmoss_util/share/rmoss_util/local_setup.sh
[13.561s] -- Symlinking: /home/rmsentry/ros_ws/install/rmoss_util/share/rmoss_util/local_setup.zsh
[13.565s] -- Symlinking: /home/rmsentry/ros_ws/install/rmoss_util/share/rmoss_util/local_setup.dsv
[13.571s] -- Symlinking: /home/rmsentry/ros_ws/install/rmoss_util/share/rmoss_util/package.dsv
[13.574s] -- Symlinking: /home/rmsentry/ros_ws/install/rmoss_util/share/ament_index/resource_index/packages/rmoss_util
[13.579s] -- Symlinking: /home/rmsentry/ros_ws/install/rmoss_util/share/rmoss_util/cmake/ament_cmake_export_targets-extras.cmake
[13.585s] -- Symlinking: /home/rmsentry/ros_ws/install/rmoss_util/share/rmoss_util/cmake/ament_cmake_export_dependencies-extras.cmake
[13.592s] -- Symlinking: /home/rmsentry/ros_ws/install/rmoss_util/share/rmoss_util/cmake/rmoss_utilConfig.cmake
[13.597s] -- Symlinking: /home/rmsentry/ros_ws/install/rmoss_util/share/rmoss_util/cmake/rmoss_utilConfig-version.cmake
[13.604s] -- Symlinking: /home/rmsentry/ros_ws/install/rmoss_util/share/rmoss_util/package.xml
[13.621s] -- Installing: /home/rmsentry/ros_ws/install/rmoss_util/lib/librmoss_util.so
[13.621s] -- Set non-toolchain portion of runtime path of "/home/rmsentry/ros_ws/install/rmoss_util/lib/librmoss_util.so" to ""
[13.621s] -- Installing: /home/rmsentry/ros_ws/install/rmoss_util/share/rmoss_util/cmake/rmoss_utilExport.cmake
[13.621s] -- Installing: /home/rmsentry/ros_ws/install/rmoss_util/share/rmoss_util/cmake/rmoss_utilExport-noconfig.cmake
[13.622s] Invoked command in '/home/rmsentry/ros_ws/build/rmoss_util' returned '0': AMENT_PREFIX_PATH=/home/rmsentry/ros_ws/install/rmoss_interfaces:${AMENT_PREFIX_PATH} CMAKE_PREFIX_PATH=/home/rmsentry/ros_ws/install/rmoss_interfaces:/opt/ros/humble LD_LIBRARY_PATH=/home/rmsentry/ros_ws/install/rmoss_interfaces/lib:/opt/MVS/lib/64:/opt/MVS/lib/32:/usr/local/lib:/opt/MVS/lib/64:/opt/MVS/lib/32:/opt/MVS/lib/64:/opt/MVS/lib/32:/usr/local/lib:/opt/ros/humble/opt/rviz_ogre_vendor/lib:/opt/ros/humble/lib/x86_64-linux-gnu:/opt/ros/humble/lib:/opt/MVS/lib/64:/opt/MVS/lib/32:/opt/MVS/lib/64:/opt/MVS/lib/32:/opt/MVS/lib/64:/opt/MVS/lib/32 PYTHONPATH=/home/rmsentry/ros_ws/install/rmoss_interfaces/local/lib/python3.10/dist-packages:${PYTHONPATH} /usr/local/bin/cmake --install /home/rmsentry/ros_ws/build/rmoss_util
