-- The C compiler identification is GNU 11.4.0
-- The CXX compiler identification is GNU 11.4.0
-- Detecting C compiler ABI info
-- Detecting C compiler ABI info - done
-- Check for working C compiler: /usr/bin/cc - skipped
-- Detecting C compile features
-- Detecting C compile features - done
-- Detecting CXX compiler ABI info
-- Detecting CXX compiler ABI info - done
-- Check for working CXX compiler: /usr/bin/c++ - skipped
-- Detecting CXX compile features
-- Detecting CXX compile features - done
-- Found ament_cmake: 1.3.12 (/opt/ros/humble/share/ament_cmake/cmake)
-- Found Python3: /usr/bin/python3 (found version "3.10.12") found components: Interpreter
-- Override CMake install command with custom implementation using symlinks instead of copying resources
-- Found rclcpp: 16.0.16 (/opt/ros/humble/share/rclcpp/cmake)
-- Found rosidl_generator_c: 3.1.7 (/opt/ros/humble/share/rosidl_generator_c/cmake)
-- Found rosidl_adapter: 3.1.7 (/opt/ros/humble/share/rosidl_adapter/cmake)
-- Found rosidl_generator_cpp: 3.1.7 (/opt/ros/humble/share/rosidl_generator_cpp/cmake)
-- Using all available rosidl_typesupport_c: rosidl_typesupport_fastrtps_c;rosidl_typesupport_introspection_c
-- Using all available rosidl_typesupport_cpp: rosidl_typesupport_fastrtps_cpp;rosidl_typesupport_introspection_cpp
-- Found rmw_implementation_cmake: 6.1.2 (/opt/ros/humble/share/rmw_implementation_cmake/cmake)
-- Found rmw_fastrtps_cpp: 6.2.8 (/opt/ros/humble/share/rmw_fastrtps_cpp/cmake)
-- Found OpenSSL: /usr/lib/x86_64-linux-gnu/libcrypto.so (found version "3.0.2")
-- Found FastRTPS: /opt/ros/humble/include
-- Using RMW implementation 'rmw_fastrtps_cpp' as default
-- Performing Test CMAKE_HAVE_LIBC_PTHREAD
-- Performing Test CMAKE_HAVE_LIBC_PTHREAD - Success
-- Found Threads: TRUE
-- Found rclcpp_components: 16.0.16 (/opt/ros/humble/share/rclcpp_components/cmake)
-- Found sensor_msgs: 4.9.0 (/opt/ros/humble/share/sensor_msgs/cmake)
-- Found rmoss_interfaces: 0.9.0 (/home/rmsentry/ros_ws/install/rmoss_interfaces/share/rmoss_interfaces/cmake)
-- Found rmoss_util: 0.9.0 (/home/rmsentry/ros_ws/install/rmoss_util/share/rmoss_util/cmake)
-- Found camera_info_manager: 3.1.12 (/opt/ros/humble/share/camera_info_manager/cmake)
-- Found OpenCV: /usr (found version "4.5.4")
-- Found ament_lint_auto: 0.12.14 (/opt/ros/humble/share/ament_lint_auto/cmake)
-- Found ament_cmake_gtest: 1.3.12 (/opt/ros/humble/share/ament_cmake_gtest/cmake)
-- Found gtest sources under '/opt/ros/humble/src/gtest_vendor': C++ tests using 'Google Test' will be built
-- Added test 'copyright' to check source files copyright and LICENSE
-- Added test 'cppcheck' to perform static code analysis on C / C++ code
-- Configured cppcheck include dirs: /home/rmsentry/ros_ws/src/rmoss_core/rmoss_cam/include
-- Configured cppcheck exclude dirs and/or files: 
-- Added test 'cpplint' to check C / C++ code against the Google style
-- Configured cpplint exclude dirs and/or files: 
-- Added test 'flake8' to check Python code syntax and style conventions
-- Added test 'lint_cmake' to check CMake code style
-- Added test 'pep257' to check Python code against some of the docstring style conventions in PEP 257
-- Added test 'uncrustify' to check C / C++ code style
-- Configured uncrustify additional arguments: 
-- Added test 'xmllint' to check XML markup files
-- Configuring done (2.6s)
-- Generating done (0.2s)
-- Build files have been written to: /home/rmsentry/ros_ws/build/rmoss_cam
[  3%] Building CXX object CMakeFiles/rmoss_cam.dir/src/cam_server.cpp.o
[  7%] Building CXX object CMakeFiles/rmoss_cam.dir/src/cam_client.cpp.o
[ 11%] Linking CXX shared library librmoss_cam.so
[ 11%] Built target rmoss_cam
[ 14%] Building CXX object gtest/CMakeFiles/gtest.dir/src/gtest-all.cc.o
[ 18%] Linking CXX static library libgtest.a
[ 18%] Built target gtest
[ 22%] Building CXX object CMakeFiles/image_task_demo_component.dir/src/image_task_demo_node.cpp.o
[ 25%] Linking CXX shared library libimage_task_demo_component.so
[ 25%] Built target image_task_demo_component
[ 29%] Building CXX object CMakeFiles/virtual_cam_component.dir/src/virtual_cam/virtual_cam.cpp.o
[ 33%] Building CXX object CMakeFiles/virtual_cam_component.dir/src/virtual_cam/virtual_cam_node.cpp.o
[ 37%] Linking CXX shared library libvirtual_cam_component.so
[ 37%] Built target virtual_cam_component
[ 40%] Building CXX object CMakeFiles/usb_cam_component.dir/src/usb_cam/usb_cam.cpp.o
[ 44%] Building CXX object CMakeFiles/usb_cam_component.dir/src/usb_cam/usb_cam_node.cpp.o
[ 48%] Linking CXX shared library libusb_cam_component.so
[ 48%] Built target usb_cam_component
[ 51%] Building CXX object CMakeFiles/benchmark_test.dir/src/benchmark_test_main.cpp.o
[ 55%] Linking CXX executable benchmark_test
[ 55%] Built target benchmark_test
[ 59%] Building CXX object gtest/CMakeFiles/gtest_main.dir/src/gtest_main.cc.o
[ 62%] Linking CXX static library libgtest_main.a
[ 62%] Built target gtest_main
[ 66%] Building CXX object CMakeFiles/image_task_demo.dir/rclcpp_components/node_main_image_task_demo.cpp.o
[ 70%] Linking CXX executable image_task_demo
[ 70%] Built target image_task_demo
[ 74%] Building CXX object test/CMakeFiles/test_cam_client.dir/test_cam_client.cpp.o
[ 77%] Linking CXX executable test_cam_client
[ 77%] Built target test_cam_client
[ 81%] Building CXX object test/CMakeFiles/test_cam_server.dir/test_cam_server.cpp.o
[ 85%] Linking CXX executable test_cam_server
[ 85%] Built target test_cam_server
[ 88%] Building CXX object CMakeFiles/virtual_cam.dir/rclcpp_components/node_main_virtual_cam.cpp.o
[ 92%] Linking CXX executable virtual_cam
[ 92%] Built target virtual_cam
[ 96%] Building CXX object CMakeFiles/usb_cam.dir/rclcpp_components/node_main_usb_cam.cpp.o
[100%] Linking CXX executable usb_cam
[100%] Built target usb_cam
-- Install configuration: ""
-- Execute custom install script
-- Symlinking: /home/rmsentry/ros_ws/install/rmoss_cam/lib/rmoss_cam/usb_cam
-- Symlinking: /home/rmsentry/ros_ws/install/rmoss_cam/lib/rmoss_cam/virtual_cam
-- Symlinking: /home/rmsentry/ros_ws/install/rmoss_cam/lib/rmoss_cam/image_task_demo
-- Symlinking: /home/rmsentry/ros_ws/install/rmoss_cam/include/rmoss_cam/cam_client.hpp
-- Symlinking: /home/rmsentry/ros_ws/install/rmoss_cam/include/rmoss_cam/cam_interface.hpp
-- Symlinking: /home/rmsentry/ros_ws/install/rmoss_cam/include/rmoss_cam/cam_server.hpp
-- Symlinking: /home/rmsentry/ros_ws/install/rmoss_cam/include/rmoss_cam/image_task_demo_node.hpp
-- Symlinking: /home/rmsentry/ros_ws/install/rmoss_cam/include/rmoss_cam/usb_cam.hpp
-- Symlinking: /home/rmsentry/ros_ws/install/rmoss_cam/include/rmoss_cam/usb_cam_node.hpp
-- Symlinking: /home/rmsentry/ros_ws/install/rmoss_cam/include/rmoss_cam/virtual_cam.hpp
-- Symlinking: /home/rmsentry/ros_ws/install/rmoss_cam/include/rmoss_cam/virtual_cam_node.hpp
-- Symlinking: /home/rmsentry/ros_ws/install/rmoss_cam/lib/rmoss_cam/benchmark_test
-- Symlinking: /home/rmsentry/ros_ws/install/rmoss_cam/share/rmoss_cam/launch/benchmark.launch.py
-- Symlinking: /home/rmsentry/ros_ws/install/rmoss_cam/share/rmoss_cam/launch/composition.launch.py
-- Symlinking: /home/rmsentry/ros_ws/install/rmoss_cam/share/rmoss_cam/launch/usb_cam.launch.py
-- Symlinking: /home/rmsentry/ros_ws/install/rmoss_cam/share/rmoss_cam/launch/virtual_image_cam.launch.py
-- Symlinking: /home/rmsentry/ros_ws/install/rmoss_cam/share/rmoss_cam/resource/image_cam_calibration.yaml
-- Symlinking: /home/rmsentry/ros_ws/install/rmoss_cam/share/rmoss_cam/resource/test.jpg
-- Symlinking: /home/rmsentry/ros_ws/install/rmoss_cam/share/rmoss_cam/config/cam_params.yaml
-- Symlinking: /home/rmsentry/ros_ws/install/rmoss_cam/share/rmoss_cam/scripts/task_client.py
-- Symlinking: /home/rmsentry/ros_ws/install/rmoss_cam/share/ament_index/resource_index/package_run_dependencies/rmoss_cam
-- Symlinking: /home/rmsentry/ros_ws/install/rmoss_cam/share/ament_index/resource_index/parent_prefix_path/rmoss_cam
-- Symlinking: /home/rmsentry/ros_ws/install/rmoss_cam/share/rmoss_cam/environment/ament_prefix_path.sh
-- Symlinking: /home/rmsentry/ros_ws/install/rmoss_cam/share/rmoss_cam/environment/ament_prefix_path.dsv
-- Symlinking: /home/rmsentry/ros_ws/install/rmoss_cam/share/rmoss_cam/environment/path.sh
-- Symlinking: /home/rmsentry/ros_ws/install/rmoss_cam/share/rmoss_cam/environment/path.dsv
-- Symlinking: /home/rmsentry/ros_ws/install/rmoss_cam/share/rmoss_cam/local_setup.bash
-- Symlinking: /home/rmsentry/ros_ws/install/rmoss_cam/share/rmoss_cam/local_setup.sh
-- Symlinking: /home/rmsentry/ros_ws/install/rmoss_cam/share/rmoss_cam/local_setup.zsh
-- Symlinking: /home/rmsentry/ros_ws/install/rmoss_cam/share/rmoss_cam/local_setup.dsv
-- Symlinking: /home/rmsentry/ros_ws/install/rmoss_cam/share/rmoss_cam/package.dsv
-- Symlinking: /home/rmsentry/ros_ws/install/rmoss_cam/share/ament_index/resource_index/packages/rmoss_cam
-- Symlinking: /home/rmsentry/ros_ws/install/rmoss_cam/share/ament_index/resource_index/rclcpp_components/rmoss_cam
-- Symlinking: /home/rmsentry/ros_ws/install/rmoss_cam/share/rmoss_cam/cmake/ament_cmake_export_targets-extras.cmake
-- Symlinking: /home/rmsentry/ros_ws/install/rmoss_cam/share/rmoss_cam/cmake/ament_cmake_export_dependencies-extras.cmake
-- Symlinking: /home/rmsentry/ros_ws/install/rmoss_cam/share/rmoss_cam/cmake/rmoss_camConfig.cmake
-- Symlinking: /home/rmsentry/ros_ws/install/rmoss_cam/share/rmoss_cam/cmake/rmoss_camConfig-version.cmake
-- Symlinking: /home/rmsentry/ros_ws/install/rmoss_cam/share/rmoss_cam/package.xml
-- Installing: /home/rmsentry/ros_ws/install/rmoss_cam/lib/librmoss_cam.so
-- Set non-toolchain portion of runtime path of "/home/rmsentry/ros_ws/install/rmoss_cam/lib/librmoss_cam.so" to ""
-- Installing: /home/rmsentry/ros_ws/install/rmoss_cam/lib/libusb_cam_component.so
-- Set non-toolchain portion of runtime path of "/home/rmsentry/ros_ws/install/rmoss_cam/lib/libusb_cam_component.so" to ""
-- Installing: /home/rmsentry/ros_ws/install/rmoss_cam/lib/libvirtual_cam_component.so
-- Set non-toolchain portion of runtime path of "/home/rmsentry/ros_ws/install/rmoss_cam/lib/libvirtual_cam_component.so" to ""
-- Installing: /home/rmsentry/ros_ws/install/rmoss_cam/lib/libimage_task_demo_component.so
-- Set non-toolchain portion of runtime path of "/home/rmsentry/ros_ws/install/rmoss_cam/lib/libimage_task_demo_component.so" to ""
-- Installing: /home/rmsentry/ros_ws/install/rmoss_cam/share/rmoss_cam/cmake/export_rmoss_camExport.cmake
-- Installing: /home/rmsentry/ros_ws/install/rmoss_cam/share/rmoss_cam/cmake/export_rmoss_camExport-noconfig.cmake
