[0.034s] Invoking command in '/home/rmsentry/ros_ws/build/rmoss_cam': AMENT_PREFIX_PATH=/home/rmsentry/ros_ws/install/rmoss_util:/home/rmsentry/ros_ws/install/rmoss_interfaces:${AMENT_PREFIX_PATH} CMAKE_PREFIX_PATH=/home/rmsentry/ros_ws/install/rmoss_util:/home/rmsentry/ros_ws/install/rmoss_interfaces:/opt/ros/humble LD_LIBRARY_PATH=/home/rmsentry/ros_ws/install/rmoss_util/lib:/home/rmsentry/ros_ws/install/rmoss_interfaces/lib:/opt/MVS/lib/64:/opt/MVS/lib/32:/usr/local/lib:/opt/MVS/lib/64:/opt/MVS/lib/32:/opt/MVS/lib/64:/opt/MVS/lib/32:/usr/local/lib:/opt/ros/humble/opt/rviz_ogre_vendor/lib:/opt/ros/humble/lib/x86_64-linux-gnu:/opt/ros/humble/lib:/opt/MVS/lib/64:/opt/MVS/lib/32:/opt/MVS/lib/64:/opt/MVS/lib/32:/opt/MVS/lib/64:/opt/MVS/lib/32 PYTHONPATH=/home/rmsentry/ros_ws/install/rmoss_interfaces/local/lib/python3.10/dist-packages:${PYTHONPATH} /usr/local/bin/cmake /home/rmsentry/ros_ws/src/rmoss_core/rmoss_cam -DAMENT_CMAKE_SYMLINK_INSTALL=1 -DCMAKE_INSTALL_PREFIX=/home/rmsentry/ros_ws/install/rmoss_cam
[0.151s] -- The C compiler identification is GNU 11.4.0
[0.271s] -- The CXX compiler identification is GNU 11.4.0
[0.301s] -- Detecting C compiler ABI info
[0.373s] -- Detecting C compiler ABI info - done
[0.400s] -- Check for working C compiler: /usr/bin/cc - skipped
[0.400s] -- Detecting C compile features
[0.401s] -- Detecting C compile features - done
[0.407s] -- Detecting CXX compiler ABI info
[0.538s] -- Detecting CXX compiler ABI info - done
[0.571s] -- Check for working CXX compiler: /usr/bin/c++ - skipped
[0.572s] -- Detecting CXX compile features
[0.573s] -- Detecting CXX compile features - done
[0.582s] -- Found ament_cmake: 1.3.12 (/opt/ros/humble/share/ament_cmake/cmake)
[0.791s] -- Found Python3: /usr/bin/python3 (found version "3.10.12") found components: Interpreter
[0.868s] -- Override CMake install command with custom implementation using symlinks instead of copying resources
[0.912s] -- Found rclcpp: 16.0.16 (/opt/ros/humble/share/rclcpp/cmake)
[0.975s] -- Found rosidl_generator_c: 3.1.7 (/opt/ros/humble/share/rosidl_generator_c/cmake)
[0.985s] -- Found rosidl_adapter: 3.1.7 (/opt/ros/humble/share/rosidl_adapter/cmake)
[0.993s] -- Found rosidl_generator_cpp: 3.1.7 (/opt/ros/humble/share/rosidl_generator_cpp/cmake)
[1.019s] -- Using all available rosidl_typesupport_c: rosidl_typesupport_fastrtps_c;rosidl_typesupport_introspection_c
[1.041s] -- Using all available rosidl_typesupport_cpp: rosidl_typesupport_fastrtps_cpp;rosidl_typesupport_introspection_cpp
[1.112s] -- Found rmw_implementation_cmake: 6.1.2 (/opt/ros/humble/share/rmw_implementation_cmake/cmake)
[1.115s] -- Found rmw_fastrtps_cpp: 6.2.8 (/opt/ros/humble/share/rmw_fastrtps_cpp/cmake)
[1.272s] -- Found OpenSSL: /usr/lib/x86_64-linux-gnu/libcrypto.so (found version "3.0.2")
[1.347s] -- Found FastRTPS: /opt/ros/humble/include
[1.454s] -- Using RMW implementation 'rmw_fastrtps_cpp' as default
[1.474s] -- Performing Test CMAKE_HAVE_LIBC_PTHREAD
[1.670s] -- Performing Test CMAKE_HAVE_LIBC_PTHREAD - Success
[1.680s] -- Found Threads: TRUE
[1.851s] -- Found rclcpp_components: 16.0.16 (/opt/ros/humble/share/rclcpp_components/cmake)
[1.934s] -- Found sensor_msgs: 4.9.0 (/opt/ros/humble/share/sensor_msgs/cmake)
[2.032s] -- Found rmoss_interfaces: 0.9.0 (/home/rmsentry/ros_ws/install/rmoss_interfaces/share/rmoss_interfaces/cmake)
[2.096s] -- Found rmoss_util: 0.9.0 (/home/rmsentry/ros_ws/install/rmoss_util/share/rmoss_util/cmake)
[2.199s] -- Found camera_info_manager: 3.1.12 (/opt/ros/humble/share/camera_info_manager/cmake)
[2.277s] -- Found OpenCV: /usr (found version "4.5.4")
[2.321s] -- Found ament_lint_auto: 0.12.14 (/opt/ros/humble/share/ament_lint_auto/cmake)
[2.562s] -- Found ament_cmake_gtest: 1.3.12 (/opt/ros/humble/share/ament_cmake_gtest/cmake)
[2.569s] -- Found gtest sources under '/opt/ros/humble/src/gtest_vendor': C++ tests using 'Google Test' will be built
[2.600s] -- Added test 'copyright' to check source files copyright and LICENSE
[2.604s] -- Added test 'cppcheck' to perform static code analysis on C / C++ code
[2.607s] -- Configured cppcheck include dirs: /home/rmsentry/ros_ws/src/rmoss_core/rmoss_cam/include
[2.609s] -- Configured cppcheck exclude dirs and/or files: 
[2.611s] -- Added test 'cpplint' to check C / C++ code against the Google style
[2.613s] -- Configured cpplint exclude dirs and/or files: 
[2.615s] -- Added test 'flake8' to check Python code syntax and style conventions
[2.618s] -- Added test 'lint_cmake' to check CMake code style
[2.620s] -- Added test 'pep257' to check Python code against some of the docstring style conventions in PEP 257
[2.625s] -- Added test 'uncrustify' to check C / C++ code style
[2.626s] -- Configured uncrustify additional arguments: 
[2.628s] -- Added test 'xmllint' to check XML markup files
[2.639s] -- Configuring done (2.6s)
[2.866s] -- Generating done (0.2s)
[2.917s] -- Build files have been written to: /home/rmsentry/ros_ws/build/rmoss_cam
[2.954s] Invoked command in '/home/rmsentry/ros_ws/build/rmoss_cam' returned '0': AMENT_PREFIX_PATH=/home/rmsentry/ros_ws/install/rmoss_util:/home/rmsentry/ros_ws/install/rmoss_interfaces:${AMENT_PREFIX_PATH} CMAKE_PREFIX_PATH=/home/rmsentry/ros_ws/install/rmoss_util:/home/rmsentry/ros_ws/install/rmoss_interfaces:/opt/ros/humble LD_LIBRARY_PATH=/home/rmsentry/ros_ws/install/rmoss_util/lib:/home/rmsentry/ros_ws/install/rmoss_interfaces/lib:/opt/MVS/lib/64:/opt/MVS/lib/32:/usr/local/lib:/opt/MVS/lib/64:/opt/MVS/lib/32:/opt/MVS/lib/64:/opt/MVS/lib/32:/usr/local/lib:/opt/ros/humble/opt/rviz_ogre_vendor/lib:/opt/ros/humble/lib/x86_64-linux-gnu:/opt/ros/humble/lib:/opt/MVS/lib/64:/opt/MVS/lib/32:/opt/MVS/lib/64:/opt/MVS/lib/32:/opt/MVS/lib/64:/opt/MVS/lib/32 PYTHONPATH=/home/rmsentry/ros_ws/install/rmoss_interfaces/local/lib/python3.10/dist-packages:${PYTHONPATH} /usr/local/bin/cmake /home/rmsentry/ros_ws/src/rmoss_core/rmoss_cam -DAMENT_CMAKE_SYMLINK_INSTALL=1 -DCMAKE_INSTALL_PREFIX=/home/rmsentry/ros_ws/install/rmoss_cam
[2.954s] Invoking command in '/home/rmsentry/ros_ws/build/rmoss_cam': AMENT_PREFIX_PATH=/home/rmsentry/ros_ws/install/rmoss_util:/home/rmsentry/ros_ws/install/rmoss_interfaces:${AMENT_PREFIX_PATH} CMAKE_PREFIX_PATH=/home/rmsentry/ros_ws/install/rmoss_util:/home/rmsentry/ros_ws/install/rmoss_interfaces:/opt/ros/humble LD_LIBRARY_PATH=/home/rmsentry/ros_ws/install/rmoss_util/lib:/home/rmsentry/ros_ws/install/rmoss_interfaces/lib:/opt/MVS/lib/64:/opt/MVS/lib/32:/usr/local/lib:/opt/MVS/lib/64:/opt/MVS/lib/32:/opt/MVS/lib/64:/opt/MVS/lib/32:/usr/local/lib:/opt/ros/humble/opt/rviz_ogre_vendor/lib:/opt/ros/humble/lib/x86_64-linux-gnu:/opt/ros/humble/lib:/opt/MVS/lib/64:/opt/MVS/lib/32:/opt/MVS/lib/64:/opt/MVS/lib/32:/opt/MVS/lib/64:/opt/MVS/lib/32 PYTHONPATH=/home/rmsentry/ros_ws/install/rmoss_interfaces/local/lib/python3.10/dist-packages:${PYTHONPATH} /usr/local/bin/cmake --build /home/rmsentry/ros_ws/build/rmoss_cam -- -j12 -l12
[3.024s] [  3%] Building CXX object CMakeFiles/rmoss_cam.dir/src/cam_server.cpp.o
[12.033s] [  7%] Building CXX object CMakeFiles/rmoss_cam.dir/src/cam_client.cpp.o
[27.954s] [ 11%] Linking CXX shared library librmoss_cam.so
[29.030s] [ 11%] Built target rmoss_cam
[29.050s] [ 14%] Building CXX object gtest/CMakeFiles/gtest.dir/src/gtest-all.cc.o
[32.913s] [ 18%] Linking CXX static library libgtest.a
[33.002s] [ 18%] Built target gtest
[33.020s] [ 22%] Building CXX object CMakeFiles/image_task_demo_component.dir/src/image_task_demo_node.cpp.o
[40.356s] [ 25%] Linking CXX shared library libimage_task_demo_component.so
[40.838s] [ 25%] Built target image_task_demo_component
[40.857s] [ 29%] Building CXX object CMakeFiles/virtual_cam_component.dir/src/virtual_cam/virtual_cam.cpp.o
[43.172s] [ 33%] Building CXX object CMakeFiles/virtual_cam_component.dir/src/virtual_cam/virtual_cam_node.cpp.o
[49.215s] [ 37%] Linking CXX shared library libvirtual_cam_component.so
[49.493s] [ 37%] Built target virtual_cam_component
[49.502s] [ 40%] Building CXX object CMakeFiles/usb_cam_component.dir/src/usb_cam/usb_cam.cpp.o
[52.269s] [ 44%] Building CXX object CMakeFiles/usb_cam_component.dir/src/usb_cam/usb_cam_node.cpp.o
[58.191s] [ 48%] Linking CXX shared library libusb_cam_component.so
[58.510s] [ 48%] Built target usb_cam_component
[58.522s] [ 51%] Building CXX object CMakeFiles/benchmark_test.dir/src/benchmark_test_main.cpp.o
[64.129s] [ 55%] Linking CXX executable benchmark_test
[64.737s] [ 55%] Built target benchmark_test
[64.750s] [ 59%] Building CXX object gtest/CMakeFiles/gtest_main.dir/src/gtest_main.cc.o
[65.298s] [ 62%] Linking CXX static library libgtest_main.a
[65.339s] [ 62%] Built target gtest_main
[65.349s] [ 66%] Building CXX object CMakeFiles/image_task_demo.dir/rclcpp_components/node_main_image_task_demo.cpp.o
[68.248s] [ 70%] Linking CXX executable image_task_demo
[68.369s] [ 70%] Built target image_task_demo
[68.381s] [ 74%] Building CXX object test/CMakeFiles/test_cam_client.dir/test_cam_client.cpp.o
[72.012s] [ 77%] Linking CXX executable test_cam_client
[72.325s] [ 77%] Built target test_cam_client
[72.334s] [ 81%] Building CXX object test/CMakeFiles/test_cam_server.dir/test_cam_server.cpp.o
[76.103s] [ 85%] Linking CXX executable test_cam_server
[76.416s] [ 85%] Built target test_cam_server
[76.424s] [ 88%] Building CXX object CMakeFiles/virtual_cam.dir/rclcpp_components/node_main_virtual_cam.cpp.o
[78.586s] [ 92%] Linking CXX executable virtual_cam
[78.667s] [ 92%] Built target virtual_cam
[78.675s] [ 96%] Building CXX object CMakeFiles/usb_cam.dir/rclcpp_components/node_main_usb_cam.cpp.o
[80.847s] [100%] Linking CXX executable usb_cam
[80.929s] [100%] Built target usb_cam
[80.933s] Invoked command in '/home/rmsentry/ros_ws/build/rmoss_cam' returned '0': AMENT_PREFIX_PATH=/home/rmsentry/ros_ws/install/rmoss_util:/home/rmsentry/ros_ws/install/rmoss_interfaces:${AMENT_PREFIX_PATH} CMAKE_PREFIX_PATH=/home/rmsentry/ros_ws/install/rmoss_util:/home/rmsentry/ros_ws/install/rmoss_interfaces:/opt/ros/humble LD_LIBRARY_PATH=/home/rmsentry/ros_ws/install/rmoss_util/lib:/home/rmsentry/ros_ws/install/rmoss_interfaces/lib:/opt/MVS/lib/64:/opt/MVS/lib/32:/usr/local/lib:/opt/MVS/lib/64:/opt/MVS/lib/32:/opt/MVS/lib/64:/opt/MVS/lib/32:/usr/local/lib:/opt/ros/humble/opt/rviz_ogre_vendor/lib:/opt/ros/humble/lib/x86_64-linux-gnu:/opt/ros/humble/lib:/opt/MVS/lib/64:/opt/MVS/lib/32:/opt/MVS/lib/64:/opt/MVS/lib/32:/opt/MVS/lib/64:/opt/MVS/lib/32 PYTHONPATH=/home/rmsentry/ros_ws/install/rmoss_interfaces/local/lib/python3.10/dist-packages:${PYTHONPATH} /usr/local/bin/cmake --build /home/rmsentry/ros_ws/build/rmoss_cam -- -j12 -l12
[80.935s] Invoking command in '/home/rmsentry/ros_ws/build/rmoss_cam': AMENT_PREFIX_PATH=/home/rmsentry/ros_ws/install/rmoss_util:/home/rmsentry/ros_ws/install/rmoss_interfaces:${AMENT_PREFIX_PATH} CMAKE_PREFIX_PATH=/home/rmsentry/ros_ws/install/rmoss_util:/home/rmsentry/ros_ws/install/rmoss_interfaces:/opt/ros/humble LD_LIBRARY_PATH=/home/rmsentry/ros_ws/install/rmoss_util/lib:/home/rmsentry/ros_ws/install/rmoss_interfaces/lib:/opt/MVS/lib/64:/opt/MVS/lib/32:/usr/local/lib:/opt/MVS/lib/64:/opt/MVS/lib/32:/opt/MVS/lib/64:/opt/MVS/lib/32:/usr/local/lib:/opt/ros/humble/opt/rviz_ogre_vendor/lib:/opt/ros/humble/lib/x86_64-linux-gnu:/opt/ros/humble/lib:/opt/MVS/lib/64:/opt/MVS/lib/32:/opt/MVS/lib/64:/opt/MVS/lib/32:/opt/MVS/lib/64:/opt/MVS/lib/32 PYTHONPATH=/home/rmsentry/ros_ws/install/rmoss_interfaces/local/lib/python3.10/dist-packages:${PYTHONPATH} /usr/local/bin/cmake --install /home/rmsentry/ros_ws/build/rmoss_cam
[80.937s] -- Install configuration: ""
[80.938s] -- Execute custom install script
[80.938s] -- Symlinking: /home/rmsentry/ros_ws/install/rmoss_cam/lib/rmoss_cam/usb_cam
[80.941s] -- Symlinking: /home/rmsentry/ros_ws/install/rmoss_cam/lib/rmoss_cam/virtual_cam
[80.945s] -- Symlinking: /home/rmsentry/ros_ws/install/rmoss_cam/lib/rmoss_cam/image_task_demo
[80.948s] -- Symlinking: /home/rmsentry/ros_ws/install/rmoss_cam/include/rmoss_cam/cam_client.hpp
[80.951s] -- Symlinking: /home/rmsentry/ros_ws/install/rmoss_cam/include/rmoss_cam/cam_interface.hpp
[80.953s] -- Symlinking: /home/rmsentry/ros_ws/install/rmoss_cam/include/rmoss_cam/cam_server.hpp
[80.956s] -- Symlinking: /home/rmsentry/ros_ws/install/rmoss_cam/include/rmoss_cam/image_task_demo_node.hpp
[80.958s] -- Symlinking: /home/rmsentry/ros_ws/install/rmoss_cam/include/rmoss_cam/usb_cam.hpp
[80.961s] -- Symlinking: /home/rmsentry/ros_ws/install/rmoss_cam/include/rmoss_cam/usb_cam_node.hpp
[80.964s] -- Symlinking: /home/rmsentry/ros_ws/install/rmoss_cam/include/rmoss_cam/virtual_cam.hpp
[80.966s] -- Symlinking: /home/rmsentry/ros_ws/install/rmoss_cam/include/rmoss_cam/virtual_cam_node.hpp
[80.969s] -- Symlinking: /home/rmsentry/ros_ws/install/rmoss_cam/lib/rmoss_cam/benchmark_test
[80.973s] -- Symlinking: /home/rmsentry/ros_ws/install/rmoss_cam/share/rmoss_cam/launch/benchmark.launch.py
[80.976s] -- Symlinking: /home/rmsentry/ros_ws/install/rmoss_cam/share/rmoss_cam/launch/composition.launch.py
[80.978s] -- Symlinking: /home/rmsentry/ros_ws/install/rmoss_cam/share/rmoss_cam/launch/usb_cam.launch.py
[80.981s] -- Symlinking: /home/rmsentry/ros_ws/install/rmoss_cam/share/rmoss_cam/launch/virtual_image_cam.launch.py
[80.983s] -- Symlinking: /home/rmsentry/ros_ws/install/rmoss_cam/share/rmoss_cam/resource/image_cam_calibration.yaml
[80.986s] -- Symlinking: /home/rmsentry/ros_ws/install/rmoss_cam/share/rmoss_cam/resource/test.jpg
[80.989s] -- Symlinking: /home/rmsentry/ros_ws/install/rmoss_cam/share/rmoss_cam/config/cam_params.yaml
[80.991s] -- Symlinking: /home/rmsentry/ros_ws/install/rmoss_cam/share/rmoss_cam/scripts/task_client.py
[80.994s] -- Symlinking: /home/rmsentry/ros_ws/install/rmoss_cam/share/ament_index/resource_index/package_run_dependencies/rmoss_cam
[80.996s] -- Symlinking: /home/rmsentry/ros_ws/install/rmoss_cam/share/ament_index/resource_index/parent_prefix_path/rmoss_cam
[80.999s] -- Symlinking: /home/rmsentry/ros_ws/install/rmoss_cam/share/rmoss_cam/environment/ament_prefix_path.sh
[81.001s] -- Symlinking: /home/rmsentry/ros_ws/install/rmoss_cam/share/rmoss_cam/environment/ament_prefix_path.dsv
[81.003s] -- Symlinking: /home/rmsentry/ros_ws/install/rmoss_cam/share/rmoss_cam/environment/path.sh
[81.006s] -- Symlinking: /home/rmsentry/ros_ws/install/rmoss_cam/share/rmoss_cam/environment/path.dsv
[81.008s] -- Symlinking: /home/rmsentry/ros_ws/install/rmoss_cam/share/rmoss_cam/local_setup.bash
[81.011s] -- Symlinking: /home/rmsentry/ros_ws/install/rmoss_cam/share/rmoss_cam/local_setup.sh
[81.013s] -- Symlinking: /home/rmsentry/ros_ws/install/rmoss_cam/share/rmoss_cam/local_setup.zsh
[81.016s] -- Symlinking: /home/rmsentry/ros_ws/install/rmoss_cam/share/rmoss_cam/local_setup.dsv
[81.021s] -- Symlinking: /home/rmsentry/ros_ws/install/rmoss_cam/share/rmoss_cam/package.dsv
[81.023s] -- Symlinking: /home/rmsentry/ros_ws/install/rmoss_cam/share/ament_index/resource_index/packages/rmoss_cam
[81.026s] -- Symlinking: /home/rmsentry/ros_ws/install/rmoss_cam/share/ament_index/resource_index/rclcpp_components/rmoss_cam
[81.029s] -- Symlinking: /home/rmsentry/ros_ws/install/rmoss_cam/share/rmoss_cam/cmake/ament_cmake_export_targets-extras.cmake
[81.031s] -- Symlinking: /home/rmsentry/ros_ws/install/rmoss_cam/share/rmoss_cam/cmake/ament_cmake_export_dependencies-extras.cmake
[81.034s] -- Symlinking: /home/rmsentry/ros_ws/install/rmoss_cam/share/rmoss_cam/cmake/rmoss_camConfig.cmake
[81.036s] -- Symlinking: /home/rmsentry/ros_ws/install/rmoss_cam/share/rmoss_cam/cmake/rmoss_camConfig-version.cmake
[81.040s] -- Symlinking: /home/rmsentry/ros_ws/install/rmoss_cam/share/rmoss_cam/package.xml
[81.042s] -- Installing: /home/rmsentry/ros_ws/install/rmoss_cam/lib/librmoss_cam.so
[81.047s] -- Set non-toolchain portion of runtime path of "/home/rmsentry/ros_ws/install/rmoss_cam/lib/librmoss_cam.so" to ""
[81.047s] -- Installing: /home/rmsentry/ros_ws/install/rmoss_cam/lib/libusb_cam_component.so
[81.047s] -- Set non-toolchain portion of runtime path of "/home/rmsentry/ros_ws/install/rmoss_cam/lib/libusb_cam_component.so" to ""
[81.047s] -- Installing: /home/rmsentry/ros_ws/install/rmoss_cam/lib/libvirtual_cam_component.so
[81.048s] -- Set non-toolchain portion of runtime path of "/home/rmsentry/ros_ws/install/rmoss_cam/lib/libvirtual_cam_component.so" to ""
[81.048s] -- Installing: /home/rmsentry/ros_ws/install/rmoss_cam/lib/libimage_task_demo_component.so
[81.048s] -- Set non-toolchain portion of runtime path of "/home/rmsentry/ros_ws/install/rmoss_cam/lib/libimage_task_demo_component.so" to ""
[81.048s] -- Installing: /home/rmsentry/ros_ws/install/rmoss_cam/share/rmoss_cam/cmake/export_rmoss_camExport.cmake
[81.048s] -- Installing: /home/rmsentry/ros_ws/install/rmoss_cam/share/rmoss_cam/cmake/export_rmoss_camExport-noconfig.cmake
[81.050s] Invoked command in '/home/rmsentry/ros_ws/build/rmoss_cam' returned '0': AMENT_PREFIX_PATH=/home/rmsentry/ros_ws/install/rmoss_util:/home/rmsentry/ros_ws/install/rmoss_interfaces:${AMENT_PREFIX_PATH} CMAKE_PREFIX_PATH=/home/rmsentry/ros_ws/install/rmoss_util:/home/rmsentry/ros_ws/install/rmoss_interfaces:/opt/ros/humble LD_LIBRARY_PATH=/home/rmsentry/ros_ws/install/rmoss_util/lib:/home/rmsentry/ros_ws/install/rmoss_interfaces/lib:/opt/MVS/lib/64:/opt/MVS/lib/32:/usr/local/lib:/opt/MVS/lib/64:/opt/MVS/lib/32:/opt/MVS/lib/64:/opt/MVS/lib/32:/usr/local/lib:/opt/ros/humble/opt/rviz_ogre_vendor/lib:/opt/ros/humble/lib/x86_64-linux-gnu:/opt/ros/humble/lib:/opt/MVS/lib/64:/opt/MVS/lib/32:/opt/MVS/lib/64:/opt/MVS/lib/32:/opt/MVS/lib/64:/opt/MVS/lib/32 PYTHONPATH=/home/rmsentry/ros_ws/install/rmoss_interfaces/local/lib/python3.10/dist-packages:${PYTHONPATH} /usr/local/bin/cmake --install /home/rmsentry/ros_ws/build/rmoss_cam
