[0.010s] Invoking command in '/home/rmsentry/ros_ws/build/rm_serial_driver': AMENT_PREFIX_PATH=/home/rmsentry/ros_ws/install/rm_decision_interfaces:/home/rmsentry/ros_ws/install/auto_aim_interfaces:${AMENT_PREFIX_PATH} CMAKE_PREFIX_PATH=/home/rmsentry/ros_ws/install/rm_decision_interfaces:/home/rmsentry/ros_ws/install/auto_aim_interfaces:/opt/ros/humble LD_LIBRARY_PATH=/home/rmsentry/ros_ws/install/rm_decision_interfaces/lib:/home/rmsentry/ros_ws/install/auto_aim_interfaces/lib:/opt/MVS/lib/64:/opt/MVS/lib/32:/usr/local/lib:/opt/MVS/lib/64:/opt/MVS/lib/32:/opt/MVS/lib/64:/opt/MVS/lib/32:/usr/local/lib:/opt/ros/humble/opt/rviz_ogre_vendor/lib:/opt/ros/humble/lib/x86_64-linux-gnu:/opt/ros/humble/lib:/opt/MVS/lib/64:/opt/MVS/lib/32:/opt/MVS/lib/64:/opt/MVS/lib/32:/opt/MVS/lib/64:/opt/MVS/lib/32 PYTHONPATH=/home/rmsentry/ros_ws/install/rm_decision_interfaces/local/lib/python3.10/dist-packages:/home/rmsentry/ros_ws/install/auto_aim_interfaces/local/lib/python3.10/dist-packages:${PYTHONPATH} /usr/local/bin/cmake --build /home/rmsentry/ros_ws/build/rm_serial_driver -- -j12 -l12
[0.033s] [ 40%] Built target rm_serial_driver_node
[0.042s] [ 60%] Building CXX object CMakeFiles/rm_serial_driver.dir/src/rm_serial_driver.cpp.o
[9.305s] [ 80%] Linking CXX shared library librm_serial_driver.so
[9.995s] [100%] Built target rm_serial_driver
[9.999s] Invoked command in '/home/rmsentry/ros_ws/build/rm_serial_driver' returned '0': AMENT_PREFIX_PATH=/home/rmsentry/ros_ws/install/rm_decision_interfaces:/home/rmsentry/ros_ws/install/auto_aim_interfaces:${AMENT_PREFIX_PATH} CMAKE_PREFIX_PATH=/home/rmsentry/ros_ws/install/rm_decision_interfaces:/home/rmsentry/ros_ws/install/auto_aim_interfaces:/opt/ros/humble LD_LIBRARY_PATH=/home/rmsentry/ros_ws/install/rm_decision_interfaces/lib:/home/rmsentry/ros_ws/install/auto_aim_interfaces/lib:/opt/MVS/lib/64:/opt/MVS/lib/32:/usr/local/lib:/opt/MVS/lib/64:/opt/MVS/lib/32:/opt/MVS/lib/64:/opt/MVS/lib/32:/usr/local/lib:/opt/ros/humble/opt/rviz_ogre_vendor/lib:/opt/ros/humble/lib/x86_64-linux-gnu:/opt/ros/humble/lib:/opt/MVS/lib/64:/opt/MVS/lib/32:/opt/MVS/lib/64:/opt/MVS/lib/32:/opt/MVS/lib/64:/opt/MVS/lib/32 PYTHONPATH=/home/rmsentry/ros_ws/install/rm_decision_interfaces/local/lib/python3.10/dist-packages:/home/rmsentry/ros_ws/install/auto_aim_interfaces/local/lib/python3.10/dist-packages:${PYTHONPATH} /usr/local/bin/cmake --build /home/rmsentry/ros_ws/build/rm_serial_driver -- -j12 -l12
[10.003s] Invoking command in '/home/rmsentry/ros_ws/build/rm_serial_driver': AMENT_PREFIX_PATH=/home/rmsentry/ros_ws/install/rm_decision_interfaces:/home/rmsentry/ros_ws/install/auto_aim_interfaces:${AMENT_PREFIX_PATH} CMAKE_PREFIX_PATH=/home/rmsentry/ros_ws/install/rm_decision_interfaces:/home/rmsentry/ros_ws/install/auto_aim_interfaces:/opt/ros/humble LD_LIBRARY_PATH=/home/rmsentry/ros_ws/install/rm_decision_interfaces/lib:/home/rmsentry/ros_ws/install/auto_aim_interfaces/lib:/opt/MVS/lib/64:/opt/MVS/lib/32:/usr/local/lib:/opt/MVS/lib/64:/opt/MVS/lib/32:/opt/MVS/lib/64:/opt/MVS/lib/32:/usr/local/lib:/opt/ros/humble/opt/rviz_ogre_vendor/lib:/opt/ros/humble/lib/x86_64-linux-gnu:/opt/ros/humble/lib:/opt/MVS/lib/64:/opt/MVS/lib/32:/opt/MVS/lib/64:/opt/MVS/lib/32:/opt/MVS/lib/64:/opt/MVS/lib/32 PYTHONPATH=/home/rmsentry/ros_ws/install/rm_decision_interfaces/local/lib/python3.10/dist-packages:/home/rmsentry/ros_ws/install/auto_aim_interfaces/local/lib/python3.10/dist-packages:${PYTHONPATH} /usr/local/bin/cmake --install /home/rmsentry/ros_ws/build/rm_serial_driver
[10.005s] -- Install configuration: ""
[10.006s] -- Execute custom install script
[10.006s] -- Up-to-date symlink: /home/rmsentry/ros_ws/install/rm_serial_driver/lib/rm_serial_driver/rm_serial_driver_node
[10.006s] -- Up-to-date symlink: /home/rmsentry/ros_ws/install/rm_serial_driver/include/rm_serial_driver/crc.hpp
[10.006s] -- Up-to-date symlink: /home/rmsentry/ros_ws/install/rm_serial_driver/include/rm_serial_driver/packet.hpp
[10.006s] -- Up-to-date symlink: /home/rmsentry/ros_ws/install/rm_serial_driver/include/rm_serial_driver/rm_serial_driver.hpp
[10.006s] -- Up-to-date symlink: /home/rmsentry/ros_ws/install/rm_serial_driver/share/rm_serial_driver/environment/library_path.sh
[10.006s] -- Up-to-date symlink: /home/rmsentry/ros_ws/install/rm_serial_driver/share/rm_serial_driver/environment/library_path.dsv
[10.006s] -- Up-to-date symlink: /home/rmsentry/ros_ws/install/rm_serial_driver/lib/librm_serial_driver.so
[10.007s] -- Up-to-date symlink: /home/rmsentry/ros_ws/install/rm_serial_driver/share/rm_serial_driver/config/serial_driver.yaml
[10.007s] -- Up-to-date symlink: /home/rmsentry/ros_ws/install/rm_serial_driver/share/rm_serial_driver/launch/serial_driver.launch.py
[10.007s] -- Up-to-date symlink: /home/rmsentry/ros_ws/install/rm_serial_driver/share/ament_index/resource_index/package_run_dependencies/rm_serial_driver
[10.007s] -- Up-to-date symlink: /home/rmsentry/ros_ws/install/rm_serial_driver/share/ament_index/resource_index/parent_prefix_path/rm_serial_driver
[10.007s] -- Up-to-date symlink: /home/rmsentry/ros_ws/install/rm_serial_driver/share/rm_serial_driver/environment/ament_prefix_path.sh
[10.007s] -- Up-to-date symlink: /home/rmsentry/ros_ws/install/rm_serial_driver/share/rm_serial_driver/environment/ament_prefix_path.dsv
[10.007s] -- Up-to-date symlink: /home/rmsentry/ros_ws/install/rm_serial_driver/share/rm_serial_driver/environment/path.sh
[10.007s] -- Up-to-date symlink: /home/rmsentry/ros_ws/install/rm_serial_driver/share/rm_serial_driver/environment/path.dsv
[10.007s] -- Up-to-date symlink: /home/rmsentry/ros_ws/install/rm_serial_driver/share/rm_serial_driver/local_setup.bash
[10.007s] -- Up-to-date symlink: /home/rmsentry/ros_ws/install/rm_serial_driver/share/rm_serial_driver/local_setup.sh
[10.008s] -- Up-to-date symlink: /home/rmsentry/ros_ws/install/rm_serial_driver/share/rm_serial_driver/local_setup.zsh
[10.008s] -- Up-to-date symlink: /home/rmsentry/ros_ws/install/rm_serial_driver/share/rm_serial_driver/local_setup.dsv
[10.008s] -- Symlinking: /home/rmsentry/ros_ws/install/rm_serial_driver/share/rm_serial_driver/package.dsv
[10.011s] -- Up-to-date symlink: /home/rmsentry/ros_ws/install/rm_serial_driver/share/ament_index/resource_index/packages/rm_serial_driver
[10.011s] -- Up-to-date symlink: /home/rmsentry/ros_ws/install/rm_serial_driver/share/ament_index/resource_index/rclcpp_components/rm_serial_driver
[10.011s] -- Up-to-date symlink: /home/rmsentry/ros_ws/install/rm_serial_driver/share/rm_serial_driver/cmake/ament_cmake_export_dependencies-extras.cmake
[10.011s] -- Up-to-date symlink: /home/rmsentry/ros_ws/install/rm_serial_driver/share/rm_serial_driver/cmake/ament_cmake_export_include_directories-extras.cmake
[10.011s] -- Up-to-date symlink: /home/rmsentry/ros_ws/install/rm_serial_driver/share/rm_serial_driver/cmake/ament_cmake_export_libraries-extras.cmake
[10.011s] -- Up-to-date symlink: /home/rmsentry/ros_ws/install/rm_serial_driver/share/rm_serial_driver/cmake/rm_serial_driverConfig.cmake
[10.011s] -- Up-to-date symlink: /home/rmsentry/ros_ws/install/rm_serial_driver/share/rm_serial_driver/cmake/rm_serial_driverConfig-version.cmake
[10.011s] -- Up-to-date symlink: /home/rmsentry/ros_ws/install/rm_serial_driver/share/rm_serial_driver/package.xml
[10.012s] Invoked command in '/home/rmsentry/ros_ws/build/rm_serial_driver' returned '0': AMENT_PREFIX_PATH=/home/rmsentry/ros_ws/install/rm_decision_interfaces:/home/rmsentry/ros_ws/install/auto_aim_interfaces:${AMENT_PREFIX_PATH} CMAKE_PREFIX_PATH=/home/rmsentry/ros_ws/install/rm_decision_interfaces:/home/rmsentry/ros_ws/install/auto_aim_interfaces:/opt/ros/humble LD_LIBRARY_PATH=/home/rmsentry/ros_ws/install/rm_decision_interfaces/lib:/home/rmsentry/ros_ws/install/auto_aim_interfaces/lib:/opt/MVS/lib/64:/opt/MVS/lib/32:/usr/local/lib:/opt/MVS/lib/64:/opt/MVS/lib/32:/opt/MVS/lib/64:/opt/MVS/lib/32:/usr/local/lib:/opt/ros/humble/opt/rviz_ogre_vendor/lib:/opt/ros/humble/lib/x86_64-linux-gnu:/opt/ros/humble/lib:/opt/MVS/lib/64:/opt/MVS/lib/32:/opt/MVS/lib/64:/opt/MVS/lib/32:/opt/MVS/lib/64:/opt/MVS/lib/32 PYTHONPATH=/home/rmsentry/ros_ws/install/rm_decision_interfaces/local/lib/python3.10/dist-packages:/home/rmsentry/ros_ws/install/auto_aim_interfaces/local/lib/python3.10/dist-packages:${PYTHONPATH} /usr/local/bin/cmake --install /home/rmsentry/ros_ws/build/rm_serial_driver
