[0.036s] Invoking command in '/home/rmsentry/ros_ws/build/livox_ros2_driver': AMENT_PREFIX_PATH=/home/rmsentry/ros_ws/install/livox_sdk_vendor:/home/rmsentry/ros_ws/install/livox_interfaces:${AMENT_PREFIX_PATH} CMAKE_PREFIX_PATH=/home/rmsentry/ros_ws/install/livox_sdk_vendor:/home/rmsentry/ros_ws/install/livox_interfaces:/opt/ros/humble LD_LIBRARY_PATH=/home/rmsentry/ros_ws/install/livox_interfaces/lib:/opt/MVS/lib/64:/opt/MVS/lib/32:/usr/local/lib:/opt/MVS/lib/64:/opt/MVS/lib/32:/opt/MVS/lib/64:/opt/MVS/lib/32:/usr/local/lib:/opt/ros/humble/opt/rviz_ogre_vendor/lib:/opt/ros/humble/lib/x86_64-linux-gnu:/opt/ros/humble/lib:/opt/MVS/lib/64:/opt/MVS/lib/32:/opt/MVS/lib/64:/opt/MVS/lib/32:/opt/MVS/lib/64:/opt/MVS/lib/32 PYTHONPATH=/home/rmsentry/ros_ws/install/livox_interfaces/local/lib/python3.10/dist-packages:${PYTHONPATH} /usr/local/bin/cmake /home/rmsentry/ros_ws/src/pb2025_sentry_nav/livox_ros2_driver/livox_ros2_driver -DAMENT_CMAKE_SYMLINK_INSTALL=1 -DCMAKE_INSTALL_PREFIX=/home/rmsentry/ros_ws/install/livox_ros2_driver
[0.163s] -- The C compiler identification is GNU 11.4.0
[0.371s] -- The CXX compiler identification is GNU 11.4.0
[0.402s] -- Detecting C compiler ABI info
[0.549s] -- Detecting C compiler ABI info - done
[0.600s] -- Check for working C compiler: /usr/bin/cc - skipped
[0.601s] -- Detecting C compile features
[0.602s] -- Detecting C compile features - done
[0.611s] -- Detecting CXX compiler ABI info
[0.836s] -- Detecting CXX compiler ABI info - done
[0.908s] -- Check for working CXX compiler: /usr/bin/c++ - skipped
[0.909s] -- Detecting CXX compile features
[0.909s] -- Detecting CXX compile features - done
[0.911s] -- livox_ros2_driver version: 0.0.1
[0.917s] -- Found ament_cmake_auto: 1.3.12 (/opt/ros/humble/share/ament_cmake_auto/cmake)
[1.090s] -- Found Python3: /usr/bin/python3 (found version "3.10.12") found components: Interpreter
[1.179s] -- Override CMake install command with custom implementation using symlinks instead of copying resources
[1.364s] -- Found rosidl_generator_c: 3.1.7 (/opt/ros/humble/share/rosidl_generator_c/cmake)
[1.374s] -- Found rosidl_adapter: 3.1.7 (/opt/ros/humble/share/rosidl_adapter/cmake)
[1.387s] -- Found rosidl_generator_cpp: 3.1.7 (/opt/ros/humble/share/rosidl_generator_cpp/cmake)
[1.405s] -- Using all available rosidl_typesupport_c: rosidl_typesupport_fastrtps_c;rosidl_typesupport_introspection_c
[1.433s] -- Using all available rosidl_typesupport_cpp: rosidl_typesupport_fastrtps_cpp;rosidl_typesupport_introspection_cpp
[1.492s] -- Found rmw_implementation_cmake: 6.1.2 (/opt/ros/humble/share/rmw_implementation_cmake/cmake)
[1.495s] -- Found rmw_fastrtps_cpp: 6.2.8 (/opt/ros/humble/share/rmw_fastrtps_cpp/cmake)
[1.631s] -- Found OpenSSL: /usr/lib/x86_64-linux-gnu/libcrypto.so (found version "3.0.2")
[1.669s] -- Found FastRTPS: /opt/ros/humble/include
[1.720s] -- Using RMW implementation 'rmw_fastrtps_cpp' as default
[1.729s] -- Performing Test CMAKE_HAVE_LIBC_PTHREAD
[1.839s] -- Performing Test CMAKE_HAVE_LIBC_PTHREAD - Success
[1.839s] -- Found Threads: TRUE
[2.129s] CMake Warning (dev) at /usr/lib/x86_64-linux-gnu/cmake/pcl/PCLConfig.cmake:146 (find_package):
[2.130s]   Policy CMP0144 is not set: find_package uses upper-case <PACKAGENAME>_ROOT
[2.130s]   variables.  Run "cmake --help-policy CMP0144" for policy details.  Use the
[2.130s]   cmake_policy command to set the policy and suppress this warning.
[2.130s] 
[2.131s]   CMake variable EIGEN_ROOT is set to:
[2.131s] 
[2.131s]     /usr/include/eigen3
[2.131s] 
[2.131s]   For compatibility, find_package is ignoring the variable, but code in a
[2.132s]   .cmake module might still use it.
[2.132s] Call Stack (most recent call first):
[2.132s]   /usr/lib/x86_64-linux-gnu/cmake/pcl/PCLConfig.cmake:299 (find_eigen)
[2.132s]   /usr/lib/x86_64-linux-gnu/cmake/pcl/PCLConfig.cmake:543 (find_external_library)
[2.132s]   /opt/ros/humble/share/pcl_conversions/cmake/ament_cmake_export_dependencies-extras.cmake:21 (find_package)
[2.132s]   /opt/ros/humble/share/pcl_conversions/cmake/pcl_conversionsConfig.cmake:41 (include)
[2.132s]   /opt/ros/humble/share/ament_cmake_auto/cmake/ament_auto_find_build_dependencies.cmake:67 (find_package)
[2.132s]   CMakeLists.txt:30 (ament_auto_find_build_dependencies)
[2.132s] This warning is for project developers.  Use -Wno-dev to suppress it.
[2.132s] 
[2.140s] -- Checking for module 'eigen3'
[2.156s] --   Found eigen3, version 3.4.0
[2.202s] -- Found Eigen: /usr/include/eigen3 (Required is at least version "3.1")
[2.203s] -- Eigen found (include: /usr/include/eigen3, version: 3.4.0)
[2.244s] CMake Warning (dev) at /usr/lib/x86_64-linux-gnu/cmake/pcl/Modules/FindFLANN.cmake:44 (find_package):
[2.244s]   Policy CMP0144 is not set: find_package uses upper-case <PACKAGENAME>_ROOT
[2.244s]   variables.  Run "cmake --help-policy CMP0144" for policy details.  Use the
[2.244s]   cmake_policy command to set the policy and suppress this warning.
[2.244s] 
[2.244s]   CMake variable FLANN_ROOT is set to:
[2.244s] 
[2.244s]     /usr
[2.244s] 
[2.244s]   For compatibility, find_package is ignoring the variable, but code in a
[2.244s]   .cmake module might still use it.
[2.244s] Call Stack (most recent call first):
[2.244s]   /usr/lib/x86_64-linux-gnu/cmake/pcl/PCLConfig.cmake:256 (find_package)
[2.244s]   /usr/lib/x86_64-linux-gnu/cmake/pcl/PCLConfig.cmake:301 (find_flann)
[2.244s]   /usr/lib/x86_64-linux-gnu/cmake/pcl/PCLConfig.cmake:543 (find_external_library)
[2.244s]   /opt/ros/humble/share/pcl_conversions/cmake/ament_cmake_export_dependencies-extras.cmake:21 (find_package)
[2.244s]   /opt/ros/humble/share/pcl_conversions/cmake/pcl_conversionsConfig.cmake:41 (include)
[2.245s]   /opt/ros/humble/share/ament_cmake_auto/cmake/ament_auto_find_build_dependencies.cmake:67 (find_package)
[2.245s]   CMakeLists.txt:30 (ament_auto_find_build_dependencies)
[2.245s] This warning is for project developers.  Use -Wno-dev to suppress it.
[2.250s] 
[2.269s] -- Checking for module 'flann'
[2.305s] --   Found flann, version 1.9.1
[2.358s] -- Found FLANN: /usr/lib/x86_64-linux-gnu/libflann_cpp.so
[2.358s] -- FLANN found (include: /usr/include, lib: /usr/lib/x86_64-linux-gnu/libflann_cpp.so)
[4.319s] -- Checking for module 'libusb-1.0'
[4.346s] --   Found libusb-1.0, version 1.0.26
[4.415s] -- Found libusb: /usr/local/lib/libusb-1.0.so
[4.417s] -- OpenNI found (version: 1.5.4.0, include: /usr/include/ni, lib: /usr/lib/libOpenNI.so;libusb::libusb)
[4.504s] -- OpenNI2 found (version: 2.2.0.33, include: /usr/include/openni2, lib: /usr/lib/x86_64-linux-gnu/libOpenNI2.so;libusb::libusb)
[5.099s] -- Eigen found (include: /usr/include/eigen3, version: 3.4.0)
[5.115s] -- OpenNI found (version: 1.5.4.0, include: /usr/include/ni, lib: /usr/lib/libOpenNI.so;libusb::libusb)
[5.131s] -- OpenNI2 found (version: 2.2.0.33, include: /usr/include/openni2, lib: /usr/lib/x86_64-linux-gnu/libOpenNI2.so;libusb::libusb)
[5.723s] -- Found Qhull version 8.0.2
[6.274s] -- OpenNI found (version: 1.5.4.0, include: /usr/include/ni, lib: /usr/lib/libOpenNI.so;libusb::libusb)
[6.611s] -- Found PCL_COMMON: /usr/lib/x86_64-linux-gnu/libpcl_common.so
[6.613s] -- Found PCL_KDTREE: /usr/lib/x86_64-linux-gnu/libpcl_kdtree.so
[6.617s] -- Found PCL_OCTREE: /usr/lib/x86_64-linux-gnu/libpcl_octree.so
[6.617s] -- Found PCL_SEARCH: /usr/lib/x86_64-linux-gnu/libpcl_search.so
[6.618s] -- Found PCL_SAMPLE_CONSENSUS: /usr/lib/x86_64-linux-gnu/libpcl_sample_consensus.so
[6.620s] -- Found PCL_FILTERS: /usr/lib/x86_64-linux-gnu/libpcl_filters.so
[6.621s] -- Found PCL_2D: /usr/include/pcl-1.12
[6.621s] -- Found PCL_GEOMETRY: /usr/include/pcl-1.12
[6.623s] -- Found PCL_IO: /usr/lib/x86_64-linux-gnu/libpcl_io.so
[6.625s] -- Found PCL_FEATURES: /usr/lib/x86_64-linux-gnu/libpcl_features.so
[6.630s] -- Found PCL_ML: /usr/lib/x86_64-linux-gnu/libpcl_ml.so
[6.630s] -- Found PCL_SEGMENTATION: /usr/lib/x86_64-linux-gnu/libpcl_segmentation.so
[6.630s] -- Found PCL_VISUALIZATION: /usr/lib/x86_64-linux-gnu/libpcl_visualization.so
[6.631s] -- Found PCL_SURFACE: /usr/lib/x86_64-linux-gnu/libpcl_surface.so
[6.633s] -- Found PCL_REGISTRATION: /usr/lib/x86_64-linux-gnu/libpcl_registration.so
[6.635s] -- Found PCL_KEYPOINTS: /usr/lib/x86_64-linux-gnu/libpcl_keypoints.so
[6.637s] -- Found PCL_TRACKING: /usr/lib/x86_64-linux-gnu/libpcl_tracking.so
[6.640s] -- Found PCL_RECOGNITION: /usr/lib/x86_64-linux-gnu/libpcl_recognition.so
[6.642s] -- Found PCL_STEREO: /usr/lib/x86_64-linux-gnu/libpcl_stereo.so
[6.644s] -- Found PCL_APPS: /usr/lib/x86_64-linux-gnu/libpcl_apps.so
[6.646s] -- Found PCL_IN_HAND_SCANNER: /usr/include/pcl-1.12
[6.647s] -- Found PCL_MODELER: /usr/include/pcl-1.12
[6.648s] -- Found PCL_POINT_CLOUD_EDITOR: /usr/include/pcl-1.12
[6.649s] -- Found PCL_OUTOFCORE: /usr/lib/x86_64-linux-gnu/libpcl_outofcore.so
[6.654s] -- Found PCL_PEOPLE: /usr/lib/x86_64-linux-gnu/libpcl_people.so
[6.699s] CMake Warning (dev) at CMakeLists.txt:31 (find_package):
[6.699s]   Policy CMP0074 is not set: find_package uses <PackageName>_ROOT variables.
[6.699s]   Run "cmake --help-policy CMP0074" for policy details.  Use the cmake_policy
[6.700s]   command to set the policy and suppress this warning.
[6.702s] 
[6.702s]   CMake variable PCL_ROOT is set to:
[6.702s] 
[6.702s]     /usr
[6.703s] 
[6.703s]   For compatibility, CMake is ignoring the variable.
[6.703s] This warning is for project developers.  Use -Wno-dev to suppress it.
[6.704s] 
[6.710s] -- Found livox_sdk: /usr/local/include
[6.720s] -- Found PkgConfig: /usr/bin/pkg-config (found version "1.8.0")
[6.721s] -- Checking for module 'apr-1'
[6.747s] --   Found apr-1, version 1.7.0
[6.791s] /usr/include/apr-1.0
[6.791s] apr-1
[6.810s] -- Found ament_lint_auto: 0.12.14 (/opt/ros/humble/share/ament_lint_auto/cmake)
[6.857s] -- Added test 'copyright' to check source files copyright and LICENSE
[6.863s] -- Added test 'cppcheck' to perform static code analysis on C / C++ code
[6.863s] -- Configured cppcheck include dirs: /home/rmsentry/ros_ws/src/pb2025_sentry_nav/livox_ros2_driver/livox_ros2_driver/common;/home/rmsentry/ros_ws/src/pb2025_sentry_nav/livox_ros2_driver/livox_ros2_driver/common/rapidjson;/home/rmsentry/ros_ws/src/pb2025_sentry_nav/livox_ros2_driver/livox_ros2_driver/comon/rapdidxml;/home/rmsentry/ros_ws/src/pb2025_sentry_nav/livox_ros2_driver/livox_ros2_driver/common/comm;/home/rmsentry/ros_ws/src/pb2025_sentry_nav/livox_ros2_driver/livox_ros2_driver/timesync;/home/rmsentry/ros_ws/src/pb2025_sentry_nav/livox_ros2_driver/livox_ros2_driver/timesync/user_uart;/home/rmsentry/ros_ws/src/pb2025_sentry_nav/livox_ros2_driver/livox_ros2_driver/livox_ros2_driver
[6.864s] -- Configured cppcheck exclude dirs and/or files: 
[6.867s] -- Added test 'cpplint' to check C / C++ code against the Google style
[6.868s] -- Configured cpplint exclude dirs and/or files: 
[6.869s] -- Added test 'flake8' to check Python code syntax and style conventions
[6.873s] -- Added test 'lint_cmake' to check CMake code style
[6.873s] -- Added test 'pep257' to check Python code against some of the docstring style conventions in PEP 257
[6.878s] -- Added test 'uncrustify' to check C / C++ code style
[6.878s] -- Configured uncrustify additional arguments: 
[6.879s] -- Added test 'xmllint' to check XML markup files
[6.882s] -- Configuring done (6.8s)
[6.943s] -- Generating done (0.0s)
[6.953s] -- Build files have been written to: /home/rmsentry/ros_ws/build/livox_ros2_driver
[6.978s] Invoked command in '/home/rmsentry/ros_ws/build/livox_ros2_driver' returned '0': AMENT_PREFIX_PATH=/home/rmsentry/ros_ws/install/livox_sdk_vendor:/home/rmsentry/ros_ws/install/livox_interfaces:${AMENT_PREFIX_PATH} CMAKE_PREFIX_PATH=/home/rmsentry/ros_ws/install/livox_sdk_vendor:/home/rmsentry/ros_ws/install/livox_interfaces:/opt/ros/humble LD_LIBRARY_PATH=/home/rmsentry/ros_ws/install/livox_interfaces/lib:/opt/MVS/lib/64:/opt/MVS/lib/32:/usr/local/lib:/opt/MVS/lib/64:/opt/MVS/lib/32:/opt/MVS/lib/64:/opt/MVS/lib/32:/usr/local/lib:/opt/ros/humble/opt/rviz_ogre_vendor/lib:/opt/ros/humble/lib/x86_64-linux-gnu:/opt/ros/humble/lib:/opt/MVS/lib/64:/opt/MVS/lib/32:/opt/MVS/lib/64:/opt/MVS/lib/32:/opt/MVS/lib/64:/opt/MVS/lib/32 PYTHONPATH=/home/rmsentry/ros_ws/install/livox_interfaces/local/lib/python3.10/dist-packages:${PYTHONPATH} /usr/local/bin/cmake /home/rmsentry/ros_ws/src/pb2025_sentry_nav/livox_ros2_driver/livox_ros2_driver -DAMENT_CMAKE_SYMLINK_INSTALL=1 -DCMAKE_INSTALL_PREFIX=/home/rmsentry/ros_ws/install/livox_ros2_driver
[6.979s] Invoking command in '/home/rmsentry/ros_ws/build/livox_ros2_driver': AMENT_PREFIX_PATH=/home/rmsentry/ros_ws/install/livox_sdk_vendor:/home/rmsentry/ros_ws/install/livox_interfaces:${AMENT_PREFIX_PATH} CMAKE_PREFIX_PATH=/home/rmsentry/ros_ws/install/livox_sdk_vendor:/home/rmsentry/ros_ws/install/livox_interfaces:/opt/ros/humble LD_LIBRARY_PATH=/home/rmsentry/ros_ws/install/livox_interfaces/lib:/opt/MVS/lib/64:/opt/MVS/lib/32:/usr/local/lib:/opt/MVS/lib/64:/opt/MVS/lib/32:/opt/MVS/lib/64:/opt/MVS/lib/32:/usr/local/lib:/opt/ros/humble/opt/rviz_ogre_vendor/lib:/opt/ros/humble/lib/x86_64-linux-gnu:/opt/ros/humble/lib:/opt/MVS/lib/64:/opt/MVS/lib/32:/opt/MVS/lib/64:/opt/MVS/lib/32:/opt/MVS/lib/64:/opt/MVS/lib/32 PYTHONPATH=/home/rmsentry/ros_ws/install/livox_interfaces/local/lib/python3.10/dist-packages:${PYTHONPATH} /usr/local/bin/cmake --build /home/rmsentry/ros_ws/build/livox_ros2_driver -- -j12 -l12
[7.027s] [  6%] Building CXX object CMakeFiles/livox_ros2_driver.dir/livox_ros2_driver/lvx_file.cpp.o
[7.947s] [ 12%] Building CXX object CMakeFiles/livox_ros2_driver.dir/common/comm/comm_protocol.cpp.o
[8.309s] [ 18%] Building CXX object CMakeFiles/livox_ros2_driver.dir/common/comm/sdk_protocol.cpp.o
[8.361s] [ 25%] Building CXX object CMakeFiles/livox_ros2_driver.dir/common/comm/gps_protocol.cpp.o
[8.419s] [ 31%] Building CXX object CMakeFiles/livox_ros2_driver.dir/timesync/user_uart/user_uart.cpp.o
[8.507s] [ 37%] Building CXX object CMakeFiles/livox_ros2_driver.dir/timesync/timesync.cpp.o
[9.358s] [ 43%] Building CXX object CMakeFiles/livox_ros2_driver.dir/livox_ros2_driver/livox_ros2_driver.cpp.o
[18.777s] [ 50%] Building CXX object CMakeFiles/livox_ros2_driver.dir/livox_ros2_driver/lddc.cpp.o
[25.093s] In file included from /opt/ros/humble/include/rclcpp/rclcpp/logging.hpp:24,
[25.093s]                  from /opt/ros/humble/include/rclcpp/rclcpp/client.hpp:40,
[25.093s]                  from /opt/ros/humble/include/rclcpp/rclcpp/callback_group.hpp:24,
[25.093s]                  from /opt/ros/humble/include/rclcpp/rclcpp/any_executable.hpp:20,
[25.093s]                  from /opt/ros/humble/include/rclcpp/rclcpp/memory_strategy.hpp:25,
[25.093s]                  from /opt/ros/humble/include/rclcpp/rclcpp/memory_strategies.hpp:18,
[25.093s]                  from /opt/ros/humble/include/rclcpp/rclcpp/executor_options.hpp:20,
[25.093s]                  from /opt/ros/humble/include/rclcpp/rclcpp/executor.hpp:37,
[25.093s]                  from /opt/ros/humble/include/rclcpp/rclcpp/executors/multi_threaded_executor.hpp:25,
[25.094s]                  from /opt/ros/humble/include/rclcpp/rclcpp/executors.hpp:21,
[25.094s]                  from /opt/ros/humble/include/rclcpp/rclcpp/rclcpp.hpp:155,
[25.094s]                  from /home/rmsentry/ros_ws/src/pb2025_sentry_nav/livox_ros2_driver/livox_ros2_driver/livox_ros2_driver/lddc.h:32,
[25.094s]                  from /home/rmsentry/ros_ws/src/pb2025_sentry_nav/livox_ros2_driver/livox_ros2_driver/livox_ros2_driver/lddc.cpp:25:
[25.094s] /home/rmsentry/ros_ws/src/pb2025_sentry_nav/livox_ros2_driver/livox_ros2_driver/livox_ros2_driver/lddc.cpp: In member function ‘std::shared_ptr<rclcpp::PublisherBase> livox_ros::Lddc::CreatePublisher(uint8_t, std::string&, uint32_t)’:
[25.094s] /home/rmsentry/ros_ws/src/pb2025_sentry_nav/livox_ros2_driver/livox_ros2_driver/livox_ros2_driver/lddc.cpp:599:11: warning: format ‘%s’ expects argument of type ‘char*’, but argument 5 has type ‘std::string’ {aka ‘std::__cxx11::basic_string<char>’} [-Wformat=]
[25.094s]   599 |           "%s publish use livox custom format", topic_name);
[25.094s]       |           ^~~~~~~~~~~~~~~~~~~~~~~~~~~~~~~~~~~~
[25.094s] /home/rmsentry/ros_ws/src/pb2025_sentry_nav/livox_ros2_driver/livox_ros2_driver/livox_ros2_driver/lddc.cpp:599:13: note: format string is defined here
[25.094s]   599 |           "%s publish use livox custom format", topic_name);
[25.094s]       |            ~^
[25.094s]       |             |
[25.095s]       |             char*
[28.809s] [ 56%] Building CXX object CMakeFiles/livox_ros2_driver.dir/livox_ros2_driver/lds_hub.cpp.o
[29.558s] [ 62%] Building CXX object CMakeFiles/livox_ros2_driver.dir/livox_ros2_driver/lds_lidar.cpp.o
[30.425s] [ 68%] Building CXX object CMakeFiles/livox_ros2_driver.dir/livox_ros2_driver/lds_lvx.cpp.o
[31.613s] [ 75%] Building CXX object CMakeFiles/livox_ros2_driver.dir/livox_ros2_driver/lds.cpp.o
[32.156s] /home/rmsentry/ros_ws/src/pb2025_sentry_nav/livox_ros2_driver/livox_ros2_driver/livox_ros2_driver/lds.cpp: In static member function ‘static void livox_ros::Lds::ResetLidar(livox_ros::LidarDevice*, uint8_t)’:
[32.156s] /home/rmsentry/ros_ws/src/pb2025_sentry_nav/livox_ros2_driver/livox_ros2_driver/livox_ros2_driver/lds.cpp:567:9: warning: ‘void* memset(void*, int, size_t)’ clearing an object of non-trivial type ‘struct livox_ros::LidarDevice’; use assignment or value-initialization instead [-Wclass-memaccess]
[32.156s]   567 |   memset(lidar, 0, sizeof(LidarDevice));
[32.156s]       |   ~~~~~~^~~~~~~~~~~~~~~~~~~~~~~~~~~~~~~
[32.156s] In file included from /home/rmsentry/ros_ws/src/pb2025_sentry_nav/livox_ros2_driver/livox_ros2_driver/livox_ros2_driver/lds.cpp:25:
[32.156s] /home/rmsentry/ros_ws/src/pb2025_sentry_nav/livox_ros2_driver/livox_ros2_driver/livox_ros2_driver/lds.h:166:16: note: ‘struct livox_ros::LidarDevice’ declared here
[32.156s]   166 | typedef struct {
[32.156s]       |                ^
[32.443s] [ 81%] Building CXX object CMakeFiles/livox_ros2_driver.dir/livox_ros2_driver/ldq.cpp.o
[32.509s] [ 87%] Linking CXX shared library liblivox_ros2_driver.so
[33.812s] [ 87%] Built target livox_ros2_driver
[33.824s] [ 93%] Building CXX object CMakeFiles/livox_ros2_driver_node.dir/rclcpp_components/node_main_livox_ros2_driver_node.cpp.o
[37.307s] [100%] Linking CXX executable livox_ros2_driver_node
[37.495s] [100%] Built target livox_ros2_driver_node
[37.505s] Invoked command in '/home/rmsentry/ros_ws/build/livox_ros2_driver' returned '0': AMENT_PREFIX_PATH=/home/rmsentry/ros_ws/install/livox_sdk_vendor:/home/rmsentry/ros_ws/install/livox_interfaces:${AMENT_PREFIX_PATH} CMAKE_PREFIX_PATH=/home/rmsentry/ros_ws/install/livox_sdk_vendor:/home/rmsentry/ros_ws/install/livox_interfaces:/opt/ros/humble LD_LIBRARY_PATH=/home/rmsentry/ros_ws/install/livox_interfaces/lib:/opt/MVS/lib/64:/opt/MVS/lib/32:/usr/local/lib:/opt/MVS/lib/64:/opt/MVS/lib/32:/opt/MVS/lib/64:/opt/MVS/lib/32:/usr/local/lib:/opt/ros/humble/opt/rviz_ogre_vendor/lib:/opt/ros/humble/lib/x86_64-linux-gnu:/opt/ros/humble/lib:/opt/MVS/lib/64:/opt/MVS/lib/32:/opt/MVS/lib/64:/opt/MVS/lib/32:/opt/MVS/lib/64:/opt/MVS/lib/32 PYTHONPATH=/home/rmsentry/ros_ws/install/livox_interfaces/local/lib/python3.10/dist-packages:${PYTHONPATH} /usr/local/bin/cmake --build /home/rmsentry/ros_ws/build/livox_ros2_driver -- -j12 -l12
[37.508s] Invoking command in '/home/rmsentry/ros_ws/build/livox_ros2_driver': AMENT_PREFIX_PATH=/home/rmsentry/ros_ws/install/livox_sdk_vendor:/home/rmsentry/ros_ws/install/livox_interfaces:${AMENT_PREFIX_PATH} CMAKE_PREFIX_PATH=/home/rmsentry/ros_ws/install/livox_sdk_vendor:/home/rmsentry/ros_ws/install/livox_interfaces:/opt/ros/humble LD_LIBRARY_PATH=/home/rmsentry/ros_ws/install/livox_interfaces/lib:/opt/MVS/lib/64:/opt/MVS/lib/32:/usr/local/lib:/opt/MVS/lib/64:/opt/MVS/lib/32:/opt/MVS/lib/64:/opt/MVS/lib/32:/usr/local/lib:/opt/ros/humble/opt/rviz_ogre_vendor/lib:/opt/ros/humble/lib/x86_64-linux-gnu:/opt/ros/humble/lib:/opt/MVS/lib/64:/opt/MVS/lib/32:/opt/MVS/lib/64:/opt/MVS/lib/32:/opt/MVS/lib/64:/opt/MVS/lib/32 PYTHONPATH=/home/rmsentry/ros_ws/install/livox_interfaces/local/lib/python3.10/dist-packages:${PYTHONPATH} /usr/local/bin/cmake --install /home/rmsentry/ros_ws/build/livox_ros2_driver
[37.513s] -- Install configuration: ""
[37.514s] -- Execute custom install script
[37.515s] -- Symlinking: /home/rmsentry/ros_ws/install/livox_ros2_driver/lib/livox_ros2_driver/livox_ros2_driver_node
[37.522s] -- Symlinking: /home/rmsentry/ros_ws/install/livox_ros2_driver/share/livox_ros2_driver/environment/library_path.sh
[37.529s] -- Symlinking: /home/rmsentry/ros_ws/install/livox_ros2_driver/share/livox_ros2_driver/environment/library_path.dsv
[37.535s] -- Symlinking: /home/rmsentry/ros_ws/install/livox_ros2_driver/lib/liblivox_ros2_driver.so
[37.542s] -- Symlinking: /home/rmsentry/ros_ws/install/livox_ros2_driver/share/livox_ros2_driver/config/display_point_cloud.rviz
[37.548s] -- Symlinking: /home/rmsentry/ros_ws/install/livox_ros2_driver/share/livox_ros2_driver/config/livox_hub_config.json
[37.556s] -- Symlinking: /home/rmsentry/ros_ws/install/livox_ros2_driver/share/livox_ros2_driver/config/livox_lidar_config.json
[37.562s] -- Symlinking: /home/rmsentry/ros_ws/install/livox_ros2_driver/share/livox_ros2_driver/launch/livox.launch.py
[37.569s] -- Symlinking: /home/rmsentry/ros_ws/install/livox_ros2_driver/share/ament_index/resource_index/package_run_dependencies/livox_ros2_driver
[37.577s] -- Symlinking: /home/rmsentry/ros_ws/install/livox_ros2_driver/share/ament_index/resource_index/parent_prefix_path/livox_ros2_driver
[37.585s] -- Symlinking: /home/rmsentry/ros_ws/install/livox_ros2_driver/share/livox_ros2_driver/environment/ament_prefix_path.sh
[37.591s] -- Symlinking: /home/rmsentry/ros_ws/install/livox_ros2_driver/share/livox_ros2_driver/environment/ament_prefix_path.dsv
[37.598s] -- Symlinking: /home/rmsentry/ros_ws/install/livox_ros2_driver/share/livox_ros2_driver/environment/path.sh
[37.605s] -- Symlinking: /home/rmsentry/ros_ws/install/livox_ros2_driver/share/livox_ros2_driver/environment/path.dsv
[37.611s] -- Symlinking: /home/rmsentry/ros_ws/install/livox_ros2_driver/share/livox_ros2_driver/local_setup.bash
[37.618s] -- Symlinking: /home/rmsentry/ros_ws/install/livox_ros2_driver/share/livox_ros2_driver/local_setup.sh
[37.624s] -- Symlinking: /home/rmsentry/ros_ws/install/livox_ros2_driver/share/livox_ros2_driver/local_setup.zsh
[37.631s] -- Symlinking: /home/rmsentry/ros_ws/install/livox_ros2_driver/share/livox_ros2_driver/local_setup.dsv
[37.638s] -- Symlinking: /home/rmsentry/ros_ws/install/livox_ros2_driver/share/livox_ros2_driver/package.dsv
[37.649s] -- Symlinking: /home/rmsentry/ros_ws/install/livox_ros2_driver/share/ament_index/resource_index/packages/livox_ros2_driver
[37.656s] -- Symlinking: /home/rmsentry/ros_ws/install/livox_ros2_driver/share/ament_index/resource_index/rclcpp_components/livox_ros2_driver
[37.664s] -- Symlinking: /home/rmsentry/ros_ws/install/livox_ros2_driver/share/livox_ros2_driver/cmake/ament_cmake_export_dependencies-extras.cmake
[37.670s] -- Symlinking: /home/rmsentry/ros_ws/install/livox_ros2_driver/share/livox_ros2_driver/cmake/ament_cmake_export_libraries-extras.cmake
[37.676s] -- Symlinking: /home/rmsentry/ros_ws/install/livox_ros2_driver/share/livox_ros2_driver/cmake/livox_ros2_driverConfig.cmake
[37.684s] -- Symlinking: /home/rmsentry/ros_ws/install/livox_ros2_driver/share/livox_ros2_driver/cmake/livox_ros2_driverConfig-version.cmake
[37.690s] -- Symlinking: /home/rmsentry/ros_ws/install/livox_ros2_driver/share/livox_ros2_driver/package.xml
[37.698s] Invoked command in '/home/rmsentry/ros_ws/build/livox_ros2_driver' returned '0': AMENT_PREFIX_PATH=/home/rmsentry/ros_ws/install/livox_sdk_vendor:/home/rmsentry/ros_ws/install/livox_interfaces:${AMENT_PREFIX_PATH} CMAKE_PREFIX_PATH=/home/rmsentry/ros_ws/install/livox_sdk_vendor:/home/rmsentry/ros_ws/install/livox_interfaces:/opt/ros/humble LD_LIBRARY_PATH=/home/rmsentry/ros_ws/install/livox_interfaces/lib:/opt/MVS/lib/64:/opt/MVS/lib/32:/usr/local/lib:/opt/MVS/lib/64:/opt/MVS/lib/32:/opt/MVS/lib/64:/opt/MVS/lib/32:/usr/local/lib:/opt/ros/humble/opt/rviz_ogre_vendor/lib:/opt/ros/humble/lib/x86_64-linux-gnu:/opt/ros/humble/lib:/opt/MVS/lib/64:/opt/MVS/lib/32:/opt/MVS/lib/64:/opt/MVS/lib/32:/opt/MVS/lib/64:/opt/MVS/lib/32 PYTHONPATH=/home/rmsentry/ros_ws/install/livox_interfaces/local/lib/python3.10/dist-packages:${PYTHONPATH} /usr/local/bin/cmake --install /home/rmsentry/ros_ws/build/livox_ros2_driver
