[0.976s] Invoking command in '/home/rmsentry/ros_ws/build/fake_msg_publisher': PYTHONPATH=/home/rmsentry/ros_ws/build/fake_msg_publisher/prefix_override:/usr/lib/python3/dist-packages/colcon_core/task/python/colcon_distutils_commands:/home/rmsentry/ros_ws/install/fake_msg_publisher/lib/python3.10/site-packages:${PYTHONPATH} /usr/bin/python3 -W ignore:setup.py install is deprecated -W ignore:easy_install command is deprecated setup.py develop --editable --build-directory /home/rmsentry/ros_ws/build/fake_msg_publisher/build --no-deps symlink_data
[1.573s] running develop
[1.860s] running egg_info
[1.861s] creating fake_msg_publisher.egg-info
[1.862s] writing fake_msg_publisher.egg-info/PKG-INFO
[1.863s] writing dependency_links to fake_msg_publisher.egg-info/dependency_links.txt
[1.863s] writing entry points to fake_msg_publisher.egg-info/entry_points.txt
[1.864s] writing requirements to fake_msg_publisher.egg-info/requires.txt
[1.864s] writing top-level names to fake_msg_publisher.egg-info/top_level.txt
[1.864s] writing manifest file 'fake_msg_publisher.egg-info/SOURCES.txt'
[1.865s] reading manifest file 'fake_msg_publisher.egg-info/SOURCES.txt'
[1.865s] writing manifest file 'fake_msg_publisher.egg-info/SOURCES.txt'
[1.867s] running build_ext
[1.867s] Creating /home/rmsentry/ros_ws/install/fake_msg_publisher/lib/python3.10/site-packages/fake-msg-publisher.egg-link (link to .)
[1.869s] Installing fake_msg_publisher_node script to /home/rmsentry/ros_ws/install/fake_msg_publisher/lib/fake_msg_publisher
[1.870s] 
[1.870s] Installed /home/rmsentry/ros_ws/build/fake_msg_publisher
[1.871s] running symlink_data
[1.871s] creating /home/rmsentry/ros_ws/install/fake_msg_publisher/share/ament_index
[1.872s] creating /home/rmsentry/ros_ws/install/fake_msg_publisher/share/ament_index/resource_index
[1.872s] creating /home/rmsentry/ros_ws/install/fake_msg_publisher/share/ament_index/resource_index/packages
[1.873s] symbolically linking /home/rmsentry/ros_ws/build/fake_msg_publisher/resource/fake_msg_publisher -> /home/rmsentry/ros_ws/install/fake_msg_publisher/share/ament_index/resource_index/packages
[1.874s] symbolically linking /home/rmsentry/ros_ws/build/fake_msg_publisher/package.xml -> /home/rmsentry/ros_ws/install/fake_msg_publisher/share/fake_msg_publisher
[1.913s] Invoked command in '/home/rmsentry/ros_ws/build/fake_msg_publisher' returned '0': PYTHONPATH=/home/rmsentry/ros_ws/build/fake_msg_publisher/prefix_override:/usr/lib/python3/dist-packages/colcon_core/task/python/colcon_distutils_commands:/home/rmsentry/ros_ws/install/fake_msg_publisher/lib/python3.10/site-packages:${PYTHONPATH} /usr/bin/python3 -W ignore:setup.py install is deprecated -W ignore:easy_install command is deprecated setup.py develop --editable --build-directory /home/rmsentry/ros_ws/build/fake_msg_publisher/build --no-deps symlink_data
