[0.037s] Invoking command in '/home/rmsentry/ros_ws/build/ign_sim_pointcloud_tool': CMAKE_PREFIX_PATH=${CMAKE_PREFIX_PATH}:/home/rmsentry/ros_ws/install/sdformat_tools:/home/rmsentry/ros_ws/install/rm_decision:/home/rmsentry/ros_ws/install/fake_msg_publisher:/opt/ros/humble /usr/local/bin/cmake --build /home/rmsentry/ros_ws/build/ign_sim_pointcloud_tool -- -j12 -l12
[0.361s] [ 50%] Built target ign_sim_pointcloud_tool_node
[0.361s] [100%] Built target ign_sim_pointcloud_tool
[0.385s] Invoked command in '/home/rmsentry/ros_ws/build/ign_sim_pointcloud_tool' returned '0': CMAKE_PREFIX_PATH=${CMAKE_PREFIX_PATH}:/home/rmsentry/ros_ws/install/sdformat_tools:/home/rmsentry/ros_ws/install/rm_decision:/home/rmsentry/ros_ws/install/fake_msg_publisher:/opt/ros/humble /usr/local/bin/cmake --build /home/rmsentry/ros_ws/build/ign_sim_pointcloud_tool -- -j12 -l12
[0.385s] Invoking command in '/home/rmsentry/ros_ws/build/ign_sim_pointcloud_tool': CMAKE_PREFIX_PATH=${CMAKE_PREFIX_PATH}:/home/rmsentry/ros_ws/install/sdformat_tools:/home/rmsentry/ros_ws/install/rm_decision:/home/rmsentry/ros_ws/install/fake_msg_publisher:/opt/ros/humble /usr/local/bin/cmake --install /home/rmsentry/ros_ws/build/ign_sim_pointcloud_tool
[0.418s] -- Install configuration: ""
[0.418s] -- Execute custom install script
[0.418s] -- Up-to-date symlink: /home/rmsentry/ros_ws/install/ign_sim_pointcloud_tool/lib/ign_sim_pointcloud_tool/ign_sim_pointcloud_tool_node
[0.418s] -- Up-to-date symlink: /home/rmsentry/ros_ws/install/ign_sim_pointcloud_tool/include/ign_sim_pointcloud_tool/ign_sim_pointcloud_tool/point_cloud_converter.hpp
[0.418s] -- Up-to-date symlink: /home/rmsentry/ros_ws/install/ign_sim_pointcloud_tool/share/ign_sim_pointcloud_tool/environment/library_path.sh
[0.419s] -- Up-to-date symlink: /home/rmsentry/ros_ws/install/ign_sim_pointcloud_tool/share/ign_sim_pointcloud_tool/environment/library_path.dsv
[0.419s] -- Up-to-date symlink: /home/rmsentry/ros_ws/install/ign_sim_pointcloud_tool/lib/libign_sim_pointcloud_tool.so
[0.419s] -- Up-to-date symlink: /home/rmsentry/ros_ws/install/ign_sim_pointcloud_tool/share/ament_index/resource_index/package_run_dependencies/ign_sim_pointcloud_tool
[0.419s] -- Up-to-date symlink: /home/rmsentry/ros_ws/install/ign_sim_pointcloud_tool/share/ament_index/resource_index/parent_prefix_path/ign_sim_pointcloud_tool
[0.419s] -- Up-to-date symlink: /home/rmsentry/ros_ws/install/ign_sim_pointcloud_tool/share/ign_sim_pointcloud_tool/environment/ament_prefix_path.sh
[0.419s] -- Up-to-date symlink: /home/rmsentry/ros_ws/install/ign_sim_pointcloud_tool/share/ign_sim_pointcloud_tool/environment/ament_prefix_path.dsv
[0.419s] -- Up-to-date symlink: /home/rmsentry/ros_ws/install/ign_sim_pointcloud_tool/share/ign_sim_pointcloud_tool/environment/path.sh
[0.419s] -- Up-to-date symlink: /home/rmsentry/ros_ws/install/ign_sim_pointcloud_tool/share/ign_sim_pointcloud_tool/environment/path.dsv
[0.419s] -- Up-to-date symlink: /home/rmsentry/ros_ws/install/ign_sim_pointcloud_tool/share/ign_sim_pointcloud_tool/local_setup.bash
[0.419s] -- Up-to-date symlink: /home/rmsentry/ros_ws/install/ign_sim_pointcloud_tool/share/ign_sim_pointcloud_tool/local_setup.sh
[0.419s] -- Up-to-date symlink: /home/rmsentry/ros_ws/install/ign_sim_pointcloud_tool/share/ign_sim_pointcloud_tool/local_setup.zsh
[0.419s] -- Up-to-date symlink: /home/rmsentry/ros_ws/install/ign_sim_pointcloud_tool/share/ign_sim_pointcloud_tool/local_setup.dsv
[0.419s] -- Symlinking: /home/rmsentry/ros_ws/install/ign_sim_pointcloud_tool/share/ign_sim_pointcloud_tool/package.dsv
[0.419s] -- Up-to-date symlink: /home/rmsentry/ros_ws/install/ign_sim_pointcloud_tool/share/ament_index/resource_index/packages/ign_sim_pointcloud_tool
[0.419s] -- Up-to-date symlink: /home/rmsentry/ros_ws/install/ign_sim_pointcloud_tool/share/ament_index/resource_index/rclcpp_components/ign_sim_pointcloud_tool
[0.419s] -- Up-to-date symlink: /home/rmsentry/ros_ws/install/ign_sim_pointcloud_tool/share/ign_sim_pointcloud_tool/cmake/ament_cmake_export_dependencies-extras.cmake
[0.419s] -- Up-to-date symlink: /home/rmsentry/ros_ws/install/ign_sim_pointcloud_tool/share/ign_sim_pointcloud_tool/cmake/ament_cmake_export_include_directories-extras.cmake
[0.419s] -- Up-to-date symlink: /home/rmsentry/ros_ws/install/ign_sim_pointcloud_tool/share/ign_sim_pointcloud_tool/cmake/ament_cmake_export_libraries-extras.cmake
[0.419s] -- Up-to-date symlink: /home/rmsentry/ros_ws/install/ign_sim_pointcloud_tool/share/ign_sim_pointcloud_tool/cmake/ign_sim_pointcloud_toolConfig.cmake
[0.419s] -- Up-to-date symlink: /home/rmsentry/ros_ws/install/ign_sim_pointcloud_tool/share/ign_sim_pointcloud_tool/cmake/ign_sim_pointcloud_toolConfig-version.cmake
[0.419s] -- Up-to-date symlink: /home/rmsentry/ros_ws/install/ign_sim_pointcloud_tool/share/ign_sim_pointcloud_tool/package.xml
[0.430s] Invoked command in '/home/rmsentry/ros_ws/build/ign_sim_pointcloud_tool' returned '0': CMAKE_PREFIX_PATH=${CMAKE_PREFIX_PATH}:/home/rmsentry/ros_ws/install/sdformat_tools:/home/rmsentry/ros_ws/install/rm_decision:/home/rmsentry/ros_ws/install/fake_msg_publisher:/opt/ros/humble /usr/local/bin/cmake --install /home/rmsentry/ros_ws/build/ign_sim_pointcloud_tool
