[0.018s] Invoking command in '/home/rmsentry/ros_ws/build/pb_teleop_twist_joy': CMAKE_PREFIX_PATH=/opt/ros/humble /usr/local/bin/cmake /home/rmsentry/ros_ws/src/pb2025_sentry_nav/pb_teleop_twist_joy -DAMENT_CMAKE_SYMLINK_INSTALL=1 -DCMAKE_INSTALL_PREFIX=/home/rmsentry/ros_ws/install/pb_teleop_twist_joy
[0.103s] -- The C compiler identification is GNU 11.4.0
[0.180s] -- The CXX compiler identification is GNU 11.4.0
[0.199s] -- Detecting C compiler ABI info
[0.333s] -- Detecting C compiler ABI info - done
[0.361s] -- Check for working C compiler: /usr/bin/cc - skipped
[0.362s] -- Detecting C compile features
[0.366s] -- Detecting C compile features - done
[0.375s] -- Detecting CXX compiler ABI info
[0.528s] -- Detecting CXX compiler ABI info - done
[0.590s] -- Check for working CXX compiler: /usr/bin/c++ - skipped
[0.590s] -- Detecting CXX compile features
[0.590s] -- Detecting CXX compile features - done
[0.590s] -- Found ament_cmake_auto: 1.3.12 (/opt/ros/humble/share/ament_cmake_auto/cmake)
[0.917s] -- Found Python3: /usr/bin/python3 (found version "3.10.12") found components: Interpreter
[0.994s] -- Override CMake install command with custom implementation using symlinks instead of copying resources
[1.235s] -- Found rosidl_generator_c: 3.1.7 (/opt/ros/humble/share/rosidl_generator_c/cmake)
[1.246s] -- Found rosidl_adapter: 3.1.7 (/opt/ros/humble/share/rosidl_adapter/cmake)
[1.266s] -- Found rosidl_generator_cpp: 3.1.7 (/opt/ros/humble/share/rosidl_generator_cpp/cmake)
[1.306s] -- Using all available rosidl_typesupport_c: rosidl_typesupport_fastrtps_c;rosidl_typesupport_introspection_c
[1.356s] -- Using all available rosidl_typesupport_cpp: rosidl_typesupport_fastrtps_cpp;rosidl_typesupport_introspection_cpp
[1.489s] -- Found rmw_implementation_cmake: 6.1.2 (/opt/ros/humble/share/rmw_implementation_cmake/cmake)
[1.498s] -- Found rmw_fastrtps_cpp: 6.2.8 (/opt/ros/humble/share/rmw_fastrtps_cpp/cmake)
[1.665s] -- Found OpenSSL: /usr/lib/x86_64-linux-gnu/libcrypto.so (found version "3.0.2")
[1.703s] -- Found FastRTPS: /opt/ros/humble/include
[1.765s] -- Using RMW implementation 'rmw_fastrtps_cpp' as default
[1.775s] -- Performing Test CMAKE_HAVE_LIBC_PTHREAD
[1.956s] -- Performing Test CMAKE_HAVE_LIBC_PTHREAD - Success
[1.956s] -- Found Threads: TRUE
[2.466s] -- Found eigen3_cmake_module: 0.1.1 (/opt/ros/humble/share/eigen3_cmake_module/cmake)
[2.468s] -- Found Eigen3: TRUE (found version "3.4.0")
[2.468s] -- Ensuring Eigen3 include directory is part of orocos-kdl CMake target
[2.772s] -- Found ament_lint_auto: 0.12.14 (/opt/ros/humble/share/ament_lint_auto/cmake)
[2.821s] -- Added test 'clang_format' to check C / C++ code style
[2.823s] -- Added test 'clang_tidy' to check C / C++ code style
[2.825s] -- Added test 'black' to check Python code style
[2.830s] -- Added test 'xmllint' to check XML markup files
[2.832s] -- Added test 'copyright' to check source files copyright and LICENSE
[2.846s] -- Configuring done (2.8s)
[2.898s] -- Generating done (0.0s)
[2.914s] -- Build files have been written to: /home/rmsentry/ros_ws/build/pb_teleop_twist_joy
[2.947s] Invoked command in '/home/rmsentry/ros_ws/build/pb_teleop_twist_joy' returned '0': CMAKE_PREFIX_PATH=/opt/ros/humble /usr/local/bin/cmake /home/rmsentry/ros_ws/src/pb2025_sentry_nav/pb_teleop_twist_joy -DAMENT_CMAKE_SYMLINK_INSTALL=1 -DCMAKE_INSTALL_PREFIX=/home/rmsentry/ros_ws/install/pb_teleop_twist_joy
[2.947s] Invoking command in '/home/rmsentry/ros_ws/build/pb_teleop_twist_joy': CMAKE_PREFIX_PATH=/opt/ros/humble /usr/local/bin/cmake --build /home/rmsentry/ros_ws/build/pb_teleop_twist_joy -- -j12 -l12
[3.006s] [ 25%] Building CXX object CMakeFiles/pb_teleop_twist_joy_node.dir/rclcpp_components/node_main_pb_teleop_twist_joy_node.cpp.o
[3.017s] [ 50%] Building CXX object CMakeFiles/pb_teleop_twist_joy.dir/src/pb_teleop_twist_joy.cpp.o
[9.747s] [ 75%] Linking CXX executable pb_teleop_twist_joy_node
[9.990s] [ 75%] Built target pb_teleop_twist_joy_node
[26.332s] [100%] Linking CXX shared library libpb_teleop_twist_joy.so
[27.174s] [100%] Built target pb_teleop_twist_joy
[27.177s] Invoked command in '/home/rmsentry/ros_ws/build/pb_teleop_twist_joy' returned '0': CMAKE_PREFIX_PATH=/opt/ros/humble /usr/local/bin/cmake --build /home/rmsentry/ros_ws/build/pb_teleop_twist_joy -- -j12 -l12
[27.179s] Invoking command in '/home/rmsentry/ros_ws/build/pb_teleop_twist_joy': CMAKE_PREFIX_PATH=/opt/ros/humble /usr/local/bin/cmake --install /home/rmsentry/ros_ws/build/pb_teleop_twist_joy
[27.184s] -- Install configuration: ""
[27.185s] -- Execute custom install script
[27.186s] -- Symlinking: /home/rmsentry/ros_ws/install/pb_teleop_twist_joy/lib/pb_teleop_twist_joy/pb_teleop_twist_joy_node
[27.191s] -- Symlinking: /home/rmsentry/ros_ws/install/pb_teleop_twist_joy/include/pb_teleop_twist_joy/pb_teleop_twist_joy/pb_teleop_twist_joy.hpp
[27.197s] -- Symlinking: /home/rmsentry/ros_ws/install/pb_teleop_twist_joy/share/pb_teleop_twist_joy/environment/library_path.sh
[27.201s] -- Symlinking: /home/rmsentry/ros_ws/install/pb_teleop_twist_joy/share/pb_teleop_twist_joy/environment/library_path.dsv
[27.206s] -- Symlinking: /home/rmsentry/ros_ws/install/pb_teleop_twist_joy/lib/libpb_teleop_twist_joy.so
[27.211s] -- Symlinking: /home/rmsentry/ros_ws/install/pb_teleop_twist_joy/share/pb_teleop_twist_joy/config/xbox.config.yaml
[27.216s] -- Symlinking: /home/rmsentry/ros_ws/install/pb_teleop_twist_joy/share/pb_teleop_twist_joy/launch/pb_teleop_twist_joy_launch.py
[27.223s] -- Symlinking: /home/rmsentry/ros_ws/install/pb_teleop_twist_joy/share/ament_index/resource_index/package_run_dependencies/pb_teleop_twist_joy
[27.225s] -- Symlinking: /home/rmsentry/ros_ws/install/pb_teleop_twist_joy/share/ament_index/resource_index/parent_prefix_path/pb_teleop_twist_joy
[27.229s] -- Symlinking: /home/rmsentry/ros_ws/install/pb_teleop_twist_joy/share/pb_teleop_twist_joy/environment/ament_prefix_path.sh
[27.233s] -- Symlinking: /home/rmsentry/ros_ws/install/pb_teleop_twist_joy/share/pb_teleop_twist_joy/environment/ament_prefix_path.dsv
[27.237s] -- Symlinking: /home/rmsentry/ros_ws/install/pb_teleop_twist_joy/share/pb_teleop_twist_joy/environment/path.sh
[27.243s] -- Symlinking: /home/rmsentry/ros_ws/install/pb_teleop_twist_joy/share/pb_teleop_twist_joy/environment/path.dsv
[27.247s] -- Symlinking: /home/rmsentry/ros_ws/install/pb_teleop_twist_joy/share/pb_teleop_twist_joy/local_setup.bash
[27.252s] -- Symlinking: /home/rmsentry/ros_ws/install/pb_teleop_twist_joy/share/pb_teleop_twist_joy/local_setup.sh
[27.258s] -- Symlinking: /home/rmsentry/ros_ws/install/pb_teleop_twist_joy/share/pb_teleop_twist_joy/local_setup.zsh
[27.263s] -- Symlinking: /home/rmsentry/ros_ws/install/pb_teleop_twist_joy/share/pb_teleop_twist_joy/local_setup.dsv
[27.268s] -- Symlinking: /home/rmsentry/ros_ws/install/pb_teleop_twist_joy/share/pb_teleop_twist_joy/package.dsv
[27.276s] -- Symlinking: /home/rmsentry/ros_ws/install/pb_teleop_twist_joy/share/ament_index/resource_index/packages/pb_teleop_twist_joy
[27.282s] -- Symlinking: /home/rmsentry/ros_ws/install/pb_teleop_twist_joy/share/ament_index/resource_index/rclcpp_components/pb_teleop_twist_joy
[27.283s] -- Symlinking: /home/rmsentry/ros_ws/install/pb_teleop_twist_joy/share/pb_teleop_twist_joy/cmake/ament_cmake_export_dependencies-extras.cmake
[27.288s] -- Symlinking: /home/rmsentry/ros_ws/install/pb_teleop_twist_joy/share/pb_teleop_twist_joy/cmake/ament_cmake_export_include_directories-extras.cmake
[27.293s] -- Symlinking: /home/rmsentry/ros_ws/install/pb_teleop_twist_joy/share/pb_teleop_twist_joy/cmake/ament_cmake_export_libraries-extras.cmake
[27.298s] -- Symlinking: /home/rmsentry/ros_ws/install/pb_teleop_twist_joy/share/pb_teleop_twist_joy/cmake/pb_teleop_twist_joyConfig.cmake
[27.302s] -- Symlinking: /home/rmsentry/ros_ws/install/pb_teleop_twist_joy/share/pb_teleop_twist_joy/cmake/pb_teleop_twist_joyConfig-version.cmake
[27.307s] -- Symlinking: /home/rmsentry/ros_ws/install/pb_teleop_twist_joy/share/pb_teleop_twist_joy/package.xml
[27.313s] Invoked command in '/home/rmsentry/ros_ws/build/pb_teleop_twist_joy' returned '0': CMAKE_PREFIX_PATH=/opt/ros/humble /usr/local/bin/cmake --install /home/rmsentry/ros_ws/build/pb_teleop_twist_joy
