-- The C compiler identification is GNU 11.4.0
-- The CXX compiler identification is GNU 11.4.0
-- Detecting C compiler ABI info
-- Detecting C compiler ABI info - done
-- Check for working C compiler: /usr/bin/cc - skipped
-- Detecting C compile features
-- Detecting C compile features - done
-- Detecting CXX compiler ABI info
-- Detecting CXX compiler ABI info - done
-- Check for working CXX compiler: /usr/bin/c++ - skipped
-- Detecting CXX compile features
-- Detecting CXX compile features - done
-- Found ament_cmake: 1.3.12 (/opt/ros/humble/share/ament_cmake/cmake)
-- Found Python3: /usr/bin/python3 (found version "3.10.12") found components: Interpreter
-- Override CMake install command with custom implementation using symlinks instead of copying resources
-- Found rosidl_default_generators: 1.2.0 (/opt/ros/humble/share/rosidl_default_generators/cmake)
-- Using all available rosidl_typesupport_c: rosidl_typesupport_fastrtps_c;rosidl_typesupport_introspection_c
-- Found rosidl_adapter: 3.1.7 (/opt/ros/humble/share/rosidl_adapter/cmake)
-- Using all available rosidl_typesupport_cpp: rosidl_typesupport_fastrtps_cpp;rosidl_typesupport_introspection_cpp
-- Found geometry_msgs: 4.9.0 (/opt/ros/humble/share/geometry_msgs/cmake)
-- Found ament_lint_auto: 0.12.14 (/opt/ros/humble/share/ament_lint_auto/cmake)
-- Found ament_cmake_ros: 0.10.0 (/opt/ros/humble/share/ament_cmake_ros/cmake)
-- Using all available rosidl_typesupport_c: rosidl_typesupport_fastrtps_c;rosidl_typesupport_introspection_c
-- Using all available rosidl_typesupport_cpp: rosidl_typesupport_fastrtps_cpp;rosidl_typesupport_introspection_cpp
-- Found PythonInterp: /usr/bin/python3 (found suitable version "3.10.12", minimum required is "3.6")
-- Found python_cmake_module: 0.10.0 (/opt/ros/humble/share/python_cmake_module/cmake)
-- Found PythonLibs: /usr/lib/x86_64-linux-gnu/libpython3.10.so (found suitable version "3.10.12", minimum required is "3.5")
-- Using PYTHON_EXECUTABLE: /usr/bin/python3
-- Using PYTHON_INCLUDE_DIRS: /usr/include/python3.10
-- Using PYTHON_LIBRARIES: /usr/lib/x86_64-linux-gnu/libpython3.10.so
-- Found PythonExtra: .so
-- Added test 'lint_cmake' to check CMake code style
-- Added test 'xmllint' to check XML markup files
-- Configuring done (3.2s)
-- Generating done (0.0s)
-- Build files have been written to: /home/rmsentry/ros_ws/build/rm_decision_interfaces
[  3%] Generating C code for ROS interfaces
[  6%] Generating C++ code for ROS interfaces
[  6%] Built target ament_cmake_python_symlink_rm_decision_interfaces
running egg_info
creating rm_decision_interfaces.egg-info
[  9%] Building C object CMakeFiles/rm_decision_interfaces__rosidl_generator_c.dir/rosidl_generator_c/rm_decision_interfaces/msg/detail/refree__functions.c.o
writing rm_decision_interfaces.egg-info/PKG-INFO
writing dependency_links to rm_decision_interfaces.egg-info/dependency_links.txt
writing top-level names to rm_decision_interfaces.egg-info/top_level.txt
writing manifest file 'rm_decision_interfaces.egg-info/SOURCES.txt'
reading manifest file 'rm_decision_interfaces.egg-info/SOURCES.txt'
writing manifest file 'rm_decision_interfaces.egg-info/SOURCES.txt'
[  9%] Built target rm_decision_interfaces__cpp
[ 12%] Generating C++ type support dispatch for ROS interfaces
[ 16%] Generating C++ type support for eProsima Fast-RTPS
[ 19%] Generating C++ introspection for ROS interfaces
[ 19%] Built target ament_cmake_python_build_rm_decision_interfaces_egg
[ 22%] Linking C shared library librm_decision_interfaces__rosidl_generator_c.so
[ 22%] Built target rm_decision_interfaces__rosidl_generator_c
[ 25%] Generating C type support for eProsima Fast-RTPS
[ 29%] Generating C type support dispatch for ROS interfaces
[ 32%] Generating C introspection for ROS interfaces
[ 35%] Building CXX object CMakeFiles/rm_decision_interfaces__rosidl_typesupport_cpp.dir/rosidl_typesupport_cpp/rm_decision_interfaces/msg/refree__type_support.cpp.o
[ 38%] Building CXX object CMakeFiles/rm_decision_interfaces__rosidl_typesupport_fastrtps_cpp.dir/rosidl_typesupport_fastrtps_cpp/rm_decision_interfaces/msg/detail/dds_fastrtps/refree__type_support.cpp.o
[ 41%] Building CXX object CMakeFiles/rm_decision_interfaces__rosidl_typesupport_introspection_cpp.dir/rosidl_typesupport_introspection_cpp/rm_decision_interfaces/msg/detail/refree__type_support.cpp.o
[ 45%] Building CXX object CMakeFiles/rm_decision_interfaces__rosidl_typesupport_c.dir/rosidl_typesupport_c/rm_decision_interfaces/msg/refree__type_support.cpp.o
[ 48%] Building C object CMakeFiles/rm_decision_interfaces__rosidl_typesupport_introspection_c.dir/rosidl_typesupport_introspection_c/rm_decision_interfaces/msg/detail/refree__type_support.c.o
[ 51%] Linking CXX shared library librm_decision_interfaces__rosidl_typesupport_c.so
[ 54%] Building CXX object CMakeFiles/rm_decision_interfaces__rosidl_typesupport_fastrtps_c.dir/rosidl_typesupport_fastrtps_c/rm_decision_interfaces/msg/detail/refree__type_support_c.cpp.o
[ 58%] Linking C shared library librm_decision_interfaces__rosidl_typesupport_introspection_c.so
[ 58%] Built target rm_decision_interfaces__rosidl_typesupport_c
[ 58%] Built target rm_decision_interfaces__rosidl_typesupport_introspection_c
[ 61%] Linking CXX shared library librm_decision_interfaces__rosidl_typesupport_cpp.so
[ 61%] Built target rm_decision_interfaces__rosidl_typesupport_cpp
[ 64%] Linking CXX shared library librm_decision_interfaces__rosidl_typesupport_fastrtps_cpp.so
[ 64%] Built target rm_decision_interfaces__rosidl_typesupport_fastrtps_cpp
[ 67%] Linking CXX shared library librm_decision_interfaces__rosidl_typesupport_fastrtps_c.so
[ 67%] Built target rm_decision_interfaces__rosidl_typesupport_fastrtps_c
[ 70%] Linking CXX shared library librm_decision_interfaces__rosidl_typesupport_introspection_cpp.so
[ 70%] Built target rm_decision_interfaces__rosidl_typesupport_introspection_cpp
[ 70%] Built target rm_decision_interfaces
[ 74%] Generating Python code for ROS interfaces
[ 74%] Built target rm_decision_interfaces__py
[ 77%] Building C object CMakeFiles/rm_decision_interfaces__rosidl_generator_py.dir/rosidl_generator_py/rm_decision_interfaces/msg/_refree_s.c.o
[ 80%] Linking C shared library rosidl_generator_py/rm_decision_interfaces/librm_decision_interfaces__rosidl_generator_py.so
[ 80%] Built target rm_decision_interfaces__rosidl_generator_py
[ 83%] Building C object CMakeFiles/rm_decision_interfaces__rosidl_typesupport_fastrtps_c__pyext.dir/rosidl_generator_py/rm_decision_interfaces/_rm_decision_interfaces_s.ep.rosidl_typesupport_fastrtps_c.c.o
[ 87%] Building C object CMakeFiles/rm_decision_interfaces__rosidl_typesupport_introspection_c__pyext.dir/rosidl_generator_py/rm_decision_interfaces/_rm_decision_interfaces_s.ep.rosidl_typesupport_introspection_c.c.o
[ 90%] Building C object CMakeFiles/rm_decision_interfaces__rosidl_typesupport_c__pyext.dir/rosidl_generator_py/rm_decision_interfaces/_rm_decision_interfaces_s.ep.rosidl_typesupport_c.c.o
[ 93%] Linking C shared library rosidl_generator_py/rm_decision_interfaces/rm_decision_interfaces_s__rosidl_typesupport_introspection_c.cpython-310-x86_64-linux-gnu.so
[ 96%] Linking C shared library rosidl_generator_py/rm_decision_interfaces/rm_decision_interfaces_s__rosidl_typesupport_fastrtps_c.cpython-310-x86_64-linux-gnu.so
[100%] Linking C shared library rosidl_generator_py/rm_decision_interfaces/rm_decision_interfaces_s__rosidl_typesupport_c.cpython-310-x86_64-linux-gnu.so
[100%] Built target rm_decision_interfaces__rosidl_typesupport_introspection_c__pyext
[100%] Built target rm_decision_interfaces__rosidl_typesupport_c__pyext
[100%] Built target rm_decision_interfaces__rosidl_typesupport_fastrtps_c__pyext
-- Install configuration: ""
-- Execute custom install script
-- Symlinking: /home/rmsentry/ros_ws/install/rm_decision_interfaces/share/ament_index/resource_index/rosidl_interfaces/rm_decision_interfaces
-- Symlinking: /home/rmsentry/ros_ws/install/rm_decision_interfaces/include/rm_decision_interfaces/rm_decision_interfaces/msg/detail/refree__functions.h
-- Symlinking: /home/rmsentry/ros_ws/install/rm_decision_interfaces/include/rm_decision_interfaces/rm_decision_interfaces/msg/detail/refree__struct.h
-- Symlinking: /home/rmsentry/ros_ws/install/rm_decision_interfaces/include/rm_decision_interfaces/rm_decision_interfaces/msg/detail/refree__type_support.h
-- Symlinking: /home/rmsentry/ros_ws/install/rm_decision_interfaces/include/rm_decision_interfaces/rm_decision_interfaces/msg/refree.h
-- Symlinking: /home/rmsentry/ros_ws/install/rm_decision_interfaces/include/rm_decision_interfaces/rm_decision_interfaces/msg/rosidl_generator_c__visibility_control.h
-- Symlinking: /home/rmsentry/ros_ws/install/rm_decision_interfaces/share/rm_decision_interfaces/environment/library_path.sh
-- Symlinking: /home/rmsentry/ros_ws/install/rm_decision_interfaces/share/rm_decision_interfaces/environment/library_path.dsv
-- Symlinking: /home/rmsentry/ros_ws/install/rm_decision_interfaces/include/rm_decision_interfaces/rm_decision_interfaces/msg/detail/refree__rosidl_typesupport_fastrtps_c.h
-- Symlinking: /home/rmsentry/ros_ws/install/rm_decision_interfaces/include/rm_decision_interfaces/rm_decision_interfaces/msg/rosidl_typesupport_fastrtps_c__visibility_control.h
-- Symlinking: /home/rmsentry/ros_ws/install/rm_decision_interfaces/include/rm_decision_interfaces/rm_decision_interfaces/msg/detail/refree__rosidl_typesupport_introspection_c.h
-- Symlinking: /home/rmsentry/ros_ws/install/rm_decision_interfaces/include/rm_decision_interfaces/rm_decision_interfaces/msg/rosidl_typesupport_introspection_c__visibility_control.h
-- Symlinking: /home/rmsentry/ros_ws/install/rm_decision_interfaces/include/rm_decision_interfaces/rm_decision_interfaces/msg/detail/refree__builder.hpp
-- Symlinking: /home/rmsentry/ros_ws/install/rm_decision_interfaces/include/rm_decision_interfaces/rm_decision_interfaces/msg/detail/refree__struct.hpp
-- Symlinking: /home/rmsentry/ros_ws/install/rm_decision_interfaces/include/rm_decision_interfaces/rm_decision_interfaces/msg/detail/refree__traits.hpp
-- Symlinking: /home/rmsentry/ros_ws/install/rm_decision_interfaces/include/rm_decision_interfaces/rm_decision_interfaces/msg/detail/refree__type_support.hpp
-- Symlinking: /home/rmsentry/ros_ws/install/rm_decision_interfaces/include/rm_decision_interfaces/rm_decision_interfaces/msg/refree.hpp
-- Symlinking: /home/rmsentry/ros_ws/install/rm_decision_interfaces/include/rm_decision_interfaces/rm_decision_interfaces/msg/rosidl_generator_cpp__visibility_control.hpp
-- Symlinking: /home/rmsentry/ros_ws/install/rm_decision_interfaces/include/rm_decision_interfaces/rm_decision_interfaces/msg/detail/refree__rosidl_typesupport_fastrtps_cpp.hpp
-- Symlinking: /home/rmsentry/ros_ws/install/rm_decision_interfaces/include/rm_decision_interfaces/rm_decision_interfaces/msg/rosidl_typesupport_fastrtps_cpp__visibility_control.h
-- Symlinking: /home/rmsentry/ros_ws/install/rm_decision_interfaces/include/rm_decision_interfaces/rm_decision_interfaces/msg/detail/refree__rosidl_typesupport_introspection_cpp.hpp
-- Symlinking: /home/rmsentry/ros_ws/install/rm_decision_interfaces/share/rm_decision_interfaces/environment/pythonpath.sh
-- Symlinking: /home/rmsentry/ros_ws/install/rm_decision_interfaces/share/rm_decision_interfaces/environment/pythonpath.dsv
-- Symlinking: /home/rmsentry/ros_ws/install/rm_decision_interfaces/local/lib/python3.10/dist-packages/rm_decision_interfaces-0.0.0-py3.10.egg-info/PKG-INFO
-- Symlinking: /home/rmsentry/ros_ws/install/rm_decision_interfaces/local/lib/python3.10/dist-packages/rm_decision_interfaces-0.0.0-py3.10.egg-info/SOURCES.txt
-- Symlinking: /home/rmsentry/ros_ws/install/rm_decision_interfaces/local/lib/python3.10/dist-packages/rm_decision_interfaces-0.0.0-py3.10.egg-info/dependency_links.txt
-- Symlinking: /home/rmsentry/ros_ws/install/rm_decision_interfaces/local/lib/python3.10/dist-packages/rm_decision_interfaces-0.0.0-py3.10.egg-info/top_level.txt
-- Symlinking: /home/rmsentry/ros_ws/install/rm_decision_interfaces/local/lib/python3.10/dist-packages/rm_decision_interfaces/__init__.py
-- Symlinking: /home/rmsentry/ros_ws/install/rm_decision_interfaces/local/lib/python3.10/dist-packages/rm_decision_interfaces/_rm_decision_interfaces_s.ep.rosidl_typesupport_c.c
-- Symlinking: /home/rmsentry/ros_ws/install/rm_decision_interfaces/local/lib/python3.10/dist-packages/rm_decision_interfaces/_rm_decision_interfaces_s.ep.rosidl_typesupport_fastrtps_c.c
-- Symlinking: /home/rmsentry/ros_ws/install/rm_decision_interfaces/local/lib/python3.10/dist-packages/rm_decision_interfaces/_rm_decision_interfaces_s.ep.rosidl_typesupport_introspection_c.c
-- Symlinking: /home/rmsentry/ros_ws/install/rm_decision_interfaces/local/lib/python3.10/dist-packages/rm_decision_interfaces/librm_decision_interfaces__rosidl_generator_py.so
-- Symlinking: /home/rmsentry/ros_ws/install/rm_decision_interfaces/local/lib/python3.10/dist-packages/rm_decision_interfaces/msg/__init__.py
-- Symlinking: /home/rmsentry/ros_ws/install/rm_decision_interfaces/local/lib/python3.10/dist-packages/rm_decision_interfaces/msg/_refree.py
-- Symlinking: /home/rmsentry/ros_ws/install/rm_decision_interfaces/local/lib/python3.10/dist-packages/rm_decision_interfaces/msg/_refree_s.c
-- Symlinking: /home/rmsentry/ros_ws/install/rm_decision_interfaces/local/lib/python3.10/dist-packages/rm_decision_interfaces/rm_decision_interfaces_s__rosidl_typesupport_c.cpython-310-x86_64-linux-gnu.so
-- Symlinking: /home/rmsentry/ros_ws/install/rm_decision_interfaces/local/lib/python3.10/dist-packages/rm_decision_interfaces/rm_decision_interfaces_s__rosidl_typesupport_fastrtps_c.cpython-310-x86_64-linux-gnu.so
-- Symlinking: /home/rmsentry/ros_ws/install/rm_decision_interfaces/local/lib/python3.10/dist-packages/rm_decision_interfaces/rm_decision_interfaces_s__rosidl_typesupport_introspection_c.cpython-310-x86_64-linux-gnu.so
-- Up-to-date symlink: /home/rmsentry/ros_ws/install/rm_decision_interfaces/local/lib/python3.10/dist-packages/rm_decision_interfaces/rm_decision_interfaces_s__rosidl_typesupport_fastrtps_c.cpython-310-x86_64-linux-gnu.so
-- Up-to-date symlink: /home/rmsentry/ros_ws/install/rm_decision_interfaces/local/lib/python3.10/dist-packages/rm_decision_interfaces/rm_decision_interfaces_s__rosidl_typesupport_introspection_c.cpython-310-x86_64-linux-gnu.so
-- Up-to-date symlink: /home/rmsentry/ros_ws/install/rm_decision_interfaces/local/lib/python3.10/dist-packages/rm_decision_interfaces/rm_decision_interfaces_s__rosidl_typesupport_c.cpython-310-x86_64-linux-gnu.so
-- Symlinking: /home/rmsentry/ros_ws/install/rm_decision_interfaces/share/rm_decision_interfaces/msg/Refree.idl
-- Symlinking: /home/rmsentry/ros_ws/install/rm_decision_interfaces/share/rm_decision_interfaces/msg/Refree.msg
-- Symlinking: /home/rmsentry/ros_ws/install/rm_decision_interfaces/share/ament_index/resource_index/package_run_dependencies/rm_decision_interfaces
-- Symlinking: /home/rmsentry/ros_ws/install/rm_decision_interfaces/share/ament_index/resource_index/parent_prefix_path/rm_decision_interfaces
-- Symlinking: /home/rmsentry/ros_ws/install/rm_decision_interfaces/share/rm_decision_interfaces/environment/ament_prefix_path.sh
-- Symlinking: /home/rmsentry/ros_ws/install/rm_decision_interfaces/share/rm_decision_interfaces/environment/ament_prefix_path.dsv
-- Symlinking: /home/rmsentry/ros_ws/install/rm_decision_interfaces/share/rm_decision_interfaces/environment/path.sh
-- Symlinking: /home/rmsentry/ros_ws/install/rm_decision_interfaces/share/rm_decision_interfaces/environment/path.dsv
-- Symlinking: /home/rmsentry/ros_ws/install/rm_decision_interfaces/share/rm_decision_interfaces/local_setup.bash
-- Symlinking: /home/rmsentry/ros_ws/install/rm_decision_interfaces/share/rm_decision_interfaces/local_setup.sh
-- Symlinking: /home/rmsentry/ros_ws/install/rm_decision_interfaces/share/rm_decision_interfaces/local_setup.zsh
-- Symlinking: /home/rmsentry/ros_ws/install/rm_decision_interfaces/share/rm_decision_interfaces/local_setup.dsv
-- Symlinking: /home/rmsentry/ros_ws/install/rm_decision_interfaces/share/rm_decision_interfaces/package.dsv
-- Symlinking: /home/rmsentry/ros_ws/install/rm_decision_interfaces/share/ament_index/resource_index/packages/rm_decision_interfaces
-- Symlinking: /home/rmsentry/ros_ws/install/rm_decision_interfaces/share/rm_decision_interfaces/cmake/rosidl_cmake-extras.cmake
-- Symlinking: /home/rmsentry/ros_ws/install/rm_decision_interfaces/share/rm_decision_interfaces/cmake/ament_cmake_export_dependencies-extras.cmake
-- Symlinking: /home/rmsentry/ros_ws/install/rm_decision_interfaces/share/rm_decision_interfaces/cmake/ament_cmake_export_include_directories-extras.cmake
-- Symlinking: /home/rmsentry/ros_ws/install/rm_decision_interfaces/share/rm_decision_interfaces/cmake/ament_cmake_export_libraries-extras.cmake
-- Symlinking: /home/rmsentry/ros_ws/install/rm_decision_interfaces/share/rm_decision_interfaces/cmake/ament_cmake_export_targets-extras.cmake
-- Symlinking: /home/rmsentry/ros_ws/install/rm_decision_interfaces/share/rm_decision_interfaces/cmake/rosidl_cmake_export_typesupport_targets-extras.cmake
-- Symlinking: /home/rmsentry/ros_ws/install/rm_decision_interfaces/share/rm_decision_interfaces/cmake/rosidl_cmake_export_typesupport_libraries-extras.cmake
-- Symlinking: /home/rmsentry/ros_ws/install/rm_decision_interfaces/share/rm_decision_interfaces/cmake/rm_decision_interfacesConfig.cmake
-- Symlinking: /home/rmsentry/ros_ws/install/rm_decision_interfaces/share/rm_decision_interfaces/cmake/rm_decision_interfacesConfig-version.cmake
-- Symlinking: /home/rmsentry/ros_ws/install/rm_decision_interfaces/share/rm_decision_interfaces/package.xml
-- Installing: /home/rmsentry/ros_ws/install/rm_decision_interfaces/lib/librm_decision_interfaces__rosidl_generator_c.so
-- Set non-toolchain portion of runtime path of "/home/rmsentry/ros_ws/install/rm_decision_interfaces/lib/librm_decision_interfaces__rosidl_generator_c.so" to ""
-- Installing: /home/rmsentry/ros_ws/install/rm_decision_interfaces/lib/librm_decision_interfaces__rosidl_typesupport_fastrtps_c.so
-- Set non-toolchain portion of runtime path of "/home/rmsentry/ros_ws/install/rm_decision_interfaces/lib/librm_decision_interfaces__rosidl_typesupport_fastrtps_c.so" to ""
-- Installing: /home/rmsentry/ros_ws/install/rm_decision_interfaces/lib/librm_decision_interfaces__rosidl_typesupport_introspection_c.so
-- Set non-toolchain portion of runtime path of "/home/rmsentry/ros_ws/install/rm_decision_interfaces/lib/librm_decision_interfaces__rosidl_typesupport_introspection_c.so" to ""
-- Installing: /home/rmsentry/ros_ws/install/rm_decision_interfaces/lib/librm_decision_interfaces__rosidl_typesupport_c.so
-- Set non-toolchain portion of runtime path of "/home/rmsentry/ros_ws/install/rm_decision_interfaces/lib/librm_decision_interfaces__rosidl_typesupport_c.so" to ""
-- Installing: /home/rmsentry/ros_ws/install/rm_decision_interfaces/lib/librm_decision_interfaces__rosidl_typesupport_fastrtps_cpp.so
-- Set non-toolchain portion of runtime path of "/home/rmsentry/ros_ws/install/rm_decision_interfaces/lib/librm_decision_interfaces__rosidl_typesupport_fastrtps_cpp.so" to ""
-- Installing: /home/rmsentry/ros_ws/install/rm_decision_interfaces/lib/librm_decision_interfaces__rosidl_typesupport_introspection_cpp.so
-- Set non-toolchain portion of runtime path of "/home/rmsentry/ros_ws/install/rm_decision_interfaces/lib/librm_decision_interfaces__rosidl_typesupport_introspection_cpp.so" to ""
-- Installing: /home/rmsentry/ros_ws/install/rm_decision_interfaces/lib/librm_decision_interfaces__rosidl_typesupport_cpp.so
-- Set non-toolchain portion of runtime path of "/home/rmsentry/ros_ws/install/rm_decision_interfaces/lib/librm_decision_interfaces__rosidl_typesupport_cpp.so" to ""
Listing '/home/rmsentry/ros_ws/install/rm_decision_interfaces/local/lib/python3.10/dist-packages/rm_decision_interfaces'...
Compiling '/home/rmsentry/ros_ws/install/rm_decision_interfaces/local/lib/python3.10/dist-packages/rm_decision_interfaces/__init__.py'...
Listing '/home/rmsentry/ros_ws/install/rm_decision_interfaces/local/lib/python3.10/dist-packages/rm_decision_interfaces/msg'...
Compiling '/home/rmsentry/ros_ws/install/rm_decision_interfaces/local/lib/python3.10/dist-packages/rm_decision_interfaces/msg/__init__.py'...
Compiling '/home/rmsentry/ros_ws/install/rm_decision_interfaces/local/lib/python3.10/dist-packages/rm_decision_interfaces/msg/_refree.py'...
-- Installing: /home/rmsentry/ros_ws/install/rm_decision_interfaces/lib/librm_decision_interfaces__rosidl_generator_py.so
-- Set non-toolchain portion of runtime path of "/home/rmsentry/ros_ws/install/rm_decision_interfaces/lib/librm_decision_interfaces__rosidl_generator_py.so" to ""
-- Installing: /home/rmsentry/ros_ws/install/rm_decision_interfaces/share/rm_decision_interfaces/cmake/export_rm_decision_interfaces__rosidl_generator_cExport.cmake
-- Installing: /home/rmsentry/ros_ws/install/rm_decision_interfaces/share/rm_decision_interfaces/cmake/export_rm_decision_interfaces__rosidl_generator_cExport-noconfig.cmake
-- Installing: /home/rmsentry/ros_ws/install/rm_decision_interfaces/share/rm_decision_interfaces/cmake/export_rm_decision_interfaces__rosidl_typesupport_fastrtps_cExport.cmake
-- Installing: /home/rmsentry/ros_ws/install/rm_decision_interfaces/share/rm_decision_interfaces/cmake/export_rm_decision_interfaces__rosidl_typesupport_fastrtps_cExport-noconfig.cmake
-- Installing: /home/rmsentry/ros_ws/install/rm_decision_interfaces/share/rm_decision_interfaces/cmake/rm_decision_interfaces__rosidl_typesupport_introspection_cExport.cmake
-- Installing: /home/rmsentry/ros_ws/install/rm_decision_interfaces/share/rm_decision_interfaces/cmake/rm_decision_interfaces__rosidl_typesupport_introspection_cExport-noconfig.cmake
-- Installing: /home/rmsentry/ros_ws/install/rm_decision_interfaces/share/rm_decision_interfaces/cmake/rm_decision_interfaces__rosidl_typesupport_cExport.cmake
-- Installing: /home/rmsentry/ros_ws/install/rm_decision_interfaces/share/rm_decision_interfaces/cmake/rm_decision_interfaces__rosidl_typesupport_cExport-noconfig.cmake
-- Installing: /home/rmsentry/ros_ws/install/rm_decision_interfaces/share/rm_decision_interfaces/cmake/export_rm_decision_interfaces__rosidl_generator_cppExport.cmake
-- Installing: /home/rmsentry/ros_ws/install/rm_decision_interfaces/share/rm_decision_interfaces/cmake/export_rm_decision_interfaces__rosidl_typesupport_fastrtps_cppExport.cmake
-- Installing: /home/rmsentry/ros_ws/install/rm_decision_interfaces/share/rm_decision_interfaces/cmake/export_rm_decision_interfaces__rosidl_typesupport_fastrtps_cppExport-noconfig.cmake
-- Installing: /home/rmsentry/ros_ws/install/rm_decision_interfaces/share/rm_decision_interfaces/cmake/rm_decision_interfaces__rosidl_typesupport_introspection_cppExport.cmake
-- Installing: /home/rmsentry/ros_ws/install/rm_decision_interfaces/share/rm_decision_interfaces/cmake/rm_decision_interfaces__rosidl_typesupport_introspection_cppExport-noconfig.cmake
-- Installing: /home/rmsentry/ros_ws/install/rm_decision_interfaces/share/rm_decision_interfaces/cmake/rm_decision_interfaces__rosidl_typesupport_cppExport.cmake
-- Installing: /home/rmsentry/ros_ws/install/rm_decision_interfaces/share/rm_decision_interfaces/cmake/rm_decision_interfaces__rosidl_typesupport_cppExport-noconfig.cmake
-- Installing: /home/rmsentry/ros_ws/install/rm_decision_interfaces/share/rm_decision_interfaces/cmake/export_rm_decision_interfaces__rosidl_generator_pyExport.cmake
-- Installing: /home/rmsentry/ros_ws/install/rm_decision_interfaces/share/rm_decision_interfaces/cmake/export_rm_decision_interfaces__rosidl_generator_pyExport-noconfig.cmake
