[0.020s] Invoking command in '/home/rmsentry/ros_ws/build/rm_decision_interfaces': CMAKE_PREFIX_PATH=/opt/ros/humble /usr/local/bin/cmake /home/rmsentry/ros_ws/src/rm_decision/rm_decision_interfaces -DAMENT_CMAKE_SYMLINK_INSTALL=1 -DCMAKE_INSTALL_PREFIX=/home/rmsentry/ros_ws/install/rm_decision_interfaces
[0.313s] -- The C compiler identification is GNU 11.4.0
[0.313s] -- The CXX compiler identification is GNU 11.4.0
[0.313s] -- Detecting C compiler ABI info
[0.318s] -- Detecting C compiler ABI info - done
[0.318s] -- Check for working C compiler: /usr/bin/cc - skipped
[0.318s] -- Detecting C compile features
[0.318s] -- Detecting C compile features - done
[0.319s] -- Detecting CXX compiler ABI info
[0.358s] -- Detecting CXX compiler ABI info - done
[0.385s] -- Check for working CXX compiler: /usr/bin/c++ - skipped
[0.385s] -- Detecting CXX compile features
[0.385s] -- Detecting CXX compile features - done
[0.385s] -- Found ament_cmake: 1.3.12 (/opt/ros/humble/share/ament_cmake/cmake)
[0.541s] -- Found Python3: /usr/bin/python3 (found version "3.10.12") found components: Interpreter
[0.610s] -- Override CMake install command with custom implementation using symlinks instead of copying resources
[0.647s] -- Found rosidl_default_generators: 1.2.0 (/opt/ros/humble/share/rosidl_default_generators/cmake)
[0.650s] -- Using all available rosidl_typesupport_c: rosidl_typesupport_fastrtps_c;rosidl_typesupport_introspection_c
[0.657s] -- Found rosidl_adapter: 3.1.7 (/opt/ros/humble/share/rosidl_adapter/cmake)
[0.717s] -- Using all available rosidl_typesupport_cpp: rosidl_typesupport_fastrtps_cpp;rosidl_typesupport_introspection_cpp
[0.762s] -- Found geometry_msgs: 4.9.0 (/opt/ros/humble/share/geometry_msgs/cmake)
[0.823s] -- Found ament_lint_auto: 0.12.14 (/opt/ros/humble/share/ament_lint_auto/cmake)
[1.353s] -- Found ament_cmake_ros: 0.10.0 (/opt/ros/humble/share/ament_cmake_ros/cmake)
[2.101s] -- Using all available rosidl_typesupport_c: rosidl_typesupport_fastrtps_c;rosidl_typesupport_introspection_c
[3.041s] -- Using all available rosidl_typesupport_cpp: rosidl_typesupport_fastrtps_cpp;rosidl_typesupport_introspection_cpp
[3.044s] CMake Warning (dev) at /opt/ros/humble/share/rosidl_generator_py/cmake/rosidl_generator_py_generate_interfaces.cmake:20 (find_package):
[3.045s]   Policy CMP0148 is not set: The FindPythonInterp and FindPythonLibs modules
[3.045s]   are removed.  Run "cmake --help-policy CMP0148" for policy details.  Use
[3.046s]   the cmake_policy command to set the policy and suppress this warning.
[3.046s] 
[3.046s] Call Stack (most recent call first):
[3.047s]   /opt/ros/humble/share/ament_cmake_core/cmake/core/ament_execute_extensions.cmake:48 (include)
[3.047s]   /opt/ros/humble/share/rosidl_cmake/cmake/rosidl_generate_interfaces.cmake:286 (ament_execute_extensions)
[3.047s]   CMakeLists.txt:25 (rosidl_generate_interfaces)
[3.048s] This warning is for project developers.  Use -Wno-dev to suppress it.
[3.050s] 
[3.079s] -- Found PythonInterp: /usr/bin/python3 (found suitable version "3.10.12", minimum required is "3.6")
[3.079s] -- Found python_cmake_module: 0.10.0 (/opt/ros/humble/share/python_cmake_module/cmake)
[3.079s] CMake Warning (dev) at /opt/ros/humble/share/python_cmake_module/cmake/Modules/FindPythonExtra.cmake:52 (find_package):
[3.079s]   Policy CMP0148 is not set: The FindPythonInterp and FindPythonLibs modules
[3.079s]   are removed.  Run "cmake --help-policy CMP0148" for policy details.  Use
[3.079s]   the cmake_policy command to set the policy and suppress this warning.
[3.079s] 
[3.079s] Call Stack (most recent call first):
[3.079s]   /opt/ros/humble/share/rosidl_generator_py/cmake/rosidl_generator_py_generate_interfaces.cmake:23 (find_package)
[3.079s]   /opt/ros/humble/share/ament_cmake_core/cmake/core/ament_execute_extensions.cmake:48 (include)
[3.079s]   /opt/ros/humble/share/rosidl_cmake/cmake/rosidl_generate_interfaces.cmake:286 (ament_execute_extensions)
[3.079s]   CMakeLists.txt:25 (rosidl_generate_interfaces)
[3.079s] This warning is for project developers.  Use -Wno-dev to suppress it.
[3.079s] 
[3.121s] CMake Warning (dev) at /opt/ros/humble/share/python_cmake_module/cmake/Modules/FindPythonExtra.cmake:140 (find_package):
[3.121s]   Policy CMP0148 is not set: The FindPythonInterp and FindPythonLibs modules
[3.121s]   are removed.  Run "cmake --help-policy CMP0148" for policy details.  Use
[3.121s]   the cmake_policy command to set the policy and suppress this warning.
[3.121s] 
[3.121s] Call Stack (most recent call first):
[3.122s]   /opt/ros/humble/share/rosidl_generator_py/cmake/rosidl_generator_py_generate_interfaces.cmake:23 (find_package)
[3.122s]   /opt/ros/humble/share/ament_cmake_core/cmake/core/ament_execute_extensions.cmake:48 (include)
[3.122s]   /opt/ros/humble/share/rosidl_cmake/cmake/rosidl_generate_interfaces.cmake:286 (ament_execute_extensions)
[3.122s]   CMakeLists.txt:25 (rosidl_generate_interfaces)
[3.122s] This warning is for project developers.  Use -Wno-dev to suppress it.
[3.122s] 
[3.130s] -- Found PythonLibs: /usr/lib/x86_64-linux-gnu/libpython3.10.so (found suitable version "3.10.12", minimum required is "3.5")
[3.131s] -- Using PYTHON_EXECUTABLE: /usr/bin/python3
[3.131s] -- Using PYTHON_INCLUDE_DIRS: /usr/include/python3.10
[3.132s] -- Using PYTHON_LIBRARIES: /usr/lib/x86_64-linux-gnu/libpython3.10.so
[3.156s] -- Found PythonExtra: .so
[3.240s] -- Added test 'lint_cmake' to check CMake code style
[3.242s] -- Added test 'xmllint' to check XML markup files
[3.246s] -- Configuring done (3.2s)
[3.287s] -- Generating done (0.0s)
[3.299s] -- Build files have been written to: /home/rmsentry/ros_ws/build/rm_decision_interfaces
[3.312s] Invoked command in '/home/rmsentry/ros_ws/build/rm_decision_interfaces' returned '0': CMAKE_PREFIX_PATH=/opt/ros/humble /usr/local/bin/cmake /home/rmsentry/ros_ws/src/rm_decision/rm_decision_interfaces -DAMENT_CMAKE_SYMLINK_INSTALL=1 -DCMAKE_INSTALL_PREFIX=/home/rmsentry/ros_ws/install/rm_decision_interfaces
[3.318s] Invoking command in '/home/rmsentry/ros_ws/build/rm_decision_interfaces': CMAKE_PREFIX_PATH=/opt/ros/humble /usr/local/bin/cmake --build /home/rmsentry/ros_ws/build/rm_decision_interfaces -- -j12 -l12
[3.351s] [  3%] Generating C code for ROS interfaces
[3.361s] [  6%] Generating C++ code for ROS interfaces
[3.413s] [  6%] Built target ament_cmake_python_symlink_rm_decision_interfaces
[3.662s] running egg_info
[3.663s] creating rm_decision_interfaces.egg-info
[3.663s] [  9%] Building C object CMakeFiles/rm_decision_interfaces__rosidl_generator_c.dir/rosidl_generator_c/rm_decision_interfaces/msg/detail/refree__functions.c.o
[3.663s] writing rm_decision_interfaces.egg-info/PKG-INFO
[3.664s] writing dependency_links to rm_decision_interfaces.egg-info/dependency_links.txt
[3.664s] writing top-level names to rm_decision_interfaces.egg-info/top_level.txt
[3.664s] writing manifest file 'rm_decision_interfaces.egg-info/SOURCES.txt'
[3.669s] reading manifest file 'rm_decision_interfaces.egg-info/SOURCES.txt'
[3.676s] writing manifest file 'rm_decision_interfaces.egg-info/SOURCES.txt'
[3.692s] [  9%] Built target rm_decision_interfaces__cpp
[3.701s] [ 12%] Generating C++ type support dispatch for ROS interfaces
[3.707s] [ 16%] Generating C++ type support for eProsima Fast-RTPS
[3.707s] [ 19%] Generating C++ introspection for ROS interfaces
[3.724s] [ 19%] Built target ament_cmake_python_build_rm_decision_interfaces_egg
[3.751s] [ 22%] Linking C shared library librm_decision_interfaces__rosidl_generator_c.so
[3.808s] [ 22%] Built target rm_decision_interfaces__rosidl_generator_c
[3.818s] [ 25%] Generating C type support for eProsima Fast-RTPS
[3.821s] [ 29%] Generating C type support dispatch for ROS interfaces
[3.824s] [ 32%] Generating C introspection for ROS interfaces
[4.073s] [ 35%] Building CXX object CMakeFiles/rm_decision_interfaces__rosidl_typesupport_cpp.dir/rosidl_typesupport_cpp/rm_decision_interfaces/msg/refree__type_support.cpp.o
[4.175s] [ 38%] Building CXX object CMakeFiles/rm_decision_interfaces__rosidl_typesupport_fastrtps_cpp.dir/rosidl_typesupport_fastrtps_cpp/rm_decision_interfaces/msg/detail/dds_fastrtps/refree__type_support.cpp.o
[4.277s] [ 41%] Building CXX object CMakeFiles/rm_decision_interfaces__rosidl_typesupport_introspection_cpp.dir/rosidl_typesupport_introspection_cpp/rm_decision_interfaces/msg/detail/refree__type_support.cpp.o
[4.406s] [ 45%] Building CXX object CMakeFiles/rm_decision_interfaces__rosidl_typesupport_c.dir/rosidl_typesupport_c/rm_decision_interfaces/msg/refree__type_support.cpp.o
[4.431s] [ 48%] Building C object CMakeFiles/rm_decision_interfaces__rosidl_typesupport_introspection_c.dir/rosidl_typesupport_introspection_c/rm_decision_interfaces/msg/detail/refree__type_support.c.o
[4.453s] [ 51%] Linking CXX shared library librm_decision_interfaces__rosidl_typesupport_c.so
[4.472s] [ 54%] Building CXX object CMakeFiles/rm_decision_interfaces__rosidl_typesupport_fastrtps_c.dir/rosidl_typesupport_fastrtps_c/rm_decision_interfaces/msg/detail/refree__type_support_c.cpp.o
[4.510s] [ 58%] Linking C shared library librm_decision_interfaces__rosidl_typesupport_introspection_c.so
[4.547s] [ 58%] Built target rm_decision_interfaces__rosidl_typesupport_c
[4.571s] [ 58%] Built target rm_decision_interfaces__rosidl_typesupport_introspection_c
[4.674s] [ 61%] Linking CXX shared library librm_decision_interfaces__rosidl_typesupport_cpp.so
[4.714s] [ 61%] Built target rm_decision_interfaces__rosidl_typesupport_cpp
[4.815s] [ 64%] Linking CXX shared library librm_decision_interfaces__rosidl_typesupport_fastrtps_cpp.so
[4.943s] [ 64%] Built target rm_decision_interfaces__rosidl_typesupport_fastrtps_cpp
[4.960s] [ 67%] Linking CXX shared library librm_decision_interfaces__rosidl_typesupport_fastrtps_c.so
[5.152s] [ 67%] Built target rm_decision_interfaces__rosidl_typesupport_fastrtps_c
[5.231s] [ 70%] Linking CXX shared library librm_decision_interfaces__rosidl_typesupport_introspection_cpp.so
[5.298s] [ 70%] Built target rm_decision_interfaces__rosidl_typesupport_introspection_cpp
[5.318s] [ 70%] Built target rm_decision_interfaces
[5.359s] [ 74%] Generating Python code for ROS interfaces
[5.781s] [ 74%] Built target rm_decision_interfaces__py
[5.814s] [ 77%] Building C object CMakeFiles/rm_decision_interfaces__rosidl_generator_py.dir/rosidl_generator_py/rm_decision_interfaces/msg/_refree_s.c.o
[6.144s] [ 80%] Linking C shared library rosidl_generator_py/rm_decision_interfaces/librm_decision_interfaces__rosidl_generator_py.so
[6.225s] [ 80%] Built target rm_decision_interfaces__rosidl_generator_py
[6.248s] [ 83%] Building C object CMakeFiles/rm_decision_interfaces__rosidl_typesupport_fastrtps_c__pyext.dir/rosidl_generator_py/rm_decision_interfaces/_rm_decision_interfaces_s.ep.rosidl_typesupport_fastrtps_c.c.o
[6.253s] [ 87%] Building C object CMakeFiles/rm_decision_interfaces__rosidl_typesupport_introspection_c__pyext.dir/rosidl_generator_py/rm_decision_interfaces/_rm_decision_interfaces_s.ep.rosidl_typesupport_introspection_c.c.o
[6.255s] [ 90%] Building C object CMakeFiles/rm_decision_interfaces__rosidl_typesupport_c__pyext.dir/rosidl_generator_py/rm_decision_interfaces/_rm_decision_interfaces_s.ep.rosidl_typesupport_c.c.o
[6.464s] [ 93%] Linking C shared library rosidl_generator_py/rm_decision_interfaces/rm_decision_interfaces_s__rosidl_typesupport_introspection_c.cpython-310-x86_64-linux-gnu.so
[6.485s] [ 96%] Linking C shared library rosidl_generator_py/rm_decision_interfaces/rm_decision_interfaces_s__rosidl_typesupport_fastrtps_c.cpython-310-x86_64-linux-gnu.so
[6.492s] [100%] Linking C shared library rosidl_generator_py/rm_decision_interfaces/rm_decision_interfaces_s__rosidl_typesupport_c.cpython-310-x86_64-linux-gnu.so
[6.532s] [100%] Built target rm_decision_interfaces__rosidl_typesupport_introspection_c__pyext
[6.565s] [100%] Built target rm_decision_interfaces__rosidl_typesupport_c__pyext
[6.566s] [100%] Built target rm_decision_interfaces__rosidl_typesupport_fastrtps_c__pyext
[6.580s] Invoked command in '/home/rmsentry/ros_ws/build/rm_decision_interfaces' returned '0': CMAKE_PREFIX_PATH=/opt/ros/humble /usr/local/bin/cmake --build /home/rmsentry/ros_ws/build/rm_decision_interfaces -- -j12 -l12
[6.587s] Invoking command in '/home/rmsentry/ros_ws/build/rm_decision_interfaces': CMAKE_PREFIX_PATH=/opt/ros/humble /usr/local/bin/cmake --install /home/rmsentry/ros_ws/build/rm_decision_interfaces
[6.607s] -- Install configuration: ""
[6.607s] -- Execute custom install script
[6.607s] -- Symlinking: /home/rmsentry/ros_ws/install/rm_decision_interfaces/share/ament_index/resource_index/rosidl_interfaces/rm_decision_interfaces
[6.607s] -- Symlinking: /home/rmsentry/ros_ws/install/rm_decision_interfaces/include/rm_decision_interfaces/rm_decision_interfaces/msg/detail/refree__functions.h
[6.609s] -- Symlinking: /home/rmsentry/ros_ws/install/rm_decision_interfaces/include/rm_decision_interfaces/rm_decision_interfaces/msg/detail/refree__struct.h
[6.619s] -- Symlinking: /home/rmsentry/ros_ws/install/rm_decision_interfaces/include/rm_decision_interfaces/rm_decision_interfaces/msg/detail/refree__type_support.h
[6.624s] -- Symlinking: /home/rmsentry/ros_ws/install/rm_decision_interfaces/include/rm_decision_interfaces/rm_decision_interfaces/msg/refree.h
[6.629s] -- Symlinking: /home/rmsentry/ros_ws/install/rm_decision_interfaces/include/rm_decision_interfaces/rm_decision_interfaces/msg/rosidl_generator_c__visibility_control.h
[6.640s] -- Symlinking: /home/rmsentry/ros_ws/install/rm_decision_interfaces/share/rm_decision_interfaces/environment/library_path.sh
[6.655s] -- Symlinking: /home/rmsentry/ros_ws/install/rm_decision_interfaces/share/rm_decision_interfaces/environment/library_path.dsv
[6.674s] -- Symlinking: /home/rmsentry/ros_ws/install/rm_decision_interfaces/include/rm_decision_interfaces/rm_decision_interfaces/msg/detail/refree__rosidl_typesupport_fastrtps_c.h
[6.680s] -- Symlinking: /home/rmsentry/ros_ws/install/rm_decision_interfaces/include/rm_decision_interfaces/rm_decision_interfaces/msg/rosidl_typesupport_fastrtps_c__visibility_control.h
[6.693s] -- Symlinking: /home/rmsentry/ros_ws/install/rm_decision_interfaces/include/rm_decision_interfaces/rm_decision_interfaces/msg/detail/refree__rosidl_typesupport_introspection_c.h
[6.701s] -- Symlinking: /home/rmsentry/ros_ws/install/rm_decision_interfaces/include/rm_decision_interfaces/rm_decision_interfaces/msg/rosidl_typesupport_introspection_c__visibility_control.h
[6.709s] -- Symlinking: /home/rmsentry/ros_ws/install/rm_decision_interfaces/include/rm_decision_interfaces/rm_decision_interfaces/msg/detail/refree__builder.hpp
[6.713s] -- Symlinking: /home/rmsentry/ros_ws/install/rm_decision_interfaces/include/rm_decision_interfaces/rm_decision_interfaces/msg/detail/refree__struct.hpp
[6.718s] -- Symlinking: /home/rmsentry/ros_ws/install/rm_decision_interfaces/include/rm_decision_interfaces/rm_decision_interfaces/msg/detail/refree__traits.hpp
[6.728s] -- Symlinking: /home/rmsentry/ros_ws/install/rm_decision_interfaces/include/rm_decision_interfaces/rm_decision_interfaces/msg/detail/refree__type_support.hpp
[6.730s] -- Symlinking: /home/rmsentry/ros_ws/install/rm_decision_interfaces/include/rm_decision_interfaces/rm_decision_interfaces/msg/refree.hpp
[6.737s] -- Symlinking: /home/rmsentry/ros_ws/install/rm_decision_interfaces/include/rm_decision_interfaces/rm_decision_interfaces/msg/rosidl_generator_cpp__visibility_control.hpp
[6.744s] -- Symlinking: /home/rmsentry/ros_ws/install/rm_decision_interfaces/include/rm_decision_interfaces/rm_decision_interfaces/msg/detail/refree__rosidl_typesupport_fastrtps_cpp.hpp
[6.755s] -- Symlinking: /home/rmsentry/ros_ws/install/rm_decision_interfaces/include/rm_decision_interfaces/rm_decision_interfaces/msg/rosidl_typesupport_fastrtps_cpp__visibility_control.h
[6.760s] -- Symlinking: /home/rmsentry/ros_ws/install/rm_decision_interfaces/include/rm_decision_interfaces/rm_decision_interfaces/msg/detail/refree__rosidl_typesupport_introspection_cpp.hpp
[6.771s] -- Symlinking: /home/rmsentry/ros_ws/install/rm_decision_interfaces/share/rm_decision_interfaces/environment/pythonpath.sh
[6.779s] -- Symlinking: /home/rmsentry/ros_ws/install/rm_decision_interfaces/share/rm_decision_interfaces/environment/pythonpath.dsv
[6.792s] -- Symlinking: /home/rmsentry/ros_ws/install/rm_decision_interfaces/local/lib/python3.10/dist-packages/rm_decision_interfaces-0.0.0-py3.10.egg-info/PKG-INFO
[6.803s] -- Symlinking: /home/rmsentry/ros_ws/install/rm_decision_interfaces/local/lib/python3.10/dist-packages/rm_decision_interfaces-0.0.0-py3.10.egg-info/SOURCES.txt
[6.811s] -- Symlinking: /home/rmsentry/ros_ws/install/rm_decision_interfaces/local/lib/python3.10/dist-packages/rm_decision_interfaces-0.0.0-py3.10.egg-info/dependency_links.txt
[6.819s] -- Symlinking: /home/rmsentry/ros_ws/install/rm_decision_interfaces/local/lib/python3.10/dist-packages/rm_decision_interfaces-0.0.0-py3.10.egg-info/top_level.txt
[6.833s] -- Symlinking: /home/rmsentry/ros_ws/install/rm_decision_interfaces/local/lib/python3.10/dist-packages/rm_decision_interfaces/__init__.py
[6.848s] -- Symlinking: /home/rmsentry/ros_ws/install/rm_decision_interfaces/local/lib/python3.10/dist-packages/rm_decision_interfaces/_rm_decision_interfaces_s.ep.rosidl_typesupport_c.c
[6.859s] -- Symlinking: /home/rmsentry/ros_ws/install/rm_decision_interfaces/local/lib/python3.10/dist-packages/rm_decision_interfaces/_rm_decision_interfaces_s.ep.rosidl_typesupport_fastrtps_c.c
[6.869s] -- Symlinking: /home/rmsentry/ros_ws/install/rm_decision_interfaces/local/lib/python3.10/dist-packages/rm_decision_interfaces/_rm_decision_interfaces_s.ep.rosidl_typesupport_introspection_c.c
[6.876s] -- Symlinking: /home/rmsentry/ros_ws/install/rm_decision_interfaces/local/lib/python3.10/dist-packages/rm_decision_interfaces/librm_decision_interfaces__rosidl_generator_py.so
[6.883s] -- Symlinking: /home/rmsentry/ros_ws/install/rm_decision_interfaces/local/lib/python3.10/dist-packages/rm_decision_interfaces/msg/__init__.py
[6.888s] -- Symlinking: /home/rmsentry/ros_ws/install/rm_decision_interfaces/local/lib/python3.10/dist-packages/rm_decision_interfaces/msg/_refree.py
[6.894s] -- Symlinking: /home/rmsentry/ros_ws/install/rm_decision_interfaces/local/lib/python3.10/dist-packages/rm_decision_interfaces/msg/_refree_s.c
[6.900s] -- Symlinking: /home/rmsentry/ros_ws/install/rm_decision_interfaces/local/lib/python3.10/dist-packages/rm_decision_interfaces/rm_decision_interfaces_s__rosidl_typesupport_c.cpython-310-x86_64-linux-gnu.so
[6.908s] -- Symlinking: /home/rmsentry/ros_ws/install/rm_decision_interfaces/local/lib/python3.10/dist-packages/rm_decision_interfaces/rm_decision_interfaces_s__rosidl_typesupport_fastrtps_c.cpython-310-x86_64-linux-gnu.so
[6.915s] -- Symlinking: /home/rmsentry/ros_ws/install/rm_decision_interfaces/local/lib/python3.10/dist-packages/rm_decision_interfaces/rm_decision_interfaces_s__rosidl_typesupport_introspection_c.cpython-310-x86_64-linux-gnu.so
[6.924s] -- Up-to-date symlink: /home/rmsentry/ros_ws/install/rm_decision_interfaces/local/lib/python3.10/dist-packages/rm_decision_interfaces/rm_decision_interfaces_s__rosidl_typesupport_fastrtps_c.cpython-310-x86_64-linux-gnu.so
[6.924s] -- Up-to-date symlink: /home/rmsentry/ros_ws/install/rm_decision_interfaces/local/lib/python3.10/dist-packages/rm_decision_interfaces/rm_decision_interfaces_s__rosidl_typesupport_introspection_c.cpython-310-x86_64-linux-gnu.so
[6.924s] -- Up-to-date symlink: /home/rmsentry/ros_ws/install/rm_decision_interfaces/local/lib/python3.10/dist-packages/rm_decision_interfaces/rm_decision_interfaces_s__rosidl_typesupport_c.cpython-310-x86_64-linux-gnu.so
[6.924s] -- Symlinking: /home/rmsentry/ros_ws/install/rm_decision_interfaces/share/rm_decision_interfaces/msg/Refree.idl
[6.933s] -- Symlinking: /home/rmsentry/ros_ws/install/rm_decision_interfaces/share/rm_decision_interfaces/msg/Refree.msg
[6.941s] -- Symlinking: /home/rmsentry/ros_ws/install/rm_decision_interfaces/share/ament_index/resource_index/package_run_dependencies/rm_decision_interfaces
[6.949s] -- Symlinking: /home/rmsentry/ros_ws/install/rm_decision_interfaces/share/ament_index/resource_index/parent_prefix_path/rm_decision_interfaces
[6.958s] -- Symlinking: /home/rmsentry/ros_ws/install/rm_decision_interfaces/share/rm_decision_interfaces/environment/ament_prefix_path.sh
[6.966s] -- Symlinking: /home/rmsentry/ros_ws/install/rm_decision_interfaces/share/rm_decision_interfaces/environment/ament_prefix_path.dsv
[6.974s] -- Symlinking: /home/rmsentry/ros_ws/install/rm_decision_interfaces/share/rm_decision_interfaces/environment/path.sh
[6.983s] -- Symlinking: /home/rmsentry/ros_ws/install/rm_decision_interfaces/share/rm_decision_interfaces/environment/path.dsv
[6.989s] -- Symlinking: /home/rmsentry/ros_ws/install/rm_decision_interfaces/share/rm_decision_interfaces/local_setup.bash
[7.000s] -- Symlinking: /home/rmsentry/ros_ws/install/rm_decision_interfaces/share/rm_decision_interfaces/local_setup.sh
[7.007s] -- Symlinking: /home/rmsentry/ros_ws/install/rm_decision_interfaces/share/rm_decision_interfaces/local_setup.zsh
[7.015s] -- Symlinking: /home/rmsentry/ros_ws/install/rm_decision_interfaces/share/rm_decision_interfaces/local_setup.dsv
[7.025s] -- Symlinking: /home/rmsentry/ros_ws/install/rm_decision_interfaces/share/rm_decision_interfaces/package.dsv
[7.035s] -- Symlinking: /home/rmsentry/ros_ws/install/rm_decision_interfaces/share/ament_index/resource_index/packages/rm_decision_interfaces
[7.049s] -- Symlinking: /home/rmsentry/ros_ws/install/rm_decision_interfaces/share/rm_decision_interfaces/cmake/rosidl_cmake-extras.cmake
[7.062s] -- Symlinking: /home/rmsentry/ros_ws/install/rm_decision_interfaces/share/rm_decision_interfaces/cmake/ament_cmake_export_dependencies-extras.cmake
[7.065s] -- Symlinking: /home/rmsentry/ros_ws/install/rm_decision_interfaces/share/rm_decision_interfaces/cmake/ament_cmake_export_include_directories-extras.cmake
[7.076s] -- Symlinking: /home/rmsentry/ros_ws/install/rm_decision_interfaces/share/rm_decision_interfaces/cmake/ament_cmake_export_libraries-extras.cmake
[7.086s] -- Symlinking: /home/rmsentry/ros_ws/install/rm_decision_interfaces/share/rm_decision_interfaces/cmake/ament_cmake_export_targets-extras.cmake
[7.093s] -- Symlinking: /home/rmsentry/ros_ws/install/rm_decision_interfaces/share/rm_decision_interfaces/cmake/rosidl_cmake_export_typesupport_targets-extras.cmake
[7.101s] -- Symlinking: /home/rmsentry/ros_ws/install/rm_decision_interfaces/share/rm_decision_interfaces/cmake/rosidl_cmake_export_typesupport_libraries-extras.cmake
[7.111s] -- Symlinking: /home/rmsentry/ros_ws/install/rm_decision_interfaces/share/rm_decision_interfaces/cmake/rm_decision_interfacesConfig.cmake
[7.120s] -- Symlinking: /home/rmsentry/ros_ws/install/rm_decision_interfaces/share/rm_decision_interfaces/cmake/rm_decision_interfacesConfig-version.cmake
[7.126s] -- Symlinking: /home/rmsentry/ros_ws/install/rm_decision_interfaces/share/rm_decision_interfaces/package.xml
[7.131s] -- Installing: /home/rmsentry/ros_ws/install/rm_decision_interfaces/lib/librm_decision_interfaces__rosidl_generator_c.so
[7.137s] -- Set non-toolchain portion of runtime path of "/home/rmsentry/ros_ws/install/rm_decision_interfaces/lib/librm_decision_interfaces__rosidl_generator_c.so" to ""
[7.137s] -- Installing: /home/rmsentry/ros_ws/install/rm_decision_interfaces/lib/librm_decision_interfaces__rosidl_typesupport_fastrtps_c.so
[7.137s] -- Set non-toolchain portion of runtime path of "/home/rmsentry/ros_ws/install/rm_decision_interfaces/lib/librm_decision_interfaces__rosidl_typesupport_fastrtps_c.so" to ""
[7.137s] -- Installing: /home/rmsentry/ros_ws/install/rm_decision_interfaces/lib/librm_decision_interfaces__rosidl_typesupport_introspection_c.so
[7.137s] -- Set non-toolchain portion of runtime path of "/home/rmsentry/ros_ws/install/rm_decision_interfaces/lib/librm_decision_interfaces__rosidl_typesupport_introspection_c.so" to ""
[7.137s] -- Installing: /home/rmsentry/ros_ws/install/rm_decision_interfaces/lib/librm_decision_interfaces__rosidl_typesupport_c.so
[7.137s] -- Set non-toolchain portion of runtime path of "/home/rmsentry/ros_ws/install/rm_decision_interfaces/lib/librm_decision_interfaces__rosidl_typesupport_c.so" to ""
[7.137s] -- Installing: /home/rmsentry/ros_ws/install/rm_decision_interfaces/lib/librm_decision_interfaces__rosidl_typesupport_fastrtps_cpp.so
[7.137s] -- Set non-toolchain portion of runtime path of "/home/rmsentry/ros_ws/install/rm_decision_interfaces/lib/librm_decision_interfaces__rosidl_typesupport_fastrtps_cpp.so" to ""
[7.137s] -- Installing: /home/rmsentry/ros_ws/install/rm_decision_interfaces/lib/librm_decision_interfaces__rosidl_typesupport_introspection_cpp.so
[7.137s] -- Set non-toolchain portion of runtime path of "/home/rmsentry/ros_ws/install/rm_decision_interfaces/lib/librm_decision_interfaces__rosidl_typesupport_introspection_cpp.so" to ""
[7.137s] -- Installing: /home/rmsentry/ros_ws/install/rm_decision_interfaces/lib/librm_decision_interfaces__rosidl_typesupport_cpp.so
[7.137s] -- Set non-toolchain portion of runtime path of "/home/rmsentry/ros_ws/install/rm_decision_interfaces/lib/librm_decision_interfaces__rosidl_typesupport_cpp.so" to ""
[7.178s] Listing '/home/rmsentry/ros_ws/install/rm_decision_interfaces/local/lib/python3.10/dist-packages/rm_decision_interfaces'...
[7.178s] Compiling '/home/rmsentry/ros_ws/install/rm_decision_interfaces/local/lib/python3.10/dist-packages/rm_decision_interfaces/__init__.py'...
[7.178s] Listing '/home/rmsentry/ros_ws/install/rm_decision_interfaces/local/lib/python3.10/dist-packages/rm_decision_interfaces/msg'...
[7.178s] Compiling '/home/rmsentry/ros_ws/install/rm_decision_interfaces/local/lib/python3.10/dist-packages/rm_decision_interfaces/msg/__init__.py'...
[7.178s] Compiling '/home/rmsentry/ros_ws/install/rm_decision_interfaces/local/lib/python3.10/dist-packages/rm_decision_interfaces/msg/_refree.py'...
[7.184s] -- Installing: /home/rmsentry/ros_ws/install/rm_decision_interfaces/lib/librm_decision_interfaces__rosidl_generator_py.so
[7.184s] -- Set non-toolchain portion of runtime path of "/home/rmsentry/ros_ws/install/rm_decision_interfaces/lib/librm_decision_interfaces__rosidl_generator_py.so" to ""
[7.185s] -- Installing: /home/rmsentry/ros_ws/install/rm_decision_interfaces/share/rm_decision_interfaces/cmake/export_rm_decision_interfaces__rosidl_generator_cExport.cmake
[7.185s] -- Installing: /home/rmsentry/ros_ws/install/rm_decision_interfaces/share/rm_decision_interfaces/cmake/export_rm_decision_interfaces__rosidl_generator_cExport-noconfig.cmake
[7.185s] -- Installing: /home/rmsentry/ros_ws/install/rm_decision_interfaces/share/rm_decision_interfaces/cmake/export_rm_decision_interfaces__rosidl_typesupport_fastrtps_cExport.cmake
[7.185s] -- Installing: /home/rmsentry/ros_ws/install/rm_decision_interfaces/share/rm_decision_interfaces/cmake/export_rm_decision_interfaces__rosidl_typesupport_fastrtps_cExport-noconfig.cmake
[7.185s] -- Installing: /home/rmsentry/ros_ws/install/rm_decision_interfaces/share/rm_decision_interfaces/cmake/rm_decision_interfaces__rosidl_typesupport_introspection_cExport.cmake
[7.185s] -- Installing: /home/rmsentry/ros_ws/install/rm_decision_interfaces/share/rm_decision_interfaces/cmake/rm_decision_interfaces__rosidl_typesupport_introspection_cExport-noconfig.cmake
[7.185s] -- Installing: /home/rmsentry/ros_ws/install/rm_decision_interfaces/share/rm_decision_interfaces/cmake/rm_decision_interfaces__rosidl_typesupport_cExport.cmake
[7.186s] -- Installing: /home/rmsentry/ros_ws/install/rm_decision_interfaces/share/rm_decision_interfaces/cmake/rm_decision_interfaces__rosidl_typesupport_cExport-noconfig.cmake
[7.186s] -- Installing: /home/rmsentry/ros_ws/install/rm_decision_interfaces/share/rm_decision_interfaces/cmake/export_rm_decision_interfaces__rosidl_generator_cppExport.cmake
[7.188s] -- Installing: /home/rmsentry/ros_ws/install/rm_decision_interfaces/share/rm_decision_interfaces/cmake/export_rm_decision_interfaces__rosidl_typesupport_fastrtps_cppExport.cmake
[7.188s] -- Installing: /home/rmsentry/ros_ws/install/rm_decision_interfaces/share/rm_decision_interfaces/cmake/export_rm_decision_interfaces__rosidl_typesupport_fastrtps_cppExport-noconfig.cmake
[7.188s] -- Installing: /home/rmsentry/ros_ws/install/rm_decision_interfaces/share/rm_decision_interfaces/cmake/rm_decision_interfaces__rosidl_typesupport_introspection_cppExport.cmake
[7.188s] -- Installing: /home/rmsentry/ros_ws/install/rm_decision_interfaces/share/rm_decision_interfaces/cmake/rm_decision_interfaces__rosidl_typesupport_introspection_cppExport-noconfig.cmake
[7.188s] -- Installing: /home/rmsentry/ros_ws/install/rm_decision_interfaces/share/rm_decision_interfaces/cmake/rm_decision_interfaces__rosidl_typesupport_cppExport.cmake
[7.188s] -- Installing: /home/rmsentry/ros_ws/install/rm_decision_interfaces/share/rm_decision_interfaces/cmake/rm_decision_interfaces__rosidl_typesupport_cppExport-noconfig.cmake
[7.188s] -- Installing: /home/rmsentry/ros_ws/install/rm_decision_interfaces/share/rm_decision_interfaces/cmake/export_rm_decision_interfaces__rosidl_generator_pyExport.cmake
[7.188s] -- Installing: /home/rmsentry/ros_ws/install/rm_decision_interfaces/share/rm_decision_interfaces/cmake/export_rm_decision_interfaces__rosidl_generator_pyExport-noconfig.cmake
[7.191s] Invoked command in '/home/rmsentry/ros_ws/build/rm_decision_interfaces' returned '0': CMAKE_PREFIX_PATH=/opt/ros/humble /usr/local/bin/cmake --install /home/rmsentry/ros_ws/build/rm_decision_interfaces
