[0.097s] Invoking command in '/home/rmsentry/ros_ws/build/pb_teleop_twist_joy': CMAKE_PREFIX_PATH=${CMAKE_PREFIX_PATH}:/home/rmsentry/ros_ws/install/sdformat_tools:/home/rmsentry/ros_ws/install/rm_decision:/home/rmsentry/ros_ws/install/fake_msg_publisher:/opt/ros/humble /usr/local/bin/cmake --build /home/rmsentry/ros_ws/build/pb_teleop_twist_joy -- -j12 -l12
[0.131s] [ 50%] Built target pb_teleop_twist_joy_node
[0.131s] [100%] Built target pb_teleop_twist_joy
[0.197s] Invoked command in '/home/rmsentry/ros_ws/build/pb_teleop_twist_joy' returned '0': CMAKE_PREFIX_PATH=${CMAKE_PREFIX_PATH}:/home/rmsentry/ros_ws/install/sdformat_tools:/home/rmsentry/ros_ws/install/rm_decision:/home/rmsentry/ros_ws/install/fake_msg_publisher:/opt/ros/humble /usr/local/bin/cmake --build /home/rmsentry/ros_ws/build/pb_teleop_twist_joy -- -j12 -l12
[0.198s] Invoking command in '/home/rmsentry/ros_ws/build/pb_teleop_twist_joy': CMAKE_PREFIX_PATH=${CMAKE_PREFIX_PATH}:/home/rmsentry/ros_ws/install/sdformat_tools:/home/rmsentry/ros_ws/install/rm_decision:/home/rmsentry/ros_ws/install/fake_msg_publisher:/opt/ros/humble /usr/local/bin/cmake --install /home/rmsentry/ros_ws/build/pb_teleop_twist_joy
[0.217s] -- Install configuration: ""
[0.217s] -- Execute custom install script
[0.217s] -- Up-to-date symlink: /home/rmsentry/ros_ws/install/pb_teleop_twist_joy/lib/pb_teleop_twist_joy/pb_teleop_twist_joy_node
[0.217s] -- Up-to-date symlink: /home/rmsentry/ros_ws/install/pb_teleop_twist_joy/include/pb_teleop_twist_joy/pb_teleop_twist_joy/pb_teleop_twist_joy.hpp
[0.217s] -- Up-to-date symlink: /home/rmsentry/ros_ws/install/pb_teleop_twist_joy/share/pb_teleop_twist_joy/environment/library_path.sh
[0.217s] -- Up-to-date symlink: /home/rmsentry/ros_ws/install/pb_teleop_twist_joy/share/pb_teleop_twist_joy/environment/library_path.dsv
[0.217s] -- Up-to-date symlink: /home/rmsentry/ros_ws/install/pb_teleop_twist_joy/lib/libpb_teleop_twist_joy.so
[0.217s] -- Up-to-date symlink: /home/rmsentry/ros_ws/install/pb_teleop_twist_joy/share/pb_teleop_twist_joy/config/xbox.config.yaml
[0.218s] -- Up-to-date symlink: /home/rmsentry/ros_ws/install/pb_teleop_twist_joy/share/pb_teleop_twist_joy/launch/pb_teleop_twist_joy_launch.py
[0.218s] -- Up-to-date symlink: /home/rmsentry/ros_ws/install/pb_teleop_twist_joy/share/ament_index/resource_index/package_run_dependencies/pb_teleop_twist_joy
[0.218s] -- Up-to-date symlink: /home/rmsentry/ros_ws/install/pb_teleop_twist_joy/share/ament_index/resource_index/parent_prefix_path/pb_teleop_twist_joy
[0.218s] -- Up-to-date symlink: /home/rmsentry/ros_ws/install/pb_teleop_twist_joy/share/pb_teleop_twist_joy/environment/ament_prefix_path.sh
[0.218s] -- Up-to-date symlink: /home/rmsentry/ros_ws/install/pb_teleop_twist_joy/share/pb_teleop_twist_joy/environment/ament_prefix_path.dsv
[0.218s] -- Up-to-date symlink: /home/rmsentry/ros_ws/install/pb_teleop_twist_joy/share/pb_teleop_twist_joy/environment/path.sh
[0.218s] -- Up-to-date symlink: /home/rmsentry/ros_ws/install/pb_teleop_twist_joy/share/pb_teleop_twist_joy/environment/path.dsv
[0.218s] -- Up-to-date symlink: /home/rmsentry/ros_ws/install/pb_teleop_twist_joy/share/pb_teleop_twist_joy/local_setup.bash
[0.218s] -- Up-to-date symlink: /home/rmsentry/ros_ws/install/pb_teleop_twist_joy/share/pb_teleop_twist_joy/local_setup.sh
[0.218s] -- Up-to-date symlink: /home/rmsentry/ros_ws/install/pb_teleop_twist_joy/share/pb_teleop_twist_joy/local_setup.zsh
[0.218s] -- Up-to-date symlink: /home/rmsentry/ros_ws/install/pb_teleop_twist_joy/share/pb_teleop_twist_joy/local_setup.dsv
[0.218s] -- Symlinking: /home/rmsentry/ros_ws/install/pb_teleop_twist_joy/share/pb_teleop_twist_joy/package.dsv
[0.218s] -- Up-to-date symlink: /home/rmsentry/ros_ws/install/pb_teleop_twist_joy/share/ament_index/resource_index/packages/pb_teleop_twist_joy
[0.218s] -- Up-to-date symlink: /home/rmsentry/ros_ws/install/pb_teleop_twist_joy/share/ament_index/resource_index/rclcpp_components/pb_teleop_twist_joy
[0.218s] -- Up-to-date symlink: /home/rmsentry/ros_ws/install/pb_teleop_twist_joy/share/pb_teleop_twist_joy/cmake/ament_cmake_export_dependencies-extras.cmake
[0.218s] -- Up-to-date symlink: /home/rmsentry/ros_ws/install/pb_teleop_twist_joy/share/pb_teleop_twist_joy/cmake/ament_cmake_export_include_directories-extras.cmake
[0.218s] -- Up-to-date symlink: /home/rmsentry/ros_ws/install/pb_teleop_twist_joy/share/pb_teleop_twist_joy/cmake/ament_cmake_export_libraries-extras.cmake
[0.218s] -- Up-to-date symlink: /home/rmsentry/ros_ws/install/pb_teleop_twist_joy/share/pb_teleop_twist_joy/cmake/pb_teleop_twist_joyConfig.cmake
[0.218s] -- Up-to-date symlink: /home/rmsentry/ros_ws/install/pb_teleop_twist_joy/share/pb_teleop_twist_joy/cmake/pb_teleop_twist_joyConfig-version.cmake
[0.218s] -- Up-to-date symlink: /home/rmsentry/ros_ws/install/pb_teleop_twist_joy/share/pb_teleop_twist_joy/package.xml
[0.249s] Invoked command in '/home/rmsentry/ros_ws/build/pb_teleop_twist_joy' returned '0': CMAKE_PREFIX_PATH=${CMAKE_PREFIX_PATH}:/home/rmsentry/ros_ws/install/sdformat_tools:/home/rmsentry/ros_ws/install/rm_decision:/home/rmsentry/ros_ws/install/fake_msg_publisher:/opt/ros/humble /usr/local/bin/cmake --install /home/rmsentry/ros_ws/build/pb_teleop_twist_joy
