[0.017s] Invoking command in '/home/rmsentry/ros_ws/build/armor_solver': AMENT_PREFIX_PATH=/home/rmsentry/ros_ws/install/auto_aim_interfaces:${AMENT_PREFIX_PATH} CMAKE_PREFIX_PATH=/home/rmsentry/ros_ws/install/auto_aim_interfaces:/opt/ros/humble LD_LIBRARY_PATH=/home/rmsentry/ros_ws/install/auto_aim_interfaces/lib:/opt/MVS/lib/64:/opt/MVS/lib/32:/usr/local/lib:/opt/MVS/lib/64:/opt/MVS/lib/32:/opt/MVS/lib/64:/opt/MVS/lib/32:/usr/local/lib:/opt/ros/humble/opt/rviz_ogre_vendor/lib:/opt/ros/humble/lib/x86_64-linux-gnu:/opt/ros/humble/lib:/opt/MVS/lib/64:/opt/MVS/lib/32:/opt/MVS/lib/64:/opt/MVS/lib/32:/opt/MVS/lib/64:/opt/MVS/lib/32 PYTHONPATH=/home/rmsentry/ros_ws/install/auto_aim_interfaces/local/lib/python3.10/dist-packages:${PYTHONPATH} /usr/local/bin/cmake /home/rmsentry/ros_ws/src/rm_auto_aim/armor_solver -DAMENT_CMAKE_SYMLINK_INSTALL=1 -DCMAKE_INSTALL_PREFIX=/home/rmsentry/ros_ws/install/armor_solver
[0.173s] -- The C compiler identification is GNU 11.4.0
[0.309s] -- The CXX compiler identification is GNU 11.4.0
[0.365s] -- Detecting C compiler ABI info
[0.548s] -- Detecting C compiler ABI info - done
[0.611s] -- Check for working C compiler: /usr/bin/cc - skipped
[0.612s] -- Detecting C compile features
[0.614s] -- Detecting C compile features - done
[0.626s] -- Detecting CXX compiler ABI info
[0.818s] -- Detecting CXX compiler ABI info - done
[0.918s] -- Check for working CXX compiler: /usr/bin/c++ - skipped
[0.920s] -- Detecting CXX compile features
[0.921s] -- Detecting CXX compile features - done
[0.926s] -- Found ament_cmake_auto: 1.3.12 (/opt/ros/humble/share/ament_cmake_auto/cmake)
[1.222s] -- Found Python3: /usr/bin/python3 (found version "3.10.12") found components: Interpreter
[1.315s] -- Override CMake install command with custom implementation using symlinks instead of copying resources
[1.371s] -- Found OpenCV: /usr (found version "4.5.4")
[1.527s] -- Found rosidl_generator_c: 3.1.7 (/opt/ros/humble/share/rosidl_generator_c/cmake)
[1.533s] -- Found rosidl_adapter: 3.1.7 (/opt/ros/humble/share/rosidl_adapter/cmake)
[1.547s] -- Found rosidl_generator_cpp: 3.1.7 (/opt/ros/humble/share/rosidl_generator_cpp/cmake)
[1.562s] -- Using all available rosidl_typesupport_c: rosidl_typesupport_fastrtps_c;rosidl_typesupport_introspection_c
[1.585s] -- Using all available rosidl_typesupport_cpp: rosidl_typesupport_fastrtps_cpp;rosidl_typesupport_introspection_cpp
[1.648s] -- Found rmw_implementation_cmake: 6.1.2 (/opt/ros/humble/share/rmw_implementation_cmake/cmake)
[1.652s] -- Found rmw_fastrtps_cpp: 6.2.8 (/opt/ros/humble/share/rmw_fastrtps_cpp/cmake)
[1.773s] -- Found OpenSSL: /usr/lib/x86_64-linux-gnu/libcrypto.so (found version "3.0.2")
[1.810s] -- Found FastRTPS: /opt/ros/humble/include
[1.870s] -- Using RMW implementation 'rmw_fastrtps_cpp' as default
[1.876s] -- Performing Test CMAKE_HAVE_LIBC_PTHREAD
[1.977s] -- Performing Test CMAKE_HAVE_LIBC_PTHREAD - Success
[1.981s] -- Found Threads: TRUE
[2.277s] -- Found eigen3_cmake_module: 0.1.1 (/opt/ros/humble/share/eigen3_cmake_module/cmake)
[2.283s] -- Found Eigen3: TRUE (found version "3.4.0")
[2.283s] -- Ensuring Eigen3 include directory is part of orocos-kdl CMake target
[2.440s] -- Found ament_lint_auto: 0.12.14 (/opt/ros/humble/share/ament_lint_auto/cmake)
[2.465s] -- Found ament_cmake_gtest: 1.3.12 (/opt/ros/humble/share/ament_cmake_gtest/cmake)
[2.470s] In this package, headers install destination is set to `include` by ament_auto_package. It is recommended to install `include/armor_solver` instead and will be the default behavior of ament_auto_package from ROS 2 Kilted Kaiju. On distributions before Kilted, ament_auto_package behaves the same way when you use USE_SCOPED_HEADER_INSTALL_DIR option.
[2.476s] -- Added test 'cppcheck' to perform static code analysis on C / C++ code
[2.476s] -- Configured cppcheck include dirs: /home/rmsentry/ros_ws/src/rm_auto_aim/armor_solver/include
[2.476s] -- Configured cppcheck exclude dirs and/or files: 
[2.477s] -- Added test 'lint_cmake' to check CMake code style
[2.478s] -- Added test 'xmllint' to check XML markup files
[2.480s] -- Added test 'clang_format' to check C / C++ code style
[2.489s] -- Configuring done (2.5s)
[2.522s] -- Generating done (0.0s)
[2.531s] -- Build files have been written to: /home/rmsentry/ros_ws/build/armor_solver
[2.550s] Invoked command in '/home/rmsentry/ros_ws/build/armor_solver' returned '0': AMENT_PREFIX_PATH=/home/rmsentry/ros_ws/install/auto_aim_interfaces:${AMENT_PREFIX_PATH} CMAKE_PREFIX_PATH=/home/rmsentry/ros_ws/install/auto_aim_interfaces:/opt/ros/humble LD_LIBRARY_PATH=/home/rmsentry/ros_ws/install/auto_aim_interfaces/lib:/opt/MVS/lib/64:/opt/MVS/lib/32:/usr/local/lib:/opt/MVS/lib/64:/opt/MVS/lib/32:/opt/MVS/lib/64:/opt/MVS/lib/32:/usr/local/lib:/opt/ros/humble/opt/rviz_ogre_vendor/lib:/opt/ros/humble/lib/x86_64-linux-gnu:/opt/ros/humble/lib:/opt/MVS/lib/64:/opt/MVS/lib/32:/opt/MVS/lib/64:/opt/MVS/lib/32:/opt/MVS/lib/64:/opt/MVS/lib/32 PYTHONPATH=/home/rmsentry/ros_ws/install/auto_aim_interfaces/local/lib/python3.10/dist-packages:${PYTHONPATH} /usr/local/bin/cmake /home/rmsentry/ros_ws/src/rm_auto_aim/armor_solver -DAMENT_CMAKE_SYMLINK_INSTALL=1 -DCMAKE_INSTALL_PREFIX=/home/rmsentry/ros_ws/install/armor_solver
[2.551s] Invoking command in '/home/rmsentry/ros_ws/build/armor_solver': AMENT_PREFIX_PATH=/home/rmsentry/ros_ws/install/auto_aim_interfaces:${AMENT_PREFIX_PATH} CMAKE_PREFIX_PATH=/home/rmsentry/ros_ws/install/auto_aim_interfaces:/opt/ros/humble LD_LIBRARY_PATH=/home/rmsentry/ros_ws/install/auto_aim_interfaces/lib:/opt/MVS/lib/64:/opt/MVS/lib/32:/usr/local/lib:/opt/MVS/lib/64:/opt/MVS/lib/32:/opt/MVS/lib/64:/opt/MVS/lib/32:/usr/local/lib:/opt/ros/humble/opt/rviz_ogre_vendor/lib:/opt/ros/humble/lib/x86_64-linux-gnu:/opt/ros/humble/lib:/opt/MVS/lib/64:/opt/MVS/lib/32:/opt/MVS/lib/64:/opt/MVS/lib/32:/opt/MVS/lib/64:/opt/MVS/lib/32 PYTHONPATH=/home/rmsentry/ros_ws/install/auto_aim_interfaces/local/lib/python3.10/dist-packages:${PYTHONPATH} /usr/local/bin/cmake --build /home/rmsentry/ros_ws/build/armor_solver -- -j12 -l12
[2.595s] [ 14%] Building CXX object CMakeFiles/armor_solver.dir/src/armor_solver.cpp.o
[12.239s] [ 28%] Building CXX object CMakeFiles/armor_solver.dir/src/trajectory_compensator.cpp.o
[13.796s] [ 42%] Building CXX object CMakeFiles/armor_solver.dir/src/manual_compensator.cpp.o
[14.626s] [ 57%] Building CXX object CMakeFiles/armor_solver.dir/src/armor_solver_node.cpp.o
[39.131s] [ 71%] Linking CXX shared library libarmor_solver.so
[39.383s] [ 71%] Built target armor_solver
[39.395s] [ 85%] Building CXX object CMakeFiles/armor_solver_node.dir/rclcpp_components/node_main_armor_solver_node.cpp.o
[42.485s] [100%] Linking CXX executable armor_solver_node
[42.600s] [100%] Built target armor_solver_node
[42.606s] Invoked command in '/home/rmsentry/ros_ws/build/armor_solver' returned '0': AMENT_PREFIX_PATH=/home/rmsentry/ros_ws/install/auto_aim_interfaces:${AMENT_PREFIX_PATH} CMAKE_PREFIX_PATH=/home/rmsentry/ros_ws/install/auto_aim_interfaces:/opt/ros/humble LD_LIBRARY_PATH=/home/rmsentry/ros_ws/install/auto_aim_interfaces/lib:/opt/MVS/lib/64:/opt/MVS/lib/32:/usr/local/lib:/opt/MVS/lib/64:/opt/MVS/lib/32:/opt/MVS/lib/64:/opt/MVS/lib/32:/usr/local/lib:/opt/ros/humble/opt/rviz_ogre_vendor/lib:/opt/ros/humble/lib/x86_64-linux-gnu:/opt/ros/humble/lib:/opt/MVS/lib/64:/opt/MVS/lib/32:/opt/MVS/lib/64:/opt/MVS/lib/32:/opt/MVS/lib/64:/opt/MVS/lib/32 PYTHONPATH=/home/rmsentry/ros_ws/install/auto_aim_interfaces/local/lib/python3.10/dist-packages:${PYTHONPATH} /usr/local/bin/cmake --build /home/rmsentry/ros_ws/build/armor_solver -- -j12 -l12
[42.608s] Invoking command in '/home/rmsentry/ros_ws/build/armor_solver': AMENT_PREFIX_PATH=/home/rmsentry/ros_ws/install/auto_aim_interfaces:${AMENT_PREFIX_PATH} CMAKE_PREFIX_PATH=/home/rmsentry/ros_ws/install/auto_aim_interfaces:/opt/ros/humble LD_LIBRARY_PATH=/home/rmsentry/ros_ws/install/auto_aim_interfaces/lib:/opt/MVS/lib/64:/opt/MVS/lib/32:/usr/local/lib:/opt/MVS/lib/64:/opt/MVS/lib/32:/opt/MVS/lib/64:/opt/MVS/lib/32:/usr/local/lib:/opt/ros/humble/opt/rviz_ogre_vendor/lib:/opt/ros/humble/lib/x86_64-linux-gnu:/opt/ros/humble/lib:/opt/MVS/lib/64:/opt/MVS/lib/32:/opt/MVS/lib/64:/opt/MVS/lib/32:/opt/MVS/lib/64:/opt/MVS/lib/32 PYTHONPATH=/home/rmsentry/ros_ws/install/auto_aim_interfaces/local/lib/python3.10/dist-packages:${PYTHONPATH} /usr/local/bin/cmake --install /home/rmsentry/ros_ws/build/armor_solver
[42.613s] -- Install configuration: ""
[42.614s] -- Execute custom install script
[42.614s] -- Symlinking: /home/rmsentry/ros_ws/install/armor_solver/lib/armor_solver/armor_solver_node
[42.620s] -- Symlinking: /home/rmsentry/ros_ws/install/armor_solver/include/armor_solver/armor_solver.hpp
[42.625s] -- Symlinking: /home/rmsentry/ros_ws/install/armor_solver/include/armor_solver/armor_solver_node.hpp
[42.631s] -- Symlinking: /home/rmsentry/ros_ws/install/armor_solver/include/armor_solver/manual_compensator.hpp
[42.635s] -- Symlinking: /home/rmsentry/ros_ws/install/armor_solver/include/armor_solver/trajectory_compensator.hpp
[42.639s] -- Symlinking: /home/rmsentry/ros_ws/install/armor_solver/include/armor_solver/utils.hpp
[42.644s] -- Symlinking: /home/rmsentry/ros_ws/install/armor_solver/share/armor_solver/environment/library_path.sh
[42.649s] -- Symlinking: /home/rmsentry/ros_ws/install/armor_solver/share/armor_solver/environment/library_path.dsv
[42.655s] -- Symlinking: /home/rmsentry/ros_ws/install/armor_solver/lib/libarmor_solver.so
[42.675s] -- Symlinking: /home/rmsentry/ros_ws/install/armor_solver/share/ament_index/resource_index/package_run_dependencies/armor_solver
[42.675s] -- Symlinking: /home/rmsentry/ros_ws/install/armor_solver/share/ament_index/resource_index/parent_prefix_path/armor_solver
[42.675s] -- Symlinking: /home/rmsentry/ros_ws/install/armor_solver/share/armor_solver/environment/ament_prefix_path.sh
[42.677s] -- Symlinking: /home/rmsentry/ros_ws/install/armor_solver/share/armor_solver/environment/ament_prefix_path.dsv
[42.681s] -- Symlinking: /home/rmsentry/ros_ws/install/armor_solver/share/armor_solver/environment/path.sh
[42.685s] -- Symlinking: /home/rmsentry/ros_ws/install/armor_solver/share/armor_solver/environment/path.dsv
[42.689s] -- Symlinking: /home/rmsentry/ros_ws/install/armor_solver/share/armor_solver/local_setup.bash
[42.693s] -- Symlinking: /home/rmsentry/ros_ws/install/armor_solver/share/armor_solver/local_setup.sh
[42.697s] -- Symlinking: /home/rmsentry/ros_ws/install/armor_solver/share/armor_solver/local_setup.zsh
[42.701s] -- Symlinking: /home/rmsentry/ros_ws/install/armor_solver/share/armor_solver/local_setup.dsv
[42.705s] -- Symlinking: /home/rmsentry/ros_ws/install/armor_solver/share/armor_solver/package.dsv
[42.709s] -- Symlinking: /home/rmsentry/ros_ws/install/armor_solver/share/ament_index/resource_index/packages/armor_solver
[42.714s] -- Symlinking: /home/rmsentry/ros_ws/install/armor_solver/share/ament_index/resource_index/rclcpp_components/armor_solver
[42.717s] -- Symlinking: /home/rmsentry/ros_ws/install/armor_solver/share/armor_solver/cmake/ament_cmake_export_dependencies-extras.cmake
[42.721s] -- Symlinking: /home/rmsentry/ros_ws/install/armor_solver/share/armor_solver/cmake/ament_cmake_export_include_directories-extras.cmake
[42.726s] -- Symlinking: /home/rmsentry/ros_ws/install/armor_solver/share/armor_solver/cmake/ament_cmake_export_libraries-extras.cmake
[42.730s] -- Symlinking: /home/rmsentry/ros_ws/install/armor_solver/share/armor_solver/cmake/armor_solverConfig.cmake
[42.734s] -- Symlinking: /home/rmsentry/ros_ws/install/armor_solver/share/armor_solver/cmake/armor_solverConfig-version.cmake
[42.739s] -- Symlinking: /home/rmsentry/ros_ws/install/armor_solver/share/armor_solver/package.xml
[42.745s] Invoked command in '/home/rmsentry/ros_ws/build/armor_solver' returned '0': AMENT_PREFIX_PATH=/home/rmsentry/ros_ws/install/auto_aim_interfaces:${AMENT_PREFIX_PATH} CMAKE_PREFIX_PATH=/home/rmsentry/ros_ws/install/auto_aim_interfaces:/opt/ros/humble LD_LIBRARY_PATH=/home/rmsentry/ros_ws/install/auto_aim_interfaces/lib:/opt/MVS/lib/64:/opt/MVS/lib/32:/usr/local/lib:/opt/MVS/lib/64:/opt/MVS/lib/32:/opt/MVS/lib/64:/opt/MVS/lib/32:/usr/local/lib:/opt/ros/humble/opt/rviz_ogre_vendor/lib:/opt/ros/humble/lib/x86_64-linux-gnu:/opt/ros/humble/lib:/opt/MVS/lib/64:/opt/MVS/lib/32:/opt/MVS/lib/64:/opt/MVS/lib/32:/opt/MVS/lib/64:/opt/MVS/lib/32 PYTHONPATH=/home/rmsentry/ros_ws/install/auto_aim_interfaces/local/lib/python3.10/dist-packages:${PYTHONPATH} /usr/local/bin/cmake --install /home/rmsentry/ros_ws/build/armor_solver
